<?xml version="1.0" encoding="UTF-8"?>
<testsuite xmlns:xsi="http://www.w3.org/2001/XMLSchema-instance" xsi:noNamespaceSchemaLocation="https://maven.apache.org/surefire/maven-surefire-plugin/xsd/surefire-test-report-3.0.xsd" version="3.0" name="com.example.karate.KarateTestRunner" time="5.961" tests="2" errors="0" skipped="0" failures="0">
  <properties>
    <property name="java.specification.version" value="17"/>
    <property name="sun.jnu.encoding" value="UTF-8"/>
    <property name="java.class.path" value="/Users/maisalima/Documents/karateProject/target/test-classes:/Users/maisalima/Documents/karateProject/target/classes:/Users/maisalima/.m2/repository/com/intuit/karate/karate-junit5/1.4.0/karate-junit5-1.4.0.jar:/Users/maisalima/.m2/repository/com/intuit/karate/karate-core/1.4.0/karate-core-1.4.0.jar:/Users/maisalima/.m2/repository/org/graalvm/js/js-scriptengine/22.3.0/js-scriptengine-22.3.0.jar:/Users/maisalima/.m2/repository/org/graalvm/sdk/graal-sdk/22.3.0/graal-sdk-22.3.0.jar:/Users/maisalima/.m2/repository/org/graalvm/js/js/22.3.0/js-22.3.0.jar:/Users/maisalima/.m2/repository/org/graalvm/regex/regex/22.3.0/regex-22.3.0.jar:/Users/maisalima/.m2/repository/org/graalvm/truffle/truffle-api/22.3.0/truffle-api-22.3.0.jar:/Users/maisalima/.m2/repository/com/ibm/icu/icu4j/71.1/icu4j-71.1.jar:/Users/maisalima/.m2/repository/org/thymeleaf/thymeleaf/3.0.14.RELEASE/thymeleaf-3.0.14.RELEASE.jar:/Users/maisalima/.m2/repository/ognl/ognl/3.1.26/ognl-3.1.26.jar:/Users/maisalima/.m2/repository/org/javassist/javassist/3.20.0-GA/javassist-3.20.0-GA.jar:/Users/maisalima/.m2/repository/org/attoparser/attoparser/2.0.5.RELEASE/attoparser-2.0.5.RELEASE.jar:/Users/maisalima/.m2/repository/org/unbescape/unbescape/1.1.6.RELEASE/unbescape-1.1.6.RELEASE.jar:/Users/maisalima/.m2/repository/com/linecorp/armeria/armeria/1.22.0/armeria-1.22.0.jar:/Users/maisalima/.m2/repository/com/fasterxml/jackson/datatype/jackson-datatype-jdk8/2.14.2/jackson-datatype-jdk8-2.14.2.jar:/Users/maisalima/.m2/repository/com/fasterxml/jackson/datatype/jackson-datatype-jsr310/2.14.2/jackson-datatype-jsr310-2.14.2.jar:/Users/maisalima/.m2/repository/io/micrometer/micrometer-core/1.10.3/micrometer-core-1.10.3.jar:/Users/maisalima/.m2/repository/io/micrometer/micrometer-commons/1.10.3/micrometer-commons-1.10.3.jar:/Users/maisalima/.m2/repository/io/micrometer/micrometer-observation/1.10.3/micrometer-observation-1.10.3.jar:/Users/maisalima/.m2/repository/org/hdrhistogram/HdrHistogram/2.1.12/HdrHistogram-2.1.12.jar:/Users/maisalima/.m2/repository/org/latencyutils/LatencyUtils/2.0.3/LatencyUtils-2.0.3.jar:/Users/maisalima/.m2/repository/io/netty/netty-transport/4.1.87.Final/netty-transport-4.1.87.Final.jar:/Users/maisalima/.m2/repository/io/netty/netty-common/4.1.87.Final/netty-common-4.1.87.Final.jar:/Users/maisalima/.m2/repository/io/netty/netty-buffer/4.1.87.Final/netty-buffer-4.1.87.Final.jar:/Users/maisalima/.m2/repository/io/netty/netty-resolver/4.1.87.Final/netty-resolver-4.1.87.Final.jar:/Users/maisalima/.m2/repository/io/netty/netty-codec-haproxy/4.1.87.Final/netty-codec-haproxy-4.1.87.Final.jar:/Users/maisalima/.m2/repository/io/netty/netty-codec/4.1.87.Final/netty-codec-4.1.87.Final.jar:/Users/maisalima/.m2/repository/io/netty/netty-codec-http2/4.1.87.Final/netty-codec-http2-4.1.87.Final.jar:/Users/maisalima/.m2/repository/io/netty/netty-handler/4.1.87.Final/netty-handler-4.1.87.Final.jar:/Users/maisalima/.m2/repository/io/netty/netty-codec-http/4.1.87.Final/netty-codec-http-4.1.87.Final.jar:/Users/maisalima/.m2/repository/io/netty/netty-resolver-dns/4.1.87.Final/netty-resolver-dns-4.1.87.Final.jar:/Users/maisalima/.m2/repository/io/netty/netty-codec-dns/4.1.87.Final/netty-codec-dns-4.1.87.Final.jar:/Users/maisalima/.m2/repository/org/reactivestreams/reactive-streams/1.0.4/reactive-streams-1.0.4.jar:/Users/maisalima/.m2/repository/com/google/code/findbugs/jsr305/3.0.2/jsr305-3.0.2.jar:/Users/maisalima/.m2/repository/io/netty/netty-transport-native-unix-common/4.1.87.Final/netty-transport-native-unix-common-4.1.87.Final-linux-x86_64.jar:/Users/maisalima/.m2/repository/io/netty/netty-transport-native-epoll/4.1.87.Final/netty-transport-native-epoll-4.1.87.Final-linux-x86_64.jar:/Users/maisalima/.m2/repository/io/netty/netty-transport-native-unix-common/4.1.87.Final/netty-transport-native-unix-common-4.1.87.Final.jar:/Users/maisalima/.m2/repository/io/netty/netty-transport-classes-epoll/4.1.87.Final/netty-transport-classes-epoll-4.1.87.Final.jar:/Users/maisalima/.m2/repository/io/netty/netty-resolver-dns-native-macos/4.1.87.Final/netty-resolver-dns-native-macos-4.1.87.Final-osx-x86_64.jar:/Users/maisalima/.m2/repository/io/netty/netty-resolver-dns-classes-macos/4.1.87.Final/netty-resolver-dns-classes-macos-4.1.87.Final.jar:/Users/maisalima/.m2/repository/io/netty/netty-resolver-dns-native-macos/4.1.87.Final/netty-resolver-dns-native-macos-4.1.87.Final-osx-aarch_64.jar:/Users/maisalima/.m2/repository/io/netty/netty-tcnative-boringssl-static/2.0.56.Final/netty-tcnative-boringssl-static-2.0.56.Final-linux-x86_64.jar:/Users/maisalima/.m2/repository/io/netty/netty-tcnative-classes/2.0.56.Final/netty-tcnative-classes-2.0.56.Final.jar:/Users/maisalima/.m2/repository/io/netty/netty-tcnative-boringssl-static/2.0.56.Final/netty-tcnative-boringssl-static-2.0.56.Final-linux-aarch_64.jar:/Users/maisalima/.m2/repository/io/netty/netty-tcnative-boringssl-static/2.0.56.Final/netty-tcnative-boringssl-static-2.0.56.Final-osx-x86_64.jar:/Users/maisalima/.m2/repository/io/netty/netty-tcnative-boringssl-static/2.0.56.Final/netty-tcnative-boringssl-static-2.0.56.Final-osx-aarch_64.jar:/Users/maisalima/.m2/repository/io/netty/netty-tcnative-boringssl-static/2.0.56.Final/netty-tcnative-boringssl-static-2.0.56.Final-windows-x86_64.jar:/Users/maisalima/.m2/repository/io/netty/netty-handler-proxy/4.1.87.Final/netty-handler-proxy-4.1.87.Final.jar:/Users/maisalima/.m2/repository/io/netty/netty-codec-socks/4.1.87.Final/netty-codec-socks-4.1.87.Final.jar:/Users/maisalima/.m2/repository/com/aayushatharva/brotli4j/brotli4j/1.9.0/brotli4j-1.9.0.jar:/Users/maisalima/.m2/repository/org/apache/httpcomponents/httpclient/4.5.14/httpclient-4.5.14.jar:/Users/maisalima/.m2/repository/org/apache/httpcomponents/httpcore/4.4.16/httpcore-4.4.16.jar:/Users/maisalima/.m2/repository/commons-codec/commons-codec/1.11/commons-codec-1.11.jar:/Users/maisalima/.m2/repository/ch/qos/logback/logback-classic/1.2.9/logback-classic-1.2.9.jar:/Users/maisalima/.m2/repository/ch/qos/logback/logback-core/1.2.9/logback-core-1.2.9.jar:/Users/maisalima/.m2/repository/org/slf4j/jcl-over-slf4j/1.7.32/jcl-over-slf4j-1.7.32.jar:/Users/maisalima/.m2/repository/org/antlr/antlr4-runtime/4.11.1/antlr4-runtime-4.11.1.jar:/Users/maisalima/.m2/repository/com/jayway/jsonpath/json-path/2.8.0/json-path-2.8.0.jar:/Users/maisalima/.m2/repository/net/minidev/json-smart/2.4.10/json-smart-2.4.10.jar:/Users/maisalima/.m2/repository/net/minidev/accessors-smart/2.4.9/accessors-smart-2.4.9.jar:/Users/maisalima/.m2/repository/org/ow2/asm/asm/9.3/asm-9.3.jar:/Users/maisalima/.m2/repository/org/yaml/snakeyaml/2.0/snakeyaml-2.0.jar:/Users/maisalima/.m2/repository/de/siegmar/fastcsv/2.2.1/fastcsv-2.2.1.jar:/Users/maisalima/.m2/repository/info/picocli/picocli/4.7.1/picocli-4.7.1.jar:/Users/maisalima/.m2/repository/io/github/classgraph/classgraph/4.8.152/classgraph-4.8.152.jar:/Users/maisalima/.m2/repository/io/github/t12y/resemble/1.0.2/resemble-1.0.2.jar:/Users/maisalima/.m2/repository/io/github/t12y/ssim/1.0.0/ssim-1.0.0.jar:/Users/maisalima/.m2/repository/org/junit/jupiter/junit-jupiter-api/5.9.1/junit-jupiter-api-5.9.1.jar:/Users/maisalima/.m2/repository/org/opentest4j/opentest4j/1.2.0/opentest4j-1.2.0.jar:/Users/maisalima/.m2/repository/org/junit/platform/junit-platform-commons/1.9.1/junit-platform-commons-1.9.1.jar:/Users/maisalima/.m2/repository/org/apiguardian/apiguardian-api/1.1.2/apiguardian-api-1.1.2.jar:/Users/maisalima/.m2/repository/org/junit/jupiter/junit-jupiter-engine/5.9.1/junit-jupiter-engine-5.9.1.jar:/Users/maisalima/.m2/repository/org/junit/platform/junit-platform-engine/1.9.1/junit-platform-engine-1.9.1.jar:/Users/maisalima/.m2/repository/org/apache/kafka/kafka-clients/4.1.0/kafka-clients-4.1.0.jar:/Users/maisalima/.m2/repository/com/github/luben/zstd-jni/1.5.6-10/zstd-jni-1.5.6-10.jar:/Users/maisalima/.m2/repository/org/lz4/lz4-java/1.8.0/lz4-java-1.8.0.jar:/Users/maisalima/.m2/repository/org/xerial/snappy/snappy-java/1.1.10.7/snappy-java-1.1.10.7.jar:/Users/maisalima/.m2/repository/org/slf4j/slf4j-api/1.7.36/slf4j-api-1.7.36.jar:/Users/maisalima/.m2/repository/org/slf4j/slf4j-simple/2.0.9/slf4j-simple-2.0.9.jar:/Users/maisalima/.m2/repository/com/fasterxml/jackson/core/jackson-databind/2.15.2/jackson-databind-2.15.2.jar:/Users/maisalima/.m2/repository/com/fasterxml/jackson/core/jackson-annotations/2.15.2/jackson-annotations-2.15.2.jar:/Users/maisalima/.m2/repository/com/fasterxml/jackson/core/jackson-core/2.15.2/jackson-core-2.15.2.jar:/Users/maisalima/.m2/repository/com/sparkjava/spark-core/2.9.4/spark-core-2.9.4.jar:/Users/maisalima/.m2/repository/org/eclipse/jetty/jetty-server/9.4.48.v20220622/jetty-server-9.4.48.v20220622.jar:/Users/maisalima/.m2/repository/javax/servlet/javax.servlet-api/3.1.0/javax.servlet-api-3.1.0.jar:/Users/maisalima/.m2/repository/org/eclipse/jetty/jetty-http/9.4.48.v20220622/jetty-http-9.4.48.v20220622.jar:/Users/maisalima/.m2/repository/org/eclipse/jetty/jetty-util/9.4.48.v20220622/jetty-util-9.4.48.v20220622.jar:/Users/maisalima/.m2/repository/org/eclipse/jetty/jetty-io/9.4.48.v20220622/jetty-io-9.4.48.v20220622.jar:/Users/maisalima/.m2/repository/org/eclipse/jetty/jetty-webapp/9.4.48.v20220622/jetty-webapp-9.4.48.v20220622.jar:/Users/maisalima/.m2/repository/org/eclipse/jetty/jetty-xml/9.4.48.v20220622/jetty-xml-9.4.48.v20220622.jar:/Users/maisalima/.m2/repository/org/eclipse/jetty/jetty-servlet/9.4.48.v20220622/jetty-servlet-9.4.48.v20220622.jar:/Users/maisalima/.m2/repository/org/eclipse/jetty/jetty-security/9.4.48.v20220622/jetty-security-9.4.48.v20220622.jar:/Users/maisalima/.m2/repository/org/eclipse/jetty/jetty-util-ajax/9.4.48.v20220622/jetty-util-ajax-9.4.48.v20220622.jar:/Users/maisalima/.m2/repository/org/eclipse/jetty/websocket/websocket-server/9.4.48.v20220622/websocket-server-9.4.48.v20220622.jar:/Users/maisalima/.m2/repository/org/eclipse/jetty/websocket/websocket-common/9.4.48.v20220622/websocket-common-9.4.48.v20220622.jar:/Users/maisalima/.m2/repository/org/eclipse/jetty/websocket/websocket-client/9.4.48.v20220622/websocket-client-9.4.48.v20220622.jar:/Users/maisalima/.m2/repository/org/eclipse/jetty/jetty-client/9.4.48.v20220622/jetty-client-9.4.48.v20220622.jar:/Users/maisalima/.m2/repository/org/eclipse/jetty/websocket/websocket-servlet/9.4.48.v20220622/websocket-servlet-9.4.48.v20220622.jar:/Users/maisalima/.m2/repository/org/eclipse/jetty/websocket/websocket-api/9.4.48.v20220622/websocket-api-9.4.48.v20220622.jar:/Users/maisalima/.m2/repository/com/google/code/gson/gson/2.10.1/gson-2.10.1.jar:"/>
    <property name="java.vm.vendor" value="Oracle Corporation"/>
    <property name="sun.arch.data.model" value="64"/>
    <property name="karate.env" value="dev"/>
    <property name="java.vendor.url" value="https://java.oracle.com/"/>
    <property name="user.timezone" value="Europe/Copenhagen"/>
    <property name="os.name" value="Mac OS X"/>
    <property name="java.vm.specification.version" value="17"/>
    <property name="sun.java.launcher" value="SUN_STANDARD"/>
    <property name="user.country" value="BR"/>
    <property name="sun.boot.library.path" value="/Library/Java/JavaVirtualMachines/jdk-17.jdk/Contents/Home/lib"/>
    <property name="sun.java.command" value="/Users/maisalima/Documents/karateProject/target/surefire/surefirebooter-20251026213432761_3.jar /Users/maisalima/Documents/karateProject/target/surefire 2025-10-26T21-34-32_715-jvmRun1 surefire-20251026213432761_1tmp surefire_0-20251026213432761_2tmp"/>
    <property name="http.nonProxyHosts" value="local|*.local|169.254/16|*.169.254/16"/>
    <property name="jdk.debug" value="release"/>
    <property name="surefire.test.class.path" value="/Users/maisalima/Documents/karateProject/target/test-classes:/Users/maisalima/Documents/karateProject/target/classes:/Users/maisalima/.m2/repository/com/intuit/karate/karate-junit5/1.4.0/karate-junit5-1.4.0.jar:/Users/maisalima/.m2/repository/com/intuit/karate/karate-core/1.4.0/karate-core-1.4.0.jar:/Users/maisalima/.m2/repository/org/graalvm/js/js-scriptengine/22.3.0/js-scriptengine-22.3.0.jar:/Users/maisalima/.m2/repository/org/graalvm/sdk/graal-sdk/22.3.0/graal-sdk-22.3.0.jar:/Users/maisalima/.m2/repository/org/graalvm/js/js/22.3.0/js-22.3.0.jar:/Users/maisalima/.m2/repository/org/graalvm/regex/regex/22.3.0/regex-22.3.0.jar:/Users/maisalima/.m2/repository/org/graalvm/truffle/truffle-api/22.3.0/truffle-api-22.3.0.jar:/Users/maisalima/.m2/repository/com/ibm/icu/icu4j/71.1/icu4j-71.1.jar:/Users/maisalima/.m2/repository/org/thymeleaf/thymeleaf/3.0.14.RELEASE/thymeleaf-3.0.14.RELEASE.jar:/Users/maisalima/.m2/repository/ognl/ognl/3.1.26/ognl-3.1.26.jar:/Users/maisalima/.m2/repository/org/javassist/javassist/3.20.0-GA/javassist-3.20.0-GA.jar:/Users/maisalima/.m2/repository/org/attoparser/attoparser/2.0.5.RELEASE/attoparser-2.0.5.RELEASE.jar:/Users/maisalima/.m2/repository/org/unbescape/unbescape/1.1.6.RELEASE/unbescape-1.1.6.RELEASE.jar:/Users/maisalima/.m2/repository/com/linecorp/armeria/armeria/1.22.0/armeria-1.22.0.jar:/Users/maisalima/.m2/repository/com/fasterxml/jackson/datatype/jackson-datatype-jdk8/2.14.2/jackson-datatype-jdk8-2.14.2.jar:/Users/maisalima/.m2/repository/com/fasterxml/jackson/datatype/jackson-datatype-jsr310/2.14.2/jackson-datatype-jsr310-2.14.2.jar:/Users/maisalima/.m2/repository/io/micrometer/micrometer-core/1.10.3/micrometer-core-1.10.3.jar:/Users/maisalima/.m2/repository/io/micrometer/micrometer-commons/1.10.3/micrometer-commons-1.10.3.jar:/Users/maisalima/.m2/repository/io/micrometer/micrometer-observation/1.10.3/micrometer-observation-1.10.3.jar:/Users/maisalima/.m2/repository/org/hdrhistogram/HdrHistogram/2.1.12/HdrHistogram-2.1.12.jar:/Users/maisalima/.m2/repository/org/latencyutils/LatencyUtils/2.0.3/LatencyUtils-2.0.3.jar:/Users/maisalima/.m2/repository/io/netty/netty-transport/4.1.87.Final/netty-transport-4.1.87.Final.jar:/Users/maisalima/.m2/repository/io/netty/netty-common/4.1.87.Final/netty-common-4.1.87.Final.jar:/Users/maisalima/.m2/repository/io/netty/netty-buffer/4.1.87.Final/netty-buffer-4.1.87.Final.jar:/Users/maisalima/.m2/repository/io/netty/netty-resolver/4.1.87.Final/netty-resolver-4.1.87.Final.jar:/Users/maisalima/.m2/repository/io/netty/netty-codec-haproxy/4.1.87.Final/netty-codec-haproxy-4.1.87.Final.jar:/Users/maisalima/.m2/repository/io/netty/netty-codec/4.1.87.Final/netty-codec-4.1.87.Final.jar:/Users/maisalima/.m2/repository/io/netty/netty-codec-http2/4.1.87.Final/netty-codec-http2-4.1.87.Final.jar:/Users/maisalima/.m2/repository/io/netty/netty-handler/4.1.87.Final/netty-handler-4.1.87.Final.jar:/Users/maisalima/.m2/repository/io/netty/netty-codec-http/4.1.87.Final/netty-codec-http-4.1.87.Final.jar:/Users/maisalima/.m2/repository/io/netty/netty-resolver-dns/4.1.87.Final/netty-resolver-dns-4.1.87.Final.jar:/Users/maisalima/.m2/repository/io/netty/netty-codec-dns/4.1.87.Final/netty-codec-dns-4.1.87.Final.jar:/Users/maisalima/.m2/repository/org/reactivestreams/reactive-streams/1.0.4/reactive-streams-1.0.4.jar:/Users/maisalima/.m2/repository/com/google/code/findbugs/jsr305/3.0.2/jsr305-3.0.2.jar:/Users/maisalima/.m2/repository/io/netty/netty-transport-native-unix-common/4.1.87.Final/netty-transport-native-unix-common-4.1.87.Final-linux-x86_64.jar:/Users/maisalima/.m2/repository/io/netty/netty-transport-native-epoll/4.1.87.Final/netty-transport-native-epoll-4.1.87.Final-linux-x86_64.jar:/Users/maisalima/.m2/repository/io/netty/netty-transport-native-unix-common/4.1.87.Final/netty-transport-native-unix-common-4.1.87.Final.jar:/Users/maisalima/.m2/repository/io/netty/netty-transport-classes-epoll/4.1.87.Final/netty-transport-classes-epoll-4.1.87.Final.jar:/Users/maisalima/.m2/repository/io/netty/netty-resolver-dns-native-macos/4.1.87.Final/netty-resolver-dns-native-macos-4.1.87.Final-osx-x86_64.jar:/Users/maisalima/.m2/repository/io/netty/netty-resolver-dns-classes-macos/4.1.87.Final/netty-resolver-dns-classes-macos-4.1.87.Final.jar:/Users/maisalima/.m2/repository/io/netty/netty-resolver-dns-native-macos/4.1.87.Final/netty-resolver-dns-native-macos-4.1.87.Final-osx-aarch_64.jar:/Users/maisalima/.m2/repository/io/netty/netty-tcnative-boringssl-static/2.0.56.Final/netty-tcnative-boringssl-static-2.0.56.Final-linux-x86_64.jar:/Users/maisalima/.m2/repository/io/netty/netty-tcnative-classes/2.0.56.Final/netty-tcnative-classes-2.0.56.Final.jar:/Users/maisalima/.m2/repository/io/netty/netty-tcnative-boringssl-static/2.0.56.Final/netty-tcnative-boringssl-static-2.0.56.Final-linux-aarch_64.jar:/Users/maisalima/.m2/repository/io/netty/netty-tcnative-boringssl-static/2.0.56.Final/netty-tcnative-boringssl-static-2.0.56.Final-osx-x86_64.jar:/Users/maisalima/.m2/repository/io/netty/netty-tcnative-boringssl-static/2.0.56.Final/netty-tcnative-boringssl-static-2.0.56.Final-osx-aarch_64.jar:/Users/maisalima/.m2/repository/io/netty/netty-tcnative-boringssl-static/2.0.56.Final/netty-tcnative-boringssl-static-2.0.56.Final-windows-x86_64.jar:/Users/maisalima/.m2/repository/io/netty/netty-handler-proxy/4.1.87.Final/netty-handler-proxy-4.1.87.Final.jar:/Users/maisalima/.m2/repository/io/netty/netty-codec-socks/4.1.87.Final/netty-codec-socks-4.1.87.Final.jar:/Users/maisalima/.m2/repository/com/aayushatharva/brotli4j/brotli4j/1.9.0/brotli4j-1.9.0.jar:/Users/maisalima/.m2/repository/org/apache/httpcomponents/httpclient/4.5.14/httpclient-4.5.14.jar:/Users/maisalima/.m2/repository/org/apache/httpcomponents/httpcore/4.4.16/httpcore-4.4.16.jar:/Users/maisalima/.m2/repository/commons-codec/commons-codec/1.11/commons-codec-1.11.jar:/Users/maisalima/.m2/repository/ch/qos/logback/logback-classic/1.2.9/logback-classic-1.2.9.jar:/Users/maisalima/.m2/repository/ch/qos/logback/logback-core/1.2.9/logback-core-1.2.9.jar:/Users/maisalima/.m2/repository/org/slf4j/jcl-over-slf4j/1.7.32/jcl-over-slf4j-1.7.32.jar:/Users/maisalima/.m2/repository/org/antlr/antlr4-runtime/4.11.1/antlr4-runtime-4.11.1.jar:/Users/maisalima/.m2/repository/com/jayway/jsonpath/json-path/2.8.0/json-path-2.8.0.jar:/Users/maisalima/.m2/repository/net/minidev/json-smart/2.4.10/json-smart-2.4.10.jar:/Users/maisalima/.m2/repository/net/minidev/accessors-smart/2.4.9/accessors-smart-2.4.9.jar:/Users/maisalima/.m2/repository/org/ow2/asm/asm/9.3/asm-9.3.jar:/Users/maisalima/.m2/repository/org/yaml/snakeyaml/2.0/snakeyaml-2.0.jar:/Users/maisalima/.m2/repository/de/siegmar/fastcsv/2.2.1/fastcsv-2.2.1.jar:/Users/maisalima/.m2/repository/info/picocli/picocli/4.7.1/picocli-4.7.1.jar:/Users/maisalima/.m2/repository/io/github/classgraph/classgraph/4.8.152/classgraph-4.8.152.jar:/Users/maisalima/.m2/repository/io/github/t12y/resemble/1.0.2/resemble-1.0.2.jar:/Users/maisalima/.m2/repository/io/github/t12y/ssim/1.0.0/ssim-1.0.0.jar:/Users/maisalima/.m2/repository/org/junit/jupiter/junit-jupiter-api/5.9.1/junit-jupiter-api-5.9.1.jar:/Users/maisalima/.m2/repository/org/opentest4j/opentest4j/1.2.0/opentest4j-1.2.0.jar:/Users/maisalima/.m2/repository/org/junit/platform/junit-platform-commons/1.9.1/junit-platform-commons-1.9.1.jar:/Users/maisalima/.m2/repository/org/apiguardian/apiguardian-api/1.1.2/apiguardian-api-1.1.2.jar:/Users/maisalima/.m2/repository/org/junit/jupiter/junit-jupiter-engine/5.9.1/junit-jupiter-engine-5.9.1.jar:/Users/maisalima/.m2/repository/org/junit/platform/junit-platform-engine/1.9.1/junit-platform-engine-1.9.1.jar:/Users/maisalima/.m2/repository/org/apache/kafka/kafka-clients/4.1.0/kafka-clients-4.1.0.jar:/Users/maisalima/.m2/repository/com/github/luben/zstd-jni/1.5.6-10/zstd-jni-1.5.6-10.jar:/Users/maisalima/.m2/repository/org/lz4/lz4-java/1.8.0/lz4-java-1.8.0.jar:/Users/maisalima/.m2/repository/org/xerial/snappy/snappy-java/1.1.10.7/snappy-java-1.1.10.7.jar:/Users/maisalima/.m2/repository/org/slf4j/slf4j-api/1.7.36/slf4j-api-1.7.36.jar:/Users/maisalima/.m2/repository/org/slf4j/slf4j-simple/2.0.9/slf4j-simple-2.0.9.jar:/Users/maisalima/.m2/repository/com/fasterxml/jackson/core/jackson-databind/2.15.2/jackson-databind-2.15.2.jar:/Users/maisalima/.m2/repository/com/fasterxml/jackson/core/jackson-annotations/2.15.2/jackson-annotations-2.15.2.jar:/Users/maisalima/.m2/repository/com/fasterxml/jackson/core/jackson-core/2.15.2/jackson-core-2.15.2.jar:/Users/maisalima/.m2/repository/com/sparkjava/spark-core/2.9.4/spark-core-2.9.4.jar:/Users/maisalima/.m2/repository/org/eclipse/jetty/jetty-server/9.4.48.v20220622/jetty-server-9.4.48.v20220622.jar:/Users/maisalima/.m2/repository/javax/servlet/javax.servlet-api/3.1.0/javax.servlet-api-3.1.0.jar:/Users/maisalima/.m2/repository/org/eclipse/jetty/jetty-http/9.4.48.v20220622/jetty-http-9.4.48.v20220622.jar:/Users/maisalima/.m2/repository/org/eclipse/jetty/jetty-util/9.4.48.v20220622/jetty-util-9.4.48.v20220622.jar:/Users/maisalima/.m2/repository/org/eclipse/jetty/jetty-io/9.4.48.v20220622/jetty-io-9.4.48.v20220622.jar:/Users/maisalima/.m2/repository/org/eclipse/jetty/jetty-webapp/9.4.48.v20220622/jetty-webapp-9.4.48.v20220622.jar:/Users/maisalima/.m2/repository/org/eclipse/jetty/jetty-xml/9.4.48.v20220622/jetty-xml-9.4.48.v20220622.jar:/Users/maisalima/.m2/repository/org/eclipse/jetty/jetty-servlet/9.4.48.v20220622/jetty-servlet-9.4.48.v20220622.jar:/Users/maisalima/.m2/repository/org/eclipse/jetty/jetty-security/9.4.48.v20220622/jetty-security-9.4.48.v20220622.jar:/Users/maisalima/.m2/repository/org/eclipse/jetty/jetty-util-ajax/9.4.48.v20220622/jetty-util-ajax-9.4.48.v20220622.jar:/Users/maisalima/.m2/repository/org/eclipse/jetty/websocket/websocket-server/9.4.48.v20220622/websocket-server-9.4.48.v20220622.jar:/Users/maisalima/.m2/repository/org/eclipse/jetty/websocket/websocket-common/9.4.48.v20220622/websocket-common-9.4.48.v20220622.jar:/Users/maisalima/.m2/repository/org/eclipse/jetty/websocket/websocket-client/9.4.48.v20220622/websocket-client-9.4.48.v20220622.jar:/Users/maisalima/.m2/repository/org/eclipse/jetty/jetty-client/9.4.48.v20220622/jetty-client-9.4.48.v20220622.jar:/Users/maisalima/.m2/repository/org/eclipse/jetty/websocket/websocket-servlet/9.4.48.v20220622/websocket-servlet-9.4.48.v20220622.jar:/Users/maisalima/.m2/repository/org/eclipse/jetty/websocket/websocket-api/9.4.48.v20220622/websocket-api-9.4.48.v20220622.jar:/Users/maisalima/.m2/repository/com/google/code/gson/gson/2.10.1/gson-2.10.1.jar:"/>
    <property name="sun.cpu.endian" value="little"/>
    <property name="user.home" value="/Users/maisalima"/>
    <property name="user.language" value="en"/>
    <property name="java.specification.vendor" value="Oracle Corporation"/>
    <property name="java.version.date" value="2023-10-17"/>
    <property name="java.home" value="/Library/Java/JavaVirtualMachines/jdk-17.jdk/Contents/Home"/>
    <property name="file.separator" value="/"/>
    <property name="basedir" value="/Users/maisalima/Documents/karateProject"/>
    <property name="java.vm.compressedOopsMode" value="Zero based"/>
    <property name="line.separator" value="&#10;"/>
    <property name="java.vm.specification.vendor" value="Oracle Corporation"/>
    <property name="java.specification.name" value="Java Platform API Specification"/>
    <property name="surefire.real.class.path" value="/Users/maisalima/Documents/karateProject/target/surefire/surefirebooter-20251026213432761_3.jar"/>
    <property name="sun.management.compiler" value="HotSpot 64-Bit Tiered Compilers"/>
    <property name="ftp.nonProxyHosts" value="local|*.local|169.254/16|*.169.254/16"/>
    <property name="java.runtime.version" value="17.0.9+11-LTS-201"/>
    <property name="user.name" value="maisalima"/>
    <property name="path.separator" value=":"/>
    <property name="os.version" value="15.6.1"/>
    <property name="java.runtime.name" value="Java(TM) SE Runtime Environment"/>
    <property name="file.encoding" value="UTF-8"/>
    <property name="java.vm.name" value="Java HotSpot(TM) 64-Bit Server VM"/>
    <property name="localRepository" value="/Users/maisalima/.m2/repository"/>
    <property name="java.vendor.url.bug" value="https://bugreport.java.com/bugreport/"/>
    <property name="jetty.git.hash" value="6b67c5719d1f4371b33655ff2d047d24e171e49a"/>
    <property name="java.io.tmpdir" value="/var/folders/rc/_xk_44rj3ks5lj7cxrs3swt40000gn/T/"/>
    <property name="java.version" value="17.0.9"/>
    <property name="user.dir" value="/Users/maisalima/Documents/karateProject"/>
    <property name="os.arch" value="aarch64"/>
    <property name="java.vm.specification.name" value="Java Virtual Machine Specification"/>
    <property name="native.encoding" value="UTF-8"/>
    <property name="java.library.path" value="/Users/maisalima/Library/Java/Extensions:/Library/Java/Extensions:/Network/Library/Java/Extensions:/System/Library/Java/Extensions:/usr/lib/java:."/>
    <property name="java.vm.info" value="mixed mode, sharing"/>
    <property name="java.vendor" value="Oracle Corporation"/>
    <property name="java.vm.version" value="17.0.9+11-LTS-201"/>
    <property name="sun.io.unicode.encoding" value="UnicodeBig"/>
    <property name="socksNonProxyHosts" value="local|*.local|169.254/16|*.169.254/16"/>
    <property name="java.class.version" value="61.0"/>
  </properties>
  <testcase name="[1:12] Simple crud flow" classname="todos/todo-kafka" time="1.392">
    <system-out><![CDATA[21:34:33.360 [main] INFO com.intuit.karate.Runner - using system property 'karate.env': dev
21:34:33.910 [main] INFO com.intuit.karate - >> lock acquired, begin callSingle: classpath:common/server-setup.feature
21:34:33.944 [main] DEBUG spark.route.Routes - Adds route: post, /todos, spark.ResponseTransformerRouteImpl$1@78d6447a
21:34:33.944 [main] DEBUG spark.route.Routes - Adds route: get, /todos, spark.ResponseTransformerRouteImpl$1@554f0dfb
21:34:33.944 [main] DEBUG spark.route.Routes - Adds route: get, /todos/:id, spark.ResponseTransformerRouteImpl$1@5b9396d3
21:34:33.945 [main] DEBUG spark.route.Routes - Adds route: after, +/*paths, spark.FilterImpl$1@34d52ecd
21:34:33.954 [Thread-2] DEBUG org.eclipse.jetty.util.log - Logging to Logger[org.eclipse.jetty.util.log] via org.eclipse.jetty.util.log.Slf4jLog
21:34:33.955 [Thread-2] INFO org.eclipse.jetty.util.log - Logging initialized @1150ms to org.eclipse.jetty.util.log.Slf4jLog
21:34:33.963 [Thread-2] DEBUG org.eclipse.jetty.util.component.ContainerLifeCycle - QueuedThreadPool[qtp265310387]@fd050b3{STOPPED,8<=0<=200,i=0,r=-1,q=0}[NO_TRY] added {org.eclipse.jetty.util.thread.ThreadPoolBudget@572df60c,POJO}
21:34:33.965 [Thread-2] DEBUG org.eclipse.jetty.util.component.ContainerLifeCycle - Server@caa58ab{STOPPED}[9.4.48.v20220622] added {QueuedThreadPool[qtp265310387]@fd050b3{STOPPED,8<=0<=200,i=0,r=-1,q=0}[NO_TRY],AUTO}
21:34:33.976 [Thread-2] DEBUG org.eclipse.jetty.util.component.ContainerLifeCycle - HttpConnectionFactory@4bba40e7[HTTP/1.1] added {HttpConfiguration@3767c02d{32768/8192,8192/8192,https://:0,[ForwardedRequestCustomizer@545cc09]},POJO}
21:34:33.983 [Thread-2] DEBUG org.eclipse.jetty.util.component.ContainerLifeCycle - ServerConnector@65cb396d{null, ()}{0.0.0.0:0} added {Server@caa58ab{STOPPED}[9.4.48.v20220622],UNMANAGED}
21:34:33.983 [Thread-2] DEBUG org.eclipse.jetty.util.component.ContainerLifeCycle - ServerConnector@65cb396d{null, ()}{0.0.0.0:0} added {QueuedThreadPool[qtp265310387]@fd050b3{STOPPED,8<=0<=200,i=0,r=-1,q=0}[NO_TRY],AUTO}
21:34:33.983 [Thread-2] DEBUG org.eclipse.jetty.util.component.ContainerLifeCycle - ServerConnector@65cb396d{null, ()}{0.0.0.0:0} added {ScheduledExecutorScheduler@75b6912f{STOPPED},AUTO}
21:34:33.983 [Thread-2] DEBUG org.eclipse.jetty.util.component.ContainerLifeCycle - ServerConnector@65cb396d{null, ()}{0.0.0.0:0} added {ArrayByteBufferPool@3673ffb7{minBufferCapacity=0, maxBufferCapacity=65536, maxQueueLength=-1, factor=1024},POJO}
21:34:33.983 [Thread-2] DEBUG org.eclipse.jetty.util.component.ContainerLifeCycle - ServerConnector@65cb396d{null, (http/1.1)}{0.0.0.0:0} added {HttpConnectionFactory@4bba40e7[HTTP/1.1],AUTO}
21:34:33.983 [Thread-2] DEBUG org.eclipse.jetty.server.AbstractConnector - ServerConnector@65cb396d{HTTP/1.1, (http/1.1)}{0.0.0.0:0} added HttpConnectionFactory@4bba40e7[HTTP/1.1]
21:34:33.984 [Thread-2] DEBUG org.eclipse.jetty.util.component.ContainerLifeCycle - ServerConnector@65cb396d{HTTP/1.1, (http/1.1)}{0.0.0.0:0} added {SelectorManager@ServerConnector@65cb396d{HTTP/1.1, (http/1.1)}{0.0.0.0:0},MANAGED}
21:34:33.985 [Thread-2] DEBUG org.eclipse.jetty.util.component.ContainerLifeCycle - Server@caa58ab{STOPPED}[9.4.48.v20220622] added {ServerConnector@65cb396d{HTTP/1.1, (http/1.1)}{0.0.0.0:8080},AUTO}
21:34:33.985 [Thread-2] DEBUG org.eclipse.jetty.util.component.ContainerLifeCycle - Server@caa58ab{STOPPED}[9.4.48.v20220622] added {spark.embeddedserver.jetty.JettyHandler13365860==dftMaxIdleSec=-1,MANAGED}
21:34:33.985 [Thread-2] INFO spark.embeddedserver.jetty.EmbeddedJettyServer - == Spark has ignited ...
21:34:33.985 [Thread-2] INFO spark.embeddedserver.jetty.EmbeddedJettyServer - >> Listening on 0.0.0.0:8080
21:34:33.985 [Thread-2] DEBUG org.eclipse.jetty.util.component.AbstractLifeCycle - starting Server@caa58ab{STOPPED}[9.4.48.v20220622]
21:34:33.986 [Thread-2] DEBUG org.eclipse.jetty.util.component.ContainerLifeCycle - Server@caa58ab{STARTING}[9.4.48.v20220622] added {ErrorHandler@5c6d51c4{STOPPED},AUTO}
21:34:33.986 [Thread-2] INFO org.eclipse.jetty.server.Server - jetty-9.4.48.v20220622; built: 2022-06-21T20:42:25.880Z; git: 6b67c5719d1f4371b33655ff2d047d24e171e49a; jvm 17.0.9+11-LTS-201
21:34:33.990 [Thread-2] DEBUG org.eclipse.jetty.server.handler.AbstractHandler - starting Server@caa58ab{STARTING}[9.4.48.v20220622]
21:34:33.990 [Thread-2] DEBUG org.eclipse.jetty.util.component.AbstractLifeCycle - starting QueuedThreadPool[qtp265310387]@fd050b3{STOPPED,8<=0<=200,i=0,r=-1,q=0}[NO_TRY]
21:34:33.991 [Thread-2] DEBUG org.eclipse.jetty.util.thread.ReservedThreadExecutor - ReservedThreadExecutor@34f8be00{reserved=0/10,pending=0}
21:34:33.991 [Thread-2] DEBUG org.eclipse.jetty.util.component.ContainerLifeCycle - QueuedThreadPool[qtp265310387]@fd050b3{STARTING,8<=0<=200,i=0,r=-1,q=0}[ReservedThreadExecutor@34f8be00{reserved=0/10,pending=0}] added {ReservedThreadExecutor@34f8be00{reserved=0/10,pending=0},AUTO}
21:34:33.991 [Thread-2] DEBUG org.eclipse.jetty.util.component.AbstractLifeCycle - starting ReservedThreadExecutor@34f8be00{reserved=0/10,pending=0}
21:34:33.992 [Thread-2] DEBUG org.eclipse.jetty.util.component.AbstractLifeCycle - STARTED @1186ms ReservedThreadExecutor@34f8be00{reserved=0/10,pending=0}
21:34:33.992 [Thread-2] DEBUG org.eclipse.jetty.util.thread.QueuedThreadPool - Starting Thread[qtp265310387-21,5,main]
21:34:33.992 [Thread-2] DEBUG org.eclipse.jetty.util.thread.QueuedThreadPool - Starting Thread[qtp265310387-22,5,main]
21:34:33.992 [Thread-2] DEBUG org.eclipse.jetty.util.thread.QueuedThreadPool - Starting Thread[qtp265310387-23,5,main]
21:34:33.992 [qtp265310387-21] DEBUG org.eclipse.jetty.util.thread.QueuedThreadPool - Runner started for QueuedThreadPool[qtp265310387]@fd050b3{STARTING,8<=2<=200,i=2,r=-1,q=0}[ReservedThreadExecutor@34f8be00{reserved=0/10,pending=0}]
21:34:33.993 [Thread-2] DEBUG org.eclipse.jetty.util.thread.QueuedThreadPool - Starting Thread[qtp265310387-24,5,main]
21:34:33.993 [qtp265310387-22] DEBUG org.eclipse.jetty.util.thread.QueuedThreadPool - Runner started for QueuedThreadPool[qtp265310387]@fd050b3{STARTING,8<=3<=200,i=3,r=-1,q=0}[ReservedThreadExecutor@34f8be00{reserved=0/10,pending=0}]
21:34:33.993 [Thread-2] DEBUG org.eclipse.jetty.util.thread.QueuedThreadPool - Starting Thread[qtp265310387-25,5,main]
21:34:33.993 [Thread-2] DEBUG org.eclipse.jetty.util.thread.QueuedThreadPool - Starting Thread[qtp265310387-26,5,main]
21:34:33.993 [qtp265310387-24] DEBUG org.eclipse.jetty.util.thread.QueuedThreadPool - Runner started for QueuedThreadPool[qtp265310387]@fd050b3{STARTING,8<=5<=200,i=5,r=-1,q=0}[ReservedThreadExecutor@34f8be00{reserved=0/10,pending=0}]
21:34:33.993 [Thread-2] DEBUG org.eclipse.jetty.util.thread.QueuedThreadPool - Starting Thread[qtp265310387-27,5,main]
21:34:33.993 [qtp265310387-23] DEBUG org.eclipse.jetty.util.thread.QueuedThreadPool - Runner started for QueuedThreadPool[qtp265310387]@fd050b3{STARTING,8<=4<=200,i=4,r=-1,q=0}[ReservedThreadExecutor@34f8be00{reserved=0/10,pending=0}]
21:34:33.993 [qtp265310387-25] DEBUG org.eclipse.jetty.util.thread.QueuedThreadPool - Runner started for QueuedThreadPool[qtp265310387]@fd050b3{STARTING,8<=6<=200,i=6,r=-1,q=0}[ReservedThreadExecutor@34f8be00{reserved=0/10,pending=0}]
21:34:33.993 [qtp265310387-26] DEBUG org.eclipse.jetty.util.thread.QueuedThreadPool - Runner started for QueuedThreadPool[qtp265310387]@fd050b3{STARTING,8<=7<=200,i=7,r=-1,q=0}[ReservedThreadExecutor@34f8be00{reserved=0/10,pending=0}]
21:34:33.993 [Thread-2] DEBUG org.eclipse.jetty.util.thread.QueuedThreadPool - Starting Thread[qtp265310387-28,5,main]
21:34:33.993 [qtp265310387-27] DEBUG org.eclipse.jetty.util.thread.QueuedThreadPool - Runner started for QueuedThreadPool[qtp265310387]@fd050b3{STARTING,8<=8<=200,i=8,r=-1,q=0}[ReservedThreadExecutor@34f8be00{reserved=0/10,pending=0}]
21:34:33.993 [qtp265310387-28] DEBUG org.eclipse.jetty.util.thread.QueuedThreadPool - Runner started for QueuedThreadPool[qtp265310387]@fd050b3{STARTED,8<=8<=200,i=8,r=-1,q=0}[ReservedThreadExecutor@34f8be00{reserved=0/10,pending=0}]
21:34:33.993 [Thread-2] DEBUG org.eclipse.jetty.util.component.AbstractLifeCycle - STARTED @1187ms QueuedThreadPool[qtp265310387]@fd050b3{STARTED,8<=8<=200,i=8,r=-1,q=0}[ReservedThreadExecutor@34f8be00{reserved=0/10,pending=0}]
21:34:33.993 [Thread-2] DEBUG org.eclipse.jetty.util.component.AbstractLifeCycle - starting spark.embeddedserver.jetty.JettyHandler13365860==dftMaxIdleSec=-1
21:34:33.995 [Thread-2] DEBUG org.eclipse.jetty.util.component.ContainerLifeCycle - spark.embeddedserver.jetty.JettyHandler13365860==dftMaxIdleSec=-1 added {org.eclipse.jetty.server.session.DefaultSessionCache@8eb7f55[evict=-1,removeUnloadable=false,saveOnCreate=false,saveOnInactiveEvict=false],AUTO}
21:34:33.996 [Thread-2] DEBUG org.eclipse.jetty.util.component.ContainerLifeCycle - org.eclipse.jetty.server.session.DefaultSessionCache@8eb7f55[evict=-1,removeUnloadable=false,saveOnCreate=false,saveOnInactiveEvict=false] added {org.eclipse.jetty.server.session.NullSessionDataStore@5dc2a73f[passivating=false,graceSec=3600],AUTO}
21:34:33.997 [Thread-2] DEBUG org.eclipse.jetty.util.component.AbstractLifeCycle - starting DefaultSessionIdManager@4cf80425{STOPPED}[worker=null]
21:34:34.003 [Thread-2] INFO org.eclipse.jetty.server.session - DefaultSessionIdManager workerName=node0
21:34:34.003 [Thread-2] INFO org.eclipse.jetty.server.session - No SessionScavenger set, using defaults
21:34:34.003 [Thread-2] DEBUG org.eclipse.jetty.util.component.ContainerLifeCycle - DefaultSessionIdManager@4cf80425{STARTING}[worker=node0] added {HouseKeeper@49a575a0{STOPPED}[interval=600000, ownscheduler=false],MANAGED}
21:34:34.003 [Thread-2] DEBUG org.eclipse.jetty.util.component.AbstractLifeCycle - starting HouseKeeper@49a575a0{STOPPED}[interval=600000, ownscheduler=false]
21:34:34.003 [Thread-2] DEBUG org.eclipse.jetty.util.component.AbstractLifeCycle - starting ScheduledExecutorScheduler@7979621e{STOPPED}
21:34:34.004 [Thread-2] DEBUG org.eclipse.jetty.util.component.AbstractLifeCycle - STARTED @1198ms ScheduledExecutorScheduler@7979621e{STARTED}
21:34:34.004 [Thread-2] DEBUG org.eclipse.jetty.server.session - Using own scheduler for scavenging
21:34:34.004 [Thread-2] INFO org.eclipse.jetty.server.session - node0 Scavenging every 600000ms
21:34:34.005 [Thread-2] DEBUG org.eclipse.jetty.util.component.AbstractLifeCycle - STARTED @1199ms HouseKeeper@49a575a0{STARTED}[interval=600000, ownscheduler=true]
21:34:34.005 [Thread-2] DEBUG org.eclipse.jetty.util.component.AbstractLifeCycle - STARTED @1199ms DefaultSessionIdManager@4cf80425{STARTED}[worker=node0]
21:34:34.005 [Thread-2] DEBUG org.eclipse.jetty.util.component.ContainerLifeCycle - Server@caa58ab{STARTING}[9.4.48.v20220622] added {DefaultSessionIdManager@4cf80425{STARTED}[worker=node0],MANAGED}
21:34:34.005 [Thread-2] DEBUG org.eclipse.jetty.util.component.ContainerLifeCycle - spark.embeddedserver.jetty.JettyHandler13365860==dftMaxIdleSec=-1 added {DefaultSessionIdManager@4cf80425{STARTED}[worker=node0],UNMANAGED}
21:34:34.005 [Thread-2] DEBUG org.eclipse.jetty.util.component.AbstractLifeCycle - starting ScheduledExecutorScheduler@5cc4701e{STOPPED}
21:34:34.005 [Thread-2] DEBUG org.eclipse.jetty.util.component.AbstractLifeCycle - STARTED @1199ms ScheduledExecutorScheduler@5cc4701e{STARTED}
21:34:34.005 [Thread-2] DEBUG org.eclipse.jetty.server.handler.AbstractHandler - starting spark.embeddedserver.jetty.JettyHandler13365860==dftMaxIdleSec=-1
21:34:34.005 [Thread-2] DEBUG org.eclipse.jetty.util.component.AbstractLifeCycle - starting org.eclipse.jetty.server.session.DefaultSessionCache@8eb7f55[evict=-1,removeUnloadable=false,saveOnCreate=false,saveOnInactiveEvict=false]
21:34:34.005 [Thread-2] DEBUG org.eclipse.jetty.util.component.AbstractLifeCycle - starting org.eclipse.jetty.server.session.NullSessionDataStore@5dc2a73f[passivating=false,graceSec=3600]
21:34:34.005 [Thread-2] DEBUG org.eclipse.jetty.util.component.AbstractLifeCycle - STARTED @1200ms org.eclipse.jetty.server.session.NullSessionDataStore@5dc2a73f[passivating=false,graceSec=3600]
21:34:34.005 [Thread-2] DEBUG org.eclipse.jetty.util.component.AbstractLifeCycle - STARTED @1200ms org.eclipse.jetty.server.session.DefaultSessionCache@8eb7f55[evict=-1,removeUnloadable=false,saveOnCreate=false,saveOnInactiveEvict=false]
21:34:34.006 [Thread-2] DEBUG org.eclipse.jetty.util.component.AbstractLifeCycle - STARTED @1200ms spark.embeddedserver.jetty.JettyHandler13365860==dftMaxIdleSec=-1
21:34:34.006 [Thread-2] DEBUG org.eclipse.jetty.util.component.AbstractLifeCycle - starting ErrorHandler@5c6d51c4{STOPPED}
21:34:34.006 [Thread-2] DEBUG org.eclipse.jetty.server.handler.AbstractHandler - starting ErrorHandler@5c6d51c4{STARTING}
21:34:34.006 [Thread-2] DEBUG org.eclipse.jetty.util.component.AbstractLifeCycle - STARTED @1200ms ErrorHandler@5c6d51c4{STARTED}
21:34:34.006 [Thread-2] DEBUG org.eclipse.jetty.util.component.AbstractLifeCycle - starting ServerConnector@65cb396d{HTTP/1.1, (http/1.1)}{0.0.0.0:8080}
21:34:34.019 [Thread-2] DEBUG org.eclipse.jetty.util.component.ContainerLifeCycle - ServerConnector@65cb396d{HTTP/1.1, (http/1.1)}{0.0.0.0:8080} added {sun.nio.ch.ServerSocketChannelImpl[/[0:0:0:0:0:0:0:0]:8080],POJO}
21:34:34.020 [Thread-2] DEBUG org.eclipse.jetty.util.component.AbstractLifeCycle - starting ScheduledExecutorScheduler@75b6912f{STOPPED}
21:34:34.020 [Thread-2] DEBUG org.eclipse.jetty.util.component.AbstractLifeCycle - STARTED @1214ms ScheduledExecutorScheduler@75b6912f{STARTED}
21:34:34.020 [Thread-2] DEBUG org.eclipse.jetty.util.component.AbstractLifeCycle - starting HttpConnectionFactory@4bba40e7[HTTP/1.1]
21:34:34.020 [Thread-2] DEBUG org.eclipse.jetty.util.component.AbstractLifeCycle - STARTED @1214ms HttpConnectionFactory@4bba40e7[HTTP/1.1]
21:34:34.020 [Thread-2] DEBUG org.eclipse.jetty.util.component.AbstractLifeCycle - starting SelectorManager@ServerConnector@65cb396d{HTTP/1.1, (http/1.1)}{0.0.0.0:8080}
21:34:34.024 [Thread-2] DEBUG org.eclipse.jetty.util.component.ContainerLifeCycle - EatWhatYouKill@15e095b4/SelectorProducer@3ecfe67b/IDLE/p=false/QueuedThreadPool[qtp265310387]@fd050b3{STARTED,8<=8<=200,i=8,r=-1,q=0}[ReservedThreadExecutor@34f8be00{reserved=0/10,pending=0}][pc=0,pic=0,pec=0,epc=0]@2025-10-26T21:34:34.024125+01:00 added {SelectorProducer@3ecfe67b,POJO}
21:34:34.025 [Thread-2] DEBUG org.eclipse.jetty.util.component.ContainerLifeCycle - EatWhatYouKill@15e095b4/SelectorProducer@3ecfe67b/IDLE/p=false/QueuedThreadPool[qtp265310387]@fd050b3{STARTED,8<=8<=200,i=8,r=-1,q=0}[ReservedThreadExecutor@34f8be00{reserved=0/10,pending=0}][pc=0,pic=0,pec=0,epc=0]@2025-10-26T21:34:34.024919+01:00 added {QueuedThreadPool[qtp265310387]@fd050b3{STARTED,8<=8<=200,i=8,r=-1,q=0}[ReservedThreadExecutor@34f8be00{reserved=0/10,pending=0}],UNMANAGED}
21:34:34.025 [Thread-2] DEBUG org.eclipse.jetty.util.thread.strategy.EatWhatYouKill - EatWhatYouKill@15e095b4/SelectorProducer@3ecfe67b/IDLE/p=false/QueuedThreadPool[qtp265310387]@fd050b3{STARTED,8<=8<=200,i=8,r=-1,q=0}[ReservedThreadExecutor@34f8be00{reserved=0/10,pending=0}][pc=0,pic=0,pec=0,epc=0]@2025-10-26T21:34:34.025133+01:00 created
21:34:34.025 [Thread-2] DEBUG org.eclipse.jetty.util.component.ContainerLifeCycle - ManagedSelector@1ca733a8{STOPPED} id=0 keys=-1 selected=-1 updates=0 added {EatWhatYouKill@15e095b4/SelectorProducer@3ecfe67b/IDLE/p=false/QueuedThreadPool[qtp265310387]@fd050b3{STARTED,8<=8<=200,i=8,r=-1,q=0}[ReservedThreadExecutor@34f8be00{reserved=0/10,pending=0}][pc=0,pic=0,pec=0,epc=0]@2025-10-26T21:34:34.025306+01:00,MANAGED}
21:34:34.025 [Thread-2] DEBUG org.eclipse.jetty.util.component.ContainerLifeCycle - SelectorManager@ServerConnector@65cb396d{HTTP/1.1, (http/1.1)}{0.0.0.0:8080} added {ManagedSelector@1ca733a8{STOPPED} id=0 keys=-1 selected=-1 updates=0,AUTO}
21:34:34.025 [Thread-2] DEBUG org.eclipse.jetty.util.component.ContainerLifeCycle - EatWhatYouKill@40e488a5/SelectorProducer@206e7499/IDLE/p=false/QueuedThreadPool[qtp265310387]@fd050b3{STARTED,8<=8<=200,i=8,r=-1,q=0}[ReservedThreadExecutor@34f8be00{reserved=0/10,pending=0}][pc=0,pic=0,pec=0,epc=0]@2025-10-26T21:34:34.02554+01:00 added {SelectorProducer@206e7499,POJO}
21:34:34.025 [Thread-2] DEBUG org.eclipse.jetty.util.component.ContainerLifeCycle - EatWhatYouKill@40e488a5/SelectorProducer@206e7499/IDLE/p=false/QueuedThreadPool[qtp265310387]@fd050b3{STARTED,8<=8<=200,i=8,r=-1,q=0}[ReservedThreadExecutor@34f8be00{reserved=0/10,pending=0}][pc=0,pic=0,pec=0,epc=0]@2025-10-26T21:34:34.025669+01:00 added {QueuedThreadPool[qtp265310387]@fd050b3{STARTED,8<=8<=200,i=8,r=-1,q=0}[ReservedThreadExecutor@34f8be00{reserved=0/10,pending=0}],UNMANAGED}
21:34:34.025 [Thread-2] DEBUG org.eclipse.jetty.util.thread.strategy.EatWhatYouKill - EatWhatYouKill@40e488a5/SelectorProducer@206e7499/IDLE/p=false/QueuedThreadPool[qtp265310387]@fd050b3{STARTED,8<=8<=200,i=8,r=-1,q=0}[ReservedThreadExecutor@34f8be00{reserved=0/10,pending=0}][pc=0,pic=0,pec=0,epc=0]@2025-10-26T21:34:34.025848+01:00 created
21:34:34.026 [Thread-2] DEBUG org.eclipse.jetty.util.component.ContainerLifeCycle - ManagedSelector@76520cc5{STOPPED} id=1 keys=-1 selected=-1 updates=0 added {EatWhatYouKill@40e488a5/SelectorProducer@206e7499/IDLE/p=false/QueuedThreadPool[qtp265310387]@fd050b3{STARTED,8<=8<=200,i=8,r=-1,q=0}[ReservedThreadExecutor@34f8be00{reserved=0/10,pending=0}][pc=0,pic=0,pec=0,epc=0]@2025-10-26T21:34:34.025984+01:00,MANAGED}
21:34:34.026 [Thread-2] DEBUG org.eclipse.jetty.util.component.ContainerLifeCycle - SelectorManager@ServerConnector@65cb396d{HTTP/1.1, (http/1.1)}{0.0.0.0:8080} added {ManagedSelector@76520cc5{STOPPED} id=1 keys=-1 selected=-1 updates=0,AUTO}
21:34:34.026 [Thread-2] DEBUG org.eclipse.jetty.util.component.ContainerLifeCycle - EatWhatYouKill@53cd5bd4/SelectorProducer@370850a8/IDLE/p=false/QueuedThreadPool[qtp265310387]@fd050b3{STARTED,8<=8<=200,i=8,r=-1,q=0}[ReservedThreadExecutor@34f8be00{reserved=0/10,pending=0}][pc=0,pic=0,pec=0,epc=0]@2025-10-26T21:34:34.026233+01:00 added {SelectorProducer@370850a8,POJO}
21:34:34.026 [Thread-2] DEBUG org.eclipse.jetty.util.component.ContainerLifeCycle - EatWhatYouKill@53cd5bd4/SelectorProducer@370850a8/IDLE/p=false/QueuedThreadPool[qtp265310387]@fd050b3{STARTED,8<=8<=200,i=8,r=-1,q=0}[ReservedThreadExecutor@34f8be00{reserved=0/10,pending=0}][pc=0,pic=0,pec=0,epc=0]@2025-10-26T21:34:34.026356+01:00 added {QueuedThreadPool[qtp265310387]@fd050b3{STARTED,8<=8<=200,i=8,r=-1,q=0}[ReservedThreadExecutor@34f8be00{reserved=0/10,pending=0}],UNMANAGED}
21:34:34.026 [Thread-2] DEBUG org.eclipse.jetty.util.thread.strategy.EatWhatYouKill - EatWhatYouKill@53cd5bd4/SelectorProducer@370850a8/IDLE/p=false/QueuedThreadPool[qtp265310387]@fd050b3{STARTED,8<=8<=200,i=8,r=-1,q=0}[ReservedThreadExecutor@34f8be00{reserved=0/10,pending=0}][pc=0,pic=0,pec=0,epc=0]@2025-10-26T21:34:34.026502+01:00 created
21:34:34.026 [Thread-2] DEBUG org.eclipse.jetty.util.component.ContainerLifeCycle - ManagedSelector@6491206c{STOPPED} id=2 keys=-1 selected=-1 updates=0 added {EatWhatYouKill@53cd5bd4/SelectorProducer@370850a8/IDLE/p=false/QueuedThreadPool[qtp265310387]@fd050b3{STARTED,8<=8<=200,i=8,r=-1,q=0}[ReservedThreadExecutor@34f8be00{reserved=0/10,pending=0}][pc=0,pic=0,pec=0,epc=0]@2025-10-26T21:34:34.026634+01:00,MANAGED}
21:34:34.026 [Thread-2] DEBUG org.eclipse.jetty.util.component.ContainerLifeCycle - SelectorManager@ServerConnector@65cb396d{HTTP/1.1, (http/1.1)}{0.0.0.0:8080} added {ManagedSelector@6491206c{STOPPED} id=2 keys=-1 selected=-1 updates=0,AUTO}
21:34:34.026 [Thread-2] DEBUG org.eclipse.jetty.util.component.ContainerLifeCycle - EatWhatYouKill@2c33c1f/SelectorProducer@3be9d468/IDLE/p=false/QueuedThreadPool[qtp265310387]@fd050b3{STARTED,8<=8<=200,i=8,r=-1,q=0}[ReservedThreadExecutor@34f8be00{reserved=0/10,pending=0}][pc=0,pic=0,pec=0,epc=0]@2025-10-26T21:34:34.026824+01:00 added {SelectorProducer@3be9d468,POJO}
21:34:34.027 [Thread-2] DEBUG org.eclipse.jetty.util.component.ContainerLifeCycle - EatWhatYouKill@2c33c1f/SelectorProducer@3be9d468/IDLE/p=false/QueuedThreadPool[qtp265310387]@fd050b3{STARTED,8<=8<=200,i=8,r=-1,q=0}[ReservedThreadExecutor@34f8be00{reserved=0/10,pending=0}][pc=0,pic=0,pec=0,epc=0]@2025-10-26T21:34:34.026942+01:00 added {QueuedThreadPool[qtp265310387]@fd050b3{STARTED,8<=8<=200,i=8,r=-1,q=0}[ReservedThreadExecutor@34f8be00{reserved=0/10,pending=0}],UNMANAGED}
21:34:34.027 [Thread-2] DEBUG org.eclipse.jetty.util.thread.strategy.EatWhatYouKill - EatWhatYouKill@2c33c1f/SelectorProducer@3be9d468/IDLE/p=false/QueuedThreadPool[qtp265310387]@fd050b3{STARTED,8<=8<=200,i=8,r=-1,q=0}[ReservedThreadExecutor@34f8be00{reserved=0/10,pending=0}][pc=0,pic=0,pec=0,epc=0]@2025-10-26T21:34:34.027118+01:00 created
21:34:34.027 [Thread-2] DEBUG org.eclipse.jetty.util.component.ContainerLifeCycle - ManagedSelector@4e114ead{STOPPED} id=3 keys=-1 selected=-1 updates=0 added {EatWhatYouKill@2c33c1f/SelectorProducer@3be9d468/IDLE/p=false/QueuedThreadPool[qtp265310387]@fd050b3{STARTED,8<=8<=200,i=8,r=-1,q=0}[ReservedThreadExecutor@34f8be00{reserved=0/10,pending=0}][pc=0,pic=0,pec=0,epc=0]@2025-10-26T21:34:34.027352+01:00,MANAGED}
21:34:34.027 [Thread-2] DEBUG org.eclipse.jetty.util.component.ContainerLifeCycle - SelectorManager@ServerConnector@65cb396d{HTTP/1.1, (http/1.1)}{0.0.0.0:8080} added {ManagedSelector@4e114ead{STOPPED} id=3 keys=-1 selected=-1 updates=0,AUTO}
21:34:34.027 [Thread-2] DEBUG org.eclipse.jetty.util.component.ContainerLifeCycle - EatWhatYouKill@236e9543/SelectorProducer@385666f5/IDLE/p=false/QueuedThreadPool[qtp265310387]@fd050b3{STARTED,8<=8<=200,i=8,r=-1,q=0}[ReservedThreadExecutor@34f8be00{reserved=0/10,pending=0}][pc=0,pic=0,pec=0,epc=0]@2025-10-26T21:34:34.027599+01:00 added {SelectorProducer@385666f5,POJO}
21:34:34.027 [Thread-2] DEBUG org.eclipse.jetty.util.component.ContainerLifeCycle - EatWhatYouKill@236e9543/SelectorProducer@385666f5/IDLE/p=false/QueuedThreadPool[qtp265310387]@fd050b3{STARTED,8<=8<=200,i=8,r=-1,q=0}[ReservedThreadExecutor@34f8be00{reserved=0/10,pending=0}][pc=0,pic=0,pec=0,epc=0]@2025-10-26T21:34:34.027711+01:00 added {QueuedThreadPool[qtp265310387]@fd050b3{STARTED,8<=8<=200,i=8,r=-1,q=0}[ReservedThreadExecutor@34f8be00{reserved=0/10,pending=0}],UNMANAGED}
21:34:34.027 [Thread-2] DEBUG org.eclipse.jetty.util.thread.strategy.EatWhatYouKill - EatWhatYouKill@236e9543/SelectorProducer@385666f5/IDLE/p=false/QueuedThreadPool[qtp265310387]@fd050b3{STARTED,8<=8<=200,i=8,r=-1,q=0}[ReservedThreadExecutor@34f8be00{reserved=0/10,pending=0}][pc=0,pic=0,pec=0,epc=0]@2025-10-26T21:34:34.027868+01:00 created
21:34:34.028 [Thread-2] DEBUG org.eclipse.jetty.util.component.ContainerLifeCycle - ManagedSelector@4d69af03{STOPPED} id=4 keys=-1 selected=-1 updates=0 added {EatWhatYouKill@236e9543/SelectorProducer@385666f5/IDLE/p=false/QueuedThreadPool[qtp265310387]@fd050b3{STARTED,8<=8<=200,i=8,r=-1,q=0}[ReservedThreadExecutor@34f8be00{reserved=0/10,pending=0}][pc=0,pic=0,pec=0,epc=0]@2025-10-26T21:34:34.028001+01:00,MANAGED}
21:34:34.028 [Thread-2] DEBUG org.eclipse.jetty.util.component.ContainerLifeCycle - SelectorManager@ServerConnector@65cb396d{HTTP/1.1, (http/1.1)}{0.0.0.0:8080} added {ManagedSelector@4d69af03{STOPPED} id=4 keys=-1 selected=-1 updates=0,AUTO}
21:34:34.028 [Thread-2] DEBUG org.eclipse.jetty.util.component.AbstractLifeCycle - starting ManagedSelector@1ca733a8{STOPPED} id=0 keys=-1 selected=-1 updates=0
21:34:34.028 [Thread-2] DEBUG org.eclipse.jetty.util.component.AbstractLifeCycle - starting EatWhatYouKill@15e095b4/SelectorProducer@3ecfe67b/IDLE/p=false/QueuedThreadPool[qtp265310387]@fd050b3{STARTED,8<=8<=200,i=8,r=-1,q=0}[ReservedThreadExecutor@34f8be00{reserved=0/10,pending=0}][pc=0,pic=0,pec=0,epc=0]@2025-10-26T21:34:34.028244+01:00
21:34:34.028 [Thread-2] DEBUG org.eclipse.jetty.util.component.AbstractLifeCycle - STARTED @1222ms EatWhatYouKill@15e095b4/SelectorProducer@3ecfe67b/IDLE/p=false/QueuedThreadPool[qtp265310387]@fd050b3{STARTED,8<=8<=200,i=8,r=-1,q=0}[ReservedThreadExecutor@34f8be00{reserved=0/10,pending=0}][pc=0,pic=0,pec=0,epc=0]@2025-10-26T21:34:34.028349+01:00
21:34:34.031 [Thread-2] DEBUG org.eclipse.jetty.util.thread.QueuedThreadPool - queue org.eclipse.jetty.io.ManagedSelector$$Lambda$545/0x000000d00141c108@26548bfb startThread=0
21:34:34.031 [qtp265310387-21] DEBUG org.eclipse.jetty.util.thread.QueuedThreadPool - run org.eclipse.jetty.io.ManagedSelector$$Lambda$545/0x000000d00141c108@26548bfb in QueuedThreadPool[qtp265310387]@fd050b3{STARTED,8<=8<=200,i=7,r=-1,q=0}[ReservedThreadExecutor@34f8be00{reserved=0/10,pending=0}]
21:34:34.031 [qtp265310387-21] DEBUG org.eclipse.jetty.util.thread.strategy.EatWhatYouKill - EatWhatYouKill@15e095b4/SelectorProducer@3ecfe67b/IDLE/p=false/QueuedThreadPool[qtp265310387]@fd050b3{STARTED,8<=8<=200,i=7,r=-1,q=0}[ReservedThreadExecutor@34f8be00{reserved=0/10,pending=0}][pc=0,pic=0,pec=0,epc=0]@2025-10-26T21:34:34.031666+01:00 tryProduce false
21:34:34.031 [Thread-2] DEBUG org.eclipse.jetty.io.ManagedSelector - Queued change lazy=false org.eclipse.jetty.io.ManagedSelector$Start@707e8310 on ManagedSelector@1ca733a8{STARTING} id=0 keys=0 selected=0 updates=0
21:34:34.032 [qtp265310387-21] DEBUG org.eclipse.jetty.io.ManagedSelector - updateable 1
21:34:34.032 [qtp265310387-21] DEBUG org.eclipse.jetty.io.ManagedSelector - update org.eclipse.jetty.io.ManagedSelector$Start@707e8310
21:34:34.032 [qtp265310387-21] DEBUG org.eclipse.jetty.io.ManagedSelector - updates 0
21:34:34.032 [qtp265310387-21] DEBUG org.eclipse.jetty.io.ManagedSelector - Selector sun.nio.ch.KQueueSelectorImpl@3c951f28 waiting with 0 keys
21:34:34.032 [Thread-2] DEBUG org.eclipse.jetty.util.component.AbstractLifeCycle - STARTED @1226ms ManagedSelector@1ca733a8{STARTED} id=0 keys=0 selected=0 updates=0
21:34:34.032 [Thread-2] DEBUG org.eclipse.jetty.util.component.AbstractLifeCycle - starting ManagedSelector@76520cc5{STOPPED} id=1 keys=-1 selected=-1 updates=0
21:34:34.032 [Thread-2] DEBUG org.eclipse.jetty.util.component.AbstractLifeCycle - starting EatWhatYouKill@40e488a5/SelectorProducer@206e7499/IDLE/p=false/QueuedThreadPool[qtp265310387]@fd050b3{STARTED,8<=8<=200,i=7,r=-1,q=0}[ReservedThreadExecutor@34f8be00{reserved=0/10,pending=0}][pc=0,pic=0,pec=0,epc=0]@2025-10-26T21:34:34.032355+01:00
21:34:34.032 [Thread-2] DEBUG org.eclipse.jetty.util.component.AbstractLifeCycle - STARTED @1227ms EatWhatYouKill@40e488a5/SelectorProducer@206e7499/IDLE/p=false/QueuedThreadPool[qtp265310387]@fd050b3{STARTED,8<=8<=200,i=7,r=-1,q=0}[ReservedThreadExecutor@34f8be00{reserved=0/10,pending=0}][pc=0,pic=0,pec=0,epc=0]@2025-10-26T21:34:34.032751+01:00
21:34:34.032 [Thread-2] DEBUG org.eclipse.jetty.util.thread.QueuedThreadPool - queue org.eclipse.jetty.io.ManagedSelector$$Lambda$545/0x000000d00141c108@6676a95b startThread=0
21:34:34.032 [qtp265310387-22] DEBUG org.eclipse.jetty.util.thread.QueuedThreadPool - run org.eclipse.jetty.io.ManagedSelector$$Lambda$545/0x000000d00141c108@6676a95b in QueuedThreadPool[qtp265310387]@fd050b3{STARTED,8<=8<=200,i=6,r=-1,q=0}[ReservedThreadExecutor@34f8be00{reserved=0/10,pending=0}]
21:34:34.032 [Thread-2] DEBUG org.eclipse.jetty.io.ManagedSelector - Queued change lazy=false org.eclipse.jetty.io.ManagedSelector$Start@6294d086 on ManagedSelector@76520cc5{STARTING} id=1 keys=0 selected=0 updates=0
21:34:34.033 [qtp265310387-22] DEBUG org.eclipse.jetty.util.thread.strategy.EatWhatYouKill - EatWhatYouKill@40e488a5/SelectorProducer@206e7499/IDLE/p=false/QueuedThreadPool[qtp265310387]@fd050b3{STARTED,8<=8<=200,i=6,r=-1,q=0}[ReservedThreadExecutor@34f8be00{reserved=0/10,pending=0}][pc=0,pic=0,pec=0,epc=0]@2025-10-26T21:34:34.032978+01:00 tryProduce false
21:34:34.033 [qtp265310387-22] DEBUG org.eclipse.jetty.io.ManagedSelector - updateable 1
21:34:34.033 [qtp265310387-22] DEBUG org.eclipse.jetty.io.ManagedSelector - update org.eclipse.jetty.io.ManagedSelector$Start@6294d086
21:34:34.033 [qtp265310387-22] DEBUG org.eclipse.jetty.io.ManagedSelector - updates 0
21:34:34.033 [qtp265310387-22] DEBUG org.eclipse.jetty.io.ManagedSelector - Selector sun.nio.ch.KQueueSelectorImpl@5803522c waiting with 0 keys
21:34:34.033 [Thread-2] DEBUG org.eclipse.jetty.util.component.AbstractLifeCycle - STARTED @1227ms ManagedSelector@76520cc5{STARTED} id=1 keys=0 selected=0 updates=0
21:34:34.033 [Thread-2] DEBUG org.eclipse.jetty.util.component.AbstractLifeCycle - starting ManagedSelector@6491206c{STOPPED} id=2 keys=-1 selected=-1 updates=0
21:34:34.033 [Thread-2] DEBUG org.eclipse.jetty.util.component.AbstractLifeCycle - starting EatWhatYouKill@53cd5bd4/SelectorProducer@370850a8/IDLE/p=false/QueuedThreadPool[qtp265310387]@fd050b3{STARTED,8<=8<=200,i=6,r=-1,q=0}[ReservedThreadExecutor@34f8be00{reserved=0/10,pending=0}][pc=0,pic=0,pec=0,epc=0]@2025-10-26T21:34:34.033347+01:00
21:34:34.033 [Thread-2] DEBUG org.eclipse.jetty.util.component.AbstractLifeCycle - STARTED @1227ms EatWhatYouKill@53cd5bd4/SelectorProducer@370850a8/IDLE/p=false/QueuedThreadPool[qtp265310387]@fd050b3{STARTED,8<=8<=200,i=6,r=-1,q=0}[ReservedThreadExecutor@34f8be00{reserved=0/10,pending=0}][pc=0,pic=0,pec=0,epc=0]@2025-10-26T21:34:34.033443+01:00
21:34:34.033 [Thread-2] DEBUG org.eclipse.jetty.util.thread.QueuedThreadPool - queue org.eclipse.jetty.io.ManagedSelector$$Lambda$545/0x000000d00141c108@e4e8973 startThread=0
21:34:34.033 [qtp265310387-24] DEBUG org.eclipse.jetty.util.thread.QueuedThreadPool - run org.eclipse.jetty.io.ManagedSelector$$Lambda$545/0x000000d00141c108@e4e8973 in QueuedThreadPool[qtp265310387]@fd050b3{STARTED,8<=8<=200,i=5,r=-1,q=0}[ReservedThreadExecutor@34f8be00{reserved=0/10,pending=0}]
21:34:34.033 [Thread-2] DEBUG org.eclipse.jetty.io.ManagedSelector - Queued change lazy=false org.eclipse.jetty.io.ManagedSelector$Start@14ab8786 on ManagedSelector@6491206c{STARTING} id=2 keys=0 selected=0 updates=0
21:34:34.033 [qtp265310387-24] DEBUG org.eclipse.jetty.util.thread.strategy.EatWhatYouKill - EatWhatYouKill@53cd5bd4/SelectorProducer@370850a8/IDLE/p=false/QueuedThreadPool[qtp265310387]@fd050b3{STARTED,8<=8<=200,i=5,r=-1,q=0}[ReservedThreadExecutor@34f8be00{reserved=0/10,pending=0}][pc=0,pic=0,pec=0,epc=0]@2025-10-26T21:34:34.033636+01:00 tryProduce false
21:34:34.033 [qtp265310387-24] DEBUG org.eclipse.jetty.io.ManagedSelector - updateable 1
21:34:34.033 [qtp265310387-24] DEBUG org.eclipse.jetty.io.ManagedSelector - update org.eclipse.jetty.io.ManagedSelector$Start@14ab8786
21:34:34.033 [qtp265310387-24] DEBUG org.eclipse.jetty.io.ManagedSelector - updates 0
21:34:34.033 [qtp265310387-24] DEBUG org.eclipse.jetty.io.ManagedSelector - Selector sun.nio.ch.KQueueSelectorImpl@4590f19e waiting with 0 keys
21:34:34.033 [Thread-2] DEBUG org.eclipse.jetty.util.component.AbstractLifeCycle - STARTED @1228ms ManagedSelector@6491206c{STARTED} id=2 keys=0 selected=0 updates=0
21:34:34.033 [Thread-2] DEBUG org.eclipse.jetty.util.component.AbstractLifeCycle - starting ManagedSelector@4e114ead{STOPPED} id=3 keys=-1 selected=-1 updates=0
21:34:34.034 [Thread-2] DEBUG org.eclipse.jetty.util.component.AbstractLifeCycle - starting EatWhatYouKill@2c33c1f/SelectorProducer@3be9d468/IDLE/p=false/QueuedThreadPool[qtp265310387]@fd050b3{STARTED,8<=8<=200,i=5,r=-1,q=0}[ReservedThreadExecutor@34f8be00{reserved=0/10,pending=0}][pc=0,pic=0,pec=0,epc=0]@2025-10-26T21:34:34.033989+01:00
21:34:34.034 [Thread-2] DEBUG org.eclipse.jetty.util.component.AbstractLifeCycle - STARTED @1228ms EatWhatYouKill@2c33c1f/SelectorProducer@3be9d468/IDLE/p=false/QueuedThreadPool[qtp265310387]@fd050b3{STARTED,8<=8<=200,i=5,r=-1,q=0}[ReservedThreadExecutor@34f8be00{reserved=0/10,pending=0}][pc=0,pic=0,pec=0,epc=0]@2025-10-26T21:34:34.034106+01:00
21:34:34.034 [Thread-2] DEBUG org.eclipse.jetty.util.thread.QueuedThreadPool - queue org.eclipse.jetty.io.ManagedSelector$$Lambda$545/0x000000d00141c108@47c4d839 startThread=0
21:34:34.034 [Thread-2] DEBUG org.eclipse.jetty.io.ManagedSelector - Queued change lazy=false org.eclipse.jetty.io.ManagedSelector$Start@31030a7 on ManagedSelector@4e114ead{STARTING} id=3 keys=0 selected=0 updates=0
21:34:34.034 [qtp265310387-23] DEBUG org.eclipse.jetty.util.thread.QueuedThreadPool - run org.eclipse.jetty.io.ManagedSelector$$Lambda$545/0x000000d00141c108@47c4d839 in QueuedThreadPool[qtp265310387]@fd050b3{STARTED,8<=8<=200,i=4,r=-1,q=0}[ReservedThreadExecutor@34f8be00{reserved=0/10,pending=0}]
21:34:34.034 [qtp265310387-23] DEBUG org.eclipse.jetty.util.thread.strategy.EatWhatYouKill - EatWhatYouKill@2c33c1f/SelectorProducer@3be9d468/IDLE/p=false/QueuedThreadPool[qtp265310387]@fd050b3{STARTED,8<=8<=200,i=4,r=-1,q=0}[ReservedThreadExecutor@34f8be00{reserved=0/10,pending=0}][pc=0,pic=0,pec=0,epc=0]@2025-10-26T21:34:34.034368+01:00 tryProduce false
21:34:34.034 [qtp265310387-23] DEBUG org.eclipse.jetty.io.ManagedSelector - updateable 1
21:34:34.034 [qtp265310387-23] DEBUG org.eclipse.jetty.io.ManagedSelector - update org.eclipse.jetty.io.ManagedSelector$Start@31030a7
21:34:34.034 [qtp265310387-23] DEBUG org.eclipse.jetty.io.ManagedSelector - updates 0
21:34:34.034 [qtp265310387-23] DEBUG org.eclipse.jetty.io.ManagedSelector - Selector sun.nio.ch.KQueueSelectorImpl@c77a50 waiting with 0 keys
21:34:34.034 [Thread-2] DEBUG org.eclipse.jetty.util.component.AbstractLifeCycle - STARTED @1228ms ManagedSelector@4e114ead{STARTED} id=3 keys=0 selected=0 updates=0
21:34:34.034 [Thread-2] DEBUG org.eclipse.jetty.util.component.AbstractLifeCycle - starting ManagedSelector@4d69af03{STOPPED} id=4 keys=-1 selected=-1 updates=0
21:34:34.034 [Thread-2] DEBUG org.eclipse.jetty.util.component.AbstractLifeCycle - starting EatWhatYouKill@236e9543/SelectorProducer@385666f5/IDLE/p=false/QueuedThreadPool[qtp265310387]@fd050b3{STARTED,8<=8<=200,i=4,r=-1,q=0}[ReservedThreadExecutor@34f8be00{reserved=0/10,pending=0}][pc=0,pic=0,pec=0,epc=0]@2025-10-26T21:34:34.034664+01:00
21:34:34.034 [Thread-2] DEBUG org.eclipse.jetty.util.component.AbstractLifeCycle - STARTED @1229ms EatWhatYouKill@236e9543/SelectorProducer@385666f5/IDLE/p=false/QueuedThreadPool[qtp265310387]@fd050b3{STARTED,8<=8<=200,i=4,r=-1,q=0}[ReservedThreadExecutor@34f8be00{reserved=0/10,pending=0}][pc=0,pic=0,pec=0,epc=0]@2025-10-26T21:34:34.034781+01:00
21:34:34.034 [Thread-2] DEBUG org.eclipse.jetty.util.thread.QueuedThreadPool - queue org.eclipse.jetty.io.ManagedSelector$$Lambda$545/0x000000d00141c108@79ef24a7 startThread=0
21:34:34.034 [Thread-2] DEBUG org.eclipse.jetty.io.ManagedSelector - Queued change lazy=false org.eclipse.jetty.io.ManagedSelector$Start@31b01bab on ManagedSelector@4d69af03{STARTING} id=4 keys=0 selected=0 updates=0
21:34:34.034 [qtp265310387-25] DEBUG org.eclipse.jetty.util.thread.QueuedThreadPool - run org.eclipse.jetty.io.ManagedSelector$$Lambda$545/0x000000d00141c108@79ef24a7 in QueuedThreadPool[qtp265310387]@fd050b3{STARTED,8<=8<=200,i=3,r=-1,q=0}[ReservedThreadExecutor@34f8be00{reserved=0/10,pending=0}]
21:34:34.035 [qtp265310387-25] DEBUG org.eclipse.jetty.util.thread.strategy.EatWhatYouKill - EatWhatYouKill@236e9543/SelectorProducer@385666f5/IDLE/p=false/QueuedThreadPool[qtp265310387]@fd050b3{STARTED,8<=8<=200,i=3,r=-1,q=0}[ReservedThreadExecutor@34f8be00{reserved=0/10,pending=0}][pc=0,pic=0,pec=0,epc=0]@2025-10-26T21:34:34.035065+01:00 tryProduce false
21:34:34.035 [qtp265310387-25] DEBUG org.eclipse.jetty.io.ManagedSelector - updateable 1
21:34:34.035 [qtp265310387-25] DEBUG org.eclipse.jetty.io.ManagedSelector - update org.eclipse.jetty.io.ManagedSelector$Start@31b01bab
21:34:34.035 [qtp265310387-25] DEBUG org.eclipse.jetty.io.ManagedSelector - updates 0
21:34:34.035 [qtp265310387-25] DEBUG org.eclipse.jetty.io.ManagedSelector - Selector sun.nio.ch.KQueueSelectorImpl@7fa8f5ed waiting with 0 keys
21:34:34.035 [Thread-2] DEBUG org.eclipse.jetty.util.component.AbstractLifeCycle - STARTED @1229ms ManagedSelector@4d69af03{STARTED} id=4 keys=0 selected=0 updates=0
21:34:34.035 [Thread-2] DEBUG org.eclipse.jetty.util.component.AbstractLifeCycle - STARTED @1229ms SelectorManager@ServerConnector@65cb396d{HTTP/1.1, (http/1.1)}{0.0.0.0:8080}
21:34:34.035 [Thread-2] DEBUG org.eclipse.jetty.util.component.ContainerLifeCycle - ServerConnector@65cb396d{HTTP/1.1, (http/1.1)}{0.0.0.0:8080} added {acceptor-0@63d5674b,POJO}
21:34:34.035 [Thread-2] DEBUG org.eclipse.jetty.util.thread.QueuedThreadPool - queue acceptor-0@63d5674b startThread=0
21:34:34.035 [Thread-2] INFO org.eclipse.jetty.server.AbstractConnector - Started ServerConnector@65cb396d{HTTP/1.1, (http/1.1)}{0.0.0.0:8080}
21:34:34.035 [Thread-2] DEBUG org.eclipse.jetty.util.component.AbstractLifeCycle - STARTED @1230ms ServerConnector@65cb396d{HTTP/1.1, (http/1.1)}{0.0.0.0:8080}
21:34:34.035 [Thread-2] INFO org.eclipse.jetty.server.Server - Started @1230ms
21:34:34.035 [qtp265310387-26] DEBUG org.eclipse.jetty.util.thread.QueuedThreadPool - run acceptor-0@63d5674b in QueuedThreadPool[qtp265310387]@fd050b3{STARTED,8<=8<=200,i=2,r=-1,q=0}[ReservedThreadExecutor@34f8be00{reserved=0/10,pending=0}]
21:34:34.036 [Thread-2] DEBUG org.eclipse.jetty.util.component.AbstractLifeCycle - STARTED @1230ms Server@caa58ab{STARTED}[9.4.48.v20220622]
Mock server started at http://localhost:8080
21:34:34.037 [main] INFO com.intuit.karate - << lock released, cached callSingle: classpath:common/server-setup.feature
21:34:34.058 [main] DEBUG io.netty.util.internal.logging.InternalLoggerFactory - Using SLF4J as the default logging framework
21:34:34.060 [main] DEBUG io.netty.util.internal.PlatformDependent0 - -Dio.netty.noUnsafe: false
21:34:34.060 [main] DEBUG io.netty.util.internal.PlatformDependent0 - Java version: 17
21:34:34.060 [main] DEBUG io.netty.util.internal.PlatformDependent0 - sun.misc.Unsafe.theUnsafe: available
21:34:34.060 [main] DEBUG io.netty.util.internal.PlatformDependent0 - sun.misc.Unsafe.copyMemory: available
21:34:34.060 [main] DEBUG io.netty.util.internal.PlatformDependent0 - sun.misc.Unsafe.storeFence: available
21:34:34.061 [main] DEBUG io.netty.util.internal.PlatformDependent0 - java.nio.Buffer.address: available
21:34:34.061 [main] DEBUG io.netty.util.internal.PlatformDependent0 - direct buffer constructor: unavailable: Reflective setAccessible(true) disabled
21:34:34.061 [main] DEBUG io.netty.util.internal.PlatformDependent0 - java.nio.Bits.unaligned: available, true
21:34:34.061 [main] DEBUG io.netty.util.internal.PlatformDependent0 - jdk.internal.misc.Unsafe.allocateUninitializedArray(int): unavailable: class io.netty.util.internal.PlatformDependent0$7 cannot access class jdk.internal.misc.Unsafe (in module java.base) because module java.base does not export jdk.internal.misc to unnamed module @77ad2aa5
21:34:34.062 [main] DEBUG io.netty.util.internal.PlatformDependent0 - java.nio.DirectByteBuffer.<init>(long, int): unavailable
21:34:34.063 [main] DEBUG io.netty.util.internal.PlatformDependent - sun.misc.Unsafe: available
21:34:34.064 [main] DEBUG io.netty.util.internal.PlatformDependent - maxDirectMemory: 4294967296 bytes (maybe)
21:34:34.064 [main] DEBUG io.netty.util.internal.PlatformDependent - -Dio.netty.tmpdir: /var/folders/rc/_xk_44rj3ks5lj7cxrs3swt40000gn/T (java.io.tmpdir)
21:34:34.064 [main] DEBUG io.netty.util.internal.PlatformDependent - -Dio.netty.bitMode: 64 (sun.arch.data.model)
21:34:34.064 [main] DEBUG io.netty.util.internal.PlatformDependent - Platform: MacOS
21:34:34.065 [main] DEBUG io.netty.util.internal.PlatformDependent - -Dio.netty.maxDirectMemory: -1 bytes
21:34:34.065 [main] DEBUG io.netty.util.internal.PlatformDependent - -Dio.netty.uninitializedArrayAllocationThreshold: -1
21:34:34.065 [main] DEBUG io.netty.util.internal.CleanerJava9 - java.nio.ByteBuffer.cleaner(): available
21:34:34.065 [main] DEBUG io.netty.util.internal.PlatformDependent - -Dio.netty.noPreferDirect: false
21:34:34.200 [main] DEBUG org.apache.http.client.protocol.RequestAddCookies - CookieSpec selected: karate
21:34:34.203 [main] DEBUG org.apache.http.client.protocol.RequestAuthCache - Auth cache not set in the context
21:34:34.204 [main] DEBUG com.intuit.karate - request:
1 > POST http://localhost:8080/todos
1 > Content-Type: text/plain; charset=UTF-8
1 > Content-Length: 5
1 > Host: localhost:8080
1 > Connection: Keep-Alive
1 > User-Agent: Apache-HttpClient/4.5.14 (Java/17.0.9)
1 > Accept-Encoding: gzip,deflate
First

21:34:34.205 [main] DEBUG org.apache.http.impl.conn.PoolingHttpClientConnectionManager - Connection request: [route: {}->http://localhost:8080][total available: 0; route allocated: 0 of 5; total allocated: 0 of 10]
21:34:34.208 [main] DEBUG org.apache.http.impl.conn.PoolingHttpClientConnectionManager - Connection leased: [id: 0][route: {}->http://localhost:8080][total available: 0; route allocated: 1 of 5; total allocated: 1 of 10]
21:34:34.209 [main] DEBUG org.apache.http.impl.execchain.MainClientExec - Opening connection {}->http://localhost:8080
21:34:34.212 [main] DEBUG org.apache.http.impl.conn.DefaultHttpClientConnectionOperator - Connecting to localhost/127.0.0.1:8080
21:34:34.213 [main] DEBUG org.apache.http.impl.conn.DefaultHttpClientConnectionOperator - Connection established 127.0.0.1:59948<->127.0.0.1:8080
21:34:34.213 [main] DEBUG org.apache.http.impl.conn.DefaultManagedHttpClientConnection - http-outgoing-0: set socket timeout to 30000
21:34:34.214 [main] DEBUG org.apache.http.impl.execchain.MainClientExec - Executing request POST /todos HTTP/1.1
21:34:34.214 [main] DEBUG org.apache.http.impl.execchain.MainClientExec - Target auth state: UNCHALLENGED
21:34:34.214 [main] DEBUG org.apache.http.impl.execchain.MainClientExec - Proxy auth state: UNCHALLENGED
21:34:34.214 [qtp265310387-26-acceptor-0@63d5674b-ServerConnector@65cb396d{HTTP/1.1, (http/1.1)}{0.0.0.0:8080}] DEBUG org.eclipse.jetty.io.ManagedSelector - Queued change lazy=false Accept@6d15a352[java.nio.channels.SocketChannel[connected local=/127.0.0.1:8080 remote=/127.0.0.1:59948]] on ManagedSelector@76520cc5{STARTED} id=1 keys=0 selected=0 updates=0
21:34:34.214 [main] DEBUG org.apache.http.headers - http-outgoing-0 >> POST /todos HTTP/1.1
21:34:34.214 [main] DEBUG org.apache.http.headers - http-outgoing-0 >> Content-Type: text/plain; charset=UTF-8
21:34:34.214 [qtp265310387-26-acceptor-0@63d5674b-ServerConnector@65cb396d{HTTP/1.1, (http/1.1)}{0.0.0.0:8080}] DEBUG org.eclipse.jetty.io.ManagedSelector - Wakeup on submit ManagedSelector@76520cc5{STARTED} id=1 keys=0 selected=0 updates=1
21:34:34.214 [main] DEBUG org.apache.http.headers - http-outgoing-0 >> Content-Length: 5
21:34:34.214 [main] DEBUG org.apache.http.headers - http-outgoing-0 >> Host: localhost:8080
21:34:34.214 [main] DEBUG org.apache.http.headers - http-outgoing-0 >> Connection: Keep-Alive
21:34:34.214 [main] DEBUG org.apache.http.headers - http-outgoing-0 >> User-Agent: Apache-HttpClient/4.5.14 (Java/17.0.9)
21:34:34.214 [main] DEBUG org.apache.http.headers - http-outgoing-0 >> Accept-Encoding: gzip,deflate
21:34:34.215 [main] DEBUG org.apache.http.wire - http-outgoing-0 >> "POST /todos HTTP/1.1[\r][\n]"
21:34:34.215 [main] DEBUG org.apache.http.wire - http-outgoing-0 >> "Content-Type: text/plain; charset=UTF-8[\r][\n]"
21:34:34.215 [main] DEBUG org.apache.http.wire - http-outgoing-0 >> "Content-Length: 5[\r][\n]"
21:34:34.215 [main] DEBUG org.apache.http.wire - http-outgoing-0 >> "Host: localhost:8080[\r][\n]"
21:34:34.215 [main] DEBUG org.apache.http.wire - http-outgoing-0 >> "Connection: Keep-Alive[\r][\n]"
21:34:34.215 [main] DEBUG org.apache.http.wire - http-outgoing-0 >> "User-Agent: Apache-HttpClient/4.5.14 (Java/17.0.9)[\r][\n]"
21:34:34.215 [main] DEBUG org.apache.http.wire - http-outgoing-0 >> "Accept-Encoding: gzip,deflate[\r][\n]"
21:34:34.215 [main] DEBUG org.apache.http.wire - http-outgoing-0 >> "[\r][\n]"
21:34:34.215 [main] DEBUG org.apache.http.wire - http-outgoing-0 >> "First"
21:34:34.215 [qtp265310387-22] DEBUG org.eclipse.jetty.io.ManagedSelector - Selector sun.nio.ch.KQueueSelectorImpl@5803522c woken with none selected
21:34:34.215 [qtp265310387-22] DEBUG org.eclipse.jetty.io.ManagedSelector - Selector sun.nio.ch.KQueueSelectorImpl@5803522c woken up from select, 0/0/0 selected
21:34:34.215 [qtp265310387-22] DEBUG org.eclipse.jetty.io.ManagedSelector - Selector sun.nio.ch.KQueueSelectorImpl@5803522c processing 0 keys, 1 updates
21:34:34.215 [qtp265310387-22] DEBUG org.eclipse.jetty.io.ManagedSelector - updateable 1
21:34:34.215 [qtp265310387-22] DEBUG org.eclipse.jetty.io.ManagedSelector - update Accept@6d15a352[java.nio.channels.SocketChannel[connected local=/127.0.0.1:8080 remote=/127.0.0.1:59948]]
21:34:34.216 [qtp265310387-22] DEBUG org.eclipse.jetty.util.thread.QueuedThreadPool - queue Accept@6d15a352[java.nio.channels.SocketChannel[connected local=/127.0.0.1:8080 remote=/127.0.0.1:59948]] startThread=0
21:34:34.216 [qtp265310387-22] DEBUG org.eclipse.jetty.io.ManagedSelector - updates 0
21:34:34.216 [qtp265310387-27] DEBUG org.eclipse.jetty.util.thread.QueuedThreadPool - run Accept@6d15a352[java.nio.channels.SocketChannel[connected local=/127.0.0.1:8080 remote=/127.0.0.1:59948]] in QueuedThreadPool[qtp265310387]@fd050b3{STARTED,8<=8<=200,i=1,r=-1,q=0}[ReservedThreadExecutor@34f8be00{reserved=0/10,pending=0}]
21:34:34.216 [qtp265310387-22] DEBUG org.eclipse.jetty.io.ManagedSelector - Selector sun.nio.ch.KQueueSelectorImpl@5803522c waiting with 1 keys
21:34:34.219 [qtp265310387-27] DEBUG org.eclipse.jetty.io.IdleTimeout - SocketChannelEndPoint@d088ed7{l=/127.0.0.1:8080,r=/127.0.0.1:59948,OPEN,fill=-,flush=-,to=1/3600000}{io=0/0,kio=0,kro=0}-><null> idle timeout check, elapsed: 1 ms, remaining: 3599999 ms
21:34:34.221 [qtp265310387-27] DEBUG org.eclipse.jetty.http.PreEncodedHttpField - HttpField encoders loaded: [org.eclipse.jetty.http.Http1FieldPreEncoder@3b2087df]
21:34:34.235 [qtp265310387-27] DEBUG org.eclipse.jetty.server.HttpChannel - new HttpChannelOverHttp@383d793f{s=HttpChannelState@78718ba7{s=IDLE rs=BLOCKING os=OPEN is=IDLE awp=false se=false i=true al=0},r=0,c=false/false,a=IDLE,uri=null,age=0} -> SocketChannelEndPoint@d088ed7{l=/127.0.0.1:8080,r=/127.0.0.1:59948,OPEN,fill=-,flush=-,to=17/3600000}{io=0/0,kio=0,kro=0}-><null>,null,HttpChannelState@78718ba7{s=IDLE rs=BLOCKING os=OPEN is=IDLE awp=false se=false i=true al=0}
21:34:34.238 [qtp265310387-27] DEBUG org.eclipse.jetty.server.HttpConnection - New HTTP Connection HttpConnection@1df19ea6::SocketChannelEndPoint@d088ed7{l=/127.0.0.1:8080,r=/127.0.0.1:59948,OPEN,fill=-,flush=-,to=20/3600000}{io=0/0,kio=0,kro=0}-><null>
21:34:34.238 [qtp265310387-27] DEBUG org.eclipse.jetty.io.ManagedSelector - Queued change lazy=true org.eclipse.jetty.io.ManagedSelector$$Lambda$580/0x000000d0014ab230@6c3edfd4 on ManagedSelector@76520cc5{STARTED} id=1 keys=1 selected=0 updates=0
21:34:34.238 [qtp265310387-27] DEBUG org.eclipse.jetty.io.AbstractEndPoint - onOpen SocketChannelEndPoint@d088ed7{l=/127.0.0.1:8080,r=/127.0.0.1:59948,OPEN,fill=-,flush=-,to=21/3600000}{io=0/0,kio=0,kro=0}->HttpConnection@1df19ea6[p=HttpParser{s=START,0 of -1},g=HttpGenerator@7e72bfce{s=START}]=>HttpChannelOverHttp@383d793f{s=HttpChannelState@78718ba7{s=IDLE rs=BLOCKING os=OPEN is=IDLE awp=false se=false i=true al=0},r=0,c=false/false,a=IDLE,uri=null,age=0}
21:34:34.238 [qtp265310387-27] DEBUG org.eclipse.jetty.io.AbstractConnection - onOpen HttpConnection@1df19ea6::SocketChannelEndPoint@d088ed7{l=/127.0.0.1:8080,r=/127.0.0.1:59948,OPEN,fill=-,flush=-,to=21/3600000}{io=0/0,kio=0,kro=0}->HttpConnection@1df19ea6[p=HttpParser{s=START,0 of -1},g=HttpGenerator@7e72bfce{s=START}]=>HttpChannelOverHttp@383d793f{s=HttpChannelState@78718ba7{s=IDLE rs=BLOCKING os=OPEN is=IDLE awp=false se=false i=true al=0},r=0,c=false/false,a=IDLE,uri=null,age=0}
21:34:34.239 [qtp265310387-27] DEBUG org.eclipse.jetty.io.AbstractConnection - fillInterested HttpConnection@1df19ea6::SocketChannelEndPoint@d088ed7{l=/127.0.0.1:8080,r=/127.0.0.1:59948,OPEN,fill=-,flush=-,to=21/3600000}{io=0/0,kio=0,kro=0}->HttpConnection@1df19ea6[p=HttpParser{s=START,0 of -1},g=HttpGenerator@7e72bfce{s=START}]=>HttpChannelOverHttp@383d793f{s=HttpChannelState@78718ba7{s=IDLE rs=BLOCKING os=OPEN is=IDLE awp=false se=false i=true al=0},r=0,c=false/false,a=IDLE,uri=null,age=0}
21:34:34.239 [qtp265310387-27] DEBUG org.eclipse.jetty.io.FillInterest - interested FillInterest@22f558c1{AC.ReadCB@1df19ea6{HttpConnection@1df19ea6::SocketChannelEndPoint@d088ed7{l=/127.0.0.1:8080,r=/127.0.0.1:59948,OPEN,fill=FI,flush=-,to=0/3600000}{io=0/0,kio=0,kro=0}->HttpConnection@1df19ea6[p=HttpParser{s=START,0 of -1},g=HttpGenerator@7e72bfce{s=START}]=>HttpChannelOverHttp@383d793f{s=HttpChannelState@78718ba7{s=IDLE rs=BLOCKING os=OPEN is=IDLE awp=false se=false i=true al=0},r=0,c=false/false,a=IDLE,uri=null,age=0}}}
21:34:34.239 [qtp265310387-27] DEBUG org.eclipse.jetty.io.ChannelEndPoint - changeInterests p=false 0->1 for SocketChannelEndPoint@d088ed7{l=/127.0.0.1:8080,r=/127.0.0.1:59948,OPEN,fill=FI,flush=-,to=0/3600000}{io=0/1,kio=0,kro=0}->HttpConnection@1df19ea6[p=HttpParser{s=START,0 of -1},g=HttpGenerator@7e72bfce{s=START}]=>HttpChannelOverHttp@383d793f{s=HttpChannelState@78718ba7{s=IDLE rs=BLOCKING os=OPEN is=IDLE awp=false se=false i=true al=0},r=0,c=false/false,a=IDLE,uri=null,age=0}
21:34:34.239 [qtp265310387-27] DEBUG org.eclipse.jetty.io.ManagedSelector - Queued change lazy=false org.eclipse.jetty.io.ChannelEndPoint$$Lambda$573/0x000000d00149ac38@4ab96d4 on ManagedSelector@76520cc5{STARTED} id=1 keys=1 selected=0 updates=1
21:34:34.239 [qtp265310387-27] DEBUG org.eclipse.jetty.io.ManagedSelector - Wakeup on submit ManagedSelector@76520cc5{STARTED} id=1 keys=1 selected=0 updates=2
21:34:34.239 [qtp265310387-22] DEBUG org.eclipse.jetty.io.ManagedSelector - Selector sun.nio.ch.KQueueSelectorImpl@5803522c woken with none selected
21:34:34.239 [qtp265310387-22] DEBUG org.eclipse.jetty.io.ManagedSelector - Selector sun.nio.ch.KQueueSelectorImpl@5803522c woken up from select, 0/0/1 selected
21:34:34.239 [qtp265310387-27] DEBUG org.eclipse.jetty.io.ManagedSelector - Created SocketChannelEndPoint@d088ed7{l=/127.0.0.1:8080,r=/127.0.0.1:59948,OPEN,fill=FI,flush=-,to=0/3600000}{io=0/1,kio=0,kro=0}->HttpConnection@1df19ea6[p=HttpParser{s=START,0 of -1},g=HttpGenerator@7e72bfce{s=START}]=>HttpChannelOverHttp@383d793f{s=HttpChannelState@78718ba7{s=IDLE rs=BLOCKING os=OPEN is=IDLE awp=false se=false i=true al=0},r=0,c=false/false,a=IDLE,uri=null,age=0}
21:34:34.239 [qtp265310387-22] DEBUG org.eclipse.jetty.io.ManagedSelector - Selector sun.nio.ch.KQueueSelectorImpl@5803522c processing 0 keys, 2 updates
21:34:34.239 [qtp265310387-22] DEBUG org.eclipse.jetty.io.ManagedSelector - updateable 2
21:34:34.239 [qtp265310387-22] DEBUG org.eclipse.jetty.io.ManagedSelector - update org.eclipse.jetty.io.ManagedSelector$$Lambda$580/0x000000d0014ab230@6c3edfd4
21:34:34.239 [qtp265310387-27] DEBUG org.eclipse.jetty.util.thread.QueuedThreadPool - ran Accept@6d15a352[java.nio.channels.SocketChannel[connected local=/127.0.0.1:8080 remote=/127.0.0.1:59948]] in QueuedThreadPool[qtp265310387]@fd050b3{STARTED,8<=8<=200,i=1,r=-1,q=0}[ReservedThreadExecutor@34f8be00{reserved=0/10,pending=0}]
21:34:34.239 [qtp265310387-22] DEBUG org.eclipse.jetty.io.ManagedSelector - update org.eclipse.jetty.io.ChannelEndPoint$$Lambda$573/0x000000d00149ac38@4ab96d4
21:34:34.239 [qtp265310387-22] DEBUG org.eclipse.jetty.io.ChannelEndPoint - Key interests updated 0 -> 1 on SocketChannelEndPoint@d088ed7{l=/127.0.0.1:8080,r=/127.0.0.1:59948,OPEN,fill=FI,flush=-,to=0/3600000}{io=1/1,kio=1,kro=0}->HttpConnection@1df19ea6[p=HttpParser{s=START,0 of -1},g=HttpGenerator@7e72bfce{s=START}]=>HttpChannelOverHttp@383d793f{s=HttpChannelState@78718ba7{s=IDLE rs=BLOCKING os=OPEN is=IDLE awp=false se=false i=true al=0},r=0,c=false/false,a=IDLE,uri=null,age=0}
21:34:34.239 [qtp265310387-22] DEBUG org.eclipse.jetty.io.ManagedSelector - updates 0
21:34:34.239 [qtp265310387-22] DEBUG org.eclipse.jetty.io.ManagedSelector - Selector sun.nio.ch.KQueueSelectorImpl@5803522c waiting with 1 keys
21:34:34.239 [qtp265310387-22] DEBUG org.eclipse.jetty.io.ManagedSelector - Selector sun.nio.ch.KQueueSelectorImpl@5803522c woken up from select, 1/1/1 selected
21:34:34.239 [qtp265310387-22] DEBUG org.eclipse.jetty.io.ManagedSelector - Selector sun.nio.ch.KQueueSelectorImpl@5803522c processing 1 keys, 0 updates
21:34:34.240 [qtp265310387-22] DEBUG org.eclipse.jetty.io.ManagedSelector - selected 1 channel=java.nio.channels.SocketChannel[connected local=/127.0.0.1:8080 remote=/127.0.0.1:59948], selector=sun.nio.ch.KQueueSelectorImpl@5803522c, interestOps=1, readyOps=1 SocketChannelEndPoint@d088ed7{l=/127.0.0.1:8080,r=/127.0.0.1:59948,OPEN,fill=FI,flush=-,to=0/3600000}{io=1/1,kio=1,kro=1}->HttpConnection@1df19ea6[p=HttpParser{s=START,0 of -1},g=HttpGenerator@7e72bfce{s=START}]=>HttpChannelOverHttp@383d793f{s=HttpChannelState@78718ba7{s=IDLE rs=BLOCKING os=OPEN is=IDLE awp=false se=false i=true al=0},r=0,c=false/false,a=IDLE,uri=null,age=0} 
21:34:34.240 [qtp265310387-22] DEBUG org.eclipse.jetty.io.ChannelEndPoint - onSelected 1->0 r=true w=false for SocketChannelEndPoint@d088ed7{l=/127.0.0.1:8080,r=/127.0.0.1:59948,OPEN,fill=FI,flush=-,to=1/3600000}{io=1/0,kio=1,kro=1}->HttpConnection@1df19ea6[p=HttpParser{s=START,0 of -1},g=HttpGenerator@7e72bfce{s=START}]=>HttpChannelOverHttp@383d793f{s=HttpChannelState@78718ba7{s=IDLE rs=BLOCKING os=OPEN is=IDLE awp=false se=false i=true al=0},r=0,c=false/false,a=IDLE,uri=null,age=0}
21:34:34.240 [qtp265310387-22] DEBUG org.eclipse.jetty.io.ChannelEndPoint - task CEP:SocketChannelEndPoint@d088ed7{l=/127.0.0.1:8080,r=/127.0.0.1:59948,OPEN,fill=FI,flush=-,to=1/3600000}{io=1/0,kio=1,kro=1}->HttpConnection@1df19ea6[p=HttpParser{s=START,0 of -1},g=HttpGenerator@7e72bfce{s=START}]=>HttpChannelOverHttp@383d793f{s=HttpChannelState@78718ba7{s=IDLE rs=BLOCKING os=OPEN is=IDLE awp=false se=false i=true al=0},r=0,c=false/false,a=IDLE,uri=null,age=0}:runFillable:BLOCKING
21:34:34.240 [qtp265310387-22] DEBUG org.eclipse.jetty.util.thread.ReservedThreadExecutor - ReservedThreadExecutor@34f8be00{reserved=0/10,pending=0} tryExecute EatWhatYouKill@40e488a5/SelectorProducer@206e7499/PRODUCING/p=false/QueuedThreadPool[qtp265310387]@fd050b3{STARTED,8<=8<=200,i=2,r=-1,q=0}[ReservedThreadExecutor@34f8be00{reserved=0/10,pending=0}][pc=0,pic=0,pec=0,epc=0]@2025-10-26T21:34:34.240316+01:00
21:34:34.240 [qtp265310387-22] DEBUG org.eclipse.jetty.util.thread.ReservedThreadExecutor - ReservedThreadExecutor@34f8be00{reserved=0/10,pending=1} startReservedThread p=1
21:34:34.240 [qtp265310387-22] DEBUG org.eclipse.jetty.util.thread.QueuedThreadPool - queue ReservedThread@6c2a8429{PENDING,thread=null} startThread=0
21:34:34.240 [qtp265310387-28] DEBUG org.eclipse.jetty.util.thread.QueuedThreadPool - run ReservedThread@6c2a8429{PENDING,thread=null} in QueuedThreadPool[qtp265310387]@fd050b3{STARTED,8<=8<=200,i=1,r=-1,q=0}[ReservedThreadExecutor@34f8be00{reserved=0/10,pending=1}]
21:34:34.240 [qtp265310387-28] DEBUG org.eclipse.jetty.util.thread.ReservedThreadExecutor - ReservedThread@6c2a8429{PENDING,thread=Thread[qtp265310387-28,5,main]} was=PENDING next=RESERVED size=0+1 capacity=10
21:34:34.240 [qtp265310387-22] DEBUG org.eclipse.jetty.util.thread.strategy.EatWhatYouKill - EatWhatYouKill@40e488a5/SelectorProducer@206e7499/PRODUCING/p=false/QueuedThreadPool[qtp265310387]@fd050b3{STARTED,8<=8<=200,i=1,r=-1,q=0}[ReservedThreadExecutor@34f8be00{reserved=0/10,pending=1}][pc=0,pic=0,pec=0,epc=0]@2025-10-26T21:34:34.240801+01:00 m=PRODUCE_EXECUTE_CONSUME t=CEP:SocketChannelEndPoint@d088ed7{l=/127.0.0.1:8080,r=/127.0.0.1:59948,OPEN,fill=FI,flush=-,to=1/3600000}{io=1/0,kio=1,kro=1}->HttpConnection@1df19ea6[p=HttpParser{s=START,0 of -1},g=HttpGenerator@7e72bfce{s=START}]=>HttpChannelOverHttp@383d793f{s=HttpChannelState@78718ba7{s=IDLE rs=BLOCKING os=OPEN is=IDLE awp=false se=false i=true al=0},r=0,c=false/false,a=IDLE,uri=null,age=0}:runFillable:BLOCKING/BLOCKING
21:34:34.240 [qtp265310387-28] DEBUG org.eclipse.jetty.util.thread.ReservedThreadExecutor - ReservedThread@6c2a8429{RESERVED,thread=Thread[qtp265310387-28,5,main]} waiting ReservedThreadExecutor@34f8be00{reserved=1/10,pending=0}
21:34:34.241 [qtp265310387-22] DEBUG org.eclipse.jetty.util.thread.QueuedThreadPool - queue CEP:SocketChannelEndPoint@d088ed7{l=/127.0.0.1:8080,r=/127.0.0.1:59948,OPEN,fill=FI,flush=-,to=1/3600000}{io=1/0,kio=1,kro=1}->HttpConnection@1df19ea6[p=HttpParser{s=START,0 of -1},g=HttpGenerator@7e72bfce{s=START}]=>HttpChannelOverHttp@383d793f{s=HttpChannelState@78718ba7{s=IDLE rs=BLOCKING os=OPEN is=IDLE awp=false se=false i=true al=0},r=0,c=false/false,a=IDLE,uri=null,age=0}:runFillable:BLOCKING startThread=0
21:34:34.241 [qtp265310387-22] DEBUG org.eclipse.jetty.io.ManagedSelector - updateable 0
21:34:34.241 [qtp265310387-22] DEBUG org.eclipse.jetty.io.ManagedSelector - updates 0
21:34:34.241 [qtp265310387-27] DEBUG org.eclipse.jetty.util.thread.QueuedThreadPool - run CEP:SocketChannelEndPoint@d088ed7{l=/127.0.0.1:8080,r=/127.0.0.1:59948,OPEN,fill=FI,flush=-,to=1/3600000}{io=1/0,kio=1,kro=1}->HttpConnection@1df19ea6[p=HttpParser{s=START,0 of -1},g=HttpGenerator@7e72bfce{s=START}]=>HttpChannelOverHttp@383d793f{s=HttpChannelState@78718ba7{s=IDLE rs=BLOCKING os=OPEN is=IDLE awp=false se=false i=true al=0},r=0,c=false/false,a=IDLE,uri=null,age=0}:runFillable:BLOCKING in QueuedThreadPool[qtp265310387]@fd050b3{STARTED,8<=8<=200,i=0,r=-1,q=0}[ReservedThreadExecutor@34f8be00{reserved=1/10,pending=0}]
21:34:34.241 [qtp265310387-22] DEBUG org.eclipse.jetty.io.ChannelEndPoint - Key interests updated 1 -> 0 on SocketChannelEndPoint@d088ed7{l=/127.0.0.1:8080,r=/127.0.0.1:59948,OPEN,fill=FI,flush=-,to=1/3600000}{io=0/0,kio=0,kro=1}->HttpConnection@1df19ea6[p=HttpParser{s=START,0 of -1},g=HttpGenerator@7e72bfce{s=START}]=>HttpChannelOverHttp@383d793f{s=HttpChannelState@78718ba7{s=IDLE rs=BLOCKING os=OPEN is=IDLE awp=false se=false i=true al=0},r=0,c=false/false,a=IDLE,uri=null,age=0}
21:34:34.241 [qtp265310387-27] DEBUG org.eclipse.jetty.io.FillInterest - fillable FillInterest@22f558c1{AC.ReadCB@1df19ea6{HttpConnection@1df19ea6::SocketChannelEndPoint@d088ed7{l=/127.0.0.1:8080,r=/127.0.0.1:59948,OPEN,fill=FI,flush=-,to=2/3600000}{io=0/0,kio=0,kro=1}->HttpConnection@1df19ea6[p=HttpParser{s=START,0 of -1},g=HttpGenerator@7e72bfce{s=START}]=>HttpChannelOverHttp@383d793f{s=HttpChannelState@78718ba7{s=IDLE rs=BLOCKING os=OPEN is=IDLE awp=false se=false i=true al=0},r=0,c=false/false,a=IDLE,uri=null,age=0}}}
21:34:34.241 [qtp265310387-22] DEBUG org.eclipse.jetty.io.ManagedSelector - Selector sun.nio.ch.KQueueSelectorImpl@5803522c waiting with 1 keys
21:34:34.241 [qtp265310387-27] DEBUG org.eclipse.jetty.server.HttpConnection - HttpConnection@1df19ea6::SocketChannelEndPoint@d088ed7{l=/127.0.0.1:8080,r=/127.0.0.1:59948,OPEN,fill=-,flush=-,to=2/3600000}{io=0/0,kio=0,kro=1}->HttpConnection@1df19ea6[p=HttpParser{s=START,0 of -1},g=HttpGenerator@7e72bfce{s=START}]=>HttpChannelOverHttp@383d793f{s=HttpChannelState@78718ba7{s=IDLE rs=BLOCKING os=OPEN is=IDLE awp=false se=false i=true al=0},r=0,c=false/false,a=IDLE,uri=null,age=0} onFillable enter HttpChannelState@78718ba7{s=IDLE rs=BLOCKING os=OPEN is=IDLE awp=false se=false i=true al=0} null
21:34:34.243 [qtp265310387-27] DEBUG org.eclipse.jetty.io.ChannelEndPoint - filled 218 HeapByteBuffer@25e83041[p=0,l=218,c=8192,r=218]={<<<POST /todos HTTP/1.1\r\nCon...: gzip,deflate\r\n\r\nFirst>>>\x00\x00\x00\x00\x00\x00\x00\x00\x00...\x00\x00\x00\x00\x00\x00\x00}
21:34:34.243 [qtp265310387-27] DEBUG org.eclipse.jetty.server.HttpConnection - HttpConnection@1df19ea6::SocketChannelEndPoint@d088ed7{l=/127.0.0.1:8080,r=/127.0.0.1:59948,OPEN,fill=-,flush=-,to=2/3600000}{io=0/0,kio=0,kro=1}->HttpConnection@1df19ea6[p=HttpParser{s=START,0 of -1},g=HttpGenerator@7e72bfce{s=START}]=>HttpChannelOverHttp@383d793f{s=HttpChannelState@78718ba7{s=IDLE rs=BLOCKING os=OPEN is=IDLE awp=false se=false i=true al=0},r=0,c=false/false,a=IDLE,uri=null,age=0} filled 218 HeapByteBuffer@25e83041[p=0,l=218,c=8192,r=218]={<<<POST /todos HTTP/1.1\r\nCon...: gzip,deflate\r\n\r\nFirst>>>\x00\x00\x00\x00\x00\x00\x00\x00\x00...\x00\x00\x00\x00\x00\x00\x00}
21:34:34.243 [qtp265310387-27] DEBUG org.eclipse.jetty.server.HttpConnection - HttpConnection@1df19ea6::SocketChannelEndPoint@d088ed7{l=/127.0.0.1:8080,r=/127.0.0.1:59948,OPEN,fill=-,flush=-,to=2/3600000}{io=0/0,kio=0,kro=1}->HttpConnection@1df19ea6[p=HttpParser{s=START,0 of -1},g=HttpGenerator@7e72bfce{s=START}]=>HttpChannelOverHttp@383d793f{s=HttpChannelState@78718ba7{s=IDLE rs=BLOCKING os=OPEN is=IDLE awp=false se=false i=true al=0},r=0,c=false/false,a=IDLE,uri=null,age=0} parse HeapByteBuffer@25e83041[p=0,l=218,c=8192,r=218]={<<<POST /todos HTTP/1.1\r\nCon...: gzip,deflate\r\n\r\nFirst>>>\x00\x00\x00\x00\x00\x00\x00\x00\x00...\x00\x00\x00\x00\x00\x00\x00} {}
21:34:34.244 [qtp265310387-27] DEBUG org.eclipse.jetty.http.HttpParser - parseNext s=START HeapByteBuffer@25e83041[p=0,l=218,c=8192,r=218]={<<<POST /todos HTTP/1.1\r\nCon...: gzip,deflate\r\n\r\nFirst>>>\x00\x00\x00\x00\x00\x00\x00\x00\x00...\x00\x00\x00\x00\x00\x00\x00}
21:34:34.244 [qtp265310387-27] DEBUG org.eclipse.jetty.http.HttpParser - START --> SPACE1
21:34:34.244 [qtp265310387-27] DEBUG org.eclipse.jetty.http.HttpParser - SPACE1 --> URI
21:34:34.244 [qtp265310387-27] DEBUG org.eclipse.jetty.http.HttpParser - URI --> SPACE2
21:34:34.244 [qtp265310387-27] DEBUG org.eclipse.jetty.http.HttpParser - SPACE2 --> REQUEST_VERSION
21:34:34.244 [qtp265310387-27] DEBUG org.eclipse.jetty.http.HttpParser - REQUEST_VERSION --> HEADER
21:34:34.244 [qtp265310387-27] DEBUG org.eclipse.jetty.http.HttpParser - HEADER:Content-Type: text/plain; charset=UTF-8 --> IN_VALUE
21:34:34.245 [qtp265310387-27] DEBUG org.eclipse.jetty.http.HttpParser - HEADER:Content-Type: text/plain; charset=UTF-8 --> FIELD
21:34:34.245 [qtp265310387-27] DEBUG org.eclipse.jetty.http.HttpParser - HEADER:Content-Length --> VALUE
21:34:34.245 [qtp265310387-27] DEBUG org.eclipse.jetty.http.HttpParser - HEADER:Content-Length --> IN_VALUE
21:34:34.245 [qtp265310387-27] DEBUG org.eclipse.jetty.http.HttpParser - HEADER:Content-Length --> FIELD
21:34:34.245 [qtp265310387-27] DEBUG org.eclipse.jetty.http.HttpParser - HEADER:Host --> VALUE
21:34:34.245 [qtp265310387-27] DEBUG org.eclipse.jetty.http.HttpParser - HEADER:Host --> IN_VALUE
21:34:34.245 [qtp265310387-27] DEBUG org.eclipse.jetty.http.HttpParser - HEADER:Host --> FIELD
21:34:34.245 [qtp265310387-27] DEBUG org.eclipse.jetty.http.HttpParser - HEADER:Connection: keep-alive --> IN_VALUE
21:34:34.245 [qtp265310387-27] DEBUG org.eclipse.jetty.http.HttpParser - HEADER:Connection: keep-alive --> FIELD
21:34:34.245 [qtp265310387-27] DEBUG org.eclipse.jetty.http.HttpParser - HEADER:User-Agent --> VALUE
21:34:34.245 [qtp265310387-27] DEBUG org.eclipse.jetty.http.HttpParser - HEADER:User-Agent --> IN_VALUE
21:34:34.245 [qtp265310387-27] DEBUG org.eclipse.jetty.http.HttpParser - HEADER:User-Agent --> FIELD
21:34:34.245 [qtp265310387-27] DEBUG org.eclipse.jetty.http.HttpParser - HEADER:Accept-Encoding --> IN_VALUE
21:34:34.245 [qtp265310387-27] DEBUG org.eclipse.jetty.http.HttpParser - HEADER:Accept-Encoding --> FIELD
21:34:34.245 [qtp265310387-27] DEBUG org.eclipse.jetty.http.HttpParser - HEADER --> CONTENT
21:34:34.245 [qtp265310387-27] DEBUG org.eclipse.jetty.server.HttpChannel - REQUEST for //localhost:8080/todos on HttpChannelOverHttp@383d793f{s=HttpChannelState@78718ba7{s=IDLE rs=BLOCKING os=OPEN is=IDLE awp=false se=false i=true al=0},r=1,c=false/false,a=IDLE,uri=//localhost:8080/todos,age=0}
POST //localhost:8080/todos HTTP/1.1
Content-Type: text/plain; charset=UTF-8
Content-Length: 5
Host: localhost:8080
Connection: keep-alive
User-Agent: Apache-HttpClient/4.5.14 (Java/17.0.9)
Accept-Encoding: gzip,deflate


21:34:34.246 [qtp265310387-27] DEBUG org.eclipse.jetty.server.HttpConnection - HttpConnection@1df19ea6::SocketChannelEndPoint@d088ed7{l=/127.0.0.1:8080,r=/127.0.0.1:59948,OPEN,fill=-,flush=-,to=4/3600000}{io=0/0,kio=0,kro=1}->HttpConnection@1df19ea6[p=HttpParser{s=CONTENT,0 of 5},g=HttpGenerator@7e72bfce{s=START}]=>HttpChannelOverHttp@383d793f{s=HttpChannelState@78718ba7{s=IDLE rs=BLOCKING os=OPEN is=IDLE awp=false se=false i=true al=0},r=1,c=false/false,a=IDLE,uri=//localhost:8080/todos,age=1} parsed true HttpParser{s=CONTENT,0 of 5}
21:34:34.246 [qtp265310387-27] DEBUG org.eclipse.jetty.server.HttpChannel - handle //localhost:8080/todos HttpChannelOverHttp@383d793f{s=HttpChannelState@78718ba7{s=IDLE rs=BLOCKING os=OPEN is=IDLE awp=false se=false i=true al=0},r=1,c=false/false,a=IDLE,uri=//localhost:8080/todos,age=1} 
21:34:34.246 [qtp265310387-27] DEBUG org.eclipse.jetty.server.HttpChannelState - handling HttpChannelState@78718ba7{s=IDLE rs=BLOCKING os=OPEN is=IDLE awp=false se=false i=true al=0}
21:34:34.246 [qtp265310387-27] DEBUG org.eclipse.jetty.server.HttpChannel - action DISPATCH HttpChannelOverHttp@383d793f{s=HttpChannelState@78718ba7{s=HANDLING rs=BLOCKING os=OPEN is=IDLE awp=false se=false i=true al=0},r=1,c=false/false,a=HANDLING,uri=//localhost:8080/todos,age=1}
21:34:34.247 [qtp265310387-27] DEBUG org.eclipse.jetty.server.Server - REQUEST POST /todos on HttpChannelOverHttp@383d793f{s=HttpChannelState@78718ba7{s=HANDLING rs=BLOCKING os=OPEN is=IDLE awp=false se=false i=true al=0},r=1,c=false/false,a=HANDLING,uri=//localhost:8080/todos,age=2}
21:34:34.247 [qtp265310387-27] DEBUG org.eclipse.jetty.server.session - Entering scope spark.embeddedserver.jetty.JettyHandler13365860==dftMaxIdleSec=-1, dispatch=REQUEST asyncstarted=false
21:34:34.247 [qtp265310387-27] DEBUG org.eclipse.jetty.server.session - sessionHandler=spark.embeddedserver.jetty.JettyHandler13365860==dftMaxIdleSec=-1 session=null
21:34:34.249 [qtp265310387-27] DEBUG org.eclipse.jetty.server.HttpConnection - HttpConnection@1df19ea6::SocketChannelEndPoint@d088ed7{l=/127.0.0.1:8080,r=/127.0.0.1:59948,OPEN,fill=-,flush=-,to=7/3600000}{io=0/0,kio=0,kro=1}->HttpConnection@1df19ea6[p=HttpParser{s=CONTENT,0 of 5},g=HttpGenerator@7e72bfce{s=START}]=>HttpChannelOverHttp@383d793f{s=HttpChannelState@78718ba7{s=HANDLING rs=BLOCKING os=OPEN is=IDLE awp=false se=false i=true al=0},r=1,c=false/false,a=HANDLING,uri=//localhost:8080/todos,age=4} parse HeapByteBuffer@25e83041[p=213,l=218,c=8192,r=5]={POST /tod...ate\r\n\r\n<<<First>>>\x00\x00\x00\x00\x00\x00\x00\x00\x00...\x00\x00\x00\x00\x00\x00\x00} {}
21:34:34.249 [qtp265310387-27] DEBUG org.eclipse.jetty.http.HttpParser - parseNext s=CONTENT HeapByteBuffer@25e83041[p=213,l=218,c=8192,r=5]={POST /tod...ate\r\n\r\n<<<First>>>\x00\x00\x00\x00\x00\x00\x00\x00\x00...\x00\x00\x00\x00\x00\x00\x00}
21:34:34.249 [qtp265310387-27] DEBUG org.eclipse.jetty.server.HttpChannel - onContent HttpChannelOverHttp@383d793f{s=HttpChannelState@78718ba7{s=HANDLING rs=BLOCKING os=OPEN is=IDLE awp=false se=false i=true al=0},r=1,c=false/false,a=HANDLING,uri=//localhost:8080/todos,age=4} Content@187b94d{HeapByteBufferR@2639c42c[p=213,l=218,c=8192,r=5]={POST /tod...ate\r\n\r\n<<<First>>>\x00\x00\x00\x00\x00\x00\x00\x00\x00...\x00\x00\x00\x00\x00\x00\x00}}
21:34:34.249 [qtp265310387-27] DEBUG org.eclipse.jetty.server.HttpInput - HttpInputOverHTTP@2b020532[c=0,q=0,[0]=null,s=STREAM] addContent Content@187b94d{HeapByteBufferR@2639c42c[p=213,l=218,c=8192,r=5]={POST /tod...ate\r\n\r\n<<<First>>>\x00\x00\x00\x00\x00\x00\x00\x00\x00...\x00\x00\x00\x00\x00\x00\x00}}
21:34:34.249 [qtp265310387-27] DEBUG org.eclipse.jetty.http.HttpParser - CONTENT --> CONTENT_END
21:34:34.249 [qtp265310387-27] DEBUG org.eclipse.jetty.server.HttpChannel - onContentComplete HttpChannelOverHttp@383d793f{s=HttpChannelState@78718ba7{s=HANDLING rs=BLOCKING os=OPEN is=IDLE awp=false se=false i=true al=0},r=1,c=false/false,a=HANDLING,uri=//localhost:8080/todos,age=4}
21:34:34.249 [qtp265310387-27] DEBUG org.eclipse.jetty.http.HttpParser - CONTENT_END --> END
21:34:34.249 [qtp265310387-27] DEBUG org.eclipse.jetty.server.HttpChannel - onRequestComplete HttpChannelOverHttp@383d793f{s=HttpChannelState@78718ba7{s=HANDLING rs=BLOCKING os=OPEN is=IDLE awp=false se=false i=true al=0},r=1,c=false/false,a=HANDLING,uri=//localhost:8080/todos,age=4}
21:34:34.249 [qtp265310387-27] DEBUG org.eclipse.jetty.server.HttpInput - HttpInputOverHTTP@2b020532[c=0,q=1,[0]=EOF,s=STREAM] addContent EOF
21:34:34.249 [qtp265310387-27] DEBUG org.eclipse.jetty.server.HttpConnection - HttpConnection@1df19ea6::SocketChannelEndPoint@d088ed7{l=/127.0.0.1:8080,r=/127.0.0.1:59948,OPEN,fill=-,flush=-,to=7/3600000}{io=0/0,kio=0,kro=1}->HttpConnection@1df19ea6[p=HttpParser{s=END,5 of 5},g=HttpGenerator@7e72bfce{s=START}]=>HttpChannelOverHttp@383d793f{s=HttpChannelState@78718ba7{s=HANDLING rs=BLOCKING os=OPEN is=IDLE awp=false se=false i=true al=0},r=1,c=false/false,a=HANDLING,uri=//localhost:8080/todos,age=4} parsed false HttpParser{s=END,5 of 5}
21:34:34.249 [qtp265310387-27] DEBUG org.eclipse.jetty.server.HttpInput - HttpInputOverHTTP@2b020532[c=5,q=1,[0]=EOF,s=STREAM] read 5 from Content@187b94d{HeapByteBufferR@2639c42c[p=218,l=218,c=8192,r=0]={POST /tod...\r\nFirst<<<>>>\x00\x00\x00\x00\x00\x00\x00\x00\x00...\x00\x00\x00\x00\x00\x00\x00}}
21:34:34.249 [qtp265310387-27] DEBUG org.eclipse.jetty.server.HttpConnection - releaseRequestBuffer HttpConnection@1df19ea6::SocketChannelEndPoint@d088ed7{l=/127.0.0.1:8080,r=/127.0.0.1:59948,OPEN,fill=-,flush=-,to=8/3600000}{io=0/0,kio=0,kro=1}->HttpConnection@1df19ea6[p=HttpParser{s=END,5 of 5},g=HttpGenerator@7e72bfce{s=START}]=>HttpChannelOverHttp@383d793f{s=HttpChannelState@78718ba7{s=HANDLING rs=BLOCKING os=OPEN is=IDLE awp=false se=false i=true al=0},r=1,c=false/false,a=HANDLING,uri=//localhost:8080/todos,age=4}
21:34:34.250 [qtp265310387-27] DEBUG org.eclipse.jetty.server.HttpChannelState - onEof HttpChannelState@78718ba7{s=HANDLING rs=BLOCKING os=OPEN is=IDLE awp=false se=false i=true al=0}
21:34:34.273 [qtp265310387-27] INFO org.apache.kafka.common.config.AbstractConfig - ProducerConfig values: 
	acks = -1
	batch.size = 16384
	bootstrap.servers = [localhost:9092]
	buffer.memory = 33554432
	client.dns.lookup = use_all_dns_ips
	client.id = producer-1
	compression.gzip.level = -1
	compression.lz4.level = 9
	compression.type = none
	compression.zstd.level = 3
	connections.max.idle.ms = 540000
	delivery.timeout.ms = 120000
	enable.idempotence = true
	enable.metrics.push = true
	interceptor.classes = []
	key.serializer = class org.apache.kafka.common.serialization.StringSerializer
	linger.ms = 5
	max.block.ms = 60000
	max.in.flight.requests.per.connection = 5
	max.request.size = 1048576
	metadata.max.age.ms = 300000
	metadata.max.idle.ms = 300000
	metadata.recovery.rebootstrap.trigger.ms = 300000
	metadata.recovery.strategy = rebootstrap
	metric.reporters = [org.apache.kafka.common.metrics.JmxReporter]
	metrics.num.samples = 2
	metrics.recording.level = INFO
	metrics.sample.window.ms = 30000
	partitioner.adaptive.partitioning.enable = true
	partitioner.availability.timeout.ms = 0
	partitioner.class = null
	partitioner.ignore.keys = false
	receive.buffer.bytes = 32768
	reconnect.backoff.max.ms = 1000
	reconnect.backoff.ms = 50
	request.timeout.ms = 30000
	retries = 2147483647
	retry.backoff.max.ms = 1000
	retry.backoff.ms = 100
	sasl.client.callback.handler.class = null
	sasl.jaas.config = null
	sasl.kerberos.kinit.cmd = /usr/bin/kinit
	sasl.kerberos.min.time.before.relogin = 60000
	sasl.kerberos.service.name = null
	sasl.kerberos.ticket.renew.jitter = 0.05
	sasl.kerberos.ticket.renew.window.factor = 0.8
	sasl.login.callback.handler.class = null
	sasl.login.class = null
	sasl.login.connect.timeout.ms = null
	sasl.login.read.timeout.ms = null
	sasl.login.refresh.buffer.seconds = 300
	sasl.login.refresh.min.period.seconds = 60
	sasl.login.refresh.window.factor = 0.8
	sasl.login.refresh.window.jitter = 0.05
	sasl.login.retry.backoff.max.ms = 10000
	sasl.login.retry.backoff.ms = 100
	sasl.mechanism = GSSAPI
	sasl.oauthbearer.assertion.algorithm = RS256
	sasl.oauthbearer.assertion.claim.aud = null
	sasl.oauthbearer.assertion.claim.exp.seconds = 300
	sasl.oauthbearer.assertion.claim.iss = null
	sasl.oauthbearer.assertion.claim.jti.include = false
	sasl.oauthbearer.assertion.claim.nbf.seconds = 60
	sasl.oauthbearer.assertion.claim.sub = null
	sasl.oauthbearer.assertion.file = null
	sasl.oauthbearer.assertion.private.key.file = null
	sasl.oauthbearer.assertion.private.key.passphrase = null
	sasl.oauthbearer.assertion.template.file = null
	sasl.oauthbearer.client.credentials.client.id = null
	sasl.oauthbearer.client.credentials.client.secret = null
	sasl.oauthbearer.clock.skew.seconds = 30
	sasl.oauthbearer.expected.audience = null
	sasl.oauthbearer.expected.issuer = null
	sasl.oauthbearer.header.urlencode = false
	sasl.oauthbearer.jwks.endpoint.refresh.ms = 3600000
	sasl.oauthbearer.jwks.endpoint.retry.backoff.max.ms = 10000
	sasl.oauthbearer.jwks.endpoint.retry.backoff.ms = 100
	sasl.oauthbearer.jwks.endpoint.url = null
	sasl.oauthbearer.jwt.retriever.class = class org.apache.kafka.common.security.oauthbearer.DefaultJwtRetriever
	sasl.oauthbearer.jwt.validator.class = class org.apache.kafka.common.security.oauthbearer.DefaultJwtValidator
	sasl.oauthbearer.scope = null
	sasl.oauthbearer.scope.claim.name = scope
	sasl.oauthbearer.sub.claim.name = sub
	sasl.oauthbearer.token.endpoint.url = null
	security.protocol = PLAINTEXT
	security.providers = null
	send.buffer.bytes = 131072
	socket.connection.setup.timeout.max.ms = 30000
	socket.connection.setup.timeout.ms = 10000
	ssl.cipher.suites = null
	ssl.enabled.protocols = [TLSv1.2, TLSv1.3]
	ssl.endpoint.identification.algorithm = https
	ssl.engine.factory.class = null
	ssl.key.password = null
	ssl.keymanager.algorithm = SunX509
	ssl.keystore.certificate.chain = null
	ssl.keystore.key = null
	ssl.keystore.location = null
	ssl.keystore.password = null
	ssl.keystore.type = JKS
	ssl.protocol = TLSv1.3
	ssl.provider = null
	ssl.secure.random.implementation = null
	ssl.trustmanager.algorithm = PKIX
	ssl.truststore.certificates = null
	ssl.truststore.location = null
	ssl.truststore.password = null
	ssl.truststore.type = JKS
	transaction.timeout.ms = 60000
	transaction.two.phase.commit.enable = false
	transactional.id = null
	value.serializer = class org.apache.kafka.common.serialization.StringSerializer

21:34:34.290 [qtp265310387-27] INFO org.apache.kafka.common.telemetry.internals.KafkaMetricsCollector - initializing Kafka metrics collector
21:34:34.324 [qtp265310387-27] INFO org.apache.kafka.clients.producer.KafkaProducer - [Producer clientId=producer-1] Instantiated an idempotent producer.
21:34:34.344 [kafka-producer-network-thread | producer-1] DEBUG org.apache.kafka.clients.producer.internals.Sender - [Producer clientId=producer-1] Starting Kafka producer I/O thread.
21:34:34.344 [qtp265310387-27] INFO org.apache.kafka.common.config.AbstractConfig - These configurations '[producer.auto.create.topics]' were supplied but are not used yet.
21:34:34.344 [kafka-producer-network-thread | producer-1] DEBUG org.apache.kafka.clients.producer.internals.TransactionManager - [Producer clientId=producer-1] Transition from state UNINITIALIZED to INITIALIZING
21:34:34.346 [qtp265310387-27] INFO org.apache.kafka.common.utils.AppInfoParser - Kafka version: 4.1.0
21:34:34.346 [qtp265310387-27] INFO org.apache.kafka.common.utils.AppInfoParser - Kafka commitId: 13f70256db3c994c
21:34:34.346 [qtp265310387-27] INFO org.apache.kafka.common.utils.AppInfoParser - Kafka startTimeMs: 1761510874344
21:34:34.347 [qtp265310387-27] DEBUG org.apache.kafka.clients.producer.KafkaProducer - [Producer clientId=producer-1] Kafka producer started
21:34:34.488 [kafka-producer-network-thread | producer-1] DEBUG org.apache.kafka.clients.producer.internals.TransactionManager - [Producer clientId=producer-1] Enqueuing transactional request InitProducerIdRequestData(transactionalId=null, transactionTimeoutMs=2147483647, producerId=-1, producerEpoch=-1, enable2Pc=false, keepPreparedTxn=false)
21:34:34.490 [kafka-producer-network-thread | producer-1] DEBUG org.apache.kafka.clients.NetworkClient - [Producer clientId=producer-1] Initialize connection to node localhost:9092 (id: -1 rack: null isFenced: false) for sending metadata request
21:34:34.491 [kafka-producer-network-thread | producer-1] DEBUG org.apache.kafka.clients.ClientUtils - Resolved host localhost as 127.0.0.1
21:34:34.491 [kafka-producer-network-thread | producer-1] DEBUG org.apache.kafka.clients.ClusterConnectionStates - [Producer clientId=producer-1] Resolved host localhost to addresses [localhost/127.0.0.1]
21:34:34.491 [kafka-producer-network-thread | producer-1] DEBUG org.apache.kafka.clients.NetworkClient - [Producer clientId=producer-1] Initiating connection to node localhost:9092 (id: -1 rack: null isFenced: false) using address localhost/127.0.0.1
21:34:34.495 [kafka-producer-network-thread | producer-1] DEBUG org.apache.kafka.common.network.Selector - [Producer clientId=producer-1] Created socket with SO_RCVBUF = 326640, SO_SNDBUF = 146988, SO_TIMEOUT = 0 to node -1
21:34:34.496 [kafka-producer-network-thread | producer-1] DEBUG org.apache.kafka.clients.NetworkClient - [Producer clientId=producer-1] Completed connection to node -1. Fetching API versions.
21:34:34.496 [kafka-producer-network-thread | producer-1] DEBUG org.apache.kafka.clients.NetworkClient - [Producer clientId=producer-1] Initiating API versions fetch from node -1.
21:34:34.512 [kafka-producer-network-thread | producer-1] DEBUG org.apache.kafka.clients.NetworkClient - [Producer clientId=producer-1] Sending API_VERSIONS request with header RequestHeader(apiKey=API_VERSIONS, apiVersion=4, clientId=producer-1, correlationId=0, headerVersion=2) and timeout 30000 to node -1: ApiVersionsRequestData(clientSoftwareName='apache-kafka-java', clientSoftwareVersion='4.1.0')
21:34:34.626 [kafka-producer-network-thread | producer-1] DEBUG org.apache.kafka.clients.NetworkClient - [Producer clientId=producer-1] Received API_VERSIONS response from node -1 for request with header RequestHeader(apiKey=API_VERSIONS, apiVersion=4, clientId=producer-1, correlationId=0, headerVersion=2): ApiVersionsResponseData(errorCode=0, apiKeys=[ApiVersion(apiKey=0, minVersion=0, maxVersion=13), ApiVersion(apiKey=1, minVersion=4, maxVersion=18), ApiVersion(apiKey=2, minVersion=1, maxVersion=10), ApiVersion(apiKey=3, minVersion=0, maxVersion=13), ApiVersion(apiKey=8, minVersion=2, maxVersion=9), ApiVersion(apiKey=9, minVersion=1, maxVersion=9), ApiVersion(apiKey=10, minVersion=0, maxVersion=6), ApiVersion(apiKey=11, minVersion=0, maxVersion=9), ApiVersion(apiKey=12, minVersion=0, maxVersion=4), ApiVersion(apiKey=13, minVersion=0, maxVersion=5), ApiVersion(apiKey=14, minVersion=0, maxVersion=5), ApiVersion(apiKey=15, minVersion=0, maxVersion=6), ApiVersion(apiKey=16, minVersion=0, maxVersion=5), ApiVersion(apiKey=17, minVersion=0, maxVersion=1), ApiVersion(apiKey=18, minVersion=0, maxVersion=4), ApiVersion(apiKey=19, minVersion=2, maxVersion=7), ApiVersion(apiKey=20, minVersion=1, maxVersion=6), ApiVersion(apiKey=21, minVersion=0, maxVersion=2), ApiVersion(apiKey=22, minVersion=0, maxVersion=5), ApiVersion(apiKey=23, minVersion=2, maxVersion=4), ApiVersion(apiKey=24, minVersion=0, maxVersion=5), ApiVersion(apiKey=25, minVersion=0, maxVersion=4), ApiVersion(apiKey=26, minVersion=0, maxVersion=5), ApiVersion(apiKey=27, minVersion=1, maxVersion=1), ApiVersion(apiKey=28, minVersion=0, maxVersion=5), ApiVersion(apiKey=29, minVersion=1, maxVersion=3), ApiVersion(apiKey=30, minVersion=1, maxVersion=3), ApiVersion(apiKey=31, minVersion=1, maxVersion=3), ApiVersion(apiKey=32, minVersion=1, maxVersion=4), ApiVersion(apiKey=33, minVersion=0, maxVersion=2), ApiVersion(apiKey=34, minVersion=1, maxVersion=2), ApiVersion(apiKey=35, minVersion=1, maxVersion=4), ApiVersion(apiKey=36, minVersion=0, maxVersion=2), ApiVersion(apiKey=37, minVersion=0, maxVersion=3), ApiVersion(apiKey=38, minVersion=1, maxVersion=3), ApiVersion(apiKey=39, minVersion=1, maxVersion=2), ApiVersion(apiKey=40, minVersion=1, maxVersion=2), ApiVersion(apiKey=41, minVersion=1, maxVersion=3), ApiVersion(apiKey=42, minVersion=0, maxVersion=2), ApiVersion(apiKey=43, minVersion=0, maxVersion=2), ApiVersion(apiKey=44, minVersion=0, maxVersion=1), ApiVersion(apiKey=45, minVersion=0, maxVersion=1), ApiVersion(apiKey=46, minVersion=0, maxVersion=0), ApiVersion(apiKey=47, minVersion=0, maxVersion=0), ApiVersion(apiKey=48, minVersion=0, maxVersion=1), ApiVersion(apiKey=49, minVersion=0, maxVersion=1), ApiVersion(apiKey=50, minVersion=0, maxVersion=0), ApiVersion(apiKey=51, minVersion=0, maxVersion=0), ApiVersion(apiKey=55, minVersion=0, maxVersion=2), ApiVersion(apiKey=57, minVersion=0, maxVersion=2), ApiVersion(apiKey=60, minVersion=0, maxVersion=2), ApiVersion(apiKey=61, minVersion=0, maxVersion=0), ApiVersion(apiKey=64, minVersion=0, maxVersion=0), ApiVersion(apiKey=65, minVersion=0, maxVersion=0), ApiVersion(apiKey=66, minVersion=0, maxVersion=2), ApiVersion(apiKey=68, minVersion=0, maxVersion=1), ApiVersion(apiKey=69, minVersion=0, maxVersion=1), ApiVersion(apiKey=74, minVersion=0, maxVersion=1), ApiVersion(apiKey=75, minVersion=0, maxVersion=0), ApiVersion(apiKey=76, minVersion=1, maxVersion=1), ApiVersion(apiKey=77, minVersion=1, maxVersion=1), ApiVersion(apiKey=78, minVersion=1, maxVersion=1), ApiVersion(apiKey=79, minVersion=1, maxVersion=1), ApiVersion(apiKey=80, minVersion=0, maxVersion=0), ApiVersion(apiKey=81, minVersion=0, maxVersion=0), ApiVersion(apiKey=83, minVersion=0, maxVersion=0), ApiVersion(apiKey=84, minVersion=0, maxVersion=0), ApiVersion(apiKey=85, minVersion=0, maxVersion=0), ApiVersion(apiKey=86, minVersion=0, maxVersion=0), ApiVersion(apiKey=87, minVersion=0, maxVersion=0), ApiVersion(apiKey=90, minVersion=0, maxVersion=0), ApiVersion(apiKey=91, minVersion=0, maxVersion=0), ApiVersion(apiKey=92, minVersion=0, maxVersion=0)], throttleTimeMs=0, supportedFeatures=[SupportedFeatureKey(name='group.version', minVersion=0, maxVersion=1), SupportedFeatureKey(name='kraft.version', minVersion=0, maxVersion=1), SupportedFeatureKey(name='metadata.version', minVersion=7, maxVersion=27), SupportedFeatureKey(name='share.version', minVersion=0, maxVersion=1), SupportedFeatureKey(name='transaction.version', minVersion=0, maxVersion=2), SupportedFeatureKey(name='eligible.leader.replicas.version', minVersion=0, maxVersion=1)], finalizedFeaturesEpoch=67531, finalizedFeatures=[FinalizedFeatureKey(name='group.version', maxVersionLevel=1, minVersionLevel=1), FinalizedFeatureKey(name='transaction.version', maxVersionLevel=2, minVersionLevel=2), FinalizedFeatureKey(name='eligible.leader.replicas.version', maxVersionLevel=1, minVersionLevel=1), FinalizedFeatureKey(name='metadata.version', maxVersionLevel=27, minVersionLevel=27)], zkMigrationReady=false)
21:34:34.643 [kafka-producer-network-thread | producer-1] DEBUG org.apache.kafka.clients.NetworkClient - [Producer clientId=producer-1] Node -1 has finalized features epoch: 67531, finalized features: [FinalizedFeatureKey(name='group.version', maxVersionLevel=1, minVersionLevel=1), FinalizedFeatureKey(name='transaction.version', maxVersionLevel=2, minVersionLevel=2), FinalizedFeatureKey(name='eligible.leader.replicas.version', maxVersionLevel=1, minVersionLevel=1), FinalizedFeatureKey(name='metadata.version', maxVersionLevel=27, minVersionLevel=27)], supported features: [SupportedFeatureKey(name='group.version', minVersion=0, maxVersion=1), SupportedFeatureKey(name='kraft.version', minVersion=0, maxVersion=1), SupportedFeatureKey(name='metadata.version', minVersion=7, maxVersion=27), SupportedFeatureKey(name='share.version', minVersion=0, maxVersion=1), SupportedFeatureKey(name='transaction.version', minVersion=0, maxVersion=2), SupportedFeatureKey(name='eligible.leader.replicas.version', minVersion=0, maxVersion=1)], ZK migration ready: false, API versions: (Produce(0): 0 to 13 [usable: 13], Fetch(1): 4 to 18 [usable: 18], ListOffsets(2): 1 to 10 [usable: 10], Metadata(3): 0 to 13 [usable: 13], OffsetCommit(8): 2 to 9 [usable: 9], OffsetFetch(9): 1 to 9 [usable: 9], FindCoordinator(10): 0 to 6 [usable: 6], JoinGroup(11): 0 to 9 [usable: 9], Heartbeat(12): 0 to 4 [usable: 4], LeaveGroup(13): 0 to 5 [usable: 5], SyncGroup(14): 0 to 5 [usable: 5], DescribeGroups(15): 0 to 6 [usable: 6], ListGroups(16): 0 to 5 [usable: 5], SaslHandshake(17): 0 to 1 [usable: 1], ApiVersions(18): 0 to 4 [usable: 4], CreateTopics(19): 2 to 7 [usable: 7], DeleteTopics(20): 1 to 6 [usable: 6], DeleteRecords(21): 0 to 2 [usable: 2], InitProducerId(22): 0 to 5 [usable: 5], OffsetForLeaderEpoch(23): 2 to 4 [usable: 4], AddPartitionsToTxn(24): 0 to 5 [usable: 5], AddOffsetsToTxn(25): 0 to 4 [usable: 4], EndTxn(26): 0 to 5 [usable: 5], WriteTxnMarkers(27): 1 [usable: 1], TxnOffsetCommit(28): 0 to 5 [usable: 5], DescribeAcls(29): 1 to 3 [usable: 3], CreateAcls(30): 1 to 3 [usable: 3], DeleteAcls(31): 1 to 3 [usable: 3], DescribeConfigs(32): 1 to 4 [usable: 4], AlterConfigs(33): 0 to 2 [usable: 2], AlterReplicaLogDirs(34): 1 to 2 [usable: 2], DescribeLogDirs(35): 1 to 4 [usable: 4], SaslAuthenticate(36): 0 to 2 [usable: 2], CreatePartitions(37): 0 to 3 [usable: 3], CreateDelegationToken(38): 1 to 3 [usable: 3], RenewDelegationToken(39): 1 to 2 [usable: 2], ExpireDelegationToken(40): 1 to 2 [usable: 2], DescribeDelegationToken(41): 1 to 3 [usable: 3], DeleteGroups(42): 0 to 2 [usable: 2], ElectLeaders(43): 0 to 2 [usable: 2], IncrementalAlterConfigs(44): 0 to 1 [usable: 1], AlterPartitionReassignments(45): 0 to 1 [usable: 1], ListPartitionReassignments(46): 0 [usable: 0], OffsetDelete(47): 0 [usable: 0], DescribeClientQuotas(48): 0 to 1 [usable: 1], AlterClientQuotas(49): 0 to 1 [usable: 1], DescribeUserScramCredentials(50): 0 [usable: 0], AlterUserScramCredentials(51): 0 [usable: 0], DescribeQuorum(55): 0 to 2 [usable: 2], UpdateFeatures(57): 0 to 2 [usable: 2], DescribeCluster(60): 0 to 2 [usable: 2], DescribeProducers(61): 0 [usable: 0], UnregisterBroker(64): 0 [usable: 0], DescribeTransactions(65): 0 [usable: 0], ListTransactions(66): 0 to 2 [usable: 2], ConsumerGroupHeartbeat(68): 0 to 1 [usable: 1], ConsumerGroupDescribe(69): 0 to 1 [usable: 1], GetTelemetrySubscriptions(71): UNSUPPORTED, PushTelemetry(72): UNSUPPORTED, ListConfigResources(74): 0 to 1 [usable: 1], DescribeTopicPartitions(75): 0 [usable: 0], ShareGroupHeartbeat(76): 1 [usable: 1], ShareGroupDescribe(77): 1 [usable: 1], ShareFetch(78): 1 [usable: 1], ShareAcknowledge(79): 1 [usable: 1], AddRaftVoter(80): 0 [usable: 0], RemoveRaftVoter(81): 0 [usable: 0], InitializeShareGroupState(83): 0 [usable: 0], ReadShareGroupState(84): 0 [usable: 0], WriteShareGroupState(85): 0 [usable: 0], DeleteShareGroupState(86): 0 [usable: 0], ReadShareGroupStateSummary(87): 0 [usable: 0], StreamsGroupHeartbeat(88): UNSUPPORTED, StreamsGroupDescribe(89): UNSUPPORTED, DescribeShareGroupOffsets(90): 0 [usable: 0], AlterShareGroupOffsets(91): 0 [usable: 0], DeleteShareGroupOffsets(92): 0 [usable: 0]).
21:34:34.646 [kafka-producer-network-thread | producer-1] DEBUG org.apache.kafka.clients.NetworkClient - [Producer clientId=producer-1] Sending metadata request MetadataRequestData(topics=[MetadataRequestTopic(topicId=AAAAAAAAAAAAAAAAAAAAAA, name='todos-dev-topic')], allowAutoTopicCreation=true, includeClusterAuthorizedOperations=false, includeTopicAuthorizedOperations=false) to node localhost:9092 (id: -1 rack: null isFenced: false)
21:34:34.646 [kafka-producer-network-thread | producer-1] DEBUG org.apache.kafka.clients.NetworkClient - [Producer clientId=producer-1] Sending METADATA request with header RequestHeader(apiKey=METADATA, apiVersion=13, clientId=producer-1, correlationId=1, headerVersion=2) and timeout 30000 to node -1: MetadataRequestData(topics=[MetadataRequestTopic(topicId=AAAAAAAAAAAAAAAAAAAAAA, name='todos-dev-topic')], allowAutoTopicCreation=true, includeClusterAuthorizedOperations=false, includeTopicAuthorizedOperations=false)
21:34:34.646 [kafka-producer-network-thread | producer-1] DEBUG org.apache.kafka.clients.NetworkClient - [Producer clientId=producer-1] Give up sending telemetry request since no node is available
21:34:34.647 [kafka-producer-network-thread | producer-1] DEBUG org.apache.kafka.clients.producer.internals.Sender - [Producer clientId=producer-1] Sending transactional request InitProducerIdRequestData(transactionalId=null, transactionTimeoutMs=2147483647, producerId=-1, producerEpoch=-1, enable2Pc=false, keepPreparedTxn=false) to node localhost:9092 (id: -1 rack: null isFenced: false) with correlation ID 2
21:34:34.647 [kafka-producer-network-thread | producer-1] DEBUG org.apache.kafka.clients.NetworkClient - [Producer clientId=producer-1] Sending INIT_PRODUCER_ID request with header RequestHeader(apiKey=INIT_PRODUCER_ID, apiVersion=5, clientId=producer-1, correlationId=2, headerVersion=2) and timeout 30000 to node -1: InitProducerIdRequestData(transactionalId=null, transactionTimeoutMs=2147483647, producerId=-1, producerEpoch=-1, enable2Pc=false, keepPreparedTxn=false)
21:34:34.647 [kafka-producer-network-thread | producer-1] DEBUG org.apache.kafka.clients.NetworkClient - [Producer clientId=producer-1] Give up sending telemetry request since no node is available
21:34:34.647 [kafka-producer-network-thread | producer-1] DEBUG org.apache.kafka.common.telemetry.internals.ClientTelemetryReporter - Creating telemetry subscription request with client instance id AAAAAAAAAAAAAAAAAAAAAA
21:34:34.647 [kafka-producer-network-thread | producer-1] DEBUG org.apache.kafka.common.telemetry.internals.ClientTelemetryReporter - Setting telemetry state from SUBSCRIPTION_NEEDED to SUBSCRIPTION_IN_PROGRESS
21:34:34.648 [kafka-producer-network-thread | producer-1] DEBUG org.apache.kafka.clients.NetworkClient - [Producer clientId=producer-1] Version mismatch when attempting to send GetTelemetrySubscriptionsRequestData(clientInstanceId=AAAAAAAAAAAAAAAAAAAAAA) with correlation id 3 to -1
org.apache.kafka.common.errors.UnsupportedVersionException: The node does not support GET_TELEMETRY_SUBSCRIPTIONS
21:34:34.648 [kafka-producer-network-thread | producer-1] DEBUG org.apache.kafka.common.telemetry.internals.ClientTelemetryReporter - The broker generated an error for the get telemetry network API request
org.apache.kafka.common.errors.UnsupportedVersionException: The node does not support GET_TELEMETRY_SUBSCRIPTIONS
21:34:34.648 [kafka-producer-network-thread | producer-1] DEBUG org.apache.kafka.common.telemetry.internals.ClientTelemetryReporter - Updating intervalMs: 300000, lastRequestMs: 1761510874648
21:34:34.648 [kafka-producer-network-thread | producer-1] DEBUG org.apache.kafka.common.telemetry.internals.ClientTelemetryReporter - Setting telemetry state from SUBSCRIPTION_IN_PROGRESS to SUBSCRIPTION_NEEDED
21:34:34.657 [kafka-producer-network-thread | producer-1] DEBUG org.apache.kafka.clients.NetworkClient - [Producer clientId=producer-1] Received METADATA response from node -1 for request with header RequestHeader(apiKey=METADATA, apiVersion=13, clientId=producer-1, correlationId=1, headerVersion=2): MetadataResponseData(throttleTimeMs=0, brokers=[MetadataResponseBroker(nodeId=1, host='localhost', port=9092, rack=null)], clusterId='5L6g3nShT-eMCtK--X86sw', controllerId=1, topics=[MetadataResponseTopic(errorCode=0, name='todos-dev-topic', topicId=TbRm1Xq6TeuEq4nIZCZGiA, isInternal=false, partitions=[MetadataResponsePartition(errorCode=0, partitionIndex=0, leaderId=1, leaderEpoch=2, replicaNodes=[1], isrNodes=[1], offlineReplicas=[])], topicAuthorizedOperations=-2147483648)], clusterAuthorizedOperations=-2147483648, errorCode=0)
21:34:34.659 [kafka-producer-network-thread | producer-1] DEBUG org.apache.kafka.clients.Metadata - [Producer clientId=producer-1] Setting the last seen epoch of partition todos-dev-topic-0 to 2 since the last known epoch was undefined.
21:34:34.659 [kafka-producer-network-thread | producer-1] INFO org.apache.kafka.clients.Metadata - [Producer clientId=producer-1] Cluster ID: 5L6g3nShT-eMCtK--X86sw
21:34:34.661 [kafka-producer-network-thread | producer-1] DEBUG org.apache.kafka.clients.Metadata - [Producer clientId=producer-1] Updated cluster metadata updateVersion 2 to MetadataSnapshot{clusterId='5L6g3nShT-eMCtK--X86sw', nodes={1=localhost:9092 (id: 1 rack: null isFenced: false)}, partitions=[PartitionMetadata(error=NONE, partition=todos-dev-topic-0, leader=Optional[1], leaderEpoch=Optional[2], replicas=1, isr=1, offlineReplicas=)], controller=localhost:9092 (id: 1 rack: null isFenced: false)}
21:34:34.663 [kafka-producer-network-thread | producer-1] DEBUG org.apache.kafka.clients.NetworkClient - [Producer clientId=producer-1] Received INIT_PRODUCER_ID response from node -1 for request with header RequestHeader(apiKey=INIT_PRODUCER_ID, apiVersion=5, clientId=producer-1, correlationId=2, headerVersion=2): InitProducerIdResponseData(throttleTimeMs=0, errorCode=0, producerId=80, producerEpoch=0, ongoingTxnProducerId=-1, ongoingTxnProducerEpoch=-1)
21:34:34.663 [kafka-producer-network-thread | producer-1] INFO org.apache.kafka.clients.producer.internals.TransactionManager - [Producer clientId=producer-1] ProducerId set to 80 with epoch 0
21:34:34.663 [kafka-producer-network-thread | producer-1] DEBUG org.apache.kafka.clients.producer.internals.TransactionManager - [Producer clientId=producer-1] Transition from state INITIALIZING to READY
Sending message on topic: todos-dev-topic
21:34:34.668 [kafka-producer-network-thread | producer-1] DEBUG org.apache.kafka.clients.ClientUtils - Resolved host localhost as 127.0.0.1
21:34:34.668 [kafka-producer-network-thread | producer-1] DEBUG org.apache.kafka.clients.ClusterConnectionStates - [Producer clientId=producer-1] Resolved host localhost to addresses [localhost/127.0.0.1]
21:34:34.668 [kafka-producer-network-thread | producer-1] DEBUG org.apache.kafka.clients.NetworkClient - [Producer clientId=producer-1] Initiating connection to node localhost:9092 (id: 1 rack: null isFenced: false) using address localhost/127.0.0.1
21:34:34.669 [kafka-producer-network-thread | producer-1] DEBUG org.apache.kafka.common.network.Selector - [Producer clientId=producer-1] Created socket with SO_RCVBUF = 326640, SO_SNDBUF = 146988, SO_TIMEOUT = 0 to node 1
21:34:34.669 [kafka-producer-network-thread | producer-1] DEBUG org.apache.kafka.clients.NetworkClient - [Producer clientId=producer-1] Completed connection to node 1. Fetching API versions.
21:34:34.669 [kafka-producer-network-thread | producer-1] DEBUG org.apache.kafka.clients.NetworkClient - [Producer clientId=producer-1] Initiating API versions fetch from node 1.
21:34:34.669 [kafka-producer-network-thread | producer-1] DEBUG org.apache.kafka.clients.NetworkClient - [Producer clientId=producer-1] Sending API_VERSIONS request with header RequestHeader(apiKey=API_VERSIONS, apiVersion=4, clientId=producer-1, correlationId=4, headerVersion=2) and timeout 30000 to node 1: ApiVersionsRequestData(clientSoftwareName='apache-kafka-java', clientSoftwareVersion='4.1.0')
21:34:34.671 [kafka-producer-network-thread | producer-1] DEBUG org.apache.kafka.clients.NetworkClient - [Producer clientId=producer-1] Received API_VERSIONS response from node 1 for request with header RequestHeader(apiKey=API_VERSIONS, apiVersion=4, clientId=producer-1, correlationId=4, headerVersion=2): ApiVersionsResponseData(errorCode=0, apiKeys=[ApiVersion(apiKey=0, minVersion=0, maxVersion=13), ApiVersion(apiKey=1, minVersion=4, maxVersion=18), ApiVersion(apiKey=2, minVersion=1, maxVersion=10), ApiVersion(apiKey=3, minVersion=0, maxVersion=13), ApiVersion(apiKey=8, minVersion=2, maxVersion=9), ApiVersion(apiKey=9, minVersion=1, maxVersion=9), ApiVersion(apiKey=10, minVersion=0, maxVersion=6), ApiVersion(apiKey=11, minVersion=0, maxVersion=9), ApiVersion(apiKey=12, minVersion=0, maxVersion=4), ApiVersion(apiKey=13, minVersion=0, maxVersion=5), ApiVersion(apiKey=14, minVersion=0, maxVersion=5), ApiVersion(apiKey=15, minVersion=0, maxVersion=6), ApiVersion(apiKey=16, minVersion=0, maxVersion=5), ApiVersion(apiKey=17, minVersion=0, maxVersion=1), ApiVersion(apiKey=18, minVersion=0, maxVersion=4), ApiVersion(apiKey=19, minVersion=2, maxVersion=7), ApiVersion(apiKey=20, minVersion=1, maxVersion=6), ApiVersion(apiKey=21, minVersion=0, maxVersion=2), ApiVersion(apiKey=22, minVersion=0, maxVersion=5), ApiVersion(apiKey=23, minVersion=2, maxVersion=4), ApiVersion(apiKey=24, minVersion=0, maxVersion=5), ApiVersion(apiKey=25, minVersion=0, maxVersion=4), ApiVersion(apiKey=26, minVersion=0, maxVersion=5), ApiVersion(apiKey=27, minVersion=1, maxVersion=1), ApiVersion(apiKey=28, minVersion=0, maxVersion=5), ApiVersion(apiKey=29, minVersion=1, maxVersion=3), ApiVersion(apiKey=30, minVersion=1, maxVersion=3), ApiVersion(apiKey=31, minVersion=1, maxVersion=3), ApiVersion(apiKey=32, minVersion=1, maxVersion=4), ApiVersion(apiKey=33, minVersion=0, maxVersion=2), ApiVersion(apiKey=34, minVersion=1, maxVersion=2), ApiVersion(apiKey=35, minVersion=1, maxVersion=4), ApiVersion(apiKey=36, minVersion=0, maxVersion=2), ApiVersion(apiKey=37, minVersion=0, maxVersion=3), ApiVersion(apiKey=38, minVersion=1, maxVersion=3), ApiVersion(apiKey=39, minVersion=1, maxVersion=2), ApiVersion(apiKey=40, minVersion=1, maxVersion=2), ApiVersion(apiKey=41, minVersion=1, maxVersion=3), ApiVersion(apiKey=42, minVersion=0, maxVersion=2), ApiVersion(apiKey=43, minVersion=0, maxVersion=2), ApiVersion(apiKey=44, minVersion=0, maxVersion=1), ApiVersion(apiKey=45, minVersion=0, maxVersion=1), ApiVersion(apiKey=46, minVersion=0, maxVersion=0), ApiVersion(apiKey=47, minVersion=0, maxVersion=0), ApiVersion(apiKey=48, minVersion=0, maxVersion=1), ApiVersion(apiKey=49, minVersion=0, maxVersion=1), ApiVersion(apiKey=50, minVersion=0, maxVersion=0), ApiVersion(apiKey=51, minVersion=0, maxVersion=0), ApiVersion(apiKey=55, minVersion=0, maxVersion=2), ApiVersion(apiKey=57, minVersion=0, maxVersion=2), ApiVersion(apiKey=60, minVersion=0, maxVersion=2), ApiVersion(apiKey=61, minVersion=0, maxVersion=0), ApiVersion(apiKey=64, minVersion=0, maxVersion=0), ApiVersion(apiKey=65, minVersion=0, maxVersion=0), ApiVersion(apiKey=66, minVersion=0, maxVersion=2), ApiVersion(apiKey=68, minVersion=0, maxVersion=1), ApiVersion(apiKey=69, minVersion=0, maxVersion=1), ApiVersion(apiKey=74, minVersion=0, maxVersion=1), ApiVersion(apiKey=75, minVersion=0, maxVersion=0), ApiVersion(apiKey=76, minVersion=1, maxVersion=1), ApiVersion(apiKey=77, minVersion=1, maxVersion=1), ApiVersion(apiKey=78, minVersion=1, maxVersion=1), ApiVersion(apiKey=79, minVersion=1, maxVersion=1), ApiVersion(apiKey=80, minVersion=0, maxVersion=0), ApiVersion(apiKey=81, minVersion=0, maxVersion=0), ApiVersion(apiKey=83, minVersion=0, maxVersion=0), ApiVersion(apiKey=84, minVersion=0, maxVersion=0), ApiVersion(apiKey=85, minVersion=0, maxVersion=0), ApiVersion(apiKey=86, minVersion=0, maxVersion=0), ApiVersion(apiKey=87, minVersion=0, maxVersion=0), ApiVersion(apiKey=90, minVersion=0, maxVersion=0), ApiVersion(apiKey=91, minVersion=0, maxVersion=0), ApiVersion(apiKey=92, minVersion=0, maxVersion=0)], throttleTimeMs=0, supportedFeatures=[SupportedFeatureKey(name='group.version', minVersion=0, maxVersion=1), SupportedFeatureKey(name='kraft.version', minVersion=0, maxVersion=1), SupportedFeatureKey(name='metadata.version', minVersion=7, maxVersion=27), SupportedFeatureKey(name='share.version', minVersion=0, maxVersion=1), SupportedFeatureKey(name='transaction.version', minVersion=0, maxVersion=2), SupportedFeatureKey(name='eligible.leader.replicas.version', minVersion=0, maxVersion=1)], finalizedFeaturesEpoch=67531, finalizedFeatures=[FinalizedFeatureKey(name='group.version', maxVersionLevel=1, minVersionLevel=1), FinalizedFeatureKey(name='transaction.version', maxVersionLevel=2, minVersionLevel=2), FinalizedFeatureKey(name='eligible.leader.replicas.version', maxVersionLevel=1, minVersionLevel=1), FinalizedFeatureKey(name='metadata.version', maxVersionLevel=27, minVersionLevel=27)], zkMigrationReady=false)
21:34:34.671 [kafka-producer-network-thread | producer-1] DEBUG org.apache.kafka.clients.NetworkClient - [Producer clientId=producer-1] Node 1 has finalized features epoch: 67531, finalized features: [FinalizedFeatureKey(name='group.version', maxVersionLevel=1, minVersionLevel=1), FinalizedFeatureKey(name='transaction.version', maxVersionLevel=2, minVersionLevel=2), FinalizedFeatureKey(name='eligible.leader.replicas.version', maxVersionLevel=1, minVersionLevel=1), FinalizedFeatureKey(name='metadata.version', maxVersionLevel=27, minVersionLevel=27)], supported features: [SupportedFeatureKey(name='group.version', minVersion=0, maxVersion=1), SupportedFeatureKey(name='kraft.version', minVersion=0, maxVersion=1), SupportedFeatureKey(name='metadata.version', minVersion=7, maxVersion=27), SupportedFeatureKey(name='share.version', minVersion=0, maxVersion=1), SupportedFeatureKey(name='transaction.version', minVersion=0, maxVersion=2), SupportedFeatureKey(name='eligible.leader.replicas.version', minVersion=0, maxVersion=1)], ZK migration ready: false, API versions: (Produce(0): 0 to 13 [usable: 13], Fetch(1): 4 to 18 [usable: 18], ListOffsets(2): 1 to 10 [usable: 10], Metadata(3): 0 to 13 [usable: 13], OffsetCommit(8): 2 to 9 [usable: 9], OffsetFetch(9): 1 to 9 [usable: 9], FindCoordinator(10): 0 to 6 [usable: 6], JoinGroup(11): 0 to 9 [usable: 9], Heartbeat(12): 0 to 4 [usable: 4], LeaveGroup(13): 0 to 5 [usable: 5], SyncGroup(14): 0 to 5 [usable: 5], DescribeGroups(15): 0 to 6 [usable: 6], ListGroups(16): 0 to 5 [usable: 5], SaslHandshake(17): 0 to 1 [usable: 1], ApiVersions(18): 0 to 4 [usable: 4], CreateTopics(19): 2 to 7 [usable: 7], DeleteTopics(20): 1 to 6 [usable: 6], DeleteRecords(21): 0 to 2 [usable: 2], InitProducerId(22): 0 to 5 [usable: 5], OffsetForLeaderEpoch(23): 2 to 4 [usable: 4], AddPartitionsToTxn(24): 0 to 5 [usable: 5], AddOffsetsToTxn(25): 0 to 4 [usable: 4], EndTxn(26): 0 to 5 [usable: 5], WriteTxnMarkers(27): 1 [usable: 1], TxnOffsetCommit(28): 0 to 5 [usable: 5], DescribeAcls(29): 1 to 3 [usable: 3], CreateAcls(30): 1 to 3 [usable: 3], DeleteAcls(31): 1 to 3 [usable: 3], DescribeConfigs(32): 1 to 4 [usable: 4], AlterConfigs(33): 0 to 2 [usable: 2], AlterReplicaLogDirs(34): 1 to 2 [usable: 2], DescribeLogDirs(35): 1 to 4 [usable: 4], SaslAuthenticate(36): 0 to 2 [usable: 2], CreatePartitions(37): 0 to 3 [usable: 3], CreateDelegationToken(38): 1 to 3 [usable: 3], RenewDelegationToken(39): 1 to 2 [usable: 2], ExpireDelegationToken(40): 1 to 2 [usable: 2], DescribeDelegationToken(41): 1 to 3 [usable: 3], DeleteGroups(42): 0 to 2 [usable: 2], ElectLeaders(43): 0 to 2 [usable: 2], IncrementalAlterConfigs(44): 0 to 1 [usable: 1], AlterPartitionReassignments(45): 0 to 1 [usable: 1], ListPartitionReassignments(46): 0 [usable: 0], OffsetDelete(47): 0 [usable: 0], DescribeClientQuotas(48): 0 to 1 [usable: 1], AlterClientQuotas(49): 0 to 1 [usable: 1], DescribeUserScramCredentials(50): 0 [usable: 0], AlterUserScramCredentials(51): 0 [usable: 0], DescribeQuorum(55): 0 to 2 [usable: 2], UpdateFeatures(57): 0 to 2 [usable: 2], DescribeCluster(60): 0 to 2 [usable: 2], DescribeProducers(61): 0 [usable: 0], UnregisterBroker(64): 0 [usable: 0], DescribeTransactions(65): 0 [usable: 0], ListTransactions(66): 0 to 2 [usable: 2], ConsumerGroupHeartbeat(68): 0 to 1 [usable: 1], ConsumerGroupDescribe(69): 0 to 1 [usable: 1], GetTelemetrySubscriptions(71): UNSUPPORTED, PushTelemetry(72): UNSUPPORTED, ListConfigResources(74): 0 to 1 [usable: 1], DescribeTopicPartitions(75): 0 [usable: 0], ShareGroupHeartbeat(76): 1 [usable: 1], ShareGroupDescribe(77): 1 [usable: 1], ShareFetch(78): 1 [usable: 1], ShareAcknowledge(79): 1 [usable: 1], AddRaftVoter(80): 0 [usable: 0], RemoveRaftVoter(81): 0 [usable: 0], InitializeShareGroupState(83): 0 [usable: 0], ReadShareGroupState(84): 0 [usable: 0], WriteShareGroupState(85): 0 [usable: 0], DeleteShareGroupState(86): 0 [usable: 0], ReadShareGroupStateSummary(87): 0 [usable: 0], StreamsGroupHeartbeat(88): UNSUPPORTED, StreamsGroupDescribe(89): UNSUPPORTED, DescribeShareGroupOffsets(90): 0 [usable: 0], AlterShareGroupOffsets(91): 0 [usable: 0], DeleteShareGroupOffsets(92): 0 [usable: 0]).
21:34:34.672 [kafka-producer-network-thread | producer-1] DEBUG org.apache.kafka.clients.producer.internals.TransactionManager - [Producer clientId=producer-1] ProducerId of partition todos-dev-topic-0 set to 80 with epoch 0. Reinitialize sequence at beginning.
21:34:34.673 [kafka-producer-network-thread | producer-1] DEBUG org.apache.kafka.clients.producer.internals.RecordAccumulator - [Producer clientId=producer-1] Assigned producerId 80 and producerEpoch 0 to batch with base sequence 0 being sent to partition todos-dev-topic-0
21:34:34.678 [kafka-producer-network-thread | producer-1] DEBUG org.apache.kafka.clients.NetworkClient - [Producer clientId=producer-1] Sending PRODUCE request with header RequestHeader(apiKey=PRODUCE, apiVersion=13, clientId=producer-1, correlationId=5, headerVersion=2) and timeout 30000 to node 1: {acks=-1,timeout=30000,partitionSizes=[TbRm1Xq6TeuEq4nIZCZGiA:todos-dev-topic-0=184]}
21:34:34.712 [kafka-producer-network-thread | producer-1] DEBUG org.apache.kafka.clients.NetworkClient - [Producer clientId=producer-1] Received PRODUCE response from node 1 for request with header RequestHeader(apiKey=PRODUCE, apiVersion=13, clientId=producer-1, correlationId=5, headerVersion=2): ProduceResponseData(responses=[TopicProduceResponse(name='', topicId=TbRm1Xq6TeuEq4nIZCZGiA, partitionResponses=[PartitionProduceResponse(index=0, errorCode=0, baseOffset=29, logAppendTimeMs=-1, logStartOffset=0, recordErrors=[], errorMessage=null, currentLeader=LeaderIdAndEpoch(leaderId=-1, leaderEpoch=-1))])], throttleTimeMs=0, nodeEndpoints=[])
21:34:34.714 [qtp265310387-27] INFO org.apache.kafka.clients.producer.KafkaProducer - [Producer clientId=producer-1] Closing the Kafka producer with timeoutMillis = 9223372036854775807 ms.
21:34:34.715 [qtp265310387-27] DEBUG org.apache.kafka.common.telemetry.internals.ClientTelemetryReporter - Initiate close of ClientTelemetryReporter
21:34:34.715 [qtp265310387-27] DEBUG org.apache.kafka.common.telemetry.internals.ClientTelemetryReporter - initiate close for client telemetry, check if terminal push required.
21:34:34.715 [qtp265310387-27] DEBUG org.apache.kafka.common.telemetry.internals.ClientTelemetryReporter - Subscription not yet loaded, ignoring terminal push
21:34:34.715 [kafka-producer-network-thread | producer-1] DEBUG org.apache.kafka.clients.producer.internals.Sender - [Producer clientId=producer-1] Beginning shutdown of Kafka producer I/O thread, sending remaining records.
21:34:34.716 [kafka-producer-network-thread | producer-1] DEBUG org.apache.kafka.common.telemetry.internals.KafkaMetricsCollector - removing kafka metric : MetricName [name=connection-count, group=producer-metrics, description=The current number of active connections., tags={client-id=producer-1}]
21:34:34.717 [kafka-producer-network-thread | producer-1] DEBUG org.apache.kafka.common.telemetry.internals.KafkaMetricsCollector - removing kafka metric : MetricName [name=connection-close-total, group=producer-metrics, description=The total number of connections closed, tags={client-id=producer-1}]
21:34:34.717 [kafka-producer-network-thread | producer-1] DEBUG org.apache.kafka.common.telemetry.internals.KafkaMetricsCollector - removing kafka metric : MetricName [name=connection-close-rate, group=producer-metrics, description=The number of connections closed per second, tags={client-id=producer-1}]
21:34:34.717 [kafka-producer-network-thread | producer-1] DEBUG org.apache.kafka.common.telemetry.internals.KafkaMetricsCollector - removing kafka metric : MetricName [name=connection-creation-total, group=producer-metrics, description=The total number of new connections established, tags={client-id=producer-1}]
21:34:34.717 [kafka-producer-network-thread | producer-1] DEBUG org.apache.kafka.common.telemetry.internals.KafkaMetricsCollector - removing kafka metric : MetricName [name=connection-creation-rate, group=producer-metrics, description=The number of new connections established per second, tags={client-id=producer-1}]
21:34:34.717 [kafka-producer-network-thread | producer-1] DEBUG org.apache.kafka.common.telemetry.internals.KafkaMetricsCollector - removing kafka metric : MetricName [name=successful-authentication-total, group=producer-metrics, description=The total number of connections with successful authentication, tags={client-id=producer-1}]
21:34:34.717 [kafka-producer-network-thread | producer-1] DEBUG org.apache.kafka.common.telemetry.internals.KafkaMetricsCollector - removing kafka metric : MetricName [name=successful-authentication-rate, group=producer-metrics, description=The number of connections with successful authentication per second, tags={client-id=producer-1}]
21:34:34.717 [kafka-producer-network-thread | producer-1] DEBUG org.apache.kafka.common.telemetry.internals.KafkaMetricsCollector - removing kafka metric : MetricName [name=successful-reauthentication-total, group=producer-metrics, description=The total number of successful re-authentication of connections, tags={client-id=producer-1}]
21:34:34.718 [kafka-producer-network-thread | producer-1] DEBUG org.apache.kafka.common.telemetry.internals.KafkaMetricsCollector - removing kafka metric : MetricName [name=successful-reauthentication-rate, group=producer-metrics, description=The number of successful re-authentication of connections per second, tags={client-id=producer-1}]
21:34:34.718 [kafka-producer-network-thread | producer-1] DEBUG org.apache.kafka.common.telemetry.internals.KafkaMetricsCollector - removing kafka metric : MetricName [name=successful-authentication-no-reauth-total, group=producer-metrics, description=The total number of connections with successful authentication where the client does not support re-authentication, tags={client-id=producer-1}]
21:34:34.718 [kafka-producer-network-thread | producer-1] DEBUG org.apache.kafka.common.telemetry.internals.KafkaMetricsCollector - removing kafka metric : MetricName [name=failed-authentication-total, group=producer-metrics, description=The total number of connections with failed authentication, tags={client-id=producer-1}]
21:34:34.718 [kafka-producer-network-thread | producer-1] DEBUG org.apache.kafka.common.telemetry.internals.KafkaMetricsCollector - removing kafka metric : MetricName [name=failed-authentication-rate, group=producer-metrics, description=The number of connections with failed authentication per second, tags={client-id=producer-1}]
21:34:34.718 [kafka-producer-network-thread | producer-1] DEBUG org.apache.kafka.common.telemetry.internals.KafkaMetricsCollector - removing kafka metric : MetricName [name=failed-reauthentication-total, group=producer-metrics, description=The total number of failed re-authentication of connections, tags={client-id=producer-1}]
21:34:34.718 [kafka-producer-network-thread | producer-1] DEBUG org.apache.kafka.common.telemetry.internals.KafkaMetricsCollector - removing kafka metric : MetricName [name=failed-reauthentication-rate, group=producer-metrics, description=The number of failed re-authentication of connections per second, tags={client-id=producer-1}]
21:34:34.718 [kafka-producer-network-thread | producer-1] DEBUG org.apache.kafka.common.telemetry.internals.KafkaMetricsCollector - removing kafka metric : MetricName [name=reauthentication-latency-max, group=producer-metrics, description=The max latency observed due to re-authentication, tags={client-id=producer-1}]
21:34:34.718 [kafka-producer-network-thread | producer-1] DEBUG org.apache.kafka.common.telemetry.internals.KafkaMetricsCollector - removing kafka metric : MetricName [name=reauthentication-latency-avg, group=producer-metrics, description=The average latency observed due to re-authentication, tags={client-id=producer-1}]
21:34:34.718 [kafka-producer-network-thread | producer-1] DEBUG org.apache.kafka.common.telemetry.internals.KafkaMetricsCollector - removing kafka metric : MetricName [name=network-io-total, group=producer-metrics, description=The total number of network operations (reads or writes) on all connections, tags={client-id=producer-1}]
21:34:34.718 [kafka-producer-network-thread | producer-1] DEBUG org.apache.kafka.common.telemetry.internals.KafkaMetricsCollector - removing kafka metric : MetricName [name=network-io-rate, group=producer-metrics, description=The number of network operations (reads or writes) on all connections per second, tags={client-id=producer-1}]
21:34:34.718 [kafka-producer-network-thread | producer-1] DEBUG org.apache.kafka.common.telemetry.internals.KafkaMetricsCollector - removing kafka metric : MetricName [name=outgoing-byte-total, group=producer-metrics, description=The total number of outgoing bytes sent to all servers, tags={client-id=producer-1}]
21:34:34.718 [kafka-producer-network-thread | producer-1] DEBUG org.apache.kafka.common.telemetry.internals.KafkaMetricsCollector - removing kafka metric : MetricName [name=outgoing-byte-rate, group=producer-metrics, description=The number of outgoing bytes sent to all servers per second, tags={client-id=producer-1}]
21:34:34.718 [kafka-producer-network-thread | producer-1] DEBUG org.apache.kafka.common.telemetry.internals.KafkaMetricsCollector - removing kafka metric : MetricName [name=incoming-byte-total, group=producer-metrics, description=The total number of bytes read off all sockets, tags={client-id=producer-1}]
21:34:34.718 [kafka-producer-network-thread | producer-1] DEBUG org.apache.kafka.common.telemetry.internals.KafkaMetricsCollector - removing kafka metric : MetricName [name=incoming-byte-rate, group=producer-metrics, description=The number of bytes read off all sockets per second, tags={client-id=producer-1}]
21:34:34.718 [kafka-producer-network-thread | producer-1] DEBUG org.apache.kafka.common.telemetry.internals.KafkaMetricsCollector - removing kafka metric : MetricName [name=request-total, group=producer-metrics, description=The total number of requests sent, tags={client-id=producer-1}]
21:34:34.718 [kafka-producer-network-thread | producer-1] DEBUG org.apache.kafka.common.telemetry.internals.KafkaMetricsCollector - removing kafka metric : MetricName [name=request-rate, group=producer-metrics, description=The number of requests sent per second, tags={client-id=producer-1}]
21:34:34.719 [kafka-producer-network-thread | producer-1] DEBUG org.apache.kafka.common.telemetry.internals.KafkaMetricsCollector - removing kafka metric : MetricName [name=request-size-avg, group=producer-metrics, description=The average size of requests sent., tags={client-id=producer-1}]
21:34:34.719 [kafka-producer-network-thread | producer-1] DEBUG org.apache.kafka.common.telemetry.internals.KafkaMetricsCollector - removing kafka metric : MetricName [name=request-size-max, group=producer-metrics, description=The maximum size of any request sent., tags={client-id=producer-1}]
21:34:34.719 [kafka-producer-network-thread | producer-1] DEBUG org.apache.kafka.common.telemetry.internals.KafkaMetricsCollector - removing kafka metric : MetricName [name=response-total, group=producer-metrics, description=The total number of responses received, tags={client-id=producer-1}]
21:34:34.719 [kafka-producer-network-thread | producer-1] DEBUG org.apache.kafka.common.telemetry.internals.KafkaMetricsCollector - removing kafka metric : MetricName [name=response-rate, group=producer-metrics, description=The number of responses received per second, tags={client-id=producer-1}]
21:34:34.719 [kafka-producer-network-thread | producer-1] DEBUG org.apache.kafka.common.telemetry.internals.KafkaMetricsCollector - removing kafka metric : MetricName [name=select-total, group=producer-metrics, description=The total number of times the I/O layer checked for new I/O to perform, tags={client-id=producer-1}]
21:34:34.719 [kafka-producer-network-thread | producer-1] DEBUG org.apache.kafka.common.telemetry.internals.KafkaMetricsCollector - removing kafka metric : MetricName [name=select-rate, group=producer-metrics, description=The number of times the I/O layer checked for new I/O to perform per second, tags={client-id=producer-1}]
21:34:34.719 [kafka-producer-network-thread | producer-1] DEBUG org.apache.kafka.common.telemetry.internals.KafkaMetricsCollector - removing kafka metric : MetricName [name=io-wait-time-ns-avg, group=producer-metrics, description=The average length of time the I/O thread spent waiting for a socket ready for reads or writes in nanoseconds., tags={client-id=producer-1}]
21:34:34.719 [kafka-producer-network-thread | producer-1] DEBUG org.apache.kafka.common.telemetry.internals.KafkaMetricsCollector - removing kafka metric : MetricName [name=io-wait-time-ns-total, group=producer-metrics, description=The total time the I/O thread spent waiting, tags={client-id=producer-1}]
21:34:34.719 [kafka-producer-network-thread | producer-1] DEBUG org.apache.kafka.common.telemetry.internals.KafkaMetricsCollector - removing kafka metric : MetricName [name=io-wait-ratio, group=producer-metrics, description=The fraction of time the I/O thread spent waiting, tags={client-id=producer-1}]
21:34:34.719 [kafka-producer-network-thread | producer-1] DEBUG org.apache.kafka.common.telemetry.internals.KafkaMetricsCollector - removing kafka metric : MetricName [name=io-time-ns-avg, group=producer-metrics, description=The average length of time for I/O per select call in nanoseconds., tags={client-id=producer-1}]
21:34:34.719 [kafka-producer-network-thread | producer-1] DEBUG org.apache.kafka.common.telemetry.internals.KafkaMetricsCollector - removing kafka metric : MetricName [name=io-time-ns-total, group=producer-metrics, description=The total time the I/O thread spent doing I/O, tags={client-id=producer-1}]
21:34:34.719 [kafka-producer-network-thread | producer-1] DEBUG org.apache.kafka.common.telemetry.internals.KafkaMetricsCollector - removing kafka metric : MetricName [name=io-ratio, group=producer-metrics, description=The fraction of time the I/O thread spent doing I/O, tags={client-id=producer-1}]
21:34:34.720 [kafka-producer-network-thread | producer-1] DEBUG org.apache.kafka.common.telemetry.internals.KafkaMetricsCollector - removing kafka metric : MetricName [name=request-total, group=producer-node-metrics, description=The total number of requests sent, tags={client-id=producer-1, node-id=node--1}]
21:34:34.720 [kafka-producer-network-thread | producer-1] DEBUG org.apache.kafka.common.telemetry.internals.KafkaMetricsCollector - removing kafka metric : MetricName [name=request-rate, group=producer-node-metrics, description=The number of requests sent per second, tags={client-id=producer-1, node-id=node--1}]
21:34:34.720 [kafka-producer-network-thread | producer-1] DEBUG org.apache.kafka.common.telemetry.internals.KafkaMetricsCollector - removing kafka metric : MetricName [name=request-size-avg, group=producer-node-metrics, description=The average size of requests sent., tags={client-id=producer-1, node-id=node--1}]
21:34:34.720 [kafka-producer-network-thread | producer-1] DEBUG org.apache.kafka.common.telemetry.internals.KafkaMetricsCollector - removing kafka metric : MetricName [name=request-size-max, group=producer-node-metrics, description=The maximum size of any request sent., tags={client-id=producer-1, node-id=node--1}]
21:34:34.720 [kafka-producer-network-thread | producer-1] DEBUG org.apache.kafka.common.telemetry.internals.KafkaMetricsCollector - removing kafka metric : MetricName [name=outgoing-byte-total, group=producer-node-metrics, description=The total number of outgoing bytes, tags={client-id=producer-1, node-id=node--1}]
21:34:34.720 [kafka-producer-network-thread | producer-1] DEBUG org.apache.kafka.common.telemetry.internals.KafkaMetricsCollector - removing kafka metric : MetricName [name=outgoing-byte-rate, group=producer-node-metrics, description=The number of outgoing bytes per second, tags={client-id=producer-1, node-id=node--1}]
21:34:34.720 [kafka-producer-network-thread | producer-1] DEBUG org.apache.kafka.common.telemetry.internals.KafkaMetricsCollector - removing kafka metric : MetricName [name=response-total, group=producer-node-metrics, description=The total number of responses received, tags={client-id=producer-1, node-id=node--1}]
21:34:34.720 [kafka-producer-network-thread | producer-1] DEBUG org.apache.kafka.common.telemetry.internals.KafkaMetricsCollector - removing kafka metric : MetricName [name=response-rate, group=producer-node-metrics, description=The number of responses received per second, tags={client-id=producer-1, node-id=node--1}]
21:34:34.720 [kafka-producer-network-thread | producer-1] DEBUG org.apache.kafka.common.telemetry.internals.KafkaMetricsCollector - removing kafka metric : MetricName [name=incoming-byte-total, group=producer-node-metrics, description=The total number of incoming bytes, tags={client-id=producer-1, node-id=node--1}]
21:34:34.720 [kafka-producer-network-thread | producer-1] DEBUG org.apache.kafka.common.telemetry.internals.KafkaMetricsCollector - removing kafka metric : MetricName [name=incoming-byte-rate, group=producer-node-metrics, description=The number of incoming bytes per second, tags={client-id=producer-1, node-id=node--1}]
21:34:34.720 [kafka-producer-network-thread | producer-1] DEBUG org.apache.kafka.common.telemetry.internals.KafkaMetricsCollector - removing kafka metric : MetricName [name=request-latency-avg, group=producer-node-metrics, description=, tags={client-id=producer-1, node-id=node--1}]
21:34:34.720 [kafka-producer-network-thread | producer-1] DEBUG org.apache.kafka.common.telemetry.internals.KafkaMetricsCollector - removing kafka metric : MetricName [name=request-latency-max, group=producer-node-metrics, description=, tags={client-id=producer-1, node-id=node--1}]
21:34:34.720 [kafka-producer-network-thread | producer-1] DEBUG org.apache.kafka.common.telemetry.internals.KafkaMetricsCollector - removing kafka metric : MetricName [name=request-total, group=producer-node-metrics, description=The total number of requests sent, tags={client-id=producer-1, node-id=node-1}]
21:34:34.720 [kafka-producer-network-thread | producer-1] DEBUG org.apache.kafka.common.telemetry.internals.KafkaMetricsCollector - removing kafka metric : MetricName [name=request-rate, group=producer-node-metrics, description=The number of requests sent per second, tags={client-id=producer-1, node-id=node-1}]
21:34:34.720 [kafka-producer-network-thread | producer-1] DEBUG org.apache.kafka.common.telemetry.internals.KafkaMetricsCollector - removing kafka metric : MetricName [name=request-size-avg, group=producer-node-metrics, description=The average size of requests sent., tags={client-id=producer-1, node-id=node-1}]
21:34:34.720 [kafka-producer-network-thread | producer-1] DEBUG org.apache.kafka.common.telemetry.internals.KafkaMetricsCollector - removing kafka metric : MetricName [name=request-size-max, group=producer-node-metrics, description=The maximum size of any request sent., tags={client-id=producer-1, node-id=node-1}]
21:34:34.720 [kafka-producer-network-thread | producer-1] DEBUG org.apache.kafka.common.telemetry.internals.KafkaMetricsCollector - removing kafka metric : MetricName [name=outgoing-byte-total, group=producer-node-metrics, description=The total number of outgoing bytes, tags={client-id=producer-1, node-id=node-1}]
21:34:34.720 [kafka-producer-network-thread | producer-1] DEBUG org.apache.kafka.common.telemetry.internals.KafkaMetricsCollector - removing kafka metric : MetricName [name=outgoing-byte-rate, group=producer-node-metrics, description=The number of outgoing bytes per second, tags={client-id=producer-1, node-id=node-1}]
21:34:34.720 [kafka-producer-network-thread | producer-1] DEBUG org.apache.kafka.common.telemetry.internals.KafkaMetricsCollector - removing kafka metric : MetricName [name=response-total, group=producer-node-metrics, description=The total number of responses received, tags={client-id=producer-1, node-id=node-1}]
21:34:34.720 [kafka-producer-network-thread | producer-1] DEBUG org.apache.kafka.common.telemetry.internals.KafkaMetricsCollector - removing kafka metric : MetricName [name=response-rate, group=producer-node-metrics, description=The number of responses received per second, tags={client-id=producer-1, node-id=node-1}]
21:34:34.720 [kafka-producer-network-thread | producer-1] DEBUG org.apache.kafka.common.telemetry.internals.KafkaMetricsCollector - removing kafka metric : MetricName [name=incoming-byte-total, group=producer-node-metrics, description=The total number of incoming bytes, tags={client-id=producer-1, node-id=node-1}]
21:34:34.721 [kafka-producer-network-thread | producer-1] DEBUG org.apache.kafka.common.telemetry.internals.KafkaMetricsCollector - removing kafka metric : MetricName [name=incoming-byte-rate, group=producer-node-metrics, description=The number of incoming bytes per second, tags={client-id=producer-1, node-id=node-1}]
21:34:34.721 [kafka-producer-network-thread | producer-1] DEBUG org.apache.kafka.common.telemetry.internals.KafkaMetricsCollector - removing kafka metric : MetricName [name=request-latency-avg, group=producer-node-metrics, description=, tags={client-id=producer-1, node-id=node-1}]
21:34:34.721 [kafka-producer-network-thread | producer-1] DEBUG org.apache.kafka.common.telemetry.internals.KafkaMetricsCollector - removing kafka metric : MetricName [name=request-latency-max, group=producer-node-metrics, description=, tags={client-id=producer-1, node-id=node-1}]
21:34:34.721 [kafka-producer-network-thread | producer-1] DEBUG org.apache.kafka.common.telemetry.internals.ClientTelemetryReporter - close telemetry sender for client telemetry reporter instance
21:34:34.721 [kafka-producer-network-thread | producer-1] DEBUG org.apache.kafka.common.telemetry.internals.ClientTelemetryReporter - Setting telemetry state from SUBSCRIPTION_NEEDED to TERMINATED
21:34:34.721 [kafka-producer-network-thread | producer-1] DEBUG org.apache.kafka.clients.producer.internals.Sender - [Producer clientId=producer-1] Shutdown of Kafka producer I/O thread has completed.
21:34:34.721 [qtp265310387-27] DEBUG org.apache.kafka.common.telemetry.internals.KafkaMetricsCollector - removing kafka metric : MetricName [name=flush-time-ns-total, group=producer-metrics, description=Total time producer has spent in flush in nanoseconds., tags={client-id=producer-1}]
21:34:34.721 [qtp265310387-27] DEBUG org.apache.kafka.common.telemetry.internals.KafkaMetricsCollector - removing kafka metric : MetricName [name=txn-init-time-ns-total, group=producer-metrics, description=Total time producer has spent in initTransactions in nanoseconds., tags={client-id=producer-1}]
21:34:34.721 [qtp265310387-27] DEBUG org.apache.kafka.common.telemetry.internals.KafkaMetricsCollector - removing kafka metric : MetricName [name=txn-begin-time-ns-total, group=producer-metrics, description=Total time producer has spent in beginTransaction in nanoseconds., tags={client-id=producer-1}]
21:34:34.721 [qtp265310387-27] DEBUG org.apache.kafka.common.telemetry.internals.KafkaMetricsCollector - removing kafka metric : MetricName [name=txn-send-offsets-time-ns-total, group=producer-metrics, description=Total time producer has spent in sendOffsetsToTransaction in nanoseconds., tags={client-id=producer-1}]
21:34:34.721 [qtp265310387-27] DEBUG org.apache.kafka.common.telemetry.internals.KafkaMetricsCollector - removing kafka metric : MetricName [name=txn-commit-time-ns-total, group=producer-metrics, description=Total time producer has spent in commitTransaction in nanoseconds., tags={client-id=producer-1}]
21:34:34.721 [qtp265310387-27] DEBUG org.apache.kafka.common.telemetry.internals.KafkaMetricsCollector - removing kafka metric : MetricName [name=txn-abort-time-ns-total, group=producer-metrics, description=Total time producer has spent in abortTransaction in nanoseconds., tags={client-id=producer-1}]
21:34:34.721 [qtp265310387-27] DEBUG org.apache.kafka.common.telemetry.internals.KafkaMetricsCollector - removing kafka metric : MetricName [name=txn-prepare-time-ns-total, group=producer-metrics, description=Total time producer has spent in prepareTransaction in nanoseconds., tags={client-id=producer-1}]
21:34:34.721 [qtp265310387-27] DEBUG org.apache.kafka.common.telemetry.internals.KafkaMetricsCollector - removing kafka metric : MetricName [name=metadata-wait-time-ns-total, group=producer-metrics, description=Total time producer has spent waiting on topic metadata in nanoseconds., tags={client-id=producer-1}]
21:34:34.722 [qtp265310387-27] INFO org.apache.kafka.common.metrics.Metrics - Metrics scheduler closed
21:34:34.722 [qtp265310387-27] INFO org.apache.kafka.common.metrics.Metrics - Closing reporter org.apache.kafka.common.metrics.JmxReporter
21:34:34.722 [qtp265310387-27] INFO org.apache.kafka.common.metrics.Metrics - Closing reporter org.apache.kafka.common.telemetry.internals.ClientTelemetryReporter
21:34:34.722 [qtp265310387-27] DEBUG org.apache.kafka.common.telemetry.internals.ClientTelemetryReporter - Stopping ClientTelemetryReporter
21:34:34.722 [qtp265310387-27] DEBUG org.apache.kafka.common.telemetry.internals.ClientTelemetryReporter - close telemetry sender for client telemetry reporter instance
21:34:34.722 [qtp265310387-27] DEBUG org.apache.kafka.common.telemetry.internals.ClientTelemetryReporter - Ignoring subsequent close
21:34:34.722 [qtp265310387-27] INFO org.apache.kafka.common.metrics.Metrics - Metrics reporters closed
21:34:34.722 [qtp265310387-27] DEBUG org.apache.kafka.common.telemetry.internals.ClientTelemetryReporter - Stopping ClientTelemetryReporter
21:34:34.722 [qtp265310387-27] DEBUG org.apache.kafka.common.telemetry.internals.ClientTelemetryReporter - close telemetry sender for client telemetry reporter instance
21:34:34.722 [qtp265310387-27] DEBUG org.apache.kafka.common.telemetry.internals.ClientTelemetryReporter - Ignoring subsequent close
21:34:34.722 [qtp265310387-27] DEBUG org.apache.kafka.common.telemetry.internals.KafkaMetricsCollector - removing kafka metric : MetricName [name=version, group=app-info, description=Metric indicating version, tags={client-id=producer-1}]
21:34:34.723 [qtp265310387-27] DEBUG org.apache.kafka.common.telemetry.internals.KafkaMetricsCollector - removing kafka metric : MetricName [name=commit-id, group=app-info, description=Metric indicating commit-id, tags={client-id=producer-1}]
21:34:34.723 [qtp265310387-27] DEBUG org.apache.kafka.common.telemetry.internals.KafkaMetricsCollector - removing kafka metric : MetricName [name=start-time-ms, group=app-info, description=Metric indicating start-time-ms, tags={client-id=producer-1}]
21:34:34.723 [qtp265310387-27] INFO org.apache.kafka.common.utils.AppInfoParser - App info kafka.producer for producer-1 unregistered
21:34:34.723 [qtp265310387-27] DEBUG org.apache.kafka.clients.producer.KafkaProducer - [Producer clientId=producer-1] Kafka producer has been closed
21:34:34.724 [qtp265310387-27] DEBUG org.eclipse.jetty.server.HttpOutput - write(array HeapByteBuffer@7d4203b1[p=0,l=78,c=78,r=78]={<<<{"id":"abfaf4f5-df65-4c46...irst","complete":false}>>>})
21:34:34.725 [qtp265310387-27] DEBUG org.eclipse.jetty.server.HttpOutput - write(array) s=OPEN,api=BLOCKING,sc=false,e=null aggregated !flush DirectByteBuffer@5285689a[p=0,l=78,c=32768,r=78]={<<<{"id":"abfaf4f5-df65-4c46...irst","complete":false}>>>\x00\x00\x00\x00\x00\x00\x00\x00\x00...\x00\x00\x00\x00\x00\x00\x00}
21:34:34.725 [qtp265310387-27] DEBUG org.eclipse.jetty.server.HttpChannel - sendResponse info=null content=DirectByteBuffer@5285689a[p=0,l=78,c=32768,r=78]={<<<{"id":"abfaf4f5-df65-4c46...irst","complete":false}>>>\x00\x00\x00\x00\x00\x00\x00\x00\x00...\x00\x00\x00\x00\x00\x00\x00} complete=false committing=true callback=Blocker@38c828a5{null}
21:34:34.725 [qtp265310387-27] DEBUG org.eclipse.jetty.server.HttpChannel - COMMIT for /todos on HttpChannelOverHttp@383d793f{s=HttpChannelState@78718ba7{s=HANDLING rs=BLOCKING os=COMMITTED is=READY awp=false se=false i=true al=0},r=1,c=false/false,a=HANDLING,uri=//localhost:8080/todos,age=480}
200 null HTTP/1.1
Date: Sun, 26 Oct 2025 20:34:34 GMT
Content-Type: application/json


21:34:34.726 [qtp265310387-27] DEBUG org.eclipse.jetty.server.HttpConnection - generate: NEED_HEADER for SendCallback@13fe450a[PROCESSING][i=HTTP/1.1{s=200,h=2,cl=-1},cb=org.eclipse.jetty.server.HttpChannel$SendCallback@33e2a5cd] (null,[p=0,l=78,c=32768,r=78],false)@START
21:34:34.726 [qtp265310387-27] DEBUG org.eclipse.jetty.http.HttpGenerator - generateHeaders HTTP/1.1{s=200,h=2,cl=-1} last=false content=DirectByteBuffer@5285689a[p=0,l=78,c=32768,r=78]={<<<{"id":"abfaf4f5-df65-4c46...irst","complete":false}>>>\x00\x00\x00\x00\x00\x00\x00\x00\x00...\x00\x00\x00\x00\x00\x00\x00}
21:34:34.726 [qtp265310387-27] DEBUG org.eclipse.jetty.http.HttpGenerator - Date: Sun, 26 Oct 2025 20:34:34 GMT
Content-Type: application/json


21:34:34.726 [qtp265310387-27] DEBUG org.eclipse.jetty.http.HttpGenerator - CHUNKED_CONTENT
21:34:34.726 [qtp265310387-27] DEBUG org.eclipse.jetty.server.HttpConnection - generate: FLUSH for SendCallback@13fe450a[PROCESSING][i=HTTP/1.1{s=200,h=2,cl=-1},cb=org.eclipse.jetty.server.HttpChannel$SendCallback@33e2a5cd] ([p=0,l=153,c=8192,r=153],[p=0,l=78,c=32768,r=78],false)@COMMITTED
21:34:34.727 [qtp265310387-27] DEBUG org.eclipse.jetty.io.WriteFlusher - write: WriteFlusher@5bad0c31{IDLE}->null [HeapByteBuffer@25e83041[p=0,l=153,c=8192,r=153]={<<<HTTP/1.1 200 OK\r\nDate: Su...4.48.v20220622)\r\n\r\n4E\r\n>>>ient/4.5....\x00\x00\x00\x00\x00\x00\x00},DirectByteBuffer@5285689a[p=0,l=78,c=32768,r=78]={<<<{"id":"abfaf4f5-df65-4c46...irst","complete":false}>>>\x00\x00\x00\x00\x00\x00\x00\x00\x00...\x00\x00\x00\x00\x00\x00\x00}]
21:34:34.727 [qtp265310387-27] DEBUG org.eclipse.jetty.io.WriteFlusher - update WriteFlusher@5bad0c31{WRITING}->null:IDLE-->WRITING
21:34:34.727 [qtp265310387-27] DEBUG org.eclipse.jetty.io.ChannelEndPoint - flushed 231 SocketChannelEndPoint@d088ed7{l=/127.0.0.1:8080,r=/127.0.0.1:59948,OPEN,fill=-,flush=W,to=485/3600000}{io=0/0,kio=0,kro=1}->HttpConnection@1df19ea6[p=HttpParser{s=END,5 of 5},g=HttpGenerator@7e72bfce{s=COMMITTED}]=>HttpChannelOverHttp@383d793f{s=HttpChannelState@78718ba7{s=HANDLING rs=BLOCKING os=COMMITTED is=READY awp=false se=false i=true al=0},r=1,c=false/false,a=HANDLING,uri=//localhost:8080/todos,age=482}
21:34:34.727 [main] DEBUG org.apache.http.wire - http-outgoing-0 << "HTTP/1.1 200 OK[\r][\n]"
21:34:34.727 [qtp265310387-27] DEBUG org.eclipse.jetty.io.WriteFlusher - Flushed=true written=231 remaining=0 WriteFlusher@5bad0c31{WRITING}->null
21:34:34.727 [main] DEBUG org.apache.http.wire - http-outgoing-0 << "Date: Sun, 26 Oct 2025 20:34:34 GMT[\r][\n]"
21:34:34.727 [qtp265310387-27] DEBUG org.eclipse.jetty.io.WriteFlusher - update WriteFlusher@5bad0c31{IDLE}->null:WRITING-->IDLE
21:34:34.727 [main] DEBUG org.apache.http.wire - http-outgoing-0 << "Content-Type: application/json[\r][\n]"
21:34:34.727 [qtp265310387-27] DEBUG org.eclipse.jetty.server.HttpConnection - generate: DONE for SendCallback@13fe450a[PROCESSING][i=HTTP/1.1{s=200,h=2,cl=-1},cb=org.eclipse.jetty.server.HttpChannel$SendCallback@33e2a5cd] ([p=153,l=153,c=8192,r=0],[p=78,l=78,c=32768,r=0],false)@COMMITTED
21:34:34.727 [main] DEBUG org.apache.http.wire - http-outgoing-0 << "Transfer-Encoding: chunked[\r][\n]"
21:34:34.727 [main] DEBUG org.apache.http.wire - http-outgoing-0 << "Server: Jetty(9.4.48.v20220622)[\r][\n]"
21:34:34.727 [main] DEBUG org.apache.http.wire - http-outgoing-0 << "[\r][\n]"
21:34:34.727 [main] DEBUG org.apache.http.wire - http-outgoing-0 << "4E[\r][\n]"
21:34:34.727 [main] DEBUG org.apache.http.wire - http-outgoing-0 << "{"id":"abfaf4f5-df65-4c46-8d48-e0ecda2c98ab","title":"First","complete":false}"
21:34:34.727 [qtp265310387-27] DEBUG org.eclipse.jetty.server.HttpOutput - onWriteComplete(false,null) s=OPEN,api=BLOCKED,sc=false,e=null->s=OPEN,api=BLOCKING,sc=false,e=null c=null cb=null w=false
21:34:34.727 [qtp265310387-27] DEBUG org.eclipse.jetty.server.HttpOutput - close() s=CLOSING,api=BLOCKED,sc=false,e=null c=HeapByteBuffer@6db4bfd0[p=0,l=0,c=0,r=0]={<<<>>>} b=Blocker@38c828a5{null}
21:34:34.727 [qtp265310387-27] DEBUG org.eclipse.jetty.server.HttpChannel - sendResponse info=null content=HeapByteBuffer@6db4bfd0[p=0,l=0,c=0,r=0]={<<<>>>} complete=true committing=false callback=Blocker@38c828a5{null}
21:34:34.727 [qtp265310387-27] DEBUG org.eclipse.jetty.server.HttpConnection - generate: CONTINUE for SendCallback@13fe450a[PROCESSING][i=null,cb=org.eclipse.jetty.server.HttpChannel$SendCallback@774e407c] (null,[p=0,l=0,c=0,r=0],true)@COMPLETING
21:34:34.727 [qtp265310387-27] DEBUG org.eclipse.jetty.server.HttpConnection - generate: NEED_CHUNK for SendCallback@13fe450a[PROCESSING][i=null,cb=org.eclipse.jetty.server.HttpChannel$SendCallback@774e407c] (null,[p=0,l=0,c=0,r=0],true)@COMPLETING
21:34:34.727 [qtp265310387-27] DEBUG org.eclipse.jetty.server.HttpConnection - generate: FLUSH for SendCallback@13fe450a[PROCESSING][i=null,cb=org.eclipse.jetty.server.HttpChannel$SendCallback@774e407c] (null,[p=0,l=0,c=0,r=0],true)@COMPLETING
21:34:34.727 [qtp265310387-27] DEBUG org.eclipse.jetty.io.WriteFlusher - write: WriteFlusher@5bad0c31{IDLE}->null [HeapByteBuffer@325857d6[p=0,l=7,c=1024,r=7]={<<<\r\n0\r\n\r\n>>>\x00\x00\x00\x00\x00\x00\x00\x00\x00...\x00\x00\x00\x00\x00\x00\x00}]
21:34:34.727 [qtp265310387-27] DEBUG org.eclipse.jetty.io.WriteFlusher - update WriteFlusher@5bad0c31{WRITING}->null:IDLE-->WRITING
21:34:34.727 [qtp265310387-27] DEBUG org.eclipse.jetty.io.ChannelEndPoint - flushed 7 SocketChannelEndPoint@d088ed7{l=/127.0.0.1:8080,r=/127.0.0.1:59948,OPEN,fill=-,flush=W,to=0/3600000}{io=0/0,kio=0,kro=1}->HttpConnection@1df19ea6[p=HttpParser{s=END,5 of 5},g=HttpGenerator@7e72bfce{s=COMPLETING}]=>HttpChannelOverHttp@383d793f{s=HttpChannelState@78718ba7{s=HANDLING rs=BLOCKING os=COMMITTED is=READY awp=false se=false i=true al=0},r=1,c=false/false,a=HANDLING,uri=//localhost:8080/todos,age=482}
21:34:34.727 [qtp265310387-27] DEBUG org.eclipse.jetty.io.WriteFlusher - Flushed=true written=7 remaining=0 WriteFlusher@5bad0c31{WRITING}->null
21:34:34.727 [qtp265310387-27] DEBUG org.eclipse.jetty.io.WriteFlusher - update WriteFlusher@5bad0c31{IDLE}->null:WRITING-->IDLE
21:34:34.727 [qtp265310387-27] DEBUG org.eclipse.jetty.server.HttpConnection - generate: DONE for SendCallback@13fe450a[PROCESSING][i=null,cb=org.eclipse.jetty.server.HttpChannel$SendCallback@774e407c] (null,[p=0,l=0,c=0,r=0],true)@END
21:34:34.727 [qtp265310387-27] DEBUG org.eclipse.jetty.server.HttpOutput - onWriteComplete(true,null) s=CLOSING,api=BLOCKED,sc=false,e=null->s=CLOSED,api=BLOCKING,sc=false,e=null c=null cb=null w=false
21:34:34.727 [qtp265310387-27] DEBUG org.eclipse.jetty.server.session - Leaving scope spark.embeddedserver.jetty.JettyHandler13365860==dftMaxIdleSec=-1 dispatch=REQUEST, async=false, session=null, oldsession=null, oldsessionhandler=null
21:34:34.727 [qtp265310387-27] DEBUG org.eclipse.jetty.server.Server - handled=true async=false committed=true on HttpChannelOverHttp@383d793f{s=HttpChannelState@78718ba7{s=HANDLING rs=BLOCKING os=COMPLETED is=READY awp=false se=false i=true al=0},r=1,c=false/true,a=HANDLING,uri=//localhost:8080/todos,age=482}
21:34:34.727 [qtp265310387-27] DEBUG org.eclipse.jetty.server.HttpChannelState - unhandle HttpChannelState@78718ba7{s=HANDLING rs=BLOCKING os=COMPLETED is=READY awp=false se=false i=true al=0}
21:34:34.727 [qtp265310387-27] DEBUG org.eclipse.jetty.server.HttpChannelState - nextAction(false) COMPLETE HttpChannelState@78718ba7{s=HANDLING rs=COMPLETING os=COMPLETED is=READY awp=false se=false i=false al=0}
21:34:34.727 [qtp265310387-27] DEBUG org.eclipse.jetty.server.HttpChannel - action COMPLETE HttpChannelOverHttp@383d793f{s=HttpChannelState@78718ba7{s=HANDLING rs=COMPLETING os=COMPLETED is=READY awp=false se=false i=false al=0},r=1,c=false/true,a=HANDLING,uri=//localhost:8080/todos,age=482}
21:34:34.728 [main] DEBUG org.apache.http.headers - http-outgoing-0 << HTTP/1.1 200 OK
21:34:34.728 [main] DEBUG org.apache.http.headers - http-outgoing-0 << Date: Sun, 26 Oct 2025 20:34:34 GMT
21:34:34.728 [main] DEBUG org.apache.http.headers - http-outgoing-0 << Content-Type: application/json
21:34:34.728 [main] DEBUG org.apache.http.headers - http-outgoing-0 << Transfer-Encoding: chunked
21:34:34.728 [main] DEBUG org.apache.http.headers - http-outgoing-0 << Server: Jetty(9.4.48.v20220622)
21:34:34.729 [qtp265310387-27] DEBUG org.eclipse.jetty.server.HttpOutput - complete(org.eclipse.jetty.util.Callback$3@678c866b) s=CLOSED,api=BLOCKING,sc=false,e=null s=true e=null, c=null
21:34:34.729 [qtp265310387-27] DEBUG org.eclipse.jetty.server.HttpChannelState - completed HttpChannelState@78718ba7{s=HANDLING rs=COMPLETING os=COMPLETED is=READY awp=false se=false i=false al=0}
21:34:34.729 [qtp265310387-27] DEBUG org.eclipse.jetty.server.HttpChannelState - unhandle HttpChannelState@78718ba7{s=HANDLING rs=COMPLETED os=COMPLETED is=READY awp=false se=false i=false al=0}
21:34:34.729 [qtp265310387-27] DEBUG org.eclipse.jetty.server.HttpChannelState - nextAction(false) TERMINATED HttpChannelState@78718ba7{s=IDLE rs=COMPLETED os=COMPLETED is=READY awp=false se=false i=false al=0}
21:34:34.729 [qtp265310387-27] DEBUG org.eclipse.jetty.server.HttpChannel - action TERMINATED HttpChannelOverHttp@383d793f{s=HttpChannelState@78718ba7{s=IDLE rs=COMPLETED os=COMPLETED is=READY awp=false se=false i=false al=0},r=1,c=true/true,a=IDLE,uri=//localhost:8080/todos,age=484}
21:34:34.729 [qtp265310387-27] DEBUG org.eclipse.jetty.server.HttpChannel - onCompleted for /todos written=78
21:34:34.729 [qtp265310387-27] DEBUG org.eclipse.jetty.server.HttpChannelState - recycle HttpChannelState@78718ba7{s=IDLE rs=COMPLETED os=COMPLETED is=READY awp=false se=false i=false al=0}
21:34:34.730 [main] DEBUG org.apache.http.impl.execchain.MainClientExec - Connection can be kept alive indefinitely
21:34:34.730 [qtp265310387-27] DEBUG org.eclipse.jetty.http.HttpParser - reset HttpParser{s=END,5 of 5}
21:34:34.730 [qtp265310387-27] DEBUG org.eclipse.jetty.http.HttpParser - END --> START
21:34:34.730 [qtp265310387-27] DEBUG org.eclipse.jetty.server.HttpChannel - !handle TERMINATED HttpChannelOverHttp@383d793f{s=HttpChannelState@78718ba7{s=IDLE rs=BLOCKING os=OPEN is=IDLE awp=false se=false i=true al=0},r=1,c=false/false,a=IDLE,uri=null,age=0}
21:34:34.730 [qtp265310387-27] DEBUG org.eclipse.jetty.io.ChannelEndPoint - filled 0 HeapByteBuffer@25e83041[p=0,l=0,c=8192,r=0]={<<<>>>HTTP/1.1 ...\x00\x00\x00\x00\x00\x00\x00}
21:34:34.730 [qtp265310387-27] DEBUG org.eclipse.jetty.io.ChannelEndPoint - filled 0 HeapByteBuffer@25e83041[p=0,l=0,c=8192,r=0]={<<<>>>HTTP/1.1 ...\x00\x00\x00\x00\x00\x00\x00}
21:34:34.730 [qtp265310387-27] DEBUG org.eclipse.jetty.server.HttpConnection - HttpConnection@1df19ea6::SocketChannelEndPoint@d088ed7{l=/127.0.0.1:8080,r=/127.0.0.1:59948,OPEN,fill=-,flush=-,to=3/3600000}{io=0/0,kio=0,kro=1}->HttpConnection@1df19ea6[p=HttpParser{s=START,0 of -1},g=HttpGenerator@7e72bfce{s=START}]=>HttpChannelOverHttp@383d793f{s=HttpChannelState@78718ba7{s=IDLE rs=BLOCKING os=OPEN is=IDLE awp=false se=false i=true al=0},r=1,c=false/false,a=IDLE,uri=null,age=0} filled 0 HeapByteBuffer@25e83041[p=0,l=0,c=8192,r=0]={<<<>>>HTTP/1.1 ...\x00\x00\x00\x00\x00\x00\x00}
21:34:34.730 [qtp265310387-27] DEBUG org.eclipse.jetty.server.HttpConnection - HttpConnection@1df19ea6::SocketChannelEndPoint@d088ed7{l=/127.0.0.1:8080,r=/127.0.0.1:59948,OPEN,fill=-,flush=-,to=3/3600000}{io=0/0,kio=0,kro=1}->HttpConnection@1df19ea6[p=HttpParser{s=START,0 of -1},g=HttpGenerator@7e72bfce{s=START}]=>HttpChannelOverHttp@383d793f{s=HttpChannelState@78718ba7{s=IDLE rs=BLOCKING os=OPEN is=IDLE awp=false se=false i=true al=0},r=1,c=false/false,a=IDLE,uri=null,age=0} parse HeapByteBuffer@25e83041[p=0,l=0,c=8192,r=0]={<<<>>>HTTP/1.1 ...\x00\x00\x00\x00\x00\x00\x00} {}
21:34:34.730 [qtp265310387-27] DEBUG org.eclipse.jetty.http.HttpParser - parseNext s=START HeapByteBuffer@25e83041[p=0,l=0,c=8192,r=0]={<<<>>>HTTP/1.1 ...\x00\x00\x00\x00\x00\x00\x00}
21:34:34.730 [qtp265310387-27] DEBUG org.eclipse.jetty.server.HttpConnection - HttpConnection@1df19ea6::SocketChannelEndPoint@d088ed7{l=/127.0.0.1:8080,r=/127.0.0.1:59948,OPEN,fill=-,flush=-,to=3/3600000}{io=0/0,kio=0,kro=1}->HttpConnection@1df19ea6[p=HttpParser{s=START,0 of -1},g=HttpGenerator@7e72bfce{s=START}]=>HttpChannelOverHttp@383d793f{s=HttpChannelState@78718ba7{s=IDLE rs=BLOCKING os=OPEN is=IDLE awp=false se=false i=true al=0},r=1,c=false/false,a=IDLE,uri=null,age=0} parsed false HttpParser{s=START,0 of -1}
21:34:34.730 [qtp265310387-27] DEBUG org.eclipse.jetty.server.HttpConnection - releaseRequestBuffer HttpConnection@1df19ea6::SocketChannelEndPoint@d088ed7{l=/127.0.0.1:8080,r=/127.0.0.1:59948,OPEN,fill=-,flush=-,to=3/3600000}{io=0/0,kio=0,kro=1}->HttpConnection@1df19ea6[p=HttpParser{s=START,0 of -1},g=HttpGenerator@7e72bfce{s=START}]=>HttpChannelOverHttp@383d793f{s=HttpChannelState@78718ba7{s=IDLE rs=BLOCKING os=OPEN is=IDLE awp=false se=false i=true al=0},r=1,c=false/false,a=IDLE,uri=null,age=0}
21:34:34.731 [qtp265310387-27] DEBUG org.eclipse.jetty.io.AbstractConnection - fillInterested HttpConnection@1df19ea6::SocketChannelEndPoint@d088ed7{l=/127.0.0.1:8080,r=/127.0.0.1:59948,OPEN,fill=-,flush=-,to=3/3600000}{io=0/0,kio=0,kro=1}->HttpConnection@1df19ea6[p=HttpParser{s=START,0 of -1},g=HttpGenerator@7e72bfce{s=START}]=>HttpChannelOverHttp@383d793f{s=HttpChannelState@78718ba7{s=IDLE rs=BLOCKING os=OPEN is=IDLE awp=false se=false i=true al=0},r=1,c=false/false,a=IDLE,uri=null,age=0}
21:34:34.731 [qtp265310387-27] DEBUG org.eclipse.jetty.io.FillInterest - interested FillInterest@22f558c1{AC.ReadCB@1df19ea6{HttpConnection@1df19ea6::SocketChannelEndPoint@d088ed7{l=/127.0.0.1:8080,r=/127.0.0.1:59948,OPEN,fill=FI,flush=-,to=0/3600000}{io=0/0,kio=0,kro=1}->HttpConnection@1df19ea6[p=HttpParser{s=START,0 of -1},g=HttpGenerator@7e72bfce{s=START}]=>HttpChannelOverHttp@383d793f{s=HttpChannelState@78718ba7{s=IDLE rs=BLOCKING os=OPEN is=IDLE awp=false se=false i=true al=0},r=1,c=false/false,a=IDLE,uri=null,age=0}}}
21:34:34.731 [qtp265310387-27] DEBUG org.eclipse.jetty.io.ChannelEndPoint - changeInterests p=false 0->1 for SocketChannelEndPoint@d088ed7{l=/127.0.0.1:8080,r=/127.0.0.1:59948,OPEN,fill=FI,flush=-,to=0/3600000}{io=0/1,kio=0,kro=1}->HttpConnection@1df19ea6[p=HttpParser{s=START,0 of -1},g=HttpGenerator@7e72bfce{s=START}]=>HttpChannelOverHttp@383d793f{s=HttpChannelState@78718ba7{s=IDLE rs=BLOCKING os=OPEN is=IDLE awp=false se=false i=true al=0},r=1,c=false/false,a=IDLE,uri=null,age=0}
21:34:34.731 [qtp265310387-27] DEBUG org.eclipse.jetty.io.ManagedSelector - Queued change lazy=false org.eclipse.jetty.io.ChannelEndPoint$$Lambda$573/0x000000d00149ac38@4ab96d4 on ManagedSelector@76520cc5{STARTED} id=1 keys=1 selected=0 updates=0
21:34:34.731 [qtp265310387-27] DEBUG org.eclipse.jetty.io.ManagedSelector - Wakeup on submit ManagedSelector@76520cc5{STARTED} id=1 keys=1 selected=0 updates=1
21:34:34.731 [qtp265310387-27] DEBUG org.eclipse.jetty.server.HttpConnection - HttpConnection@1df19ea6::SocketChannelEndPoint@d088ed7{l=/127.0.0.1:8080,r=/127.0.0.1:59948,OPEN,fill=FI,flush=-,to=0/3600000}{io=0/1,kio=0,kro=1}->HttpConnection@1df19ea6[p=HttpParser{s=START,0 of -1},g=HttpGenerator@7e72bfce{s=START}]=>HttpChannelOverHttp@383d793f{s=HttpChannelState@78718ba7{s=IDLE rs=BLOCKING os=OPEN is=IDLE awp=false se=false i=true al=0},r=1,c=false/false,a=IDLE,uri=null,age=0} onFillable exit HttpChannelState@78718ba7{s=IDLE rs=BLOCKING os=OPEN is=IDLE awp=false se=false i=true al=0} null
21:34:34.731 [qtp265310387-27] DEBUG org.eclipse.jetty.util.thread.QueuedThreadPool - ran CEP:SocketChannelEndPoint@d088ed7{l=/127.0.0.1:8080,r=/127.0.0.1:59948,OPEN,fill=FI,flush=-,to=0/3600000}{io=0/1,kio=0,kro=1}->HttpConnection@1df19ea6[p=HttpParser{s=START,0 of -1},g=HttpGenerator@7e72bfce{s=START}]=>HttpChannelOverHttp@383d793f{s=HttpChannelState@78718ba7{s=IDLE rs=BLOCKING os=OPEN is=IDLE awp=false se=false i=true al=0},r=1,c=false/false,a=IDLE,uri=null,age=0}:runFillable:BLOCKING in QueuedThreadPool[qtp265310387]@fd050b3{STARTED,8<=8<=200,i=0,r=-1,q=0}[ReservedThreadExecutor@34f8be00{reserved=1/10,pending=0}]
21:34:34.731 [qtp265310387-22] DEBUG org.eclipse.jetty.io.ManagedSelector - Selector sun.nio.ch.KQueueSelectorImpl@5803522c woken with none selected
21:34:34.731 [qtp265310387-22] DEBUG org.eclipse.jetty.io.ManagedSelector - Selector sun.nio.ch.KQueueSelectorImpl@5803522c woken up from select, 0/0/1 selected
21:34:34.731 [qtp265310387-22] DEBUG org.eclipse.jetty.io.ManagedSelector - Selector sun.nio.ch.KQueueSelectorImpl@5803522c processing 0 keys, 1 updates
21:34:34.731 [qtp265310387-22] DEBUG org.eclipse.jetty.io.ManagedSelector - updateable 1
21:34:34.731 [qtp265310387-22] DEBUG org.eclipse.jetty.io.ManagedSelector - update org.eclipse.jetty.io.ChannelEndPoint$$Lambda$573/0x000000d00149ac38@4ab96d4
21:34:34.731 [main] DEBUG org.apache.http.wire - http-outgoing-0 << "[\r][\n]"
21:34:34.731 [main] DEBUG org.apache.http.wire - http-outgoing-0 << "0[\r][\n]"
21:34:34.731 [qtp265310387-22] DEBUG org.eclipse.jetty.io.ChannelEndPoint - Key interests updated 0 -> 1 on SocketChannelEndPoint@d088ed7{l=/127.0.0.1:8080,r=/127.0.0.1:59948,OPEN,fill=FI,flush=-,to=0/3600000}{io=1/1,kio=1,kro=1}->HttpConnection@1df19ea6[p=HttpParser{s=START,0 of -1},g=HttpGenerator@7e72bfce{s=START}]=>HttpChannelOverHttp@383d793f{s=HttpChannelState@78718ba7{s=IDLE rs=BLOCKING os=OPEN is=IDLE awp=false se=false i=true al=0},r=1,c=false/false,a=IDLE,uri=null,age=0}
21:34:34.731 [main] DEBUG org.apache.http.wire - http-outgoing-0 << "[\r][\n]"
21:34:34.731 [qtp265310387-22] DEBUG org.eclipse.jetty.io.ManagedSelector - updates 0
21:34:34.731 [qtp265310387-22] DEBUG org.eclipse.jetty.io.ManagedSelector - Selector sun.nio.ch.KQueueSelectorImpl@5803522c waiting with 1 keys
21:34:34.731 [main] DEBUG org.apache.http.impl.conn.PoolingHttpClientConnectionManager - Connection [id: 0][route: {}->http://localhost:8080] can be kept alive indefinitely
21:34:34.731 [main] DEBUG org.apache.http.impl.conn.DefaultManagedHttpClientConnection - http-outgoing-0: set socket timeout to 0
21:34:34.731 [main] DEBUG org.apache.http.impl.conn.PoolingHttpClientConnectionManager - Connection released: [id: 0][route: {}->http://localhost:8080][total available: 1; route allocated: 1 of 5; total allocated: 1 of 10]
21:34:34.731 [main] DEBUG org.apache.http.impl.conn.PoolingHttpClientConnectionManager - Connection manager is shutting down
21:34:34.731 [main] DEBUG org.apache.http.impl.conn.DefaultManagedHttpClientConnection - http-outgoing-0: Close connection
21:34:34.731 [main] DEBUG org.apache.http.impl.conn.PoolingHttpClientConnectionManager - Connection manager shut down
21:34:34.732 [qtp265310387-22] DEBUG org.eclipse.jetty.io.ManagedSelector - Selector sun.nio.ch.KQueueSelectorImpl@5803522c woken up from select, 1/1/1 selected
21:34:34.732 [qtp265310387-22] DEBUG org.eclipse.jetty.io.ManagedSelector - Selector sun.nio.ch.KQueueSelectorImpl@5803522c processing 1 keys, 0 updates
21:34:34.732 [qtp265310387-22] DEBUG org.eclipse.jetty.io.ManagedSelector - selected 1 channel=java.nio.channels.SocketChannel[connected local=/127.0.0.1:8080 remote=/127.0.0.1:59948], selector=sun.nio.ch.KQueueSelectorImpl@5803522c, interestOps=1, readyOps=1 SocketChannelEndPoint@d088ed7{l=/127.0.0.1:8080,r=/127.0.0.1:59948,OPEN,fill=FI,flush=-,to=1/3600000}{io=1/1,kio=1,kro=1}->HttpConnection@1df19ea6[p=HttpParser{s=START,0 of -1},g=HttpGenerator@7e72bfce{s=START}]=>HttpChannelOverHttp@383d793f{s=HttpChannelState@78718ba7{s=IDLE rs=BLOCKING os=OPEN is=IDLE awp=false se=false i=true al=0},r=1,c=false/false,a=IDLE,uri=null,age=0} 
21:34:34.732 [qtp265310387-22] DEBUG org.eclipse.jetty.io.ChannelEndPoint - onSelected 1->0 r=true w=false for SocketChannelEndPoint@d088ed7{l=/127.0.0.1:8080,r=/127.0.0.1:59948,OPEN,fill=FI,flush=-,to=1/3600000}{io=1/0,kio=1,kro=1}->HttpConnection@1df19ea6[p=HttpParser{s=START,0 of -1},g=HttpGenerator@7e72bfce{s=START}]=>HttpChannelOverHttp@383d793f{s=HttpChannelState@78718ba7{s=IDLE rs=BLOCKING os=OPEN is=IDLE awp=false se=false i=true al=0},r=1,c=false/false,a=IDLE,uri=null,age=0}
21:34:34.732 [qtp265310387-22] DEBUG org.eclipse.jetty.io.ChannelEndPoint - task CEP:SocketChannelEndPoint@d088ed7{l=/127.0.0.1:8080,r=/127.0.0.1:59948,OPEN,fill=FI,flush=-,to=1/3600000}{io=1/0,kio=1,kro=1}->HttpConnection@1df19ea6[p=HttpParser{s=START,0 of -1},g=HttpGenerator@7e72bfce{s=START}]=>HttpChannelOverHttp@383d793f{s=HttpChannelState@78718ba7{s=IDLE rs=BLOCKING os=OPEN is=IDLE awp=false se=false i=true al=0},r=1,c=false/false,a=IDLE,uri=null,age=0}:runFillable:BLOCKING
21:34:34.732 [qtp265310387-22] DEBUG org.eclipse.jetty.util.thread.ReservedThreadExecutor - ReservedThreadExecutor@34f8be00{reserved=1/10,pending=0} tryExecute EatWhatYouKill@40e488a5/SelectorProducer@206e7499/PRODUCING/p=false/QueuedThreadPool[qtp265310387]@fd050b3{STARTED,8<=8<=200,i=1,r=-1,q=0}[ReservedThreadExecutor@34f8be00{reserved=1/10,pending=0}][pc=0,pic=0,pec=1,epc=0]@2025-10-26T21:34:34.73248+01:00
21:34:34.732 [qtp265310387-22] DEBUG org.eclipse.jetty.util.thread.ReservedThreadExecutor - ReservedThreadExecutor@34f8be00{reserved=0/10,pending=1} startReservedThread p=1
21:34:34.732 [qtp265310387-22] DEBUG org.eclipse.jetty.util.thread.QueuedThreadPool - queue ReservedThread@4548b0a2{PENDING,thread=null} startThread=0
21:34:34.732 [main] DEBUG com.intuit.karate - response time in milliseconds: 527
1 < 200
1 < Date: Sun, 26 Oct 2025 20:34:34 GMT
1 < Content-Type: application/json
1 < Transfer-Encoding: chunked
1 < Server: Jetty(9.4.48.v20220622)
{"id":"abfaf4f5-df65-4c46-8d48-e0ecda2c98ab","title":"First","complete":false}

21:34:34.732 [qtp265310387-22] DEBUG org.eclipse.jetty.util.thread.strategy.EatWhatYouKill - EatWhatYouKill@40e488a5/SelectorProducer@206e7499/IDLE/p=true/QueuedThreadPool[qtp265310387]@fd050b3{STARTED,8<=8<=200,i=0,r=-1,q=0}[ReservedThreadExecutor@34f8be00{reserved=0/10,pending=1}][pc=0,pic=0,pec=1,epc=0]@2025-10-26T21:34:34.732671+01:00 m=EXECUTE_PRODUCE_CONSUME t=CEP:SocketChannelEndPoint@d088ed7{l=/127.0.0.1:8080,r=/127.0.0.1:59948,OPEN,fill=FI,flush=-,to=1/3600000}{io=1/0,kio=1,kro=1}->HttpConnection@1df19ea6[p=HttpParser{s=START,0 of -1},g=HttpGenerator@7e72bfce{s=START}]=>HttpChannelOverHttp@383d793f{s=HttpChannelState@78718ba7{s=IDLE rs=BLOCKING os=OPEN is=IDLE awp=false se=false i=true al=0},r=1,c=false/false,a=IDLE,uri=null,age=0}:runFillable:BLOCKING/BLOCKING
21:34:34.732 [qtp265310387-22] DEBUG org.eclipse.jetty.io.FillInterest - fillable FillInterest@22f558c1{AC.ReadCB@1df19ea6{HttpConnection@1df19ea6::SocketChannelEndPoint@d088ed7{l=/127.0.0.1:8080,r=/127.0.0.1:59948,OPEN,fill=FI,flush=-,to=1/3600000}{io=1/0,kio=1,kro=1}->HttpConnection@1df19ea6[p=HttpParser{s=START,0 of -1},g=HttpGenerator@7e72bfce{s=START}]=>HttpChannelOverHttp@383d793f{s=HttpChannelState@78718ba7{s=IDLE rs=BLOCKING os=OPEN is=IDLE awp=false se=false i=true al=0},r=1,c=false/false,a=IDLE,uri=null,age=0}}}
21:34:34.732 [qtp265310387-27] DEBUG org.eclipse.jetty.util.thread.QueuedThreadPool - run ReservedThread@4548b0a2{PENDING,thread=null} in QueuedThreadPool[qtp265310387]@fd050b3{STARTED,8<=8<=200,i=0,r=-1,q=0}[ReservedThreadExecutor@34f8be00{reserved=0/10,pending=1}]
21:34:34.732 [qtp265310387-22] DEBUG org.eclipse.jetty.server.HttpConnection - HttpConnection@1df19ea6::SocketChannelEndPoint@d088ed7{l=/127.0.0.1:8080,r=/127.0.0.1:59948,OPEN,fill=-,flush=-,to=1/3600000}{io=1/0,kio=1,kro=1}->HttpConnection@1df19ea6[p=HttpParser{s=START,0 of -1},g=HttpGenerator@7e72bfce{s=START}]=>HttpChannelOverHttp@383d793f{s=HttpChannelState@78718ba7{s=IDLE rs=BLOCKING os=OPEN is=IDLE awp=false se=false i=true al=0},r=1,c=false/false,a=IDLE,uri=null,age=0} onFillable enter HttpChannelState@78718ba7{s=IDLE rs=BLOCKING os=OPEN is=IDLE awp=false se=false i=true al=0} null
21:34:34.733 [qtp265310387-28] DEBUG org.eclipse.jetty.util.thread.ReservedThreadExecutor - ReservedThread@6c2a8429{RESERVED,thread=Thread[qtp265310387-28,5,main]} task=EatWhatYouKill@40e488a5/SelectorProducer@206e7499/IDLE/p=true/QueuedThreadPool[qtp265310387]@fd050b3{STARTED,8<=8<=200,i=0,r=-1,q=0}[ReservedThreadExecutor@34f8be00{reserved=0/10,pending=1}][pc=0,pic=0,pec=1,epc=1]@2025-10-26T21:34:34.732952+01:00 ReservedThreadExecutor@34f8be00{reserved=1/10,pending=0}
21:34:34.733 [qtp265310387-22] DEBUG org.eclipse.jetty.io.AbstractEndPoint - shutdownInput SocketChannelEndPoint@d088ed7{l=/127.0.0.1:8080,r=/127.0.0.1:59948,OPEN,fill=-,flush=-,to=2/3600000}{io=1/0,kio=1,kro=1}->HttpConnection@1df19ea6[p=HttpParser{s=START,0 of -1},g=HttpGenerator@7e72bfce{s=START}]=>HttpChannelOverHttp@383d793f{s=HttpChannelState@78718ba7{s=IDLE rs=BLOCKING os=OPEN is=IDLE awp=false se=false i=true al=0},r=1,c=false/false,a=IDLE,uri=null,age=0}
21:34:34.733 [qtp265310387-22] DEBUG org.eclipse.jetty.io.ChannelEndPoint - filled -1 HeapByteBuffer@25e83041[p=0,l=0,c=8192,r=0]={<<<>>>HTTP/1.1 ...\x00\x00\x00\x00\x00\x00\x00}
21:34:34.733 [qtp265310387-22] DEBUG org.eclipse.jetty.http.HttpParser - atEOF HttpParser{s=START,0 of -1}
21:34:34.733 [qtp265310387-28] DEBUG org.eclipse.jetty.util.thread.strategy.EatWhatYouKill - EatWhatYouKill@40e488a5/SelectorProducer@206e7499/IDLE/p=true/QueuedThreadPool[qtp265310387]@fd050b3{STARTED,8<=8<=200,i=0,r=-1,q=0}[ReservedThreadExecutor@34f8be00{reserved=1/10,pending=0}][pc=0,pic=0,pec=1,epc=1]@2025-10-26T21:34:34.733321+01:00 tryProduce true
21:34:34.733 [qtp265310387-22] DEBUG org.eclipse.jetty.server.HttpConnection - HttpConnection@1df19ea6::SocketChannelEndPoint@d088ed7{l=/127.0.0.1:8080,r=/127.0.0.1:59948,ISHUT,fill=-,flush=-,to=2/3600000}{io=1/0,kio=1,kro=1}->HttpConnection@1df19ea6[p=HttpParser{s=START,0 of -1},g=HttpGenerator@7e72bfce{s=START}]=>HttpChannelOverHttp@383d793f{s=HttpChannelState@78718ba7{s=IDLE rs=BLOCKING os=OPEN is=IDLE awp=false se=false i=true al=0},r=1,c=false/false,a=IDLE,uri=null,age=0} filled -1 HeapByteBuffer@25e83041[p=0,l=0,c=8192,r=0]={<<<>>>HTTP/1.1 ...\x00\x00\x00\x00\x00\x00\x00}
21:34:34.733 [qtp265310387-28] DEBUG org.eclipse.jetty.io.ManagedSelector - updateable 0
21:34:34.733 [qtp265310387-28] DEBUG org.eclipse.jetty.io.ManagedSelector - updates 0
21:34:34.733 [qtp265310387-27] DEBUG org.eclipse.jetty.util.thread.ReservedThreadExecutor - ReservedThread@4548b0a2{PENDING,thread=Thread[qtp265310387-27,5,main]} was=PENDING next=RESERVED size=0+1 capacity=10
21:34:34.733 [qtp265310387-27] DEBUG org.eclipse.jetty.util.thread.ReservedThreadExecutor - ReservedThread@4548b0a2{RESERVED,thread=Thread[qtp265310387-27,5,main]} waiting ReservedThreadExecutor@34f8be00{reserved=1/10,pending=0}
21:34:34.733 [qtp265310387-28] DEBUG org.eclipse.jetty.io.ChannelEndPoint - Key interests updated 1 -> 0 on SocketChannelEndPoint@d088ed7{l=/127.0.0.1:8080,r=/127.0.0.1:59948,ISHUT,fill=-,flush=-,to=2/3600000}{io=0/0,kio=0,kro=1}->HttpConnection@1df19ea6[p=HttpParser{s=START,0 of -1},g=HttpGenerator@7e72bfce{s=START}]=>HttpChannelOverHttp@383d793f{s=HttpChannelState@78718ba7{s=IDLE rs=BLOCKING os=OPEN is=IDLE awp=false se=false i=true al=0},r=1,c=false/false,a=IDLE,uri=null,age=0}
21:34:34.733 [qtp265310387-28] DEBUG org.eclipse.jetty.io.ManagedSelector - Selector sun.nio.ch.KQueueSelectorImpl@5803522c waiting with 1 keys
21:34:34.733 [qtp265310387-22] DEBUG org.eclipse.jetty.server.HttpConnection - HttpConnection@1df19ea6::SocketChannelEndPoint@d088ed7{l=/127.0.0.1:8080,r=/127.0.0.1:59948,ISHUT,fill=-,flush=-,to=2/3600000}{io=0/0,kio=0,kro=1}->HttpConnection@1df19ea6[p=HttpParser{s=START,0 of -1},g=HttpGenerator@7e72bfce{s=START}]=>HttpChannelOverHttp@383d793f{s=HttpChannelState@78718ba7{s=IDLE rs=BLOCKING os=OPEN is=IDLE awp=false se=false i=true al=0},r=1,c=false/false,a=IDLE,uri=null,age=0} parse HeapByteBuffer@25e83041[p=0,l=0,c=8192,r=0]={<<<>>>HTTP/1.1 ...\x00\x00\x00\x00\x00\x00\x00} {}
21:34:34.733 [qtp265310387-22] DEBUG org.eclipse.jetty.http.HttpParser - parseNext s=START HeapByteBuffer@25e83041[p=0,l=0,c=8192,r=0]={<<<>>>HTTP/1.1 ...\x00\x00\x00\x00\x00\x00\x00}
21:34:34.733 [qtp265310387-22] DEBUG org.eclipse.jetty.http.HttpParser - START --> CLOSED
21:34:34.733 [qtp265310387-22] DEBUG org.eclipse.jetty.io.AbstractEndPoint - close SocketChannelEndPoint@d088ed7{l=/127.0.0.1:8080,r=/127.0.0.1:59948,ISHUT,fill=-,flush=-,to=2/3600000}{io=0/0,kio=0,kro=1}->HttpConnection@1df19ea6[p=HttpParser{s=CLOSED,0 of -1},g=HttpGenerator@7e72bfce{s=START}]=>HttpChannelOverHttp@383d793f{s=HttpChannelState@78718ba7{s=IDLE rs=BLOCKING os=OPEN is=IDLE awp=false se=false i=true al=0},r=1,c=false/false,a=IDLE,uri=null,age=0}
21:34:34.733 [qtp265310387-22] DEBUG org.eclipse.jetty.io.AbstractEndPoint - close(null) SocketChannelEndPoint@d088ed7{l=/127.0.0.1:8080,r=/127.0.0.1:59948,ISHUT,fill=-,flush=-,to=2/3600000}{io=0/0,kio=0,kro=1}->HttpConnection@1df19ea6[p=HttpParser{s=CLOSED,0 of -1},g=HttpGenerator@7e72bfce{s=START}]=>HttpChannelOverHttp@383d793f{s=HttpChannelState@78718ba7{s=IDLE rs=BLOCKING os=OPEN is=IDLE awp=false se=false i=true al=0},r=1,c=false/false,a=IDLE,uri=null,age=0}
21:34:34.733 [qtp265310387-22] DEBUG org.eclipse.jetty.io.ChannelEndPoint - doClose SocketChannelEndPoint@d088ed7{l=/127.0.0.1:8080,r=/127.0.0.1:59948,CLOSED,fill=-,flush=-,to=2/3600000}{io=0/0,kio=0,kro=1}->HttpConnection@1df19ea6[p=HttpParser{s=CLOSED,0 of -1},g=HttpGenerator@7e72bfce{s=START}]=>HttpChannelOverHttp@383d793f{s=HttpChannelState@78718ba7{s=IDLE rs=BLOCKING os=OPEN is=IDLE awp=false se=false i=true al=0},r=1,c=false/false,a=IDLE,uri=null,age=0}
21:34:34.733 [qtp265310387-22] DEBUG org.eclipse.jetty.io.FillInterest - onClose FillInterest@22f558c1{null}
21:34:34.733 [qtp265310387-22] DEBUG org.eclipse.jetty.io.ManagedSelector - Wakeup ManagedSelector@76520cc5{STARTED} id=1 keys=1 selected=0 updates=0
21:34:34.733 [qtp265310387-28] DEBUG org.eclipse.jetty.io.ManagedSelector - Selector sun.nio.ch.KQueueSelectorImpl@5803522c woken with none selected
21:34:34.734 [qtp265310387-28] DEBUG org.eclipse.jetty.io.ManagedSelector - Selector sun.nio.ch.KQueueSelectorImpl@5803522c woken up from select, 0/0/0 selected
21:34:34.734 [qtp265310387-28] DEBUG org.eclipse.jetty.io.ManagedSelector - Selector sun.nio.ch.KQueueSelectorImpl@5803522c processing 0 keys, 0 updates
21:34:34.734 [qtp265310387-28] DEBUG org.eclipse.jetty.io.ManagedSelector - updateable 0
21:34:34.734 [qtp265310387-28] DEBUG org.eclipse.jetty.io.ManagedSelector - updates 0
21:34:34.734 [qtp265310387-28] DEBUG org.eclipse.jetty.io.ManagedSelector - Selector sun.nio.ch.KQueueSelectorImpl@5803522c waiting with 0 keys
21:34:34.733 [qtp265310387-22] DEBUG org.eclipse.jetty.util.thread.QueuedThreadPool - queue org.eclipse.jetty.io.ManagedSelector$DestroyEndPoint@2a7c97f4 startThread=1
21:34:34.734 [qtp265310387-22] DEBUG org.eclipse.jetty.util.thread.QueuedThreadPool - Starting Thread[qtp265310387-32,5,main]
21:34:34.734 [qtp265310387-32] DEBUG org.eclipse.jetty.util.thread.QueuedThreadPool - Runner started for QueuedThreadPool[qtp265310387]@fd050b3{STARTED,8<=9<=200,i=0,r=-1,q=0}[ReservedThreadExecutor@34f8be00{reserved=1/10,pending=0}]
21:34:34.734 [qtp265310387-22] DEBUG org.eclipse.jetty.server.HttpConnection - HttpConnection@1df19ea6::SocketChannelEndPoint@d088ed7{l=/127.0.0.1:8080,r=/127.0.0.1:59948,CLOSED,fill=-,flush=-,to=3/3600000}{io=0/0,kio=-1,kro=-1}->HttpConnection@1df19ea6[p=HttpParser{s=CLOSED,0 of -1},g=HttpGenerator@7e72bfce{s=START}]=>HttpChannelOverHttp@383d793f{s=HttpChannelState@78718ba7{s=IDLE rs=BLOCKING os=OPEN is=IDLE awp=false se=false i=true al=0},r=1,c=false/false,a=IDLE,uri=null,age=0} parsed false HttpParser{s=CLOSED,0 of -1}
21:34:34.734 [qtp265310387-32] DEBUG org.eclipse.jetty.util.thread.QueuedThreadPool - run org.eclipse.jetty.io.ManagedSelector$DestroyEndPoint@2a7c97f4 in QueuedThreadPool[qtp265310387]@fd050b3{STARTED,8<=9<=200,i=0,r=-1,q=0}[ReservedThreadExecutor@34f8be00{reserved=1/10,pending=0}]
21:34:34.734 [qtp265310387-22] DEBUG org.eclipse.jetty.server.HttpConnection - releaseRequestBuffer HttpConnection@1df19ea6::SocketChannelEndPoint@d088ed7{l=/127.0.0.1:8080,r=/127.0.0.1:59948,CLOSED,fill=-,flush=-,to=3/3600000}{io=0/0,kio=-1,kro=-1}->HttpConnection@1df19ea6[p=HttpParser{s=CLOSED,0 of -1},g=HttpGenerator@7e72bfce{s=START}]=>HttpChannelOverHttp@383d793f{s=HttpChannelState@78718ba7{s=IDLE rs=BLOCKING os=OPEN is=IDLE awp=false se=false i=true al=0},r=1,c=false/false,a=IDLE,uri=null,age=0}
21:34:34.734 [qtp265310387-22] DEBUG org.eclipse.jetty.io.AbstractEndPoint - shutdownOutput SocketChannelEndPoint@d088ed7{l=/127.0.0.1:8080,r=/127.0.0.1:59948,CLOSED,fill=-,flush=-,to=3/3600000}{io=0/0,kio=-1,kro=-1}->HttpConnection@1df19ea6[p=HttpParser{s=CLOSED,0 of -1},g=HttpGenerator@7e72bfce{s=START}]=>HttpChannelOverHttp@383d793f{s=HttpChannelState@78718ba7{s=IDLE rs=BLOCKING os=OPEN is=IDLE awp=false se=false i=true al=0},r=1,c=false/false,a=IDLE,uri=null,age=0}
21:34:34.734 [qtp265310387-22] DEBUG org.eclipse.jetty.server.HttpConnection - HttpConnection@1df19ea6::SocketChannelEndPoint@d088ed7{l=/127.0.0.1:8080,r=/127.0.0.1:59948,CLOSED,fill=-,flush=-,to=3/3600000}{io=0/0,kio=-1,kro=-1}->HttpConnection@1df19ea6[p=HttpParser{s=CLOSED,0 of -1},g=HttpGenerator@7e72bfce{s=START}]=>HttpChannelOverHttp@383d793f{s=HttpChannelState@78718ba7{s=IDLE rs=BLOCKING os=OPEN is=IDLE awp=false se=false i=true al=0},r=1,c=false/false,a=IDLE,uri=null,age=0} onFillable exit HttpChannelState@78718ba7{s=IDLE rs=BLOCKING os=OPEN is=IDLE awp=false se=false i=true al=0} null
21:34:34.734 [qtp265310387-32] DEBUG org.eclipse.jetty.io.ManagedSelector - Destroyed SocketChannelEndPoint@d088ed7{l=/127.0.0.1:8080,r=/127.0.0.1:59948,CLOSED,fill=-,flush=-,to=3/3600000}{io=0/0,kio=-1,kro=-1}->HttpConnection@1df19ea6[p=HttpParser{s=CLOSED,0 of -1},g=HttpGenerator@7e72bfce{s=START}]=>HttpChannelOverHttp@383d793f{s=HttpChannelState@78718ba7{s=IDLE rs=BLOCKING os=OPEN is=IDLE awp=false se=false i=true al=0},r=1,c=false/false,a=IDLE,uri=null,age=0}
21:34:34.735 [qtp265310387-22] DEBUG org.eclipse.jetty.util.thread.QueuedThreadPool - ran org.eclipse.jetty.io.ManagedSelector$$Lambda$545/0x000000d00141c108@6676a95b in QueuedThreadPool[qtp265310387]@fd050b3{STARTED,8<=9<=200,i=0,r=-1,q=0}[ReservedThreadExecutor@34f8be00{reserved=1/10,pending=0}]
21:34:34.735 [qtp265310387-32] DEBUG org.eclipse.jetty.io.AbstractConnection - onClose HttpConnection@1df19ea6::SocketChannelEndPoint@d088ed7{l=/127.0.0.1:8080,r=/127.0.0.1:59948,CLOSED,fill=-,flush=-,to=4/3600000}{io=0/0,kio=-1,kro=-1}->HttpConnection@1df19ea6[p=HttpParser{s=CLOSED,0 of -1},g=HttpGenerator@7e72bfce{s=START}]=>HttpChannelOverHttp@383d793f{s=HttpChannelState@78718ba7{s=IDLE rs=BLOCKING os=OPEN is=IDLE awp=false se=false i=true al=0},r=1,c=false/false,a=IDLE,uri=null,age=0}
21:34:34.735 [qtp265310387-32] DEBUG org.eclipse.jetty.util.thread.QueuedThreadPool - ran org.eclipse.jetty.io.ManagedSelector$DestroyEndPoint@2a7c97f4 in QueuedThreadPool[qtp265310387]@fd050b3{STARTED,8<=9<=200,i=1,r=-1,q=0}[ReservedThreadExecutor@34f8be00{reserved=1/10,pending=0}]
21:34:34.749 [main] DEBUG com.jayway.jsonpath.internal.path.CompiledPath - Evaluating path: $
21:34:34.763 [main] DEBUG org.apache.http.client.protocol.RequestAddCookies - CookieSpec selected: karate
21:34:34.763 [main] DEBUG org.apache.http.client.protocol.RequestAuthCache - Auth cache not set in the context
21:34:34.763 [main] DEBUG com.intuit.karate - request:
2 > GET http://localhost:8080/todos/abfaf4f5-df65-4c46-8d48-e0ecda2c98ab
2 > Host: localhost:8080
2 > Connection: Keep-Alive
2 > User-Agent: Apache-HttpClient/4.5.14 (Java/17.0.9)
2 > Accept-Encoding: gzip,deflate


21:34:34.763 [main] DEBUG org.apache.http.impl.conn.PoolingHttpClientConnectionManager - Connection request: [route: {}->http://localhost:8080][total available: 0; route allocated: 0 of 5; total allocated: 0 of 10]
21:34:34.763 [main] DEBUG org.apache.http.impl.conn.PoolingHttpClientConnectionManager - Connection leased: [id: 1][route: {}->http://localhost:8080][total available: 0; route allocated: 1 of 5; total allocated: 1 of 10]
21:34:34.763 [main] DEBUG org.apache.http.impl.execchain.MainClientExec - Opening connection {}->http://localhost:8080
21:34:34.763 [main] DEBUG org.apache.http.impl.conn.DefaultHttpClientConnectionOperator - Connecting to localhost/127.0.0.1:8080
21:34:34.763 [main] DEBUG org.apache.http.impl.conn.DefaultHttpClientConnectionOperator - Connection established 127.0.0.1:59952<->127.0.0.1:8080
21:34:34.763 [main] DEBUG org.apache.http.impl.conn.DefaultManagedHttpClientConnection - http-outgoing-1: set socket timeout to 30000
21:34:34.763 [main] DEBUG org.apache.http.impl.execchain.MainClientExec - Executing request GET /todos/abfaf4f5-df65-4c46-8d48-e0ecda2c98ab HTTP/1.1
21:34:34.763 [main] DEBUG org.apache.http.impl.execchain.MainClientExec - Target auth state: UNCHALLENGED
21:34:34.763 [main] DEBUG org.apache.http.impl.execchain.MainClientExec - Proxy auth state: UNCHALLENGED
21:34:34.763 [main] DEBUG org.apache.http.headers - http-outgoing-1 >> GET /todos/abfaf4f5-df65-4c46-8d48-e0ecda2c98ab HTTP/1.1
21:34:34.764 [main] DEBUG org.apache.http.headers - http-outgoing-1 >> Host: localhost:8080
21:34:34.764 [qtp265310387-26-acceptor-0@63d5674b-ServerConnector@65cb396d{HTTP/1.1, (http/1.1)}{0.0.0.0:8080}] DEBUG org.eclipse.jetty.io.ManagedSelector - Queued change lazy=false Accept@5e704a9a[java.nio.channels.SocketChannel[connected local=/127.0.0.1:8080 remote=/127.0.0.1:59952]] on ManagedSelector@6491206c{STARTED} id=2 keys=0 selected=0 updates=0
21:34:34.764 [main] DEBUG org.apache.http.headers - http-outgoing-1 >> Connection: Keep-Alive
21:34:34.764 [main] DEBUG org.apache.http.headers - http-outgoing-1 >> User-Agent: Apache-HttpClient/4.5.14 (Java/17.0.9)
21:34:34.764 [main] DEBUG org.apache.http.headers - http-outgoing-1 >> Accept-Encoding: gzip,deflate
21:34:34.764 [main] DEBUG org.apache.http.wire - http-outgoing-1 >> "GET /todos/abfaf4f5-df65-4c46-8d48-e0ecda2c98ab HTTP/1.1[\r][\n]"
21:34:34.764 [main] DEBUG org.apache.http.wire - http-outgoing-1 >> "Host: localhost:8080[\r][\n]"
21:34:34.764 [main] DEBUG org.apache.http.wire - http-outgoing-1 >> "Connection: Keep-Alive[\r][\n]"
21:34:34.764 [main] DEBUG org.apache.http.wire - http-outgoing-1 >> "User-Agent: Apache-HttpClient/4.5.14 (Java/17.0.9)[\r][\n]"
21:34:34.764 [main] DEBUG org.apache.http.wire - http-outgoing-1 >> "Accept-Encoding: gzip,deflate[\r][\n]"
21:34:34.764 [main] DEBUG org.apache.http.wire - http-outgoing-1 >> "[\r][\n]"
21:34:34.764 [qtp265310387-26-acceptor-0@63d5674b-ServerConnector@65cb396d{HTTP/1.1, (http/1.1)}{0.0.0.0:8080}] DEBUG org.eclipse.jetty.io.ManagedSelector - Wakeup on submit ManagedSelector@6491206c{STARTED} id=2 keys=0 selected=0 updates=1
21:34:34.764 [qtp265310387-24] DEBUG org.eclipse.jetty.io.ManagedSelector - Selector sun.nio.ch.KQueueSelectorImpl@4590f19e woken with none selected
21:34:34.764 [qtp265310387-24] DEBUG org.eclipse.jetty.io.ManagedSelector - Selector sun.nio.ch.KQueueSelectorImpl@4590f19e woken up from select, 0/0/0 selected
21:34:34.764 [qtp265310387-24] DEBUG org.eclipse.jetty.io.ManagedSelector - Selector sun.nio.ch.KQueueSelectorImpl@4590f19e processing 0 keys, 1 updates
21:34:34.764 [qtp265310387-24] DEBUG org.eclipse.jetty.io.ManagedSelector - updateable 1
21:34:34.764 [qtp265310387-24] DEBUG org.eclipse.jetty.io.ManagedSelector - update Accept@5e704a9a[java.nio.channels.SocketChannel[connected local=/127.0.0.1:8080 remote=/127.0.0.1:59952]]
21:34:34.764 [qtp265310387-24] DEBUG org.eclipse.jetty.util.thread.QueuedThreadPool - queue Accept@5e704a9a[java.nio.channels.SocketChannel[connected local=/127.0.0.1:8080 remote=/127.0.0.1:59952]] startThread=0
21:34:34.764 [qtp265310387-24] DEBUG org.eclipse.jetty.io.ManagedSelector - updates 0
21:34:34.764 [qtp265310387-24] DEBUG org.eclipse.jetty.io.ManagedSelector - Selector sun.nio.ch.KQueueSelectorImpl@4590f19e waiting with 1 keys
21:34:34.764 [qtp265310387-22] DEBUG org.eclipse.jetty.util.thread.QueuedThreadPool - run Accept@5e704a9a[java.nio.channels.SocketChannel[connected local=/127.0.0.1:8080 remote=/127.0.0.1:59952]] in QueuedThreadPool[qtp265310387]@fd050b3{STARTED,8<=9<=200,i=1,r=-1,q=0}[ReservedThreadExecutor@34f8be00{reserved=1/10,pending=0}]
21:34:34.764 [qtp265310387-22] DEBUG org.eclipse.jetty.io.IdleTimeout - SocketChannelEndPoint@6bede994{l=/127.0.0.1:8080,r=/127.0.0.1:59952,OPEN,fill=-,flush=-,to=0/3600000}{io=0/0,kio=0,kro=0}-><null> idle timeout check, elapsed: 0 ms, remaining: 3600000 ms
21:34:34.764 [qtp265310387-22] DEBUG org.eclipse.jetty.server.HttpChannel - new HttpChannelOverHttp@2f235c02{s=HttpChannelState@663213d1{s=IDLE rs=BLOCKING os=OPEN is=IDLE awp=false se=false i=true al=0},r=0,c=false/false,a=IDLE,uri=null,age=0} -> SocketChannelEndPoint@6bede994{l=/127.0.0.1:8080,r=/127.0.0.1:59952,OPEN,fill=-,flush=-,to=0/3600000}{io=0/0,kio=0,kro=0}-><null>,null,HttpChannelState@663213d1{s=IDLE rs=BLOCKING os=OPEN is=IDLE awp=false se=false i=true al=0}
21:34:34.764 [qtp265310387-22] DEBUG org.eclipse.jetty.server.HttpConnection - New HTTP Connection HttpConnection@433871bd::SocketChannelEndPoint@6bede994{l=/127.0.0.1:8080,r=/127.0.0.1:59952,OPEN,fill=-,flush=-,to=0/3600000}{io=0/0,kio=0,kro=0}-><null>
21:34:34.764 [qtp265310387-22] DEBUG org.eclipse.jetty.io.ManagedSelector - Queued change lazy=true org.eclipse.jetty.io.ManagedSelector$$Lambda$580/0x000000d0014ab230@471d9107 on ManagedSelector@6491206c{STARTED} id=2 keys=1 selected=0 updates=0
21:34:34.764 [qtp265310387-22] DEBUG org.eclipse.jetty.io.AbstractEndPoint - onOpen SocketChannelEndPoint@6bede994{l=/127.0.0.1:8080,r=/127.0.0.1:59952,OPEN,fill=-,flush=-,to=0/3600000}{io=0/0,kio=0,kro=0}->HttpConnection@433871bd[p=HttpParser{s=START,0 of -1},g=HttpGenerator@72eb06aa{s=START}]=>HttpChannelOverHttp@2f235c02{s=HttpChannelState@663213d1{s=IDLE rs=BLOCKING os=OPEN is=IDLE awp=false se=false i=true al=0},r=0,c=false/false,a=IDLE,uri=null,age=0}
21:34:34.764 [qtp265310387-22] DEBUG org.eclipse.jetty.io.AbstractConnection - onOpen HttpConnection@433871bd::SocketChannelEndPoint@6bede994{l=/127.0.0.1:8080,r=/127.0.0.1:59952,OPEN,fill=-,flush=-,to=0/3600000}{io=0/0,kio=0,kro=0}->HttpConnection@433871bd[p=HttpParser{s=START,0 of -1},g=HttpGenerator@72eb06aa{s=START}]=>HttpChannelOverHttp@2f235c02{s=HttpChannelState@663213d1{s=IDLE rs=BLOCKING os=OPEN is=IDLE awp=false se=false i=true al=0},r=0,c=false/false,a=IDLE,uri=null,age=0}
21:34:34.764 [qtp265310387-22] DEBUG org.eclipse.jetty.io.AbstractConnection - fillInterested HttpConnection@433871bd::SocketChannelEndPoint@6bede994{l=/127.0.0.1:8080,r=/127.0.0.1:59952,OPEN,fill=-,flush=-,to=0/3600000}{io=0/0,kio=0,kro=0}->HttpConnection@433871bd[p=HttpParser{s=START,0 of -1},g=HttpGenerator@72eb06aa{s=START}]=>HttpChannelOverHttp@2f235c02{s=HttpChannelState@663213d1{s=IDLE rs=BLOCKING os=OPEN is=IDLE awp=false se=false i=true al=0},r=0,c=false/false,a=IDLE,uri=null,age=0}
21:34:34.764 [qtp265310387-22] DEBUG org.eclipse.jetty.io.FillInterest - interested FillInterest@4b12fbd{AC.ReadCB@433871bd{HttpConnection@433871bd::SocketChannelEndPoint@6bede994{l=/127.0.0.1:8080,r=/127.0.0.1:59952,OPEN,fill=FI,flush=-,to=0/3600000}{io=0/0,kio=0,kro=0}->HttpConnection@433871bd[p=HttpParser{s=START,0 of -1},g=HttpGenerator@72eb06aa{s=START}]=>HttpChannelOverHttp@2f235c02{s=HttpChannelState@663213d1{s=IDLE rs=BLOCKING os=OPEN is=IDLE awp=false se=false i=true al=0},r=0,c=false/false,a=IDLE,uri=null,age=0}}}
21:34:34.764 [qtp265310387-22] DEBUG org.eclipse.jetty.io.ChannelEndPoint - changeInterests p=false 0->1 for SocketChannelEndPoint@6bede994{l=/127.0.0.1:8080,r=/127.0.0.1:59952,OPEN,fill=FI,flush=-,to=0/3600000}{io=0/1,kio=0,kro=0}->HttpConnection@433871bd[p=HttpParser{s=START,0 of -1},g=HttpGenerator@72eb06aa{s=START}]=>HttpChannelOverHttp@2f235c02{s=HttpChannelState@663213d1{s=IDLE rs=BLOCKING os=OPEN is=IDLE awp=false se=false i=true al=0},r=0,c=false/false,a=IDLE,uri=null,age=0}
21:34:34.764 [qtp265310387-22] DEBUG org.eclipse.jetty.io.ManagedSelector - Queued change lazy=false org.eclipse.jetty.io.ChannelEndPoint$$Lambda$573/0x000000d00149ac38@484030f on ManagedSelector@6491206c{STARTED} id=2 keys=1 selected=0 updates=1
21:34:34.764 [qtp265310387-22] DEBUG org.eclipse.jetty.io.ManagedSelector - Wakeup on submit ManagedSelector@6491206c{STARTED} id=2 keys=1 selected=0 updates=2
21:34:34.764 [qtp265310387-22] DEBUG org.eclipse.jetty.io.ManagedSelector - Created SocketChannelEndPoint@6bede994{l=/127.0.0.1:8080,r=/127.0.0.1:59952,OPEN,fill=FI,flush=-,to=0/3600000}{io=0/1,kio=0,kro=0}->HttpConnection@433871bd[p=HttpParser{s=START,0 of -1},g=HttpGenerator@72eb06aa{s=START}]=>HttpChannelOverHttp@2f235c02{s=HttpChannelState@663213d1{s=IDLE rs=BLOCKING os=OPEN is=IDLE awp=false se=false i=true al=0},r=0,c=false/false,a=IDLE,uri=null,age=0}
21:34:34.764 [qtp265310387-24] DEBUG org.eclipse.jetty.io.ManagedSelector - Selector sun.nio.ch.KQueueSelectorImpl@4590f19e woken with none selected
21:34:34.764 [qtp265310387-22] DEBUG org.eclipse.jetty.util.thread.QueuedThreadPool - ran Accept@5e704a9a[java.nio.channels.SocketChannel[connected local=/127.0.0.1:8080 remote=/127.0.0.1:59952]] in QueuedThreadPool[qtp265310387]@fd050b3{STARTED,8<=9<=200,i=1,r=-1,q=0}[ReservedThreadExecutor@34f8be00{reserved=1/10,pending=0}]
21:34:34.764 [qtp265310387-24] DEBUG org.eclipse.jetty.io.ManagedSelector - Selector sun.nio.ch.KQueueSelectorImpl@4590f19e woken up from select, 0/0/1 selected
21:34:34.764 [qtp265310387-24] DEBUG org.eclipse.jetty.io.ManagedSelector - Selector sun.nio.ch.KQueueSelectorImpl@4590f19e processing 0 keys, 2 updates
21:34:34.764 [qtp265310387-24] DEBUG org.eclipse.jetty.io.ManagedSelector - updateable 2
21:34:34.764 [qtp265310387-24] DEBUG org.eclipse.jetty.io.ManagedSelector - update org.eclipse.jetty.io.ManagedSelector$$Lambda$580/0x000000d0014ab230@471d9107
21:34:34.764 [qtp265310387-24] DEBUG org.eclipse.jetty.io.ManagedSelector - update org.eclipse.jetty.io.ChannelEndPoint$$Lambda$573/0x000000d00149ac38@484030f
21:34:34.764 [qtp265310387-24] DEBUG org.eclipse.jetty.io.ChannelEndPoint - Key interests updated 0 -> 1 on SocketChannelEndPoint@6bede994{l=/127.0.0.1:8080,r=/127.0.0.1:59952,OPEN,fill=FI,flush=-,to=0/3600000}{io=1/1,kio=1,kro=0}->HttpConnection@433871bd[p=HttpParser{s=START,0 of -1},g=HttpGenerator@72eb06aa{s=START}]=>HttpChannelOverHttp@2f235c02{s=HttpChannelState@663213d1{s=IDLE rs=BLOCKING os=OPEN is=IDLE awp=false se=false i=true al=0},r=0,c=false/false,a=IDLE,uri=null,age=0}
21:34:34.764 [qtp265310387-24] DEBUG org.eclipse.jetty.io.ManagedSelector - updates 0
21:34:34.764 [qtp265310387-24] DEBUG org.eclipse.jetty.io.ManagedSelector - Selector sun.nio.ch.KQueueSelectorImpl@4590f19e waiting with 1 keys
21:34:34.764 [qtp265310387-24] DEBUG org.eclipse.jetty.io.ManagedSelector - Selector sun.nio.ch.KQueueSelectorImpl@4590f19e woken up from select, 1/1/1 selected
21:34:34.764 [qtp265310387-24] DEBUG org.eclipse.jetty.io.ManagedSelector - Selector sun.nio.ch.KQueueSelectorImpl@4590f19e processing 1 keys, 0 updates
21:34:34.764 [qtp265310387-24] DEBUG org.eclipse.jetty.io.ManagedSelector - selected 1 channel=java.nio.channels.SocketChannel[connected local=/127.0.0.1:8080 remote=/127.0.0.1:59952], selector=sun.nio.ch.KQueueSelectorImpl@4590f19e, interestOps=1, readyOps=1 SocketChannelEndPoint@6bede994{l=/127.0.0.1:8080,r=/127.0.0.1:59952,OPEN,fill=FI,flush=-,to=0/3600000}{io=1/1,kio=1,kro=1}->HttpConnection@433871bd[p=HttpParser{s=START,0 of -1},g=HttpGenerator@72eb06aa{s=START}]=>HttpChannelOverHttp@2f235c02{s=HttpChannelState@663213d1{s=IDLE rs=BLOCKING os=OPEN is=IDLE awp=false se=false i=true al=0},r=0,c=false/false,a=IDLE,uri=null,age=0} 
21:34:34.765 [qtp265310387-24] DEBUG org.eclipse.jetty.io.ChannelEndPoint - onSelected 1->0 r=true w=false for SocketChannelEndPoint@6bede994{l=/127.0.0.1:8080,r=/127.0.0.1:59952,OPEN,fill=FI,flush=-,to=0/3600000}{io=1/0,kio=1,kro=1}->HttpConnection@433871bd[p=HttpParser{s=START,0 of -1},g=HttpGenerator@72eb06aa{s=START}]=>HttpChannelOverHttp@2f235c02{s=HttpChannelState@663213d1{s=IDLE rs=BLOCKING os=OPEN is=IDLE awp=false se=false i=true al=0},r=0,c=false/false,a=IDLE,uri=null,age=0}
21:34:34.765 [qtp265310387-24] DEBUG org.eclipse.jetty.io.ChannelEndPoint - task CEP:SocketChannelEndPoint@6bede994{l=/127.0.0.1:8080,r=/127.0.0.1:59952,OPEN,fill=FI,flush=-,to=0/3600000}{io=1/0,kio=1,kro=1}->HttpConnection@433871bd[p=HttpParser{s=START,0 of -1},g=HttpGenerator@72eb06aa{s=START}]=>HttpChannelOverHttp@2f235c02{s=HttpChannelState@663213d1{s=IDLE rs=BLOCKING os=OPEN is=IDLE awp=false se=false i=true al=0},r=0,c=false/false,a=IDLE,uri=null,age=0}:runFillable:BLOCKING
21:34:34.765 [qtp265310387-24] DEBUG org.eclipse.jetty.util.thread.ReservedThreadExecutor - ReservedThreadExecutor@34f8be00{reserved=1/10,pending=0} tryExecute EatWhatYouKill@53cd5bd4/SelectorProducer@370850a8/PRODUCING/p=false/QueuedThreadPool[qtp265310387]@fd050b3{STARTED,8<=9<=200,i=2,r=-1,q=0}[ReservedThreadExecutor@34f8be00{reserved=1/10,pending=0}][pc=0,pic=0,pec=0,epc=0]@2025-10-26T21:34:34.765081+01:00
21:34:34.765 [qtp265310387-24] DEBUG org.eclipse.jetty.util.thread.ReservedThreadExecutor - ReservedThreadExecutor@34f8be00{reserved=0/10,pending=1} startReservedThread p=1
21:34:34.765 [qtp265310387-24] DEBUG org.eclipse.jetty.util.thread.QueuedThreadPool - queue ReservedThread@4f689aee{PENDING,thread=null} startThread=0
21:34:34.765 [qtp265310387-32] DEBUG org.eclipse.jetty.util.thread.QueuedThreadPool - run ReservedThread@4f689aee{PENDING,thread=null} in QueuedThreadPool[qtp265310387]@fd050b3{STARTED,8<=9<=200,i=1,r=-1,q=0}[ReservedThreadExecutor@34f8be00{reserved=0/10,pending=1}]
21:34:34.765 [qtp265310387-32] DEBUG org.eclipse.jetty.util.thread.ReservedThreadExecutor - ReservedThread@4f689aee{PENDING,thread=Thread[qtp265310387-32,5,main]} was=PENDING next=RESERVED size=0+1 capacity=10
21:34:34.765 [qtp265310387-32] DEBUG org.eclipse.jetty.util.thread.ReservedThreadExecutor - ReservedThread@4f689aee{RESERVED,thread=Thread[qtp265310387-32,5,main]} waiting ReservedThreadExecutor@34f8be00{reserved=1/10,pending=0}
21:34:34.765 [qtp265310387-24] DEBUG org.eclipse.jetty.util.thread.strategy.EatWhatYouKill - EatWhatYouKill@53cd5bd4/SelectorProducer@370850a8/IDLE/p=true/QueuedThreadPool[qtp265310387]@fd050b3{STARTED,8<=9<=200,i=1,r=-1,q=0}[ReservedThreadExecutor@34f8be00{reserved=0/10,pending=1}][pc=0,pic=0,pec=0,epc=0]@2025-10-26T21:34:34.765239+01:00 m=EXECUTE_PRODUCE_CONSUME t=CEP:SocketChannelEndPoint@6bede994{l=/127.0.0.1:8080,r=/127.0.0.1:59952,OPEN,fill=FI,flush=-,to=0/3600000}{io=1/0,kio=1,kro=1}->HttpConnection@433871bd[p=HttpParser{s=START,0 of -1},g=HttpGenerator@72eb06aa{s=START}]=>HttpChannelOverHttp@2f235c02{s=HttpChannelState@663213d1{s=IDLE rs=BLOCKING os=OPEN is=IDLE awp=false se=false i=true al=0},r=0,c=false/false,a=IDLE,uri=null,age=0}:runFillable:BLOCKING/BLOCKING
21:34:34.765 [qtp265310387-27] DEBUG org.eclipse.jetty.util.thread.ReservedThreadExecutor - ReservedThread@4548b0a2{RESERVED,thread=Thread[qtp265310387-27,5,main]} task=EatWhatYouKill@53cd5bd4/SelectorProducer@370850a8/IDLE/p=true/QueuedThreadPool[qtp265310387]@fd050b3{STARTED,8<=9<=200,i=1,r=-1,q=0}[ReservedThreadExecutor@34f8be00{reserved=1/10,pending=0}][pc=0,pic=0,pec=0,epc=0]@2025-10-26T21:34:34.765327+01:00 ReservedThreadExecutor@34f8be00{reserved=1/10,pending=0}
21:34:34.765 [qtp265310387-24] DEBUG org.eclipse.jetty.io.FillInterest - fillable FillInterest@4b12fbd{AC.ReadCB@433871bd{HttpConnection@433871bd::SocketChannelEndPoint@6bede994{l=/127.0.0.1:8080,r=/127.0.0.1:59952,OPEN,fill=FI,flush=-,to=0/3600000}{io=1/0,kio=1,kro=1}->HttpConnection@433871bd[p=HttpParser{s=START,0 of -1},g=HttpGenerator@72eb06aa{s=START}]=>HttpChannelOverHttp@2f235c02{s=HttpChannelState@663213d1{s=IDLE rs=BLOCKING os=OPEN is=IDLE awp=false se=false i=true al=0},r=0,c=false/false,a=IDLE,uri=null,age=0}}}
21:34:34.765 [qtp265310387-27] DEBUG org.eclipse.jetty.util.thread.strategy.EatWhatYouKill - EatWhatYouKill@53cd5bd4/SelectorProducer@370850a8/IDLE/p=true/QueuedThreadPool[qtp265310387]@fd050b3{STARTED,8<=9<=200,i=1,r=-1,q=0}[ReservedThreadExecutor@34f8be00{reserved=1/10,pending=0}][pc=0,pic=0,pec=0,epc=1]@2025-10-26T21:34:34.765426+01:00 tryProduce true
21:34:34.765 [qtp265310387-24] DEBUG org.eclipse.jetty.server.HttpConnection - HttpConnection@433871bd::SocketChannelEndPoint@6bede994{l=/127.0.0.1:8080,r=/127.0.0.1:59952,OPEN,fill=-,flush=-,to=0/3600000}{io=1/0,kio=1,kro=1}->HttpConnection@433871bd[p=HttpParser{s=START,0 of -1},g=HttpGenerator@72eb06aa{s=START}]=>HttpChannelOverHttp@2f235c02{s=HttpChannelState@663213d1{s=IDLE rs=BLOCKING os=OPEN is=IDLE awp=false se=false i=true al=0},r=0,c=false/false,a=IDLE,uri=null,age=0} onFillable enter HttpChannelState@663213d1{s=IDLE rs=BLOCKING os=OPEN is=IDLE awp=false se=false i=true al=0} null
21:34:34.765 [qtp265310387-27] DEBUG org.eclipse.jetty.io.ManagedSelector - updateable 0
21:34:34.765 [qtp265310387-27] DEBUG org.eclipse.jetty.io.ManagedSelector - updates 0
21:34:34.765 [qtp265310387-24] DEBUG org.eclipse.jetty.io.ChannelEndPoint - filled 189 HeapByteBuffer@25e83041[p=0,l=189,c=8192,r=189]={<<<GET /todos/abfaf4f5-df65-...oding: gzip,deflate\r\n\r\n>>>coding: g...\x00\x00\x00\x00\x00\x00\x00}
21:34:34.765 [qtp265310387-27] DEBUG org.eclipse.jetty.io.ChannelEndPoint - Key interests updated 1 -> 0 on SocketChannelEndPoint@6bede994{l=/127.0.0.1:8080,r=/127.0.0.1:59952,OPEN,fill=-,flush=-,to=0/3600000}{io=0/0,kio=0,kro=1}->HttpConnection@433871bd[p=HttpParser{s=START,0 of -1},g=HttpGenerator@72eb06aa{s=START}]=>HttpChannelOverHttp@2f235c02{s=HttpChannelState@663213d1{s=IDLE rs=BLOCKING os=OPEN is=IDLE awp=false se=false i=true al=0},r=0,c=false/false,a=IDLE,uri=null,age=0}
21:34:34.765 [qtp265310387-27] DEBUG org.eclipse.jetty.io.ManagedSelector - Selector sun.nio.ch.KQueueSelectorImpl@4590f19e waiting with 1 keys
21:34:34.765 [qtp265310387-24] DEBUG org.eclipse.jetty.server.HttpConnection - HttpConnection@433871bd::SocketChannelEndPoint@6bede994{l=/127.0.0.1:8080,r=/127.0.0.1:59952,OPEN,fill=-,flush=-,to=0/3600000}{io=0/0,kio=0,kro=1}->HttpConnection@433871bd[p=HttpParser{s=START,0 of -1},g=HttpGenerator@72eb06aa{s=START}]=>HttpChannelOverHttp@2f235c02{s=HttpChannelState@663213d1{s=IDLE rs=BLOCKING os=OPEN is=IDLE awp=false se=false i=true al=0},r=0,c=false/false,a=IDLE,uri=null,age=0} filled 189 HeapByteBuffer@25e83041[p=0,l=189,c=8192,r=189]={<<<GET /todos/abfaf4f5-df65-...oding: gzip,deflate\r\n\r\n>>>coding: g...\x00\x00\x00\x00\x00\x00\x00}
21:34:34.765 [qtp265310387-24] DEBUG org.eclipse.jetty.server.HttpConnection - HttpConnection@433871bd::SocketChannelEndPoint@6bede994{l=/127.0.0.1:8080,r=/127.0.0.1:59952,OPEN,fill=-,flush=-,to=0/3600000}{io=0/0,kio=0,kro=1}->HttpConnection@433871bd[p=HttpParser{s=START,0 of -1},g=HttpGenerator@72eb06aa{s=START}]=>HttpChannelOverHttp@2f235c02{s=HttpChannelState@663213d1{s=IDLE rs=BLOCKING os=OPEN is=IDLE awp=false se=false i=true al=0},r=0,c=false/false,a=IDLE,uri=null,age=0} parse HeapByteBuffer@25e83041[p=0,l=189,c=8192,r=189]={<<<GET /todos/abfaf4f5-df65-...oding: gzip,deflate\r\n\r\n>>>coding: g...\x00\x00\x00\x00\x00\x00\x00} {}
21:34:34.765 [qtp265310387-24] DEBUG org.eclipse.jetty.http.HttpParser - parseNext s=START HeapByteBuffer@25e83041[p=0,l=189,c=8192,r=189]={<<<GET /todos/abfaf4f5-df65-...oding: gzip,deflate\r\n\r\n>>>coding: g...\x00\x00\x00\x00\x00\x00\x00}
21:34:34.765 [qtp265310387-24] DEBUG org.eclipse.jetty.http.HttpParser - START --> SPACE1
21:34:34.765 [qtp265310387-24] DEBUG org.eclipse.jetty.http.HttpParser - SPACE1 --> URI
21:34:34.765 [qtp265310387-24] DEBUG org.eclipse.jetty.http.HttpParser - URI --> SPACE2
21:34:34.765 [qtp265310387-24] DEBUG org.eclipse.jetty.http.HttpParser - SPACE2 --> REQUEST_VERSION
21:34:34.765 [qtp265310387-24] DEBUG org.eclipse.jetty.http.HttpParser - REQUEST_VERSION --> HEADER
21:34:34.765 [qtp265310387-24] DEBUG org.eclipse.jetty.http.HttpParser - HEADER:Host --> VALUE
21:34:34.765 [qtp265310387-24] DEBUG org.eclipse.jetty.http.HttpParser - HEADER:Host --> IN_VALUE
21:34:34.765 [qtp265310387-24] DEBUG org.eclipse.jetty.http.HttpParser - HEADER:Host --> FIELD
21:34:34.765 [qtp265310387-24] DEBUG org.eclipse.jetty.http.HttpParser - HEADER:Connection: keep-alive --> IN_VALUE
21:34:34.765 [qtp265310387-24] DEBUG org.eclipse.jetty.http.HttpParser - HEADER:Connection: keep-alive --> FIELD
21:34:34.765 [qtp265310387-24] DEBUG org.eclipse.jetty.http.HttpParser - HEADER:User-Agent --> VALUE
21:34:34.765 [qtp265310387-24] DEBUG org.eclipse.jetty.http.HttpParser - HEADER:User-Agent --> IN_VALUE
21:34:34.765 [qtp265310387-24] DEBUG org.eclipse.jetty.http.HttpParser - HEADER:User-Agent --> FIELD
21:34:34.765 [qtp265310387-24] DEBUG org.eclipse.jetty.http.HttpParser - HEADER:Accept-Encoding --> IN_VALUE
21:34:34.765 [qtp265310387-24] DEBUG org.eclipse.jetty.http.HttpParser - HEADER:Accept-Encoding --> FIELD
21:34:34.765 [qtp265310387-24] DEBUG org.eclipse.jetty.http.HttpParser - HEADER --> CONTENT
21:34:34.765 [qtp265310387-24] DEBUG org.eclipse.jetty.server.HttpChannel - REQUEST for //localhost:8080/todos/abfaf4f5-df65-4c46-8d48-e0ecda2c98ab on HttpChannelOverHttp@2f235c02{s=HttpChannelState@663213d1{s=IDLE rs=BLOCKING os=OPEN is=IDLE awp=false se=false i=true al=0},r=1,c=false/false,a=IDLE,uri=//localhost:8080/todos/abfaf4f5-df65-4c46-8d48-e0ecda2c98ab,age=0}
GET //localhost:8080/todos/abfaf4f5-df65-4c46-8d48-e0ecda2c98ab HTTP/1.1
Host: localhost:8080
Connection: keep-alive
User-Agent: Apache-HttpClient/4.5.14 (Java/17.0.9)
Accept-Encoding: gzip,deflate


21:34:34.765 [qtp265310387-24] DEBUG org.eclipse.jetty.server.HttpConnection - HttpConnection@433871bd::SocketChannelEndPoint@6bede994{l=/127.0.0.1:8080,r=/127.0.0.1:59952,OPEN,fill=-,flush=-,to=0/3600000}{io=0/0,kio=0,kro=1}->HttpConnection@433871bd[p=HttpParser{s=CONTENT,0 of -1},g=HttpGenerator@72eb06aa{s=START}]=>HttpChannelOverHttp@2f235c02{s=HttpChannelState@663213d1{s=IDLE rs=BLOCKING os=OPEN is=IDLE awp=false se=false i=true al=0},r=1,c=false/false,a=IDLE,uri=//localhost:8080/todos/abfaf4f5-df65-4c46-8d48-e0ecda2c98ab,age=0} parsed true HttpParser{s=CONTENT,0 of -1}
21:34:34.766 [qtp265310387-24] DEBUG org.eclipse.jetty.server.HttpConnection - releaseRequestBuffer HttpConnection@433871bd::SocketChannelEndPoint@6bede994{l=/127.0.0.1:8080,r=/127.0.0.1:59952,OPEN,fill=-,flush=-,to=0/3600000}{io=0/0,kio=0,kro=1}->HttpConnection@433871bd[p=HttpParser{s=CONTENT,0 of -1},g=HttpGenerator@72eb06aa{s=START}]=>HttpChannelOverHttp@2f235c02{s=HttpChannelState@663213d1{s=IDLE rs=BLOCKING os=OPEN is=IDLE awp=false se=false i=true al=0},r=1,c=false/false,a=IDLE,uri=//localhost:8080/todos/abfaf4f5-df65-4c46-8d48-e0ecda2c98ab,age=1}
21:34:34.766 [qtp265310387-24] DEBUG org.eclipse.jetty.server.HttpChannel - handle //localhost:8080/todos/abfaf4f5-df65-4c46-8d48-e0ecda2c98ab HttpChannelOverHttp@2f235c02{s=HttpChannelState@663213d1{s=IDLE rs=BLOCKING os=OPEN is=IDLE awp=false se=false i=true al=0},r=1,c=false/false,a=IDLE,uri=//localhost:8080/todos/abfaf4f5-df65-4c46-8d48-e0ecda2c98ab,age=1} 
21:34:34.766 [qtp265310387-24] DEBUG org.eclipse.jetty.server.HttpChannelState - handling HttpChannelState@663213d1{s=IDLE rs=BLOCKING os=OPEN is=IDLE awp=false se=false i=true al=0}
21:34:34.766 [qtp265310387-24] DEBUG org.eclipse.jetty.server.HttpChannel - action DISPATCH HttpChannelOverHttp@2f235c02{s=HttpChannelState@663213d1{s=HANDLING rs=BLOCKING os=OPEN is=IDLE awp=false se=false i=true al=0},r=1,c=false/false,a=HANDLING,uri=//localhost:8080/todos/abfaf4f5-df65-4c46-8d48-e0ecda2c98ab,age=1}
21:34:34.766 [qtp265310387-24] DEBUG org.eclipse.jetty.server.Server - REQUEST GET /todos/abfaf4f5-df65-4c46-8d48-e0ecda2c98ab on HttpChannelOverHttp@2f235c02{s=HttpChannelState@663213d1{s=HANDLING rs=BLOCKING os=OPEN is=IDLE awp=false se=false i=true al=0},r=1,c=false/false,a=HANDLING,uri=//localhost:8080/todos/abfaf4f5-df65-4c46-8d48-e0ecda2c98ab,age=1}
21:34:34.766 [qtp265310387-24] DEBUG org.eclipse.jetty.server.session - Entering scope spark.embeddedserver.jetty.JettyHandler13365860==dftMaxIdleSec=-1, dispatch=REQUEST asyncstarted=false
21:34:34.766 [qtp265310387-24] DEBUG org.eclipse.jetty.server.session - sessionHandler=spark.embeddedserver.jetty.JettyHandler13365860==dftMaxIdleSec=-1 session=null
21:34:34.766 [qtp265310387-24] DEBUG spark.Request - matchedPart: :id = abfaf4f5-df65-4c46-8d48-e0ecda2c98ab
21:34:34.766 [qtp265310387-24] DEBUG org.eclipse.jetty.server.HttpOutput - write(array HeapByteBuffer@6dc10764[p=0,l=78,c=78,r=78]={<<<{"id":"abfaf4f5-df65-4c46...irst","complete":false}>>>})
21:34:34.766 [qtp265310387-24] DEBUG org.eclipse.jetty.server.HttpOutput - write(array) s=OPEN,api=BLOCKING,sc=false,e=null aggregated !flush DirectByteBuffer@5285689a[p=0,l=78,c=32768,r=78]={<<<{"id":"abfaf4f5-df65-4c46...irst","complete":false}>>>\x00\x00\x00\x00\x00\x00\x00\x00\x00...\x00\x00\x00\x00\x00\x00\x00}
21:34:34.766 [qtp265310387-24] DEBUG org.eclipse.jetty.server.HttpChannel - sendResponse info=null content=DirectByteBuffer@5285689a[p=0,l=78,c=32768,r=78]={<<<{"id":"abfaf4f5-df65-4c46...irst","complete":false}>>>\x00\x00\x00\x00\x00\x00\x00\x00\x00...\x00\x00\x00\x00\x00\x00\x00} complete=false committing=true callback=Blocker@2b9a9f2d{null}
21:34:34.766 [qtp265310387-24] DEBUG org.eclipse.jetty.server.HttpChannel - COMMIT for /todos/abfaf4f5-df65-4c46-8d48-e0ecda2c98ab on HttpChannelOverHttp@2f235c02{s=HttpChannelState@663213d1{s=HANDLING rs=BLOCKING os=COMMITTED is=IDLE awp=false se=false i=true al=0},r=1,c=false/false,a=HANDLING,uri=//localhost:8080/todos/abfaf4f5-df65-4c46-8d48-e0ecda2c98ab,age=1}
200 null HTTP/1.1
Date: Sun, 26 Oct 2025 20:34:34 GMT
Content-Type: application/json


21:34:34.766 [qtp265310387-24] DEBUG org.eclipse.jetty.server.HttpConnection - generate: NEED_HEADER for SendCallback@6e0becc4[PROCESSING][i=HTTP/1.1{s=200,h=2,cl=-1},cb=org.eclipse.jetty.server.HttpChannel$SendCallback@4b419176] (null,[p=0,l=78,c=32768,r=78],false)@START
21:34:34.766 [qtp265310387-24] DEBUG org.eclipse.jetty.http.HttpGenerator - generateHeaders HTTP/1.1{s=200,h=2,cl=-1} last=false content=DirectByteBuffer@5285689a[p=0,l=78,c=32768,r=78]={<<<{"id":"abfaf4f5-df65-4c46...irst","complete":false}>>>\x00\x00\x00\x00\x00\x00\x00\x00\x00...\x00\x00\x00\x00\x00\x00\x00}
21:34:34.766 [qtp265310387-24] DEBUG org.eclipse.jetty.http.HttpGenerator - Date: Sun, 26 Oct 2025 20:34:34 GMT
Content-Type: application/json


21:34:34.766 [qtp265310387-24] DEBUG org.eclipse.jetty.http.HttpGenerator - CHUNKED_CONTENT
21:34:34.767 [qtp265310387-24] DEBUG org.eclipse.jetty.server.HttpConnection - generate: FLUSH for SendCallback@6e0becc4[PROCESSING][i=HTTP/1.1{s=200,h=2,cl=-1},cb=org.eclipse.jetty.server.HttpChannel$SendCallback@4b419176] ([p=0,l=153,c=8192,r=153],[p=0,l=78,c=32768,r=78],false)@COMMITTED
21:34:34.767 [qtp265310387-24] DEBUG org.eclipse.jetty.io.WriteFlusher - write: WriteFlusher@2e5e555d{IDLE}->null [HeapByteBuffer@25e83041[p=0,l=153,c=8192,r=153]={<<<HTTP/1.1 200 OK\r\nDate: Su...4.48.v20220622)\r\n\r\n4E\r\n>>>)\r\nAccept...\x00\x00\x00\x00\x00\x00\x00},DirectByteBuffer@5285689a[p=0,l=78,c=32768,r=78]={<<<{"id":"abfaf4f5-df65-4c46...irst","complete":false}>>>\x00\x00\x00\x00\x00\x00\x00\x00\x00...\x00\x00\x00\x00\x00\x00\x00}]
21:34:34.767 [qtp265310387-24] DEBUG org.eclipse.jetty.io.WriteFlusher - update WriteFlusher@2e5e555d{WRITING}->null:IDLE-->WRITING
21:34:34.767 [qtp265310387-24] DEBUG org.eclipse.jetty.io.ChannelEndPoint - flushed 231 SocketChannelEndPoint@6bede994{l=/127.0.0.1:8080,r=/127.0.0.1:59952,OPEN,fill=-,flush=W,to=1/3600000}{io=0/0,kio=0,kro=1}->HttpConnection@433871bd[p=HttpParser{s=CONTENT,0 of -1},g=HttpGenerator@72eb06aa{s=COMMITTED}]=>HttpChannelOverHttp@2f235c02{s=HttpChannelState@663213d1{s=HANDLING rs=BLOCKING os=COMMITTED is=IDLE awp=false se=false i=true al=0},r=1,c=false/false,a=HANDLING,uri=//localhost:8080/todos/abfaf4f5-df65-4c46-8d48-e0ecda2c98ab,age=2}
21:34:34.767 [qtp265310387-24] DEBUG org.eclipse.jetty.io.WriteFlusher - Flushed=true written=231 remaining=0 WriteFlusher@2e5e555d{WRITING}->null
21:34:34.767 [qtp265310387-24] DEBUG org.eclipse.jetty.io.WriteFlusher - update WriteFlusher@2e5e555d{IDLE}->null:WRITING-->IDLE
21:34:34.767 [qtp265310387-24] DEBUG org.eclipse.jetty.server.HttpConnection - generate: DONE for SendCallback@6e0becc4[PROCESSING][i=HTTP/1.1{s=200,h=2,cl=-1},cb=org.eclipse.jetty.server.HttpChannel$SendCallback@4b419176] ([p=153,l=153,c=8192,r=0],[p=78,l=78,c=32768,r=0],false)@COMMITTED
21:34:34.767 [qtp265310387-24] DEBUG org.eclipse.jetty.server.HttpOutput - onWriteComplete(false,null) s=OPEN,api=BLOCKED,sc=false,e=null->s=OPEN,api=BLOCKING,sc=false,e=null c=null cb=null w=false
21:34:34.767 [qtp265310387-24] DEBUG org.eclipse.jetty.server.HttpOutput - close() s=CLOSING,api=BLOCKED,sc=false,e=null c=HeapByteBuffer@6db4bfd0[p=0,l=0,c=0,r=0]={<<<>>>} b=Blocker@2b9a9f2d{null}
21:34:34.767 [qtp265310387-24] DEBUG org.eclipse.jetty.server.HttpChannel - sendResponse info=null content=HeapByteBuffer@6db4bfd0[p=0,l=0,c=0,r=0]={<<<>>>} complete=true committing=false callback=Blocker@2b9a9f2d{null}
21:34:34.767 [qtp265310387-24] DEBUG org.eclipse.jetty.server.HttpConnection - generate: CONTINUE for SendCallback@6e0becc4[PROCESSING][i=null,cb=org.eclipse.jetty.server.HttpChannel$SendCallback@5142c44c] (null,[p=0,l=0,c=0,r=0],true)@COMPLETING
21:34:34.767 [qtp265310387-24] DEBUG org.eclipse.jetty.server.HttpConnection - generate: NEED_CHUNK for SendCallback@6e0becc4[PROCESSING][i=null,cb=org.eclipse.jetty.server.HttpChannel$SendCallback@5142c44c] (null,[p=0,l=0,c=0,r=0],true)@COMPLETING
21:34:34.767 [main] DEBUG org.apache.http.wire - http-outgoing-1 << "HTTP/1.1 200 OK[\r][\n]"
21:34:34.767 [main] DEBUG org.apache.http.wire - http-outgoing-1 << "Date: Sun, 26 Oct 2025 20:34:34 GMT[\r][\n]"
21:34:34.767 [main] DEBUG org.apache.http.wire - http-outgoing-1 << "Content-Type: application/json[\r][\n]"
21:34:34.767 [main] DEBUG org.apache.http.wire - http-outgoing-1 << "Transfer-Encoding: chunked[\r][\n]"
21:34:34.767 [main] DEBUG org.apache.http.wire - http-outgoing-1 << "Server: Jetty(9.4.48.v20220622)[\r][\n]"
21:34:34.767 [main] DEBUG org.apache.http.wire - http-outgoing-1 << "[\r][\n]"
21:34:34.767 [main] DEBUG org.apache.http.wire - http-outgoing-1 << "4E[\r][\n]"
21:34:34.767 [main] DEBUG org.apache.http.wire - http-outgoing-1 << "{"id":"abfaf4f5-df65-4c46-8d48-e0ecda2c98ab","title":"First","complete":false}"
21:34:34.767 [qtp265310387-24] DEBUG org.eclipse.jetty.server.HttpConnection - generate: FLUSH for SendCallback@6e0becc4[PROCESSING][i=null,cb=org.eclipse.jetty.server.HttpChannel$SendCallback@5142c44c] (null,[p=0,l=0,c=0,r=0],true)@COMPLETING
21:34:34.767 [main] DEBUG org.apache.http.headers - http-outgoing-1 << HTTP/1.1 200 OK
21:34:34.767 [main] DEBUG org.apache.http.headers - http-outgoing-1 << Date: Sun, 26 Oct 2025 20:34:34 GMT
21:34:34.767 [main] DEBUG org.apache.http.headers - http-outgoing-1 << Content-Type: application/json
21:34:34.767 [main] DEBUG org.apache.http.headers - http-outgoing-1 << Transfer-Encoding: chunked
21:34:34.767 [main] DEBUG org.apache.http.headers - http-outgoing-1 << Server: Jetty(9.4.48.v20220622)
21:34:34.767 [qtp265310387-24] DEBUG org.eclipse.jetty.io.WriteFlusher - write: WriteFlusher@2e5e555d{IDLE}->null [HeapByteBuffer@325857d6[p=0,l=7,c=1024,r=7]={<<<\r\n0\r\n\r\n>>>\x00\x00\x00\x00\x00\x00\x00\x00\x00...\x00\x00\x00\x00\x00\x00\x00}]
21:34:34.767 [main] DEBUG org.apache.http.impl.execchain.MainClientExec - Connection can be kept alive indefinitely
21:34:34.767 [qtp265310387-24] DEBUG org.eclipse.jetty.io.WriteFlusher - update WriteFlusher@2e5e555d{WRITING}->null:IDLE-->WRITING
21:34:34.767 [qtp265310387-24] DEBUG org.eclipse.jetty.io.ChannelEndPoint - flushed 7 SocketChannelEndPoint@6bede994{l=/127.0.0.1:8080,r=/127.0.0.1:59952,OPEN,fill=-,flush=W,to=0/3600000}{io=0/0,kio=0,kro=1}->HttpConnection@433871bd[p=HttpParser{s=CONTENT,0 of -1},g=HttpGenerator@72eb06aa{s=COMPLETING}]=>HttpChannelOverHttp@2f235c02{s=HttpChannelState@663213d1{s=HANDLING rs=BLOCKING os=COMMITTED is=IDLE awp=false se=false i=true al=0},r=1,c=false/false,a=HANDLING,uri=//localhost:8080/todos/abfaf4f5-df65-4c46-8d48-e0ecda2c98ab,age=2}
21:34:34.767 [main] DEBUG org.apache.http.wire - http-outgoing-1 << "[\r][\n]"
21:34:34.767 [main] DEBUG org.apache.http.wire - http-outgoing-1 << "0[\r][\n]"
21:34:34.767 [main] DEBUG org.apache.http.wire - http-outgoing-1 << "[\r][\n]"
21:34:34.767 [qtp265310387-24] DEBUG org.eclipse.jetty.io.WriteFlusher - Flushed=true written=7 remaining=0 WriteFlusher@2e5e555d{WRITING}->null
21:34:34.767 [qtp265310387-24] DEBUG org.eclipse.jetty.io.WriteFlusher - update WriteFlusher@2e5e555d{IDLE}->null:WRITING-->IDLE
21:34:34.767 [main] DEBUG org.apache.http.impl.conn.PoolingHttpClientConnectionManager - Connection [id: 1][route: {}->http://localhost:8080] can be kept alive indefinitely
21:34:34.767 [qtp265310387-24] DEBUG org.eclipse.jetty.server.HttpConnection - generate: DONE for SendCallback@6e0becc4[PROCESSING][i=null,cb=org.eclipse.jetty.server.HttpChannel$SendCallback@5142c44c] (null,[p=0,l=0,c=0,r=0],true)@END
21:34:34.767 [main] DEBUG org.apache.http.impl.conn.DefaultManagedHttpClientConnection - http-outgoing-1: set socket timeout to 0
21:34:34.767 [qtp265310387-24] DEBUG org.eclipse.jetty.server.HttpOutput - onWriteComplete(true,null) s=CLOSING,api=BLOCKED,sc=false,e=null->s=CLOSED,api=BLOCKING,sc=false,e=null c=null cb=null w=false
21:34:34.767 [main] DEBUG org.apache.http.impl.conn.PoolingHttpClientConnectionManager - Connection released: [id: 1][route: {}->http://localhost:8080][total available: 1; route allocated: 1 of 5; total allocated: 1 of 10]
21:34:34.767 [main] DEBUG org.apache.http.impl.conn.PoolingHttpClientConnectionManager - Connection manager is shutting down
21:34:34.767 [qtp265310387-24] DEBUG org.eclipse.jetty.server.session - Leaving scope spark.embeddedserver.jetty.JettyHandler13365860==dftMaxIdleSec=-1 dispatch=REQUEST, async=false, session=null, oldsession=null, oldsessionhandler=null
21:34:34.767 [main] DEBUG org.apache.http.impl.conn.DefaultManagedHttpClientConnection - http-outgoing-1: Close connection
21:34:34.767 [qtp265310387-24] DEBUG org.eclipse.jetty.server.Server - handled=true async=false committed=true on HttpChannelOverHttp@2f235c02{s=HttpChannelState@663213d1{s=HANDLING rs=BLOCKING os=COMPLETED is=IDLE awp=false se=false i=true al=0},r=1,c=false/true,a=HANDLING,uri=//localhost:8080/todos/abfaf4f5-df65-4c46-8d48-e0ecda2c98ab,age=2}
21:34:34.767 [qtp265310387-24] DEBUG org.eclipse.jetty.server.HttpChannelState - unhandle HttpChannelState@663213d1{s=HANDLING rs=BLOCKING os=COMPLETED is=IDLE awp=false se=false i=true al=0}
21:34:34.767 [qtp265310387-24] DEBUG org.eclipse.jetty.server.HttpChannelState - nextAction(false) COMPLETE HttpChannelState@663213d1{s=HANDLING rs=COMPLETING os=COMPLETED is=IDLE awp=false se=false i=false al=0}
21:34:34.767 [main] DEBUG org.apache.http.impl.conn.PoolingHttpClientConnectionManager - Connection manager shut down
21:34:34.767 [qtp265310387-24] DEBUG org.eclipse.jetty.server.HttpChannel - action COMPLETE HttpChannelOverHttp@2f235c02{s=HttpChannelState@663213d1{s=HANDLING rs=COMPLETING os=COMPLETED is=IDLE awp=false se=false i=false al=0},r=1,c=false/true,a=HANDLING,uri=//localhost:8080/todos/abfaf4f5-df65-4c46-8d48-e0ecda2c98ab,age=2}
21:34:34.767 [qtp265310387-24] DEBUG org.eclipse.jetty.server.HttpOutput - complete(org.eclipse.jetty.util.Callback$3@609e6f6c) s=CLOSED,api=BLOCKING,sc=false,e=null s=true e=null, c=null
21:34:34.767 [qtp265310387-24] DEBUG org.eclipse.jetty.server.HttpChannelState - completed HttpChannelState@663213d1{s=HANDLING rs=COMPLETING os=COMPLETED is=IDLE awp=false se=false i=false al=0}
21:34:34.767 [qtp265310387-24] DEBUG org.eclipse.jetty.server.HttpChannelState - unhandle HttpChannelState@663213d1{s=HANDLING rs=COMPLETED os=COMPLETED is=IDLE awp=false se=false i=false al=0}
21:34:34.767 [qtp265310387-24] DEBUG org.eclipse.jetty.server.HttpChannelState - nextAction(false) TERMINATED HttpChannelState@663213d1{s=IDLE rs=COMPLETED os=COMPLETED is=IDLE awp=false se=false i=false al=0}
21:34:34.767 [main] DEBUG com.intuit.karate - response time in milliseconds: 4
2 < 200
2 < Date: Sun, 26 Oct 2025 20:34:34 GMT
2 < Content-Type: application/json
2 < Transfer-Encoding: chunked
2 < Server: Jetty(9.4.48.v20220622)
{"id":"abfaf4f5-df65-4c46-8d48-e0ecda2c98ab","title":"First","complete":false}

21:34:34.768 [qtp265310387-24] DEBUG org.eclipse.jetty.server.HttpChannel - action TERMINATED HttpChannelOverHttp@2f235c02{s=HttpChannelState@663213d1{s=IDLE rs=COMPLETED os=COMPLETED is=IDLE awp=false se=false i=false al=0},r=1,c=true/true,a=IDLE,uri=//localhost:8080/todos/abfaf4f5-df65-4c46-8d48-e0ecda2c98ab,age=2}
21:34:34.768 [qtp265310387-24] DEBUG org.eclipse.jetty.server.HttpChannel - onCompleted for /todos/abfaf4f5-df65-4c46-8d48-e0ecda2c98ab written=78
21:34:34.768 [qtp265310387-24] DEBUG org.eclipse.jetty.io.AbstractEndPoint - shutdownInput SocketChannelEndPoint@6bede994{l=/127.0.0.1:8080,r=/127.0.0.1:59952,OPEN,fill=-,flush=-,to=0/3600000}{io=0/0,kio=0,kro=1}->HttpConnection@433871bd[p=HttpParser{s=CONTENT,0 of -1},g=HttpGenerator@72eb06aa{s=END}]=>HttpChannelOverHttp@2f235c02{s=HttpChannelState@663213d1{s=IDLE rs=COMPLETED os=COMPLETED is=IDLE awp=false se=false i=false al=0},r=1,c=true/true,a=IDLE,uri=//localhost:8080/todos/abfaf4f5-df65-4c46-8d48-e0ecda2c98ab,age=3}
21:34:34.768 [qtp265310387-24] DEBUG org.eclipse.jetty.io.ChannelEndPoint - filled -1 HeapByteBuffer@25e83041[p=0,l=0,c=8192,r=0]={<<<>>>HTTP/1.1 ...\x00\x00\x00\x00\x00\x00\x00}
21:34:34.768 [qtp265310387-24] DEBUG org.eclipse.jetty.http.HttpParser - atEOF HttpParser{s=CONTENT,0 of -1}
21:34:34.768 [qtp265310387-24] DEBUG org.eclipse.jetty.server.HttpConnection - HttpConnection@433871bd::SocketChannelEndPoint@6bede994{l=/127.0.0.1:8080,r=/127.0.0.1:59952,ISHUT,fill=-,flush=-,to=0/3600000}{io=0/0,kio=0,kro=1}->HttpConnection@433871bd[p=HttpParser{s=CONTENT,0 of -1},g=HttpGenerator@72eb06aa{s=END}]=>HttpChannelOverHttp@2f235c02{s=HttpChannelState@663213d1{s=IDLE rs=COMPLETED os=COMPLETED is=IDLE awp=false se=false i=false al=0},r=1,c=true/true,a=IDLE,uri=//localhost:8080/todos/abfaf4f5-df65-4c46-8d48-e0ecda2c98ab,age=3} filled -1 HeapByteBuffer@25e83041[p=0,l=0,c=8192,r=0]={<<<>>>HTTP/1.1 ...\x00\x00\x00\x00\x00\x00\x00}
21:34:34.768 [qtp265310387-24] DEBUG org.eclipse.jetty.server.HttpConnection - HttpConnection@433871bd::SocketChannelEndPoint@6bede994{l=/127.0.0.1:8080,r=/127.0.0.1:59952,ISHUT,fill=-,flush=-,to=0/3600000}{io=0/0,kio=0,kro=1}->HttpConnection@433871bd[p=HttpParser{s=CONTENT,0 of -1},g=HttpGenerator@72eb06aa{s=END}]=>HttpChannelOverHttp@2f235c02{s=HttpChannelState@663213d1{s=IDLE rs=COMPLETED os=COMPLETED is=IDLE awp=false se=false i=false al=0},r=1,c=true/true,a=IDLE,uri=//localhost:8080/todos/abfaf4f5-df65-4c46-8d48-e0ecda2c98ab,age=3} parse HeapByteBuffer@25e83041[p=0,l=0,c=8192,r=0]={<<<>>>HTTP/1.1 ...\x00\x00\x00\x00\x00\x00\x00} {}
21:34:34.768 [qtp265310387-24] DEBUG org.eclipse.jetty.http.HttpParser - parseNext s=CONTENT HeapByteBuffer@25e83041[p=0,l=0,c=8192,r=0]={<<<>>>HTTP/1.1 ...\x00\x00\x00\x00\x00\x00\x00}
21:34:34.768 [qtp265310387-24] DEBUG org.eclipse.jetty.http.HttpParser - CONTENT --> CONTENT_END
21:34:34.768 [qtp265310387-24] DEBUG org.eclipse.jetty.server.HttpChannel - onContentComplete HttpChannelOverHttp@2f235c02{s=HttpChannelState@663213d1{s=IDLE rs=COMPLETED os=COMPLETED is=IDLE awp=false se=false i=false al=0},r=1,c=true/true,a=IDLE,uri=//localhost:8080/todos/abfaf4f5-df65-4c46-8d48-e0ecda2c98ab,age=3}
21:34:34.768 [qtp265310387-24] DEBUG org.eclipse.jetty.http.HttpParser - CONTENT_END --> END
21:34:34.768 [qtp265310387-24] DEBUG org.eclipse.jetty.server.HttpChannel - onRequestComplete HttpChannelOverHttp@2f235c02{s=HttpChannelState@663213d1{s=IDLE rs=COMPLETED os=COMPLETED is=IDLE awp=false se=false i=false al=0},r=1,c=true/true,a=IDLE,uri=//localhost:8080/todos/abfaf4f5-df65-4c46-8d48-e0ecda2c98ab,age=3}
21:34:34.768 [qtp265310387-24] DEBUG org.eclipse.jetty.server.HttpInput - HttpInputOverHTTP@27939828[c=0,q=0,[0]=null,s=STREAM] addContent EOF
21:34:34.768 [qtp265310387-24] DEBUG org.eclipse.jetty.http.HttpParser - END --> CLOSED
21:34:34.768 [qtp265310387-24] DEBUG org.eclipse.jetty.server.HttpConnection - HttpConnection@433871bd::SocketChannelEndPoint@6bede994{l=/127.0.0.1:8080,r=/127.0.0.1:59952,ISHUT,fill=-,flush=-,to=0/3600000}{io=0/0,kio=0,kro=1}->HttpConnection@433871bd[p=HttpParser{s=CLOSED,0 of -1},g=HttpGenerator@72eb06aa{s=END}]=>HttpChannelOverHttp@2f235c02{s=HttpChannelState@663213d1{s=IDLE rs=COMPLETED os=COMPLETED is=IDLE awp=false se=false i=false al=0},r=1,c=true/true,a=IDLE,uri=//localhost:8080/todos/abfaf4f5-df65-4c46-8d48-e0ecda2c98ab,age=3} parsed false HttpParser{s=CLOSED,0 of -1}
21:34:34.768 [qtp265310387-24] DEBUG org.eclipse.jetty.server.HttpConnection - releaseRequestBuffer HttpConnection@433871bd::SocketChannelEndPoint@6bede994{l=/127.0.0.1:8080,r=/127.0.0.1:59952,ISHUT,fill=-,flush=-,to=0/3600000}{io=0/0,kio=0,kro=1}->HttpConnection@433871bd[p=HttpParser{s=CLOSED,0 of -1},g=HttpGenerator@72eb06aa{s=END}]=>HttpChannelOverHttp@2f235c02{s=HttpChannelState@663213d1{s=IDLE rs=COMPLETED os=COMPLETED is=IDLE awp=false se=false i=false al=0},r=1,c=true/true,a=IDLE,uri=//localhost:8080/todos/abfaf4f5-df65-4c46-8d48-e0ecda2c98ab,age=3}
21:34:34.768 [qtp265310387-24] DEBUG org.eclipse.jetty.server.HttpChannelState - recycle HttpChannelState@663213d1{s=IDLE rs=COMPLETED os=COMPLETED is=IDLE awp=false se=false i=false al=0}
21:34:34.768 [qtp265310387-24] DEBUG org.eclipse.jetty.server.HttpChannel - !handle TERMINATED HttpChannelOverHttp@2f235c02{s=HttpChannelState@663213d1{s=IDLE rs=BLOCKING os=OPEN is=IDLE awp=false se=false i=true al=0},r=1,c=false/false,a=IDLE,uri=null,age=0}
21:34:34.768 [qtp265310387-24] DEBUG org.eclipse.jetty.http.HttpParser - atEOF HttpParser{s=CLOSED,0 of -1}
21:34:34.768 [qtp265310387-24] DEBUG org.eclipse.jetty.server.HttpConnection - HttpConnection@433871bd::SocketChannelEndPoint@6bede994{l=/127.0.0.1:8080,r=/127.0.0.1:59952,ISHUT,fill=-,flush=-,to=0/3600000}{io=0/0,kio=0,kro=1}->HttpConnection@433871bd[p=HttpParser{s=CLOSED,0 of -1},g=HttpGenerator@72eb06aa{s=START}]=>HttpChannelOverHttp@2f235c02{s=HttpChannelState@663213d1{s=IDLE rs=BLOCKING os=OPEN is=IDLE awp=false se=false i=true al=0},r=1,c=false/false,a=IDLE,uri=null,age=0} filled -1 HeapByteBuffer@25e83041[p=0,l=0,c=8192,r=0]={<<<>>>HTTP/1.1 ...\x00\x00\x00\x00\x00\x00\x00}
21:34:34.768 [qtp265310387-24] DEBUG org.eclipse.jetty.server.HttpConnection - HttpConnection@433871bd::SocketChannelEndPoint@6bede994{l=/127.0.0.1:8080,r=/127.0.0.1:59952,ISHUT,fill=-,flush=-,to=0/3600000}{io=0/0,kio=0,kro=1}->HttpConnection@433871bd[p=HttpParser{s=CLOSED,0 of -1},g=HttpGenerator@72eb06aa{s=START}]=>HttpChannelOverHttp@2f235c02{s=HttpChannelState@663213d1{s=IDLE rs=BLOCKING os=OPEN is=IDLE awp=false se=false i=true al=0},r=1,c=false/false,a=IDLE,uri=null,age=0} parse HeapByteBuffer@25e83041[p=0,l=0,c=8192,r=0]={<<<>>>HTTP/1.1 ...\x00\x00\x00\x00\x00\x00\x00} {}
21:34:34.768 [qtp265310387-24] DEBUG org.eclipse.jetty.http.HttpParser - parseNext s=CLOSED HeapByteBuffer@25e83041[p=0,l=0,c=8192,r=0]={<<<>>>HTTP/1.1 ...\x00\x00\x00\x00\x00\x00\x00}
21:34:34.768 [qtp265310387-24] DEBUG org.eclipse.jetty.server.HttpConnection - HttpConnection@433871bd::SocketChannelEndPoint@6bede994{l=/127.0.0.1:8080,r=/127.0.0.1:59952,ISHUT,fill=-,flush=-,to=0/3600000}{io=0/0,kio=0,kro=1}->HttpConnection@433871bd[p=HttpParser{s=CLOSED,0 of -1},g=HttpGenerator@72eb06aa{s=START}]=>HttpChannelOverHttp@2f235c02{s=HttpChannelState@663213d1{s=IDLE rs=BLOCKING os=OPEN is=IDLE awp=false se=false i=true al=0},r=1,c=false/false,a=IDLE,uri=null,age=0} parsed false HttpParser{s=CLOSED,0 of -1}
21:34:34.768 [qtp265310387-24] DEBUG org.eclipse.jetty.server.HttpConnection - releaseRequestBuffer HttpConnection@433871bd::SocketChannelEndPoint@6bede994{l=/127.0.0.1:8080,r=/127.0.0.1:59952,ISHUT,fill=-,flush=-,to=0/3600000}{io=0/0,kio=0,kro=1}->HttpConnection@433871bd[p=HttpParser{s=CLOSED,0 of -1},g=HttpGenerator@72eb06aa{s=START}]=>HttpChannelOverHttp@2f235c02{s=HttpChannelState@663213d1{s=IDLE rs=BLOCKING os=OPEN is=IDLE awp=false se=false i=true al=0},r=1,c=false/false,a=IDLE,uri=null,age=0}
21:34:34.768 [qtp265310387-24] DEBUG org.eclipse.jetty.io.AbstractEndPoint - shutdownOutput SocketChannelEndPoint@6bede994{l=/127.0.0.1:8080,r=/127.0.0.1:59952,ISHUT,fill=-,flush=-,to=0/3600000}{io=0/0,kio=0,kro=1}->HttpConnection@433871bd[p=HttpParser{s=CLOSED,0 of -1},g=HttpGenerator@72eb06aa{s=START}]=>HttpChannelOverHttp@2f235c02{s=HttpChannelState@663213d1{s=IDLE rs=BLOCKING os=OPEN is=IDLE awp=false se=false i=true al=0},r=1,c=false/false,a=IDLE,uri=null,age=0}
21:34:34.768 [qtp265310387-24] DEBUG org.eclipse.jetty.io.ChannelEndPoint - doClose SocketChannelEndPoint@6bede994{l=/127.0.0.1:8080,r=/127.0.0.1:59952,CLOSED,fill=-,flush=-,to=0/3600000}{io=0/0,kio=0,kro=1}->HttpConnection@433871bd[p=HttpParser{s=CLOSED,0 of -1},g=HttpGenerator@72eb06aa{s=START}]=>HttpChannelOverHttp@2f235c02{s=HttpChannelState@663213d1{s=IDLE rs=BLOCKING os=OPEN is=IDLE awp=false se=false i=true al=0},r=1,c=false/false,a=IDLE,uri=null,age=0}
21:34:34.768 [qtp265310387-24] DEBUG org.eclipse.jetty.io.FillInterest - onClose FillInterest@4b12fbd{null}
21:34:34.768 [qtp265310387-24] DEBUG org.eclipse.jetty.io.ManagedSelector - Wakeup ManagedSelector@6491206c{STARTED} id=2 keys=1 selected=0 updates=0
21:34:34.768 [qtp265310387-24] DEBUG org.eclipse.jetty.util.thread.QueuedThreadPool - queue org.eclipse.jetty.io.ManagedSelector$DestroyEndPoint@7bbbd53a startThread=0
21:34:34.768 [qtp265310387-27] DEBUG org.eclipse.jetty.io.ManagedSelector - Selector sun.nio.ch.KQueueSelectorImpl@4590f19e woken with none selected
21:34:34.768 [qtp265310387-22] DEBUG org.eclipse.jetty.util.thread.QueuedThreadPool - run org.eclipse.jetty.io.ManagedSelector$DestroyEndPoint@7bbbd53a in QueuedThreadPool[qtp265310387]@fd050b3{STARTED,8<=9<=200,i=0,r=-1,q=0}[ReservedThreadExecutor@34f8be00{reserved=1/10,pending=0}]
21:34:34.768 [qtp265310387-27] DEBUG org.eclipse.jetty.io.ManagedSelector - Selector sun.nio.ch.KQueueSelectorImpl@4590f19e woken up from select, 0/0/0 selected
21:34:34.768 [qtp265310387-24] DEBUG org.eclipse.jetty.server.HttpConnection - HttpConnection@433871bd::SocketChannelEndPoint@6bede994{l=/127.0.0.1:8080,r=/127.0.0.1:59952,CLOSED,fill=-,flush=-,to=1/3600000}{io=0/0,kio=-1,kro=-1}->HttpConnection@433871bd[p=HttpParser{s=CLOSED,0 of -1},g=HttpGenerator@72eb06aa{s=START}]=>HttpChannelOverHttp@2f235c02{s=HttpChannelState@663213d1{s=IDLE rs=BLOCKING os=OPEN is=IDLE awp=false se=false i=true al=0},r=1,c=false/false,a=IDLE,uri=null,age=0} onFillable exit HttpChannelState@663213d1{s=IDLE rs=BLOCKING os=OPEN is=IDLE awp=false se=false i=true al=0} null
21:34:34.769 [qtp265310387-22] DEBUG org.eclipse.jetty.io.ManagedSelector - Destroyed SocketChannelEndPoint@6bede994{l=/127.0.0.1:8080,r=/127.0.0.1:59952,CLOSED,fill=-,flush=-,to=1/3600000}{io=0/0,kio=-1,kro=-1}->HttpConnection@433871bd[p=HttpParser{s=CLOSED,0 of -1},g=HttpGenerator@72eb06aa{s=START}]=>HttpChannelOverHttp@2f235c02{s=HttpChannelState@663213d1{s=IDLE rs=BLOCKING os=OPEN is=IDLE awp=false se=false i=true al=0},r=1,c=false/false,a=IDLE,uri=null,age=0}
21:34:34.769 [qtp265310387-27] DEBUG org.eclipse.jetty.io.ManagedSelector - Selector sun.nio.ch.KQueueSelectorImpl@4590f19e processing 0 keys, 0 updates
21:34:34.769 [qtp265310387-27] DEBUG org.eclipse.jetty.io.ManagedSelector - updateable 0
21:34:34.769 [qtp265310387-27] DEBUG org.eclipse.jetty.io.ManagedSelector - updates 0
21:34:34.769 [qtp265310387-24] DEBUG org.eclipse.jetty.util.thread.QueuedThreadPool - ran org.eclipse.jetty.io.ManagedSelector$$Lambda$545/0x000000d00141c108@e4e8973 in QueuedThreadPool[qtp265310387]@fd050b3{STARTED,8<=9<=200,i=0,r=-1,q=0}[ReservedThreadExecutor@34f8be00{reserved=1/10,pending=0}]
21:34:34.769 [qtp265310387-27] DEBUG org.eclipse.jetty.io.ManagedSelector - Selector sun.nio.ch.KQueueSelectorImpl@4590f19e waiting with 0 keys
21:34:34.769 [main] DEBUG com.jayway.jsonpath.internal.path.CompiledPath - Evaluating path: $
21:34:34.769 [qtp265310387-22] DEBUG org.eclipse.jetty.io.AbstractConnection - onClose HttpConnection@433871bd::SocketChannelEndPoint@6bede994{l=/127.0.0.1:8080,r=/127.0.0.1:59952,CLOSED,fill=-,flush=-,to=1/3600000}{io=0/0,kio=-1,kro=-1}->HttpConnection@433871bd[p=HttpParser{s=CLOSED,0 of -1},g=HttpGenerator@72eb06aa{s=START}]=>HttpChannelOverHttp@2f235c02{s=HttpChannelState@663213d1{s=IDLE rs=BLOCKING os=OPEN is=IDLE awp=false se=false i=true al=0},r=1,c=false/false,a=IDLE,uri=null,age=0}
21:34:34.769 [qtp265310387-22] DEBUG org.eclipse.jetty.util.thread.QueuedThreadPool - ran org.eclipse.jetty.io.ManagedSelector$DestroyEndPoint@7bbbd53a in QueuedThreadPool[qtp265310387]@fd050b3{STARTED,8<=9<=200,i=1,r=-1,q=0}[ReservedThreadExecutor@34f8be00{reserved=1/10,pending=0}]
21:34:34.770 [main] DEBUG org.apache.http.client.protocol.RequestAddCookies - CookieSpec selected: karate
21:34:34.770 [main] DEBUG org.apache.http.client.protocol.RequestAuthCache - Auth cache not set in the context
21:34:34.770 [main] DEBUG com.intuit.karate - request:
3 > GET http://localhost:8080/todos
3 > Host: localhost:8080
3 > Connection: Keep-Alive
3 > User-Agent: Apache-HttpClient/4.5.14 (Java/17.0.9)
3 > Accept-Encoding: gzip,deflate


21:34:34.770 [main] DEBUG org.apache.http.impl.conn.PoolingHttpClientConnectionManager - Connection request: [route: {}->http://localhost:8080][total available: 0; route allocated: 0 of 5; total allocated: 0 of 10]
21:34:34.770 [main] DEBUG org.apache.http.impl.conn.PoolingHttpClientConnectionManager - Connection leased: [id: 2][route: {}->http://localhost:8080][total available: 0; route allocated: 1 of 5; total allocated: 1 of 10]
21:34:34.770 [main] DEBUG org.apache.http.impl.execchain.MainClientExec - Opening connection {}->http://localhost:8080
21:34:34.770 [main] DEBUG org.apache.http.impl.conn.DefaultHttpClientConnectionOperator - Connecting to localhost/127.0.0.1:8080
21:34:34.770 [main] DEBUG org.apache.http.impl.conn.DefaultHttpClientConnectionOperator - Connection established 127.0.0.1:59953<->127.0.0.1:8080
21:34:34.770 [main] DEBUG org.apache.http.impl.conn.DefaultManagedHttpClientConnection - http-outgoing-2: set socket timeout to 30000
21:34:34.770 [main] DEBUG org.apache.http.impl.execchain.MainClientExec - Executing request GET /todos HTTP/1.1
21:34:34.770 [qtp265310387-26-acceptor-0@63d5674b-ServerConnector@65cb396d{HTTP/1.1, (http/1.1)}{0.0.0.0:8080}] DEBUG org.eclipse.jetty.io.ManagedSelector - Queued change lazy=false Accept@274cfd94[java.nio.channels.SocketChannel[connected local=/127.0.0.1:8080 remote=/127.0.0.1:59953]] on ManagedSelector@4e114ead{STARTED} id=3 keys=0 selected=0 updates=0
21:34:34.770 [main] DEBUG org.apache.http.impl.execchain.MainClientExec - Target auth state: UNCHALLENGED
21:34:34.770 [main] DEBUG org.apache.http.impl.execchain.MainClientExec - Proxy auth state: UNCHALLENGED
21:34:34.770 [qtp265310387-26-acceptor-0@63d5674b-ServerConnector@65cb396d{HTTP/1.1, (http/1.1)}{0.0.0.0:8080}] DEBUG org.eclipse.jetty.io.ManagedSelector - Wakeup on submit ManagedSelector@4e114ead{STARTED} id=3 keys=0 selected=0 updates=1
21:34:34.770 [qtp265310387-23] DEBUG org.eclipse.jetty.io.ManagedSelector - Selector sun.nio.ch.KQueueSelectorImpl@c77a50 woken with none selected
21:34:34.770 [main] DEBUG org.apache.http.headers - http-outgoing-2 >> GET /todos HTTP/1.1
21:34:34.770 [qtp265310387-23] DEBUG org.eclipse.jetty.io.ManagedSelector - Selector sun.nio.ch.KQueueSelectorImpl@c77a50 woken up from select, 0/0/0 selected
21:34:34.770 [main] DEBUG org.apache.http.headers - http-outgoing-2 >> Host: localhost:8080
21:34:34.770 [qtp265310387-23] DEBUG org.eclipse.jetty.io.ManagedSelector - Selector sun.nio.ch.KQueueSelectorImpl@c77a50 processing 0 keys, 1 updates
21:34:34.770 [main] DEBUG org.apache.http.headers - http-outgoing-2 >> Connection: Keep-Alive
21:34:34.770 [qtp265310387-23] DEBUG org.eclipse.jetty.io.ManagedSelector - updateable 1
21:34:34.770 [qtp265310387-23] DEBUG org.eclipse.jetty.io.ManagedSelector - update Accept@274cfd94[java.nio.channels.SocketChannel[connected local=/127.0.0.1:8080 remote=/127.0.0.1:59953]]
21:34:34.770 [main] DEBUG org.apache.http.headers - http-outgoing-2 >> User-Agent: Apache-HttpClient/4.5.14 (Java/17.0.9)
21:34:34.770 [main] DEBUG org.apache.http.headers - http-outgoing-2 >> Accept-Encoding: gzip,deflate
21:34:34.770 [qtp265310387-23] DEBUG org.eclipse.jetty.util.thread.QueuedThreadPool - queue Accept@274cfd94[java.nio.channels.SocketChannel[connected local=/127.0.0.1:8080 remote=/127.0.0.1:59953]] startThread=0
21:34:34.770 [main] DEBUG org.apache.http.wire - http-outgoing-2 >> "GET /todos HTTP/1.1[\r][\n]"
21:34:34.770 [qtp265310387-23] DEBUG org.eclipse.jetty.io.ManagedSelector - updates 0
21:34:34.770 [main] DEBUG org.apache.http.wire - http-outgoing-2 >> "Host: localhost:8080[\r][\n]"
21:34:34.770 [qtp265310387-23] DEBUG org.eclipse.jetty.io.ManagedSelector - Selector sun.nio.ch.KQueueSelectorImpl@c77a50 waiting with 1 keys
21:34:34.770 [main] DEBUG org.apache.http.wire - http-outgoing-2 >> "Connection: Keep-Alive[\r][\n]"
21:34:34.771 [main] DEBUG org.apache.http.wire - http-outgoing-2 >> "User-Agent: Apache-HttpClient/4.5.14 (Java/17.0.9)[\r][\n]"
21:34:34.771 [main] DEBUG org.apache.http.wire - http-outgoing-2 >> "Accept-Encoding: gzip,deflate[\r][\n]"
21:34:34.771 [main] DEBUG org.apache.http.wire - http-outgoing-2 >> "[\r][\n]"
21:34:34.771 [qtp265310387-24] DEBUG org.eclipse.jetty.util.thread.QueuedThreadPool - run Accept@274cfd94[java.nio.channels.SocketChannel[connected local=/127.0.0.1:8080 remote=/127.0.0.1:59953]] in QueuedThreadPool[qtp265310387]@fd050b3{STARTED,8<=9<=200,i=1,r=-1,q=0}[ReservedThreadExecutor@34f8be00{reserved=1/10,pending=0}]
21:34:34.771 [qtp265310387-24] DEBUG org.eclipse.jetty.io.IdleTimeout - SocketChannelEndPoint@3c9c0ea5{l=/127.0.0.1:8080,r=/127.0.0.1:59953,OPEN,fill=-,flush=-,to=0/3600000}{io=0/0,kio=0,kro=0}-><null> idle timeout check, elapsed: 0 ms, remaining: 3600000 ms
21:34:34.771 [qtp265310387-24] DEBUG org.eclipse.jetty.server.HttpChannel - new HttpChannelOverHttp@2f6af355{s=HttpChannelState@14836c48{s=IDLE rs=BLOCKING os=OPEN is=IDLE awp=false se=false i=true al=0},r=0,c=false/false,a=IDLE,uri=null,age=0} -> SocketChannelEndPoint@3c9c0ea5{l=/127.0.0.1:8080,r=/127.0.0.1:59953,OPEN,fill=-,flush=-,to=0/3600000}{io=0/0,kio=0,kro=0}-><null>,null,HttpChannelState@14836c48{s=IDLE rs=BLOCKING os=OPEN is=IDLE awp=false se=false i=true al=0}
21:34:34.771 [qtp265310387-24] DEBUG org.eclipse.jetty.server.HttpConnection - New HTTP Connection HttpConnection@31b479e7::SocketChannelEndPoint@3c9c0ea5{l=/127.0.0.1:8080,r=/127.0.0.1:59953,OPEN,fill=-,flush=-,to=0/3600000}{io=0/0,kio=0,kro=0}-><null>
21:34:34.771 [qtp265310387-24] DEBUG org.eclipse.jetty.io.ManagedSelector - Queued change lazy=true org.eclipse.jetty.io.ManagedSelector$$Lambda$580/0x000000d0014ab230@6d01b052 on ManagedSelector@4e114ead{STARTED} id=3 keys=1 selected=0 updates=0
21:34:34.771 [qtp265310387-24] DEBUG org.eclipse.jetty.io.AbstractEndPoint - onOpen SocketChannelEndPoint@3c9c0ea5{l=/127.0.0.1:8080,r=/127.0.0.1:59953,OPEN,fill=-,flush=-,to=0/3600000}{io=0/0,kio=0,kro=0}->HttpConnection@31b479e7[p=HttpParser{s=START,0 of -1},g=HttpGenerator@150916fc{s=START}]=>HttpChannelOverHttp@2f6af355{s=HttpChannelState@14836c48{s=IDLE rs=BLOCKING os=OPEN is=IDLE awp=false se=false i=true al=0},r=0,c=false/false,a=IDLE,uri=null,age=0}
21:34:34.771 [qtp265310387-24] DEBUG org.eclipse.jetty.io.AbstractConnection - onOpen HttpConnection@31b479e7::SocketChannelEndPoint@3c9c0ea5{l=/127.0.0.1:8080,r=/127.0.0.1:59953,OPEN,fill=-,flush=-,to=0/3600000}{io=0/0,kio=0,kro=0}->HttpConnection@31b479e7[p=HttpParser{s=START,0 of -1},g=HttpGenerator@150916fc{s=START}]=>HttpChannelOverHttp@2f6af355{s=HttpChannelState@14836c48{s=IDLE rs=BLOCKING os=OPEN is=IDLE awp=false se=false i=true al=0},r=0,c=false/false,a=IDLE,uri=null,age=0}
21:34:34.771 [qtp265310387-24] DEBUG org.eclipse.jetty.io.AbstractConnection - fillInterested HttpConnection@31b479e7::SocketChannelEndPoint@3c9c0ea5{l=/127.0.0.1:8080,r=/127.0.0.1:59953,OPEN,fill=-,flush=-,to=0/3600000}{io=0/0,kio=0,kro=0}->HttpConnection@31b479e7[p=HttpParser{s=START,0 of -1},g=HttpGenerator@150916fc{s=START}]=>HttpChannelOverHttp@2f6af355{s=HttpChannelState@14836c48{s=IDLE rs=BLOCKING os=OPEN is=IDLE awp=false se=false i=true al=0},r=0,c=false/false,a=IDLE,uri=null,age=0}
21:34:34.771 [qtp265310387-24] DEBUG org.eclipse.jetty.io.FillInterest - interested FillInterest@1ae7c939{AC.ReadCB@31b479e7{HttpConnection@31b479e7::SocketChannelEndPoint@3c9c0ea5{l=/127.0.0.1:8080,r=/127.0.0.1:59953,OPEN,fill=FI,flush=-,to=0/3600000}{io=0/0,kio=0,kro=0}->HttpConnection@31b479e7[p=HttpParser{s=START,0 of -1},g=HttpGenerator@150916fc{s=START}]=>HttpChannelOverHttp@2f6af355{s=HttpChannelState@14836c48{s=IDLE rs=BLOCKING os=OPEN is=IDLE awp=false se=false i=true al=0},r=0,c=false/false,a=IDLE,uri=null,age=0}}}
21:34:34.771 [qtp265310387-24] DEBUG org.eclipse.jetty.io.ChannelEndPoint - changeInterests p=false 0->1 for SocketChannelEndPoint@3c9c0ea5{l=/127.0.0.1:8080,r=/127.0.0.1:59953,OPEN,fill=FI,flush=-,to=0/3600000}{io=0/1,kio=0,kro=0}->HttpConnection@31b479e7[p=HttpParser{s=START,0 of -1},g=HttpGenerator@150916fc{s=START}]=>HttpChannelOverHttp@2f6af355{s=HttpChannelState@14836c48{s=IDLE rs=BLOCKING os=OPEN is=IDLE awp=false se=false i=true al=0},r=0,c=false/false,a=IDLE,uri=null,age=0}
21:34:34.771 [qtp265310387-24] DEBUG org.eclipse.jetty.io.ManagedSelector - Queued change lazy=false org.eclipse.jetty.io.ChannelEndPoint$$Lambda$573/0x000000d00149ac38@80ee0c3 on ManagedSelector@4e114ead{STARTED} id=3 keys=1 selected=0 updates=1
21:34:34.771 [qtp265310387-24] DEBUG org.eclipse.jetty.io.ManagedSelector - Wakeup on submit ManagedSelector@4e114ead{STARTED} id=3 keys=1 selected=0 updates=2
21:34:34.771 [qtp265310387-23] DEBUG org.eclipse.jetty.io.ManagedSelector - Selector sun.nio.ch.KQueueSelectorImpl@c77a50 woken with none selected
21:34:34.771 [qtp265310387-23] DEBUG org.eclipse.jetty.io.ManagedSelector - Selector sun.nio.ch.KQueueSelectorImpl@c77a50 woken up from select, 0/0/1 selected
21:34:34.771 [qtp265310387-24] DEBUG org.eclipse.jetty.io.ManagedSelector - Created SocketChannelEndPoint@3c9c0ea5{l=/127.0.0.1:8080,r=/127.0.0.1:59953,OPEN,fill=FI,flush=-,to=0/3600000}{io=0/1,kio=0,kro=0}->HttpConnection@31b479e7[p=HttpParser{s=START,0 of -1},g=HttpGenerator@150916fc{s=START}]=>HttpChannelOverHttp@2f6af355{s=HttpChannelState@14836c48{s=IDLE rs=BLOCKING os=OPEN is=IDLE awp=false se=false i=true al=0},r=0,c=false/false,a=IDLE,uri=null,age=0}
21:34:34.771 [qtp265310387-23] DEBUG org.eclipse.jetty.io.ManagedSelector - Selector sun.nio.ch.KQueueSelectorImpl@c77a50 processing 0 keys, 2 updates
21:34:34.771 [qtp265310387-23] DEBUG org.eclipse.jetty.io.ManagedSelector - updateable 2
21:34:34.771 [qtp265310387-23] DEBUG org.eclipse.jetty.io.ManagedSelector - update org.eclipse.jetty.io.ManagedSelector$$Lambda$580/0x000000d0014ab230@6d01b052
21:34:34.771 [qtp265310387-23] DEBUG org.eclipse.jetty.io.ManagedSelector - update org.eclipse.jetty.io.ChannelEndPoint$$Lambda$573/0x000000d00149ac38@80ee0c3
21:34:34.771 [qtp265310387-24] DEBUG org.eclipse.jetty.util.thread.QueuedThreadPool - ran Accept@274cfd94[java.nio.channels.SocketChannel[connected local=/127.0.0.1:8080 remote=/127.0.0.1:59953]] in QueuedThreadPool[qtp265310387]@fd050b3{STARTED,8<=9<=200,i=1,r=-1,q=0}[ReservedThreadExecutor@34f8be00{reserved=1/10,pending=0}]
21:34:34.771 [qtp265310387-23] DEBUG org.eclipse.jetty.io.ChannelEndPoint - Key interests updated 0 -> 1 on SocketChannelEndPoint@3c9c0ea5{l=/127.0.0.1:8080,r=/127.0.0.1:59953,OPEN,fill=FI,flush=-,to=0/3600000}{io=1/1,kio=1,kro=0}->HttpConnection@31b479e7[p=HttpParser{s=START,0 of -1},g=HttpGenerator@150916fc{s=START}]=>HttpChannelOverHttp@2f6af355{s=HttpChannelState@14836c48{s=IDLE rs=BLOCKING os=OPEN is=IDLE awp=false se=false i=true al=0},r=0,c=false/false,a=IDLE,uri=null,age=0}
21:34:34.771 [qtp265310387-23] DEBUG org.eclipse.jetty.io.ManagedSelector - updates 0
21:34:34.771 [qtp265310387-23] DEBUG org.eclipse.jetty.io.ManagedSelector - Selector sun.nio.ch.KQueueSelectorImpl@c77a50 waiting with 1 keys
21:34:34.771 [qtp265310387-23] DEBUG org.eclipse.jetty.io.ManagedSelector - Selector sun.nio.ch.KQueueSelectorImpl@c77a50 woken up from select, 1/1/1 selected
21:34:34.771 [qtp265310387-23] DEBUG org.eclipse.jetty.io.ManagedSelector - Selector sun.nio.ch.KQueueSelectorImpl@c77a50 processing 1 keys, 0 updates
21:34:34.771 [qtp265310387-23] DEBUG org.eclipse.jetty.io.ManagedSelector - selected 1 channel=java.nio.channels.SocketChannel[connected local=/127.0.0.1:8080 remote=/127.0.0.1:59953], selector=sun.nio.ch.KQueueSelectorImpl@c77a50, interestOps=1, readyOps=1 SocketChannelEndPoint@3c9c0ea5{l=/127.0.0.1:8080,r=/127.0.0.1:59953,OPEN,fill=FI,flush=-,to=0/3600000}{io=1/1,kio=1,kro=1}->HttpConnection@31b479e7[p=HttpParser{s=START,0 of -1},g=HttpGenerator@150916fc{s=START}]=>HttpChannelOverHttp@2f6af355{s=HttpChannelState@14836c48{s=IDLE rs=BLOCKING os=OPEN is=IDLE awp=false se=false i=true al=0},r=0,c=false/false,a=IDLE,uri=null,age=0} 
21:34:34.771 [qtp265310387-23] DEBUG org.eclipse.jetty.io.ChannelEndPoint - onSelected 1->0 r=true w=false for SocketChannelEndPoint@3c9c0ea5{l=/127.0.0.1:8080,r=/127.0.0.1:59953,OPEN,fill=FI,flush=-,to=0/3600000}{io=1/0,kio=1,kro=1}->HttpConnection@31b479e7[p=HttpParser{s=START,0 of -1},g=HttpGenerator@150916fc{s=START}]=>HttpChannelOverHttp@2f6af355{s=HttpChannelState@14836c48{s=IDLE rs=BLOCKING os=OPEN is=IDLE awp=false se=false i=true al=0},r=0,c=false/false,a=IDLE,uri=null,age=0}
21:34:34.771 [qtp265310387-23] DEBUG org.eclipse.jetty.io.ChannelEndPoint - task CEP:SocketChannelEndPoint@3c9c0ea5{l=/127.0.0.1:8080,r=/127.0.0.1:59953,OPEN,fill=FI,flush=-,to=0/3600000}{io=1/0,kio=1,kro=1}->HttpConnection@31b479e7[p=HttpParser{s=START,0 of -1},g=HttpGenerator@150916fc{s=START}]=>HttpChannelOverHttp@2f6af355{s=HttpChannelState@14836c48{s=IDLE rs=BLOCKING os=OPEN is=IDLE awp=false se=false i=true al=0},r=0,c=false/false,a=IDLE,uri=null,age=0}:runFillable:BLOCKING
21:34:34.771 [qtp265310387-23] DEBUG org.eclipse.jetty.util.thread.ReservedThreadExecutor - ReservedThreadExecutor@34f8be00{reserved=1/10,pending=0} tryExecute EatWhatYouKill@2c33c1f/SelectorProducer@3be9d468/PRODUCING/p=false/QueuedThreadPool[qtp265310387]@fd050b3{STARTED,8<=9<=200,i=2,r=-1,q=0}[ReservedThreadExecutor@34f8be00{reserved=1/10,pending=0}][pc=0,pic=0,pec=0,epc=0]@2025-10-26T21:34:34.771732+01:00
21:34:34.771 [qtp265310387-23] DEBUG org.eclipse.jetty.util.thread.ReservedThreadExecutor - ReservedThreadExecutor@34f8be00{reserved=0/10,pending=1} startReservedThread p=1
21:34:34.771 [qtp265310387-23] DEBUG org.eclipse.jetty.util.thread.QueuedThreadPool - queue ReservedThread@a3f1120{PENDING,thread=null} startThread=0
21:34:34.771 [qtp265310387-22] DEBUG org.eclipse.jetty.util.thread.QueuedThreadPool - run ReservedThread@a3f1120{PENDING,thread=null} in QueuedThreadPool[qtp265310387]@fd050b3{STARTED,8<=9<=200,i=1,r=-1,q=0}[ReservedThreadExecutor@34f8be00{reserved=0/10,pending=1}]
21:34:34.772 [qtp265310387-32] DEBUG org.eclipse.jetty.util.thread.ReservedThreadExecutor - ReservedThread@4f689aee{RESERVED,thread=Thread[qtp265310387-32,5,main]} task=EatWhatYouKill@2c33c1f/SelectorProducer@3be9d468/IDLE/p=true/QueuedThreadPool[qtp265310387]@fd050b3{STARTED,8<=9<=200,i=1,r=-1,q=0}[ReservedThreadExecutor@34f8be00{reserved=0/10,pending=1}][pc=0,pic=0,pec=0,epc=0]@2025-10-26T21:34:34.772002+01:00 ReservedThreadExecutor@34f8be00{reserved=1/10,pending=0}
21:34:34.772 [qtp265310387-22] DEBUG org.eclipse.jetty.util.thread.ReservedThreadExecutor - ReservedThread@a3f1120{PENDING,thread=Thread[qtp265310387-22,5,main]} was=PENDING next=RESERVED size=0+1 capacity=10
21:34:34.772 [qtp265310387-22] DEBUG org.eclipse.jetty.util.thread.ReservedThreadExecutor - ReservedThread@a3f1120{RESERVED,thread=Thread[qtp265310387-22,5,main]} waiting ReservedThreadExecutor@34f8be00{reserved=1/10,pending=0}
21:34:34.772 [qtp265310387-32] DEBUG org.eclipse.jetty.util.thread.strategy.EatWhatYouKill - EatWhatYouKill@2c33c1f/SelectorProducer@3be9d468/IDLE/p=true/QueuedThreadPool[qtp265310387]@fd050b3{STARTED,8<=9<=200,i=1,r=-1,q=0}[ReservedThreadExecutor@34f8be00{reserved=1/10,pending=0}][pc=0,pic=0,pec=0,epc=0]@2025-10-26T21:34:34.772194+01:00 tryProduce true
21:34:34.772 [qtp265310387-23] DEBUG org.eclipse.jetty.util.thread.strategy.EatWhatYouKill - EatWhatYouKill@2c33c1f/SelectorProducer@3be9d468/IDLE/p=true/QueuedThreadPool[qtp265310387]@fd050b3{STARTED,8<=9<=200,i=1,r=-1,q=0}[ReservedThreadExecutor@34f8be00{reserved=1/10,pending=0}][pc=0,pic=0,pec=0,epc=0]@2025-10-26T21:34:34.772136+01:00 m=EXECUTE_PRODUCE_CONSUME t=CEP:SocketChannelEndPoint@3c9c0ea5{l=/127.0.0.1:8080,r=/127.0.0.1:59953,OPEN,fill=FI,flush=-,to=0/3600000}{io=1/0,kio=1,kro=1}->HttpConnection@31b479e7[p=HttpParser{s=START,0 of -1},g=HttpGenerator@150916fc{s=START}]=>HttpChannelOverHttp@2f6af355{s=HttpChannelState@14836c48{s=IDLE rs=BLOCKING os=OPEN is=IDLE awp=false se=false i=true al=0},r=0,c=false/false,a=IDLE,uri=null,age=0}:runFillable:BLOCKING/BLOCKING
21:34:34.772 [qtp265310387-32] DEBUG org.eclipse.jetty.io.ManagedSelector - updateable 0
21:34:34.772 [qtp265310387-32] DEBUG org.eclipse.jetty.io.ManagedSelector - updates 0
21:34:34.772 [qtp265310387-23] DEBUG org.eclipse.jetty.io.FillInterest - fillable FillInterest@1ae7c939{AC.ReadCB@31b479e7{HttpConnection@31b479e7::SocketChannelEndPoint@3c9c0ea5{l=/127.0.0.1:8080,r=/127.0.0.1:59953,OPEN,fill=FI,flush=-,to=0/3600000}{io=0/0,kio=0,kro=1}->HttpConnection@31b479e7[p=HttpParser{s=START,0 of -1},g=HttpGenerator@150916fc{s=START}]=>HttpChannelOverHttp@2f6af355{s=HttpChannelState@14836c48{s=IDLE rs=BLOCKING os=OPEN is=IDLE awp=false se=false i=true al=0},r=0,c=false/false,a=IDLE,uri=null,age=0}}}
21:34:34.772 [qtp265310387-32] DEBUG org.eclipse.jetty.io.ChannelEndPoint - Key interests updated 1 -> 0 on SocketChannelEndPoint@3c9c0ea5{l=/127.0.0.1:8080,r=/127.0.0.1:59953,OPEN,fill=FI,flush=-,to=0/3600000}{io=0/0,kio=0,kro=1}->HttpConnection@31b479e7[p=HttpParser{s=START,0 of -1},g=HttpGenerator@150916fc{s=START}]=>HttpChannelOverHttp@2f6af355{s=HttpChannelState@14836c48{s=IDLE rs=BLOCKING os=OPEN is=IDLE awp=false se=false i=true al=0},r=0,c=false/false,a=IDLE,uri=null,age=0}
21:34:34.772 [qtp265310387-32] DEBUG org.eclipse.jetty.io.ManagedSelector - Selector sun.nio.ch.KQueueSelectorImpl@c77a50 waiting with 1 keys
21:34:34.772 [qtp265310387-23] DEBUG org.eclipse.jetty.server.HttpConnection - HttpConnection@31b479e7::SocketChannelEndPoint@3c9c0ea5{l=/127.0.0.1:8080,r=/127.0.0.1:59953,OPEN,fill=-,flush=-,to=0/3600000}{io=0/0,kio=0,kro=1}->HttpConnection@31b479e7[p=HttpParser{s=START,0 of -1},g=HttpGenerator@150916fc{s=START}]=>HttpChannelOverHttp@2f6af355{s=HttpChannelState@14836c48{s=IDLE rs=BLOCKING os=OPEN is=IDLE awp=false se=false i=true al=0},r=0,c=false/false,a=IDLE,uri=null,age=0} onFillable enter HttpChannelState@14836c48{s=IDLE rs=BLOCKING os=OPEN is=IDLE awp=false se=false i=true al=0} null
21:34:34.772 [qtp265310387-23] DEBUG org.eclipse.jetty.io.ChannelEndPoint - filled 152 HeapByteBuffer@25e83041[p=0,l=152,c=8192,r=152]={<<<GET /todos HTTP/1.1\r\nHost...oding: gzip,deflate\r\n\r\n>>>\n)\r\nAccep...\x00\x00\x00\x00\x00\x00\x00}
21:34:34.772 [qtp265310387-23] DEBUG org.eclipse.jetty.server.HttpConnection - HttpConnection@31b479e7::SocketChannelEndPoint@3c9c0ea5{l=/127.0.0.1:8080,r=/127.0.0.1:59953,OPEN,fill=-,flush=-,to=0/3600000}{io=0/0,kio=0,kro=1}->HttpConnection@31b479e7[p=HttpParser{s=START,0 of -1},g=HttpGenerator@150916fc{s=START}]=>HttpChannelOverHttp@2f6af355{s=HttpChannelState@14836c48{s=IDLE rs=BLOCKING os=OPEN is=IDLE awp=false se=false i=true al=0},r=0,c=false/false,a=IDLE,uri=null,age=0} filled 152 HeapByteBuffer@25e83041[p=0,l=152,c=8192,r=152]={<<<GET /todos HTTP/1.1\r\nHost...oding: gzip,deflate\r\n\r\n>>>\n)\r\nAccep...\x00\x00\x00\x00\x00\x00\x00}
21:34:34.772 [qtp265310387-23] DEBUG org.eclipse.jetty.server.HttpConnection - HttpConnection@31b479e7::SocketChannelEndPoint@3c9c0ea5{l=/127.0.0.1:8080,r=/127.0.0.1:59953,OPEN,fill=-,flush=-,to=0/3600000}{io=0/0,kio=0,kro=1}->HttpConnection@31b479e7[p=HttpParser{s=START,0 of -1},g=HttpGenerator@150916fc{s=START}]=>HttpChannelOverHttp@2f6af355{s=HttpChannelState@14836c48{s=IDLE rs=BLOCKING os=OPEN is=IDLE awp=false se=false i=true al=0},r=0,c=false/false,a=IDLE,uri=null,age=0} parse HeapByteBuffer@25e83041[p=0,l=152,c=8192,r=152]={<<<GET /todos HTTP/1.1\r\nHost...oding: gzip,deflate\r\n\r\n>>>\n)\r\nAccep...\x00\x00\x00\x00\x00\x00\x00} {}
21:34:34.772 [qtp265310387-23] DEBUG org.eclipse.jetty.http.HttpParser - parseNext s=START HeapByteBuffer@25e83041[p=0,l=152,c=8192,r=152]={<<<GET /todos HTTP/1.1\r\nHost...oding: gzip,deflate\r\n\r\n>>>\n)\r\nAccep...\x00\x00\x00\x00\x00\x00\x00}
21:34:34.772 [qtp265310387-23] DEBUG org.eclipse.jetty.http.HttpParser - START --> SPACE1
21:34:34.772 [qtp265310387-23] DEBUG org.eclipse.jetty.http.HttpParser - SPACE1 --> URI
21:34:34.772 [qtp265310387-23] DEBUG org.eclipse.jetty.http.HttpParser - URI --> SPACE2
21:34:34.772 [qtp265310387-23] DEBUG org.eclipse.jetty.http.HttpParser - SPACE2 --> REQUEST_VERSION
21:34:34.772 [qtp265310387-23] DEBUG org.eclipse.jetty.http.HttpParser - REQUEST_VERSION --> HEADER
21:34:34.772 [qtp265310387-23] DEBUG org.eclipse.jetty.http.HttpParser - HEADER:Host --> VALUE
21:34:34.772 [qtp265310387-23] DEBUG org.eclipse.jetty.http.HttpParser - HEADER:Host --> IN_VALUE
21:34:34.772 [qtp265310387-23] DEBUG org.eclipse.jetty.http.HttpParser - HEADER:Host --> FIELD
21:34:34.772 [qtp265310387-23] DEBUG org.eclipse.jetty.http.HttpParser - HEADER:Connection: keep-alive --> IN_VALUE
21:34:34.772 [qtp265310387-23] DEBUG org.eclipse.jetty.http.HttpParser - HEADER:Connection: keep-alive --> FIELD
21:34:34.772 [qtp265310387-23] DEBUG org.eclipse.jetty.http.HttpParser - HEADER:User-Agent --> VALUE
21:34:34.772 [qtp265310387-23] DEBUG org.eclipse.jetty.http.HttpParser - HEADER:User-Agent --> IN_VALUE
21:34:34.772 [qtp265310387-23] DEBUG org.eclipse.jetty.http.HttpParser - HEADER:User-Agent --> FIELD
21:34:34.772 [qtp265310387-23] DEBUG org.eclipse.jetty.http.HttpParser - HEADER:Accept-Encoding --> IN_VALUE
21:34:34.772 [qtp265310387-23] DEBUG org.eclipse.jetty.http.HttpParser - HEADER:Accept-Encoding --> FIELD
21:34:34.772 [qtp265310387-23] DEBUG org.eclipse.jetty.http.HttpParser - HEADER --> CONTENT
21:34:34.772 [qtp265310387-23] DEBUG org.eclipse.jetty.server.HttpChannel - REQUEST for //localhost:8080/todos on HttpChannelOverHttp@2f6af355{s=HttpChannelState@14836c48{s=IDLE rs=BLOCKING os=OPEN is=IDLE awp=false se=false i=true al=0},r=1,c=false/false,a=IDLE,uri=//localhost:8080/todos,age=0}
GET //localhost:8080/todos HTTP/1.1
Host: localhost:8080
Connection: keep-alive
User-Agent: Apache-HttpClient/4.5.14 (Java/17.0.9)
Accept-Encoding: gzip,deflate


21:34:34.772 [qtp265310387-23] DEBUG org.eclipse.jetty.server.HttpConnection - HttpConnection@31b479e7::SocketChannelEndPoint@3c9c0ea5{l=/127.0.0.1:8080,r=/127.0.0.1:59953,OPEN,fill=-,flush=-,to=0/3600000}{io=0/0,kio=0,kro=1}->HttpConnection@31b479e7[p=HttpParser{s=CONTENT,0 of -1},g=HttpGenerator@150916fc{s=START}]=>HttpChannelOverHttp@2f6af355{s=HttpChannelState@14836c48{s=IDLE rs=BLOCKING os=OPEN is=IDLE awp=false se=false i=true al=0},r=1,c=false/false,a=IDLE,uri=//localhost:8080/todos,age=0} parsed true HttpParser{s=CONTENT,0 of -1}
21:34:34.772 [qtp265310387-23] DEBUG org.eclipse.jetty.server.HttpConnection - releaseRequestBuffer HttpConnection@31b479e7::SocketChannelEndPoint@3c9c0ea5{l=/127.0.0.1:8080,r=/127.0.0.1:59953,OPEN,fill=-,flush=-,to=0/3600000}{io=0/0,kio=0,kro=1}->HttpConnection@31b479e7[p=HttpParser{s=CONTENT,0 of -1},g=HttpGenerator@150916fc{s=START}]=>HttpChannelOverHttp@2f6af355{s=HttpChannelState@14836c48{s=IDLE rs=BLOCKING os=OPEN is=IDLE awp=false se=false i=true al=0},r=1,c=false/false,a=IDLE,uri=//localhost:8080/todos,age=0}
21:34:34.772 [qtp265310387-23] DEBUG org.eclipse.jetty.server.HttpChannel - handle //localhost:8080/todos HttpChannelOverHttp@2f6af355{s=HttpChannelState@14836c48{s=IDLE rs=BLOCKING os=OPEN is=IDLE awp=false se=false i=true al=0},r=1,c=false/false,a=IDLE,uri=//localhost:8080/todos,age=0} 
21:34:34.772 [qtp265310387-23] DEBUG org.eclipse.jetty.server.HttpChannelState - handling HttpChannelState@14836c48{s=IDLE rs=BLOCKING os=OPEN is=IDLE awp=false se=false i=true al=0}
21:34:34.772 [qtp265310387-23] DEBUG org.eclipse.jetty.server.HttpChannel - action DISPATCH HttpChannelOverHttp@2f6af355{s=HttpChannelState@14836c48{s=HANDLING rs=BLOCKING os=OPEN is=IDLE awp=false se=false i=true al=0},r=1,c=false/false,a=HANDLING,uri=//localhost:8080/todos,age=0}
21:34:34.772 [qtp265310387-23] DEBUG org.eclipse.jetty.server.Server - REQUEST GET /todos on HttpChannelOverHttp@2f6af355{s=HttpChannelState@14836c48{s=HANDLING rs=BLOCKING os=OPEN is=IDLE awp=false se=false i=true al=0},r=1,c=false/false,a=HANDLING,uri=//localhost:8080/todos,age=0}
21:34:34.772 [qtp265310387-23] DEBUG org.eclipse.jetty.server.session - Entering scope spark.embeddedserver.jetty.JettyHandler13365860==dftMaxIdleSec=-1, dispatch=REQUEST asyncstarted=false
21:34:34.772 [qtp265310387-23] DEBUG org.eclipse.jetty.server.session - sessionHandler=spark.embeddedserver.jetty.JettyHandler13365860==dftMaxIdleSec=-1 session=null
21:34:34.773 [qtp265310387-23] DEBUG org.eclipse.jetty.server.HttpOutput - write(array HeapByteBuffer@6c71dae3[p=0,l=80,c=80,r=80]={<<<[{"id":"abfaf4f5-df65-4c4...rst","complete":false}]>>>})
21:34:34.773 [qtp265310387-23] DEBUG org.eclipse.jetty.server.HttpOutput - write(array) s=OPEN,api=BLOCKING,sc=false,e=null aggregated !flush DirectByteBuffer@5285689a[p=0,l=80,c=32768,r=80]={<<<[{"id":"abfaf4f5-df65-4c4...rst","complete":false}]>>>\x00\x00\x00\x00\x00\x00\x00\x00\x00...\x00\x00\x00\x00\x00\x00\x00}
21:34:34.773 [qtp265310387-23] DEBUG org.eclipse.jetty.server.HttpChannel - sendResponse info=null content=DirectByteBuffer@5285689a[p=0,l=80,c=32768,r=80]={<<<[{"id":"abfaf4f5-df65-4c4...rst","complete":false}]>>>\x00\x00\x00\x00\x00\x00\x00\x00\x00...\x00\x00\x00\x00\x00\x00\x00} complete=false committing=true callback=Blocker@3ed13ca1{null}
21:34:34.773 [qtp265310387-23] DEBUG org.eclipse.jetty.server.HttpChannel - COMMIT for /todos on HttpChannelOverHttp@2f6af355{s=HttpChannelState@14836c48{s=HANDLING rs=BLOCKING os=COMMITTED is=IDLE awp=false se=false i=true al=0},r=1,c=false/false,a=HANDLING,uri=//localhost:8080/todos,age=1}
200 null HTTP/1.1
Date: Sun, 26 Oct 2025 20:34:34 GMT
Content-Type: application/json


21:34:34.773 [qtp265310387-23] DEBUG org.eclipse.jetty.server.HttpConnection - generate: NEED_HEADER for SendCallback@7094321e[PROCESSING][i=HTTP/1.1{s=200,h=2,cl=-1},cb=org.eclipse.jetty.server.HttpChannel$SendCallback@edcc3dc] (null,[p=0,l=80,c=32768,r=80],false)@START
21:34:34.773 [qtp265310387-23] DEBUG org.eclipse.jetty.http.HttpGenerator - generateHeaders HTTP/1.1{s=200,h=2,cl=-1} last=false content=DirectByteBuffer@5285689a[p=0,l=80,c=32768,r=80]={<<<[{"id":"abfaf4f5-df65-4c4...rst","complete":false}]>>>\x00\x00\x00\x00\x00\x00\x00\x00\x00...\x00\x00\x00\x00\x00\x00\x00}
21:34:34.773 [qtp265310387-23] DEBUG org.eclipse.jetty.http.HttpGenerator - Date: Sun, 26 Oct 2025 20:34:34 GMT
Content-Type: application/json


21:34:34.773 [qtp265310387-23] DEBUG org.eclipse.jetty.http.HttpGenerator - CHUNKED_CONTENT
21:34:34.773 [qtp265310387-23] DEBUG org.eclipse.jetty.server.HttpConnection - generate: FLUSH for SendCallback@7094321e[PROCESSING][i=HTTP/1.1{s=200,h=2,cl=-1},cb=org.eclipse.jetty.server.HttpChannel$SendCallback@edcc3dc] ([p=0,l=153,c=8192,r=153],[p=0,l=80,c=32768,r=80],false)@COMMITTED
21:34:34.773 [qtp265310387-23] DEBUG org.eclipse.jetty.io.WriteFlusher - write: WriteFlusher@6c18b626{IDLE}->null [HeapByteBuffer@25e83041[p=0,l=153,c=8192,r=153]={<<<HTTP/1.1 200 OK\r\nDate: Su...4.48.v20220622)\r\n\r\n50\r\n>>>)\r\nAccept...\x00\x00\x00\x00\x00\x00\x00},DirectByteBuffer@5285689a[p=0,l=80,c=32768,r=80]={<<<[{"id":"abfaf4f5-df65-4c4...rst","complete":false}]>>>\x00\x00\x00\x00\x00\x00\x00\x00\x00...\x00\x00\x00\x00\x00\x00\x00}]
21:34:34.773 [qtp265310387-23] DEBUG org.eclipse.jetty.io.WriteFlusher - update WriteFlusher@6c18b626{WRITING}->null:IDLE-->WRITING
21:34:34.774 [qtp265310387-23] DEBUG org.eclipse.jetty.io.ChannelEndPoint - flushed 233 SocketChannelEndPoint@3c9c0ea5{l=/127.0.0.1:8080,r=/127.0.0.1:59953,OPEN,fill=-,flush=W,to=1/3600000}{io=0/0,kio=0,kro=1}->HttpConnection@31b479e7[p=HttpParser{s=CONTENT,0 of -1},g=HttpGenerator@150916fc{s=COMMITTED}]=>HttpChannelOverHttp@2f6af355{s=HttpChannelState@14836c48{s=HANDLING rs=BLOCKING os=COMMITTED is=IDLE awp=false se=false i=true al=0},r=1,c=false/false,a=HANDLING,uri=//localhost:8080/todos,age=2}
21:34:34.774 [qtp265310387-23] DEBUG org.eclipse.jetty.io.WriteFlusher - Flushed=true written=233 remaining=0 WriteFlusher@6c18b626{WRITING}->null
21:34:34.774 [qtp265310387-23] DEBUG org.eclipse.jetty.io.WriteFlusher - update WriteFlusher@6c18b626{IDLE}->null:WRITING-->IDLE
21:34:34.774 [qtp265310387-23] DEBUG org.eclipse.jetty.server.HttpConnection - generate: DONE for SendCallback@7094321e[PROCESSING][i=HTTP/1.1{s=200,h=2,cl=-1},cb=org.eclipse.jetty.server.HttpChannel$SendCallback@edcc3dc] ([p=153,l=153,c=8192,r=0],[p=80,l=80,c=32768,r=0],false)@COMMITTED
21:34:34.774 [main] DEBUG org.apache.http.wire - http-outgoing-2 << "HTTP/1.1 200 OK[\r][\n]"
21:34:34.774 [main] DEBUG org.apache.http.wire - http-outgoing-2 << "Date: Sun, 26 Oct 2025 20:34:34 GMT[\r][\n]"
21:34:34.774 [qtp265310387-23] DEBUG org.eclipse.jetty.server.HttpOutput - onWriteComplete(false,null) s=OPEN,api=BLOCKED,sc=false,e=null->s=OPEN,api=BLOCKING,sc=false,e=null c=null cb=null w=false
21:34:34.774 [main] DEBUG org.apache.http.wire - http-outgoing-2 << "Content-Type: application/json[\r][\n]"
21:34:34.774 [qtp265310387-23] DEBUG org.eclipse.jetty.server.HttpOutput - close() s=CLOSING,api=BLOCKED,sc=false,e=null c=HeapByteBuffer@6db4bfd0[p=0,l=0,c=0,r=0]={<<<>>>} b=Blocker@3ed13ca1{null}
21:34:34.774 [main] DEBUG org.apache.http.wire - http-outgoing-2 << "Transfer-Encoding: chunked[\r][\n]"
21:34:34.774 [qtp265310387-23] DEBUG org.eclipse.jetty.server.HttpChannel - sendResponse info=null content=HeapByteBuffer@6db4bfd0[p=0,l=0,c=0,r=0]={<<<>>>} complete=true committing=false callback=Blocker@3ed13ca1{null}
21:34:34.774 [main] DEBUG org.apache.http.wire - http-outgoing-2 << "Server: Jetty(9.4.48.v20220622)[\r][\n]"
21:34:34.774 [main] DEBUG org.apache.http.wire - http-outgoing-2 << "[\r][\n]"
21:34:34.774 [main] DEBUG org.apache.http.wire - http-outgoing-2 << "50[\r][\n]"
21:34:34.774 [qtp265310387-23] DEBUG org.eclipse.jetty.server.HttpConnection - generate: CONTINUE for SendCallback@7094321e[PROCESSING][i=null,cb=org.eclipse.jetty.server.HttpChannel$SendCallback@5b9bab30] (null,[p=0,l=0,c=0,r=0],true)@COMPLETING
21:34:34.774 [main] DEBUG org.apache.http.wire - http-outgoing-2 << "[{"id":"abfaf4f5-df65-4c46-8d48-e0ecda2c98ab","title":"First","complete":false}]"
21:34:34.774 [qtp265310387-23] DEBUG org.eclipse.jetty.server.HttpConnection - generate: NEED_CHUNK for SendCallback@7094321e[PROCESSING][i=null,cb=org.eclipse.jetty.server.HttpChannel$SendCallback@5b9bab30] (null,[p=0,l=0,c=0,r=0],true)@COMPLETING
21:34:34.774 [main] DEBUG org.apache.http.headers - http-outgoing-2 << HTTP/1.1 200 OK
21:34:34.774 [main] DEBUG org.apache.http.headers - http-outgoing-2 << Date: Sun, 26 Oct 2025 20:34:34 GMT
21:34:34.774 [qtp265310387-23] DEBUG org.eclipse.jetty.server.HttpConnection - generate: FLUSH for SendCallback@7094321e[PROCESSING][i=null,cb=org.eclipse.jetty.server.HttpChannel$SendCallback@5b9bab30] (null,[p=0,l=0,c=0,r=0],true)@COMPLETING
21:34:34.774 [qtp265310387-23] DEBUG org.eclipse.jetty.io.WriteFlusher - write: WriteFlusher@6c18b626{IDLE}->null [HeapByteBuffer@325857d6[p=0,l=7,c=1024,r=7]={<<<\r\n0\r\n\r\n>>>\x00\x00\x00\x00\x00\x00\x00\x00\x00...\x00\x00\x00\x00\x00\x00\x00}]
21:34:34.774 [main] DEBUG org.apache.http.headers - http-outgoing-2 << Content-Type: application/json
21:34:34.774 [main] DEBUG org.apache.http.headers - http-outgoing-2 << Transfer-Encoding: chunked
21:34:34.774 [main] DEBUG org.apache.http.headers - http-outgoing-2 << Server: Jetty(9.4.48.v20220622)
21:34:34.774 [qtp265310387-23] DEBUG org.eclipse.jetty.io.WriteFlusher - update WriteFlusher@6c18b626{WRITING}->null:IDLE-->WRITING
21:34:34.774 [qtp265310387-23] DEBUG org.eclipse.jetty.io.ChannelEndPoint - flushed 7 SocketChannelEndPoint@3c9c0ea5{l=/127.0.0.1:8080,r=/127.0.0.1:59953,OPEN,fill=-,flush=W,to=0/3600000}{io=0/0,kio=0,kro=1}->HttpConnection@31b479e7[p=HttpParser{s=CONTENT,0 of -1},g=HttpGenerator@150916fc{s=COMPLETING}]=>HttpChannelOverHttp@2f6af355{s=HttpChannelState@14836c48{s=HANDLING rs=BLOCKING os=COMMITTED is=IDLE awp=false se=false i=true al=0},r=1,c=false/false,a=HANDLING,uri=//localhost:8080/todos,age=2}
21:34:34.774 [qtp265310387-23] DEBUG org.eclipse.jetty.io.WriteFlusher - Flushed=true written=7 remaining=0 WriteFlusher@6c18b626{WRITING}->null
21:34:34.774 [qtp265310387-23] DEBUG org.eclipse.jetty.io.WriteFlusher - update WriteFlusher@6c18b626{IDLE}->null:WRITING-->IDLE
21:34:34.774 [qtp265310387-23] DEBUG org.eclipse.jetty.server.HttpConnection - generate: DONE for SendCallback@7094321e[PROCESSING][i=null,cb=org.eclipse.jetty.server.HttpChannel$SendCallback@5b9bab30] (null,[p=0,l=0,c=0,r=0],true)@END
21:34:34.774 [qtp265310387-23] DEBUG org.eclipse.jetty.server.HttpOutput - onWriteComplete(true,null) s=CLOSING,api=BLOCKED,sc=false,e=null->s=CLOSED,api=BLOCKING,sc=false,e=null c=null cb=null w=false
21:34:34.774 [qtp265310387-23] DEBUG org.eclipse.jetty.server.session - Leaving scope spark.embeddedserver.jetty.JettyHandler13365860==dftMaxIdleSec=-1 dispatch=REQUEST, async=false, session=null, oldsession=null, oldsessionhandler=null
21:34:34.774 [qtp265310387-23] DEBUG org.eclipse.jetty.server.Server - handled=true async=false committed=true on HttpChannelOverHttp@2f6af355{s=HttpChannelState@14836c48{s=HANDLING rs=BLOCKING os=COMPLETED is=IDLE awp=false se=false i=true al=0},r=1,c=false/true,a=HANDLING,uri=//localhost:8080/todos,age=2}
21:34:34.774 [qtp265310387-23] DEBUG org.eclipse.jetty.server.HttpChannelState - unhandle HttpChannelState@14836c48{s=HANDLING rs=BLOCKING os=COMPLETED is=IDLE awp=false se=false i=true al=0}
21:34:34.774 [qtp265310387-23] DEBUG org.eclipse.jetty.server.HttpChannelState - nextAction(false) COMPLETE HttpChannelState@14836c48{s=HANDLING rs=COMPLETING os=COMPLETED is=IDLE awp=false se=false i=false al=0}
21:34:34.774 [qtp265310387-23] DEBUG org.eclipse.jetty.server.HttpChannel - action COMPLETE HttpChannelOverHttp@2f6af355{s=HttpChannelState@14836c48{s=HANDLING rs=COMPLETING os=COMPLETED is=IDLE awp=false se=false i=false al=0},r=1,c=false/true,a=HANDLING,uri=//localhost:8080/todos,age=2}
21:34:34.774 [qtp265310387-23] DEBUG org.eclipse.jetty.server.HttpOutput - complete(org.eclipse.jetty.util.Callback$3@ace669f) s=CLOSED,api=BLOCKING,sc=false,e=null s=true e=null, c=null
21:34:34.774 [qtp265310387-23] DEBUG org.eclipse.jetty.server.HttpChannelState - completed HttpChannelState@14836c48{s=HANDLING rs=COMPLETING os=COMPLETED is=IDLE awp=false se=false i=false al=0}
21:34:34.774 [qtp265310387-23] DEBUG org.eclipse.jetty.server.HttpChannelState - unhandle HttpChannelState@14836c48{s=HANDLING rs=COMPLETED os=COMPLETED is=IDLE awp=false se=false i=false al=0}
21:34:34.774 [qtp265310387-23] DEBUG org.eclipse.jetty.server.HttpChannelState - nextAction(false) TERMINATED HttpChannelState@14836c48{s=IDLE rs=COMPLETED os=COMPLETED is=IDLE awp=false se=false i=false al=0}
21:34:34.774 [qtp265310387-23] DEBUG org.eclipse.jetty.server.HttpChannel - action TERMINATED HttpChannelOverHttp@2f6af355{s=HttpChannelState@14836c48{s=IDLE rs=COMPLETED os=COMPLETED is=IDLE awp=false se=false i=false al=0},r=1,c=true/true,a=IDLE,uri=//localhost:8080/todos,age=2}
21:34:34.774 [main] DEBUG org.apache.http.impl.execchain.MainClientExec - Connection can be kept alive indefinitely
21:34:34.774 [qtp265310387-23] DEBUG org.eclipse.jetty.server.HttpChannel - onCompleted for /todos written=80
21:34:34.774 [main] DEBUG org.apache.http.wire - http-outgoing-2 << "[\r][\n]"
21:34:34.774 [main] DEBUG org.apache.http.wire - http-outgoing-2 << "0[\r][\n]"
21:34:34.774 [main] DEBUG org.apache.http.wire - http-outgoing-2 << "[\r][\n]"
21:34:34.774 [main] DEBUG org.apache.http.impl.conn.PoolingHttpClientConnectionManager - Connection [id: 2][route: {}->http://localhost:8080] can be kept alive indefinitely
21:34:34.774 [main] DEBUG org.apache.http.impl.conn.DefaultManagedHttpClientConnection - http-outgoing-2: set socket timeout to 0
21:34:34.774 [qtp265310387-23] DEBUG org.eclipse.jetty.io.ChannelEndPoint - filled 0 HeapByteBuffer@25e83041[p=0,l=0,c=8192,r=0]={<<<>>>HTTP/1.1 ...\x00\x00\x00\x00\x00\x00\x00}
21:34:34.774 [qtp265310387-23] DEBUG org.eclipse.jetty.io.ChannelEndPoint - filled 0 HeapByteBuffer@25e83041[p=0,l=0,c=8192,r=0]={<<<>>>HTTP/1.1 ...\x00\x00\x00\x00\x00\x00\x00}
21:34:34.774 [main] DEBUG org.apache.http.impl.conn.PoolingHttpClientConnectionManager - Connection released: [id: 2][route: {}->http://localhost:8080][total available: 1; route allocated: 1 of 5; total allocated: 1 of 10]
21:34:34.774 [main] DEBUG org.apache.http.impl.conn.PoolingHttpClientConnectionManager - Connection manager is shutting down
21:34:34.774 [main] DEBUG org.apache.http.impl.conn.DefaultManagedHttpClientConnection - http-outgoing-2: Close connection
21:34:34.774 [qtp265310387-23] DEBUG org.eclipse.jetty.server.HttpConnection - HttpConnection@31b479e7::SocketChannelEndPoint@3c9c0ea5{l=/127.0.0.1:8080,r=/127.0.0.1:59953,OPEN,fill=-,flush=-,to=0/3600000}{io=0/0,kio=0,kro=1}->HttpConnection@31b479e7[p=HttpParser{s=CONTENT,0 of -1},g=HttpGenerator@150916fc{s=END}]=>HttpChannelOverHttp@2f6af355{s=HttpChannelState@14836c48{s=IDLE rs=COMPLETED os=COMPLETED is=IDLE awp=false se=false i=false al=0},r=1,c=true/true,a=IDLE,uri=//localhost:8080/todos,age=2} filled 0 HeapByteBuffer@25e83041[p=0,l=0,c=8192,r=0]={<<<>>>HTTP/1.1 ...\x00\x00\x00\x00\x00\x00\x00}
21:34:34.774 [main] DEBUG org.apache.http.impl.conn.PoolingHttpClientConnectionManager - Connection manager shut down
21:34:34.774 [qtp265310387-23] DEBUG org.eclipse.jetty.server.HttpConnection - HttpConnection@31b479e7::SocketChannelEndPoint@3c9c0ea5{l=/127.0.0.1:8080,r=/127.0.0.1:59953,OPEN,fill=-,flush=-,to=0/3600000}{io=0/0,kio=0,kro=1}->HttpConnection@31b479e7[p=HttpParser{s=CONTENT,0 of -1},g=HttpGenerator@150916fc{s=END}]=>HttpChannelOverHttp@2f6af355{s=HttpChannelState@14836c48{s=IDLE rs=COMPLETED os=COMPLETED is=IDLE awp=false se=false i=false al=0},r=1,c=true/true,a=IDLE,uri=//localhost:8080/todos,age=2} parse HeapByteBuffer@25e83041[p=0,l=0,c=8192,r=0]={<<<>>>HTTP/1.1 ...\x00\x00\x00\x00\x00\x00\x00} {}
21:34:34.774 [qtp265310387-23] DEBUG org.eclipse.jetty.http.HttpParser - parseNext s=CONTENT HeapByteBuffer@25e83041[p=0,l=0,c=8192,r=0]={<<<>>>HTTP/1.1 ...\x00\x00\x00\x00\x00\x00\x00}
21:34:34.774 [qtp265310387-23] DEBUG org.eclipse.jetty.http.HttpParser - CONTENT --> CONTENT_END
21:34:34.774 [qtp265310387-23] DEBUG org.eclipse.jetty.server.HttpChannel - onContentComplete HttpChannelOverHttp@2f6af355{s=HttpChannelState@14836c48{s=IDLE rs=COMPLETED os=COMPLETED is=IDLE awp=false se=false i=false al=0},r=1,c=true/true,a=IDLE,uri=//localhost:8080/todos,age=2}
21:34:34.774 [qtp265310387-23] DEBUG org.eclipse.jetty.http.HttpParser - CONTENT_END --> END
21:34:34.774 [qtp265310387-23] DEBUG org.eclipse.jetty.server.HttpChannel - onRequestComplete HttpChannelOverHttp@2f6af355{s=HttpChannelState@14836c48{s=IDLE rs=COMPLETED os=COMPLETED is=IDLE awp=false se=false i=false al=0},r=1,c=true/true,a=IDLE,uri=//localhost:8080/todos,age=2}
21:34:34.774 [qtp265310387-23] DEBUG org.eclipse.jetty.server.HttpInput - HttpInputOverHTTP@62648639[c=0,q=0,[0]=null,s=STREAM] addContent EOF
21:34:34.774 [main] DEBUG com.intuit.karate - response time in milliseconds: 4
3 < 200
3 < Date: Sun, 26 Oct 2025 20:34:34 GMT
3 < Content-Type: application/json
3 < Transfer-Encoding: chunked
3 < Server: Jetty(9.4.48.v20220622)
[{"id":"abfaf4f5-df65-4c46-8d48-e0ecda2c98ab","title":"First","complete":false}]

21:34:34.775 [qtp265310387-23] DEBUG org.eclipse.jetty.server.HttpConnection - HttpConnection@31b479e7::SocketChannelEndPoint@3c9c0ea5{l=/127.0.0.1:8080,r=/127.0.0.1:59953,OPEN,fill=-,flush=-,to=0/3600000}{io=0/0,kio=0,kro=1}->HttpConnection@31b479e7[p=HttpParser{s=END,0 of -1},g=HttpGenerator@150916fc{s=END}]=>HttpChannelOverHttp@2f6af355{s=HttpChannelState@14836c48{s=IDLE rs=COMPLETED os=COMPLETED is=IDLE awp=false se=false i=false al=0},r=1,c=true/true,a=IDLE,uri=//localhost:8080/todos,age=3} parsed false HttpParser{s=END,0 of -1}
21:34:34.775 [qtp265310387-23] DEBUG org.eclipse.jetty.server.HttpConnection - releaseRequestBuffer HttpConnection@31b479e7::SocketChannelEndPoint@3c9c0ea5{l=/127.0.0.1:8080,r=/127.0.0.1:59953,OPEN,fill=-,flush=-,to=0/3600000}{io=0/0,kio=0,kro=1}->HttpConnection@31b479e7[p=HttpParser{s=END,0 of -1},g=HttpGenerator@150916fc{s=END}]=>HttpChannelOverHttp@2f6af355{s=HttpChannelState@14836c48{s=IDLE rs=COMPLETED os=COMPLETED is=IDLE awp=false se=false i=false al=0},r=1,c=true/true,a=IDLE,uri=//localhost:8080/todos,age=3}
21:34:34.775 [qtp265310387-23] DEBUG org.eclipse.jetty.server.HttpChannelState - recycle HttpChannelState@14836c48{s=IDLE rs=COMPLETED os=COMPLETED is=IDLE awp=false se=false i=false al=0}
21:34:34.775 [qtp265310387-23] DEBUG org.eclipse.jetty.http.HttpParser - reset HttpParser{s=END,0 of -1}
21:34:34.775 [qtp265310387-23] DEBUG org.eclipse.jetty.http.HttpParser - END --> START
21:34:34.775 [qtp265310387-23] DEBUG org.eclipse.jetty.server.HttpChannel - !handle TERMINATED HttpChannelOverHttp@2f6af355{s=HttpChannelState@14836c48{s=IDLE rs=BLOCKING os=OPEN is=IDLE awp=false se=false i=true al=0},r=1,c=false/false,a=IDLE,uri=null,age=0}
21:34:34.775 [qtp265310387-23] DEBUG org.eclipse.jetty.io.AbstractEndPoint - shutdownInput SocketChannelEndPoint@3c9c0ea5{l=/127.0.0.1:8080,r=/127.0.0.1:59953,OPEN,fill=-,flush=-,to=0/3600000}{io=0/0,kio=0,kro=1}->HttpConnection@31b479e7[p=HttpParser{s=START,0 of -1},g=HttpGenerator@150916fc{s=START}]=>HttpChannelOverHttp@2f6af355{s=HttpChannelState@14836c48{s=IDLE rs=BLOCKING os=OPEN is=IDLE awp=false se=false i=true al=0},r=1,c=false/false,a=IDLE,uri=null,age=0}
21:34:34.775 [qtp265310387-23] DEBUG org.eclipse.jetty.io.ChannelEndPoint - filled -1 HeapByteBuffer@25e83041[p=0,l=0,c=8192,r=0]={<<<>>>HTTP/1.1 ...\x00\x00\x00\x00\x00\x00\x00}
21:34:34.775 [qtp265310387-23] DEBUG org.eclipse.jetty.http.HttpParser - atEOF HttpParser{s=START,0 of -1}
21:34:34.775 [qtp265310387-23] DEBUG org.eclipse.jetty.server.HttpConnection - HttpConnection@31b479e7::SocketChannelEndPoint@3c9c0ea5{l=/127.0.0.1:8080,r=/127.0.0.1:59953,ISHUT,fill=-,flush=-,to=0/3600000}{io=0/0,kio=0,kro=1}->HttpConnection@31b479e7[p=HttpParser{s=START,0 of -1},g=HttpGenerator@150916fc{s=START}]=>HttpChannelOverHttp@2f6af355{s=HttpChannelState@14836c48{s=IDLE rs=BLOCKING os=OPEN is=IDLE awp=false se=false i=true al=0},r=1,c=false/false,a=IDLE,uri=null,age=0} filled -1 HeapByteBuffer@25e83041[p=0,l=0,c=8192,r=0]={<<<>>>HTTP/1.1 ...\x00\x00\x00\x00\x00\x00\x00}
21:34:34.775 [qtp265310387-23] DEBUG org.eclipse.jetty.server.HttpConnection - HttpConnection@31b479e7::SocketChannelEndPoint@3c9c0ea5{l=/127.0.0.1:8080,r=/127.0.0.1:59953,ISHUT,fill=-,flush=-,to=0/3600000}{io=0/0,kio=0,kro=1}->HttpConnection@31b479e7[p=HttpParser{s=START,0 of -1},g=HttpGenerator@150916fc{s=START}]=>HttpChannelOverHttp@2f6af355{s=HttpChannelState@14836c48{s=IDLE rs=BLOCKING os=OPEN is=IDLE awp=false se=false i=true al=0},r=1,c=false/false,a=IDLE,uri=null,age=0} parse HeapByteBuffer@25e83041[p=0,l=0,c=8192,r=0]={<<<>>>HTTP/1.1 ...\x00\x00\x00\x00\x00\x00\x00} {}
21:34:34.775 [qtp265310387-23] DEBUG org.eclipse.jetty.http.HttpParser - parseNext s=START HeapByteBuffer@25e83041[p=0,l=0,c=8192,r=0]={<<<>>>HTTP/1.1 ...\x00\x00\x00\x00\x00\x00\x00}
21:34:34.775 [qtp265310387-23] DEBUG org.eclipse.jetty.http.HttpParser - START --> CLOSED
21:34:34.775 [qtp265310387-23] DEBUG org.eclipse.jetty.io.AbstractEndPoint - close SocketChannelEndPoint@3c9c0ea5{l=/127.0.0.1:8080,r=/127.0.0.1:59953,ISHUT,fill=-,flush=-,to=0/3600000}{io=0/0,kio=0,kro=1}->HttpConnection@31b479e7[p=HttpParser{s=CLOSED,0 of -1},g=HttpGenerator@150916fc{s=START}]=>HttpChannelOverHttp@2f6af355{s=HttpChannelState@14836c48{s=IDLE rs=BLOCKING os=OPEN is=IDLE awp=false se=false i=true al=0},r=1,c=false/false,a=IDLE,uri=null,age=0}
21:34:34.775 [qtp265310387-23] DEBUG org.eclipse.jetty.io.AbstractEndPoint - close(null) SocketChannelEndPoint@3c9c0ea5{l=/127.0.0.1:8080,r=/127.0.0.1:59953,ISHUT,fill=-,flush=-,to=0/3600000}{io=0/0,kio=0,kro=1}->HttpConnection@31b479e7[p=HttpParser{s=CLOSED,0 of -1},g=HttpGenerator@150916fc{s=START}]=>HttpChannelOverHttp@2f6af355{s=HttpChannelState@14836c48{s=IDLE rs=BLOCKING os=OPEN is=IDLE awp=false se=false i=true al=0},r=1,c=false/false,a=IDLE,uri=null,age=0}
21:34:34.775 [qtp265310387-23] DEBUG org.eclipse.jetty.io.ChannelEndPoint - doClose SocketChannelEndPoint@3c9c0ea5{l=/127.0.0.1:8080,r=/127.0.0.1:59953,CLOSED,fill=-,flush=-,to=0/3600000}{io=0/0,kio=0,kro=1}->HttpConnection@31b479e7[p=HttpParser{s=CLOSED,0 of -1},g=HttpGenerator@150916fc{s=START}]=>HttpChannelOverHttp@2f6af355{s=HttpChannelState@14836c48{s=IDLE rs=BLOCKING os=OPEN is=IDLE awp=false se=false i=true al=0},r=1,c=false/false,a=IDLE,uri=null,age=0}
21:34:34.775 [qtp265310387-23] DEBUG org.eclipse.jetty.io.FillInterest - onClose FillInterest@1ae7c939{null}
21:34:34.775 [qtp265310387-23] DEBUG org.eclipse.jetty.io.ManagedSelector - Wakeup ManagedSelector@4e114ead{STARTED} id=3 keys=1 selected=0 updates=0
21:34:34.775 [qtp265310387-23] DEBUG org.eclipse.jetty.util.thread.QueuedThreadPool - queue org.eclipse.jetty.io.ManagedSelector$DestroyEndPoint@4be4a5d5 startThread=0
21:34:34.775 [qtp265310387-24] DEBUG org.eclipse.jetty.util.thread.QueuedThreadPool - run org.eclipse.jetty.io.ManagedSelector$DestroyEndPoint@4be4a5d5 in QueuedThreadPool[qtp265310387]@fd050b3{STARTED,8<=9<=200,i=0,r=-1,q=0}[ReservedThreadExecutor@34f8be00{reserved=1/10,pending=0}]
21:34:34.775 [qtp265310387-23] DEBUG org.eclipse.jetty.server.HttpConnection - HttpConnection@31b479e7::SocketChannelEndPoint@3c9c0ea5{l=/127.0.0.1:8080,r=/127.0.0.1:59953,CLOSED,fill=-,flush=-,to=0/3600000}{io=0/0,kio=-1,kro=-1}->HttpConnection@31b479e7[p=HttpParser{s=CLOSED,0 of -1},g=HttpGenerator@150916fc{s=START}]=>HttpChannelOverHttp@2f6af355{s=HttpChannelState@14836c48{s=IDLE rs=BLOCKING os=OPEN is=IDLE awp=false se=false i=true al=0},r=1,c=false/false,a=IDLE,uri=null,age=0} parsed false HttpParser{s=CLOSED,0 of -1}
21:34:34.775 [qtp265310387-24] DEBUG org.eclipse.jetty.io.ManagedSelector - Destroyed SocketChannelEndPoint@3c9c0ea5{l=/127.0.0.1:8080,r=/127.0.0.1:59953,CLOSED,fill=-,flush=-,to=0/3600000}{io=0/0,kio=-1,kro=-1}->HttpConnection@31b479e7[p=HttpParser{s=CLOSED,0 of -1},g=HttpGenerator@150916fc{s=START}]=>HttpChannelOverHttp@2f6af355{s=HttpChannelState@14836c48{s=IDLE rs=BLOCKING os=OPEN is=IDLE awp=false se=false i=true al=0},r=1,c=false/false,a=IDLE,uri=null,age=0}
21:34:34.775 [qtp265310387-24] DEBUG org.eclipse.jetty.io.AbstractConnection - onClose HttpConnection@31b479e7::SocketChannelEndPoint@3c9c0ea5{l=/127.0.0.1:8080,r=/127.0.0.1:59953,CLOSED,fill=-,flush=-,to=1/3600000}{io=0/0,kio=-1,kro=-1}->HttpConnection@31b479e7[p=HttpParser{s=CLOSED,0 of -1},g=HttpGenerator@150916fc{s=START}]=>HttpChannelOverHttp@2f6af355{s=HttpChannelState@14836c48{s=IDLE rs=BLOCKING os=OPEN is=IDLE awp=false se=false i=true al=0},r=1,c=false/false,a=IDLE,uri=null,age=0}
21:34:34.775 [qtp265310387-23] DEBUG org.eclipse.jetty.server.HttpConnection - releaseRequestBuffer HttpConnection@31b479e7::SocketChannelEndPoint@3c9c0ea5{l=/127.0.0.1:8080,r=/127.0.0.1:59953,CLOSED,fill=-,flush=-,to=0/3600000}{io=0/0,kio=-1,kro=-1}->HttpConnection@31b479e7[p=HttpParser{s=CLOSED,0 of -1},g=HttpGenerator@150916fc{s=START}]=>HttpChannelOverHttp@2f6af355{s=HttpChannelState@14836c48{s=IDLE rs=BLOCKING os=OPEN is=IDLE awp=false se=false i=true al=0},r=1,c=false/false,a=IDLE,uri=null,age=0}
21:34:34.775 [qtp265310387-24] DEBUG org.eclipse.jetty.util.thread.QueuedThreadPool - ran org.eclipse.jetty.io.ManagedSelector$DestroyEndPoint@4be4a5d5 in QueuedThreadPool[qtp265310387]@fd050b3{STARTED,8<=9<=200,i=0,r=-1,q=0}[ReservedThreadExecutor@34f8be00{reserved=1/10,pending=0}]
21:34:34.775 [qtp265310387-23] DEBUG org.eclipse.jetty.io.AbstractEndPoint - shutdownOutput SocketChannelEndPoint@3c9c0ea5{l=/127.0.0.1:8080,r=/127.0.0.1:59953,CLOSED,fill=-,flush=-,to=1/3600000}{io=0/0,kio=-1,kro=-1}->HttpConnection@31b479e7[p=HttpParser{s=CLOSED,0 of -1},g=HttpGenerator@150916fc{s=START}]=>HttpChannelOverHttp@2f6af355{s=HttpChannelState@14836c48{s=IDLE rs=BLOCKING os=OPEN is=IDLE awp=false se=false i=true al=0},r=1,c=false/false,a=IDLE,uri=null,age=0}
21:34:34.775 [qtp265310387-32] DEBUG org.eclipse.jetty.io.ManagedSelector - Selector sun.nio.ch.KQueueSelectorImpl@c77a50 woken with none selected
21:34:34.775 [qtp265310387-32] DEBUG org.eclipse.jetty.io.ManagedSelector - Selector sun.nio.ch.KQueueSelectorImpl@c77a50 woken up from select, 0/0/0 selected
21:34:34.775 [qtp265310387-23] DEBUG org.eclipse.jetty.server.HttpConnection - HttpConnection@31b479e7::SocketChannelEndPoint@3c9c0ea5{l=/127.0.0.1:8080,r=/127.0.0.1:59953,CLOSED,fill=-,flush=-,to=1/3600000}{io=0/0,kio=-1,kro=-1}->HttpConnection@31b479e7[p=HttpParser{s=CLOSED,0 of -1},g=HttpGenerator@150916fc{s=START}]=>HttpChannelOverHttp@2f6af355{s=HttpChannelState@14836c48{s=IDLE rs=BLOCKING os=OPEN is=IDLE awp=false se=false i=true al=0},r=1,c=false/false,a=IDLE,uri=null,age=0} onFillable exit HttpChannelState@14836c48{s=IDLE rs=BLOCKING os=OPEN is=IDLE awp=false se=false i=true al=0} null
21:34:34.775 [qtp265310387-32] DEBUG org.eclipse.jetty.io.ManagedSelector - Selector sun.nio.ch.KQueueSelectorImpl@c77a50 processing 0 keys, 0 updates
21:34:34.775 [qtp265310387-32] DEBUG org.eclipse.jetty.io.ManagedSelector - updateable 0
21:34:34.775 [qtp265310387-23] DEBUG org.eclipse.jetty.util.thread.QueuedThreadPool - ran org.eclipse.jetty.io.ManagedSelector$$Lambda$545/0x000000d00141c108@47c4d839 in QueuedThreadPool[qtp265310387]@fd050b3{STARTED,8<=9<=200,i=1,r=-1,q=0}[ReservedThreadExecutor@34f8be00{reserved=1/10,pending=0}]
21:34:34.775 [qtp265310387-32] DEBUG org.eclipse.jetty.io.ManagedSelector - updates 0
21:34:34.775 [qtp265310387-32] DEBUG org.eclipse.jetty.io.ManagedSelector - Selector sun.nio.ch.KQueueSelectorImpl@c77a50 waiting with 0 keys
21:34:34.776 [main] DEBUG com.jayway.jsonpath.internal.path.CompiledPath - Evaluating path: $
21:34:34.777 [main] DEBUG org.apache.http.client.protocol.RequestAddCookies - CookieSpec selected: karate
21:34:34.777 [main] DEBUG org.apache.http.client.protocol.RequestAuthCache - Auth cache not set in the context
21:34:34.777 [main] DEBUG com.intuit.karate - request:
4 > POST http://localhost:8080/todos
4 > Content-Type: text/plain; charset=UTF-8
4 > Content-Length: 6
4 > Host: localhost:8080
4 > Connection: Keep-Alive
4 > User-Agent: Apache-HttpClient/4.5.14 (Java/17.0.9)
4 > Accept-Encoding: gzip,deflate
Second

21:34:34.777 [main] DEBUG org.apache.http.impl.conn.PoolingHttpClientConnectionManager - Connection request: [route: {}->http://localhost:8080][total available: 0; route allocated: 0 of 5; total allocated: 0 of 10]
21:34:34.777 [main] DEBUG org.apache.http.impl.conn.PoolingHttpClientConnectionManager - Connection leased: [id: 3][route: {}->http://localhost:8080][total available: 0; route allocated: 1 of 5; total allocated: 1 of 10]
21:34:34.777 [main] DEBUG org.apache.http.impl.execchain.MainClientExec - Opening connection {}->http://localhost:8080
21:34:34.777 [main] DEBUG org.apache.http.impl.conn.DefaultHttpClientConnectionOperator - Connecting to localhost/127.0.0.1:8080
21:34:34.777 [main] DEBUG org.apache.http.impl.conn.DefaultHttpClientConnectionOperator - Connection established 127.0.0.1:59954<->127.0.0.1:8080
21:34:34.777 [main] DEBUG org.apache.http.impl.conn.DefaultManagedHttpClientConnection - http-outgoing-3: set socket timeout to 30000
21:34:34.777 [main] DEBUG org.apache.http.impl.execchain.MainClientExec - Executing request POST /todos HTTP/1.1
21:34:34.777 [main] DEBUG org.apache.http.impl.execchain.MainClientExec - Target auth state: UNCHALLENGED
21:34:34.777 [main] DEBUG org.apache.http.impl.execchain.MainClientExec - Proxy auth state: UNCHALLENGED
21:34:34.777 [qtp265310387-26-acceptor-0@63d5674b-ServerConnector@65cb396d{HTTP/1.1, (http/1.1)}{0.0.0.0:8080}] DEBUG org.eclipse.jetty.io.ManagedSelector - Queued change lazy=false Accept@656a7597[java.nio.channels.SocketChannel[connected local=/127.0.0.1:8080 remote=/127.0.0.1:59954]] on ManagedSelector@4d69af03{STARTED} id=4 keys=0 selected=0 updates=0
21:34:34.777 [qtp265310387-26-acceptor-0@63d5674b-ServerConnector@65cb396d{HTTP/1.1, (http/1.1)}{0.0.0.0:8080}] DEBUG org.eclipse.jetty.io.ManagedSelector - Wakeup on submit ManagedSelector@4d69af03{STARTED} id=4 keys=0 selected=0 updates=1
21:34:34.777 [main] DEBUG org.apache.http.headers - http-outgoing-3 >> POST /todos HTTP/1.1
21:34:34.777 [main] DEBUG org.apache.http.headers - http-outgoing-3 >> Content-Type: text/plain; charset=UTF-8
21:34:34.777 [main] DEBUG org.apache.http.headers - http-outgoing-3 >> Content-Length: 6
21:34:34.777 [main] DEBUG org.apache.http.headers - http-outgoing-3 >> Host: localhost:8080
21:34:34.781 [qtp265310387-25] DEBUG org.eclipse.jetty.io.ManagedSelector - Selector sun.nio.ch.KQueueSelectorImpl@7fa8f5ed woken with none selected
21:34:34.781 [main] DEBUG org.apache.http.headers - http-outgoing-3 >> Connection: Keep-Alive
21:34:34.781 [main] DEBUG org.apache.http.headers - http-outgoing-3 >> User-Agent: Apache-HttpClient/4.5.14 (Java/17.0.9)
21:34:34.781 [main] DEBUG org.apache.http.headers - http-outgoing-3 >> Accept-Encoding: gzip,deflate
21:34:34.781 [main] DEBUG org.apache.http.wire - http-outgoing-3 >> "POST /todos HTTP/1.1[\r][\n]"
21:34:34.781 [main] DEBUG org.apache.http.wire - http-outgoing-3 >> "Content-Type: text/plain; charset=UTF-8[\r][\n]"
21:34:34.781 [main] DEBUG org.apache.http.wire - http-outgoing-3 >> "Content-Length: 6[\r][\n]"
21:34:34.781 [main] DEBUG org.apache.http.wire - http-outgoing-3 >> "Host: localhost:8080[\r][\n]"
21:34:34.781 [main] DEBUG org.apache.http.wire - http-outgoing-3 >> "Connection: Keep-Alive[\r][\n]"
21:34:34.781 [main] DEBUG org.apache.http.wire - http-outgoing-3 >> "User-Agent: Apache-HttpClient/4.5.14 (Java/17.0.9)[\r][\n]"
21:34:34.781 [main] DEBUG org.apache.http.wire - http-outgoing-3 >> "Accept-Encoding: gzip,deflate[\r][\n]"
21:34:34.781 [main] DEBUG org.apache.http.wire - http-outgoing-3 >> "[\r][\n]"
21:34:34.781 [main] DEBUG org.apache.http.wire - http-outgoing-3 >> "Second"
21:34:34.781 [qtp265310387-25] DEBUG org.eclipse.jetty.io.ManagedSelector - Selector sun.nio.ch.KQueueSelectorImpl@7fa8f5ed woken up from select, 0/0/0 selected
21:34:34.782 [qtp265310387-25] DEBUG org.eclipse.jetty.io.ManagedSelector - Selector sun.nio.ch.KQueueSelectorImpl@7fa8f5ed processing 0 keys, 1 updates
21:34:34.782 [qtp265310387-25] DEBUG org.eclipse.jetty.io.ManagedSelector - updateable 1
21:34:34.782 [qtp265310387-25] DEBUG org.eclipse.jetty.io.ManagedSelector - update Accept@656a7597[java.nio.channels.SocketChannel[connected local=/127.0.0.1:8080 remote=/127.0.0.1:59954]]
21:34:34.782 [qtp265310387-25] DEBUG org.eclipse.jetty.util.thread.QueuedThreadPool - queue Accept@656a7597[java.nio.channels.SocketChannel[connected local=/127.0.0.1:8080 remote=/127.0.0.1:59954]] startThread=0
21:34:34.782 [qtp265310387-25] DEBUG org.eclipse.jetty.io.ManagedSelector - updates 0
21:34:34.782 [qtp265310387-25] DEBUG org.eclipse.jetty.io.ManagedSelector - Selector sun.nio.ch.KQueueSelectorImpl@7fa8f5ed waiting with 1 keys
21:34:34.782 [qtp265310387-24] DEBUG org.eclipse.jetty.util.thread.QueuedThreadPool - run Accept@656a7597[java.nio.channels.SocketChannel[connected local=/127.0.0.1:8080 remote=/127.0.0.1:59954]] in QueuedThreadPool[qtp265310387]@fd050b3{STARTED,8<=9<=200,i=1,r=-1,q=0}[ReservedThreadExecutor@34f8be00{reserved=1/10,pending=0}]
21:34:34.782 [qtp265310387-24] DEBUG org.eclipse.jetty.io.IdleTimeout - SocketChannelEndPoint@68ed42b0{l=/127.0.0.1:8080,r=/127.0.0.1:59954,OPEN,fill=-,flush=-,to=0/3600000}{io=0/0,kio=0,kro=0}-><null> idle timeout check, elapsed: 0 ms, remaining: 3600000 ms
21:34:34.782 [qtp265310387-24] DEBUG org.eclipse.jetty.server.HttpChannel - new HttpChannelOverHttp@358e07a7{s=HttpChannelState@1184be2e{s=IDLE rs=BLOCKING os=OPEN is=IDLE awp=false se=false i=true al=0},r=0,c=false/false,a=IDLE,uri=null,age=0} -> SocketChannelEndPoint@68ed42b0{l=/127.0.0.1:8080,r=/127.0.0.1:59954,OPEN,fill=-,flush=-,to=0/3600000}{io=0/0,kio=0,kro=0}-><null>,null,HttpChannelState@1184be2e{s=IDLE rs=BLOCKING os=OPEN is=IDLE awp=false se=false i=true al=0}
21:34:34.782 [qtp265310387-24] DEBUG org.eclipse.jetty.server.HttpConnection - New HTTP Connection HttpConnection@6ef34c25::SocketChannelEndPoint@68ed42b0{l=/127.0.0.1:8080,r=/127.0.0.1:59954,OPEN,fill=-,flush=-,to=0/3600000}{io=0/0,kio=0,kro=0}-><null>
21:34:34.782 [qtp265310387-24] DEBUG org.eclipse.jetty.io.ManagedSelector - Queued change lazy=true org.eclipse.jetty.io.ManagedSelector$$Lambda$580/0x000000d0014ab230@6c097b89 on ManagedSelector@4d69af03{STARTED} id=4 keys=1 selected=0 updates=0
21:34:34.782 [qtp265310387-24] DEBUG org.eclipse.jetty.io.AbstractEndPoint - onOpen SocketChannelEndPoint@68ed42b0{l=/127.0.0.1:8080,r=/127.0.0.1:59954,OPEN,fill=-,flush=-,to=0/3600000}{io=0/0,kio=0,kro=0}->HttpConnection@6ef34c25[p=HttpParser{s=START,0 of -1},g=HttpGenerator@297ffa90{s=START}]=>HttpChannelOverHttp@358e07a7{s=HttpChannelState@1184be2e{s=IDLE rs=BLOCKING os=OPEN is=IDLE awp=false se=false i=true al=0},r=0,c=false/false,a=IDLE,uri=null,age=0}
21:34:34.782 [qtp265310387-24] DEBUG org.eclipse.jetty.io.AbstractConnection - onOpen HttpConnection@6ef34c25::SocketChannelEndPoint@68ed42b0{l=/127.0.0.1:8080,r=/127.0.0.1:59954,OPEN,fill=-,flush=-,to=0/3600000}{io=0/0,kio=0,kro=0}->HttpConnection@6ef34c25[p=HttpParser{s=START,0 of -1},g=HttpGenerator@297ffa90{s=START}]=>HttpChannelOverHttp@358e07a7{s=HttpChannelState@1184be2e{s=IDLE rs=BLOCKING os=OPEN is=IDLE awp=false se=false i=true al=0},r=0,c=false/false,a=IDLE,uri=null,age=0}
21:34:34.782 [qtp265310387-24] DEBUG org.eclipse.jetty.io.AbstractConnection - fillInterested HttpConnection@6ef34c25::SocketChannelEndPoint@68ed42b0{l=/127.0.0.1:8080,r=/127.0.0.1:59954,OPEN,fill=-,flush=-,to=0/3600000}{io=0/0,kio=0,kro=0}->HttpConnection@6ef34c25[p=HttpParser{s=START,0 of -1},g=HttpGenerator@297ffa90{s=START}]=>HttpChannelOverHttp@358e07a7{s=HttpChannelState@1184be2e{s=IDLE rs=BLOCKING os=OPEN is=IDLE awp=false se=false i=true al=0},r=0,c=false/false,a=IDLE,uri=null,age=0}
21:34:34.782 [qtp265310387-24] DEBUG org.eclipse.jetty.io.FillInterest - interested FillInterest@1d3e545f{AC.ReadCB@6ef34c25{HttpConnection@6ef34c25::SocketChannelEndPoint@68ed42b0{l=/127.0.0.1:8080,r=/127.0.0.1:59954,OPEN,fill=FI,flush=-,to=0/3600000}{io=0/0,kio=0,kro=0}->HttpConnection@6ef34c25[p=HttpParser{s=START,0 of -1},g=HttpGenerator@297ffa90{s=START}]=>HttpChannelOverHttp@358e07a7{s=HttpChannelState@1184be2e{s=IDLE rs=BLOCKING os=OPEN is=IDLE awp=false se=false i=true al=0},r=0,c=false/false,a=IDLE,uri=null,age=0}}}
21:34:34.782 [qtp265310387-24] DEBUG org.eclipse.jetty.io.ChannelEndPoint - changeInterests p=false 0->1 for SocketChannelEndPoint@68ed42b0{l=/127.0.0.1:8080,r=/127.0.0.1:59954,OPEN,fill=FI,flush=-,to=0/3600000}{io=0/1,kio=0,kro=0}->HttpConnection@6ef34c25[p=HttpParser{s=START,0 of -1},g=HttpGenerator@297ffa90{s=START}]=>HttpChannelOverHttp@358e07a7{s=HttpChannelState@1184be2e{s=IDLE rs=BLOCKING os=OPEN is=IDLE awp=false se=false i=true al=0},r=0,c=false/false,a=IDLE,uri=null,age=0}
21:34:34.782 [qtp265310387-24] DEBUG org.eclipse.jetty.io.ManagedSelector - Queued change lazy=false org.eclipse.jetty.io.ChannelEndPoint$$Lambda$573/0x000000d00149ac38@6958b1b9 on ManagedSelector@4d69af03{STARTED} id=4 keys=1 selected=0 updates=1
21:34:34.782 [qtp265310387-24] DEBUG org.eclipse.jetty.io.ManagedSelector - Wakeup on submit ManagedSelector@4d69af03{STARTED} id=4 keys=1 selected=0 updates=2
21:34:34.782 [qtp265310387-25] DEBUG org.eclipse.jetty.io.ManagedSelector - Selector sun.nio.ch.KQueueSelectorImpl@7fa8f5ed woken with none selected
21:34:34.783 [qtp265310387-25] DEBUG org.eclipse.jetty.io.ManagedSelector - Selector sun.nio.ch.KQueueSelectorImpl@7fa8f5ed woken up from select, 0/0/1 selected
21:34:34.783 [qtp265310387-25] DEBUG org.eclipse.jetty.io.ManagedSelector - Selector sun.nio.ch.KQueueSelectorImpl@7fa8f5ed processing 0 keys, 2 updates
21:34:34.783 [qtp265310387-25] DEBUG org.eclipse.jetty.io.ManagedSelector - updateable 2
21:34:34.783 [qtp265310387-25] DEBUG org.eclipse.jetty.io.ManagedSelector - update org.eclipse.jetty.io.ManagedSelector$$Lambda$580/0x000000d0014ab230@6c097b89
21:34:34.783 [qtp265310387-25] DEBUG org.eclipse.jetty.io.ManagedSelector - update org.eclipse.jetty.io.ChannelEndPoint$$Lambda$573/0x000000d00149ac38@6958b1b9
21:34:34.783 [qtp265310387-25] DEBUG org.eclipse.jetty.io.ChannelEndPoint - Key interests updated 0 -> 1 on SocketChannelEndPoint@68ed42b0{l=/127.0.0.1:8080,r=/127.0.0.1:59954,OPEN,fill=FI,flush=-,to=0/3600000}{io=1/1,kio=1,kro=0}->HttpConnection@6ef34c25[p=HttpParser{s=START,0 of -1},g=HttpGenerator@297ffa90{s=START}]=>HttpChannelOverHttp@358e07a7{s=HttpChannelState@1184be2e{s=IDLE rs=BLOCKING os=OPEN is=IDLE awp=false se=false i=true al=0},r=0,c=false/false,a=IDLE,uri=null,age=0}
21:34:34.783 [qtp265310387-24] DEBUG org.eclipse.jetty.io.ManagedSelector - Created SocketChannelEndPoint@68ed42b0{l=/127.0.0.1:8080,r=/127.0.0.1:59954,OPEN,fill=FI,flush=-,to=0/3600000}{io=0/1,kio=0,kro=0}->HttpConnection@6ef34c25[p=HttpParser{s=START,0 of -1},g=HttpGenerator@297ffa90{s=START}]=>HttpChannelOverHttp@358e07a7{s=HttpChannelState@1184be2e{s=IDLE rs=BLOCKING os=OPEN is=IDLE awp=false se=false i=true al=0},r=0,c=false/false,a=IDLE,uri=null,age=0}
21:34:34.783 [qtp265310387-25] DEBUG org.eclipse.jetty.io.ManagedSelector - updates 0
21:34:34.783 [qtp265310387-25] DEBUG org.eclipse.jetty.io.ManagedSelector - Selector sun.nio.ch.KQueueSelectorImpl@7fa8f5ed waiting with 1 keys
21:34:34.783 [qtp265310387-24] DEBUG org.eclipse.jetty.util.thread.QueuedThreadPool - ran Accept@656a7597[java.nio.channels.SocketChannel[connected local=/127.0.0.1:8080 remote=/127.0.0.1:59954]] in QueuedThreadPool[qtp265310387]@fd050b3{STARTED,8<=9<=200,i=1,r=-1,q=0}[ReservedThreadExecutor@34f8be00{reserved=1/10,pending=0}]
21:34:34.783 [qtp265310387-25] DEBUG org.eclipse.jetty.io.ManagedSelector - Selector sun.nio.ch.KQueueSelectorImpl@7fa8f5ed woken up from select, 1/1/1 selected
21:34:34.783 [qtp265310387-25] DEBUG org.eclipse.jetty.io.ManagedSelector - Selector sun.nio.ch.KQueueSelectorImpl@7fa8f5ed processing 1 keys, 0 updates
21:34:34.783 [qtp265310387-25] DEBUG org.eclipse.jetty.io.ManagedSelector - selected 1 channel=java.nio.channels.SocketChannel[connected local=/127.0.0.1:8080 remote=/127.0.0.1:59954], selector=sun.nio.ch.KQueueSelectorImpl@7fa8f5ed, interestOps=1, readyOps=1 SocketChannelEndPoint@68ed42b0{l=/127.0.0.1:8080,r=/127.0.0.1:59954,OPEN,fill=FI,flush=-,to=0/3600000}{io=1/1,kio=1,kro=1}->HttpConnection@6ef34c25[p=HttpParser{s=START,0 of -1},g=HttpGenerator@297ffa90{s=START}]=>HttpChannelOverHttp@358e07a7{s=HttpChannelState@1184be2e{s=IDLE rs=BLOCKING os=OPEN is=IDLE awp=false se=false i=true al=0},r=0,c=false/false,a=IDLE,uri=null,age=0} 
21:34:34.783 [qtp265310387-25] DEBUG org.eclipse.jetty.io.ChannelEndPoint - onSelected 1->0 r=true w=false for SocketChannelEndPoint@68ed42b0{l=/127.0.0.1:8080,r=/127.0.0.1:59954,OPEN,fill=FI,flush=-,to=0/3600000}{io=1/0,kio=1,kro=1}->HttpConnection@6ef34c25[p=HttpParser{s=START,0 of -1},g=HttpGenerator@297ffa90{s=START}]=>HttpChannelOverHttp@358e07a7{s=HttpChannelState@1184be2e{s=IDLE rs=BLOCKING os=OPEN is=IDLE awp=false se=false i=true al=0},r=0,c=false/false,a=IDLE,uri=null,age=0}
21:34:34.783 [qtp265310387-25] DEBUG org.eclipse.jetty.io.ChannelEndPoint - task CEP:SocketChannelEndPoint@68ed42b0{l=/127.0.0.1:8080,r=/127.0.0.1:59954,OPEN,fill=FI,flush=-,to=0/3600000}{io=1/0,kio=1,kro=1}->HttpConnection@6ef34c25[p=HttpParser{s=START,0 of -1},g=HttpGenerator@297ffa90{s=START}]=>HttpChannelOverHttp@358e07a7{s=HttpChannelState@1184be2e{s=IDLE rs=BLOCKING os=OPEN is=IDLE awp=false se=false i=true al=0},r=0,c=false/false,a=IDLE,uri=null,age=0}:runFillable:BLOCKING
21:34:34.783 [qtp265310387-25] DEBUG org.eclipse.jetty.util.thread.ReservedThreadExecutor - ReservedThreadExecutor@34f8be00{reserved=1/10,pending=0} tryExecute EatWhatYouKill@236e9543/SelectorProducer@385666f5/PRODUCING/p=false/QueuedThreadPool[qtp265310387]@fd050b3{STARTED,8<=9<=200,i=2,r=-1,q=0}[ReservedThreadExecutor@34f8be00{reserved=1/10,pending=0}][pc=0,pic=0,pec=0,epc=0]@2025-10-26T21:34:34.783335+01:00
21:34:34.783 [qtp265310387-25] DEBUG org.eclipse.jetty.util.thread.ReservedThreadExecutor - ReservedThreadExecutor@34f8be00{reserved=0/10,pending=1} startReservedThread p=1
21:34:34.783 [qtp265310387-25] DEBUG org.eclipse.jetty.util.thread.QueuedThreadPool - queue ReservedThread@75509e9d{PENDING,thread=null} startThread=0
21:34:34.783 [qtp265310387-23] DEBUG org.eclipse.jetty.util.thread.QueuedThreadPool - run ReservedThread@75509e9d{PENDING,thread=null} in QueuedThreadPool[qtp265310387]@fd050b3{STARTED,8<=9<=200,i=1,r=-1,q=0}[ReservedThreadExecutor@34f8be00{reserved=0/10,pending=1}]
21:34:34.783 [qtp265310387-23] DEBUG org.eclipse.jetty.util.thread.ReservedThreadExecutor - ReservedThread@75509e9d{PENDING,thread=Thread[qtp265310387-23,5,main]} was=PENDING next=RESERVED size=0+1 capacity=10
21:34:34.783 [qtp265310387-23] DEBUG org.eclipse.jetty.util.thread.ReservedThreadExecutor - ReservedThread@75509e9d{RESERVED,thread=Thread[qtp265310387-23,5,main]} waiting ReservedThreadExecutor@34f8be00{reserved=1/10,pending=0}
21:34:34.783 [qtp265310387-25] DEBUG org.eclipse.jetty.util.thread.strategy.EatWhatYouKill - EatWhatYouKill@236e9543/SelectorProducer@385666f5/IDLE/p=true/QueuedThreadPool[qtp265310387]@fd050b3{STARTED,8<=9<=200,i=1,r=-1,q=0}[ReservedThreadExecutor@34f8be00{reserved=0/10,pending=1}][pc=0,pic=0,pec=0,epc=0]@2025-10-26T21:34:34.783481+01:00 m=EXECUTE_PRODUCE_CONSUME t=CEP:SocketChannelEndPoint@68ed42b0{l=/127.0.0.1:8080,r=/127.0.0.1:59954,OPEN,fill=FI,flush=-,to=0/3600000}{io=1/0,kio=1,kro=1}->HttpConnection@6ef34c25[p=HttpParser{s=START,0 of -1},g=HttpGenerator@297ffa90{s=START}]=>HttpChannelOverHttp@358e07a7{s=HttpChannelState@1184be2e{s=IDLE rs=BLOCKING os=OPEN is=IDLE awp=false se=false i=true al=0},r=0,c=false/false,a=IDLE,uri=null,age=0}:runFillable:BLOCKING/BLOCKING
21:34:34.783 [qtp265310387-25] DEBUG org.eclipse.jetty.io.FillInterest - fillable FillInterest@1d3e545f{AC.ReadCB@6ef34c25{HttpConnection@6ef34c25::SocketChannelEndPoint@68ed42b0{l=/127.0.0.1:8080,r=/127.0.0.1:59954,OPEN,fill=FI,flush=-,to=0/3600000}{io=1/0,kio=1,kro=1}->HttpConnection@6ef34c25[p=HttpParser{s=START,0 of -1},g=HttpGenerator@297ffa90{s=START}]=>HttpChannelOverHttp@358e07a7{s=HttpChannelState@1184be2e{s=IDLE rs=BLOCKING os=OPEN is=IDLE awp=false se=false i=true al=0},r=0,c=false/false,a=IDLE,uri=null,age=0}}}
21:34:34.783 [qtp265310387-22] DEBUG org.eclipse.jetty.util.thread.ReservedThreadExecutor - ReservedThread@a3f1120{RESERVED,thread=Thread[qtp265310387-22,5,main]} task=EatWhatYouKill@236e9543/SelectorProducer@385666f5/IDLE/p=true/QueuedThreadPool[qtp265310387]@fd050b3{STARTED,8<=9<=200,i=1,r=-1,q=0}[ReservedThreadExecutor@34f8be00{reserved=1/10,pending=0}][pc=0,pic=0,pec=0,epc=0]@2025-10-26T21:34:34.783573+01:00 ReservedThreadExecutor@34f8be00{reserved=1/10,pending=0}
21:34:34.783 [qtp265310387-25] DEBUG org.eclipse.jetty.server.HttpConnection - HttpConnection@6ef34c25::SocketChannelEndPoint@68ed42b0{l=/127.0.0.1:8080,r=/127.0.0.1:59954,OPEN,fill=-,flush=-,to=0/3600000}{io=1/0,kio=1,kro=1}->HttpConnection@6ef34c25[p=HttpParser{s=START,0 of -1},g=HttpGenerator@297ffa90{s=START}]=>HttpChannelOverHttp@358e07a7{s=HttpChannelState@1184be2e{s=IDLE rs=BLOCKING os=OPEN is=IDLE awp=false se=false i=true al=0},r=0,c=false/false,a=IDLE,uri=null,age=0} onFillable enter HttpChannelState@1184be2e{s=IDLE rs=BLOCKING os=OPEN is=IDLE awp=false se=false i=true al=0} null
21:34:34.783 [qtp265310387-22] DEBUG org.eclipse.jetty.util.thread.strategy.EatWhatYouKill - EatWhatYouKill@236e9543/SelectorProducer@385666f5/IDLE/p=true/QueuedThreadPool[qtp265310387]@fd050b3{STARTED,8<=9<=200,i=1,r=-1,q=0}[ReservedThreadExecutor@34f8be00{reserved=1/10,pending=0}][pc=0,pic=0,pec=0,epc=1]@2025-10-26T21:34:34.78371+01:00 tryProduce true
21:34:34.783 [qtp265310387-22] DEBUG org.eclipse.jetty.io.ManagedSelector - updateable 0
21:34:34.783 [qtp265310387-22] DEBUG org.eclipse.jetty.io.ManagedSelector - updates 0
21:34:34.783 [qtp265310387-25] DEBUG org.eclipse.jetty.io.ChannelEndPoint - filled 219 HeapByteBuffer@25e83041[p=0,l=219,c=8192,r=219]={<<<POST /todos HTTP/1.1\r\nCon... gzip,deflate\r\n\r\nSecond>>>\x00\x00\x00\x00\x00\x00\x00\x00\x00...\x00\x00\x00\x00\x00\x00\x00}
21:34:34.783 [qtp265310387-22] DEBUG org.eclipse.jetty.io.ChannelEndPoint - Key interests updated 1 -> 0 on SocketChannelEndPoint@68ed42b0{l=/127.0.0.1:8080,r=/127.0.0.1:59954,OPEN,fill=-,flush=-,to=0/3600000}{io=0/0,kio=0,kro=1}->HttpConnection@6ef34c25[p=HttpParser{s=START,0 of -1},g=HttpGenerator@297ffa90{s=START}]=>HttpChannelOverHttp@358e07a7{s=HttpChannelState@1184be2e{s=IDLE rs=BLOCKING os=OPEN is=IDLE awp=false se=false i=true al=0},r=0,c=false/false,a=IDLE,uri=null,age=0}
21:34:34.783 [qtp265310387-25] DEBUG org.eclipse.jetty.server.HttpConnection - HttpConnection@6ef34c25::SocketChannelEndPoint@68ed42b0{l=/127.0.0.1:8080,r=/127.0.0.1:59954,OPEN,fill=-,flush=-,to=0/3600000}{io=0/0,kio=0,kro=1}->HttpConnection@6ef34c25[p=HttpParser{s=START,0 of -1},g=HttpGenerator@297ffa90{s=START}]=>HttpChannelOverHttp@358e07a7{s=HttpChannelState@1184be2e{s=IDLE rs=BLOCKING os=OPEN is=IDLE awp=false se=false i=true al=0},r=0,c=false/false,a=IDLE,uri=null,age=0} filled 219 HeapByteBuffer@25e83041[p=0,l=219,c=8192,r=219]={<<<POST /todos HTTP/1.1\r\nCon... gzip,deflate\r\n\r\nSecond>>>\x00\x00\x00\x00\x00\x00\x00\x00\x00...\x00\x00\x00\x00\x00\x00\x00}
21:34:34.783 [qtp265310387-22] DEBUG org.eclipse.jetty.io.ManagedSelector - Selector sun.nio.ch.KQueueSelectorImpl@7fa8f5ed waiting with 1 keys
21:34:34.783 [qtp265310387-25] DEBUG org.eclipse.jetty.server.HttpConnection - HttpConnection@6ef34c25::SocketChannelEndPoint@68ed42b0{l=/127.0.0.1:8080,r=/127.0.0.1:59954,OPEN,fill=-,flush=-,to=0/3600000}{io=0/0,kio=0,kro=1}->HttpConnection@6ef34c25[p=HttpParser{s=START,0 of -1},g=HttpGenerator@297ffa90{s=START}]=>HttpChannelOverHttp@358e07a7{s=HttpChannelState@1184be2e{s=IDLE rs=BLOCKING os=OPEN is=IDLE awp=false se=false i=true al=0},r=0,c=false/false,a=IDLE,uri=null,age=0} parse HeapByteBuffer@25e83041[p=0,l=219,c=8192,r=219]={<<<POST /todos HTTP/1.1\r\nCon... gzip,deflate\r\n\r\nSecond>>>\x00\x00\x00\x00\x00\x00\x00\x00\x00...\x00\x00\x00\x00\x00\x00\x00} {}
21:34:34.783 [qtp265310387-25] DEBUG org.eclipse.jetty.http.HttpParser - parseNext s=START HeapByteBuffer@25e83041[p=0,l=219,c=8192,r=219]={<<<POST /todos HTTP/1.1\r\nCon... gzip,deflate\r\n\r\nSecond>>>\x00\x00\x00\x00\x00\x00\x00\x00\x00...\x00\x00\x00\x00\x00\x00\x00}
21:34:34.783 [qtp265310387-25] DEBUG org.eclipse.jetty.http.HttpParser - START --> SPACE1
21:34:34.783 [qtp265310387-25] DEBUG org.eclipse.jetty.http.HttpParser - SPACE1 --> URI
21:34:34.783 [qtp265310387-25] DEBUG org.eclipse.jetty.http.HttpParser - URI --> SPACE2
21:34:34.783 [qtp265310387-25] DEBUG org.eclipse.jetty.http.HttpParser - SPACE2 --> REQUEST_VERSION
21:34:34.783 [qtp265310387-25] DEBUG org.eclipse.jetty.http.HttpParser - REQUEST_VERSION --> HEADER
21:34:34.783 [qtp265310387-25] DEBUG org.eclipse.jetty.http.HttpParser - HEADER:Content-Type: text/plain; charset=UTF-8 --> IN_VALUE
21:34:34.783 [qtp265310387-25] DEBUG org.eclipse.jetty.http.HttpParser - HEADER:Content-Type: text/plain; charset=UTF-8 --> FIELD
21:34:34.783 [qtp265310387-25] DEBUG org.eclipse.jetty.http.HttpParser - HEADER:Content-Length --> VALUE
21:34:34.783 [qtp265310387-25] DEBUG org.eclipse.jetty.http.HttpParser - HEADER:Content-Length --> IN_VALUE
21:34:34.783 [qtp265310387-25] DEBUG org.eclipse.jetty.http.HttpParser - HEADER:Content-Length --> FIELD
21:34:34.783 [qtp265310387-25] DEBUG org.eclipse.jetty.http.HttpParser - HEADER:Host --> VALUE
21:34:34.783 [qtp265310387-25] DEBUG org.eclipse.jetty.http.HttpParser - HEADER:Host --> IN_VALUE
21:34:34.783 [qtp265310387-25] DEBUG org.eclipse.jetty.http.HttpParser - HEADER:Host --> FIELD
21:34:34.784 [qtp265310387-25] DEBUG org.eclipse.jetty.http.HttpParser - HEADER:Connection: keep-alive --> IN_VALUE
21:34:34.784 [qtp265310387-25] DEBUG org.eclipse.jetty.http.HttpParser - HEADER:Connection: keep-alive --> FIELD
21:34:34.784 [qtp265310387-25] DEBUG org.eclipse.jetty.http.HttpParser - HEADER:User-Agent --> VALUE
21:34:34.784 [qtp265310387-25] DEBUG org.eclipse.jetty.http.HttpParser - HEADER:User-Agent --> IN_VALUE
21:34:34.784 [qtp265310387-25] DEBUG org.eclipse.jetty.http.HttpParser - HEADER:User-Agent --> FIELD
21:34:34.784 [qtp265310387-25] DEBUG org.eclipse.jetty.http.HttpParser - HEADER:Accept-Encoding --> IN_VALUE
21:34:34.784 [qtp265310387-25] DEBUG org.eclipse.jetty.http.HttpParser - HEADER:Accept-Encoding --> FIELD
21:34:34.784 [qtp265310387-25] DEBUG org.eclipse.jetty.http.HttpParser - HEADER --> CONTENT
21:34:34.784 [qtp265310387-25] DEBUG org.eclipse.jetty.server.HttpChannel - REQUEST for //localhost:8080/todos on HttpChannelOverHttp@358e07a7{s=HttpChannelState@1184be2e{s=IDLE rs=BLOCKING os=OPEN is=IDLE awp=false se=false i=true al=0},r=1,c=false/false,a=IDLE,uri=//localhost:8080/todos,age=0}
POST //localhost:8080/todos HTTP/1.1
Content-Type: text/plain; charset=UTF-8
Content-Length: 6
Host: localhost:8080
Connection: keep-alive
User-Agent: Apache-HttpClient/4.5.14 (Java/17.0.9)
Accept-Encoding: gzip,deflate


21:34:34.784 [qtp265310387-25] DEBUG org.eclipse.jetty.server.HttpConnection - HttpConnection@6ef34c25::SocketChannelEndPoint@68ed42b0{l=/127.0.0.1:8080,r=/127.0.0.1:59954,OPEN,fill=-,flush=-,to=0/3600000}{io=0/0,kio=0,kro=1}->HttpConnection@6ef34c25[p=HttpParser{s=CONTENT,0 of 6},g=HttpGenerator@297ffa90{s=START}]=>HttpChannelOverHttp@358e07a7{s=HttpChannelState@1184be2e{s=IDLE rs=BLOCKING os=OPEN is=IDLE awp=false se=false i=true al=0},r=1,c=false/false,a=IDLE,uri=//localhost:8080/todos,age=0} parsed true HttpParser{s=CONTENT,0 of 6}
21:34:34.784 [qtp265310387-25] DEBUG org.eclipse.jetty.server.HttpChannel - handle //localhost:8080/todos HttpChannelOverHttp@358e07a7{s=HttpChannelState@1184be2e{s=IDLE rs=BLOCKING os=OPEN is=IDLE awp=false se=false i=true al=0},r=1,c=false/false,a=IDLE,uri=//localhost:8080/todos,age=0} 
21:34:34.784 [qtp265310387-25] DEBUG org.eclipse.jetty.server.HttpChannelState - handling HttpChannelState@1184be2e{s=IDLE rs=BLOCKING os=OPEN is=IDLE awp=false se=false i=true al=0}
21:34:34.784 [qtp265310387-25] DEBUG org.eclipse.jetty.server.HttpChannel - action DISPATCH HttpChannelOverHttp@358e07a7{s=HttpChannelState@1184be2e{s=HANDLING rs=BLOCKING os=OPEN is=IDLE awp=false se=false i=true al=0},r=1,c=false/false,a=HANDLING,uri=//localhost:8080/todos,age=0}
21:34:34.784 [qtp265310387-25] DEBUG org.eclipse.jetty.server.Server - REQUEST POST /todos on HttpChannelOverHttp@358e07a7{s=HttpChannelState@1184be2e{s=HANDLING rs=BLOCKING os=OPEN is=IDLE awp=false se=false i=true al=0},r=1,c=false/false,a=HANDLING,uri=//localhost:8080/todos,age=0}
21:34:34.784 [qtp265310387-25] DEBUG org.eclipse.jetty.server.session - Entering scope spark.embeddedserver.jetty.JettyHandler13365860==dftMaxIdleSec=-1, dispatch=REQUEST asyncstarted=false
21:34:34.784 [qtp265310387-25] DEBUG org.eclipse.jetty.server.session - sessionHandler=spark.embeddedserver.jetty.JettyHandler13365860==dftMaxIdleSec=-1 session=null
21:34:34.784 [qtp265310387-25] DEBUG org.eclipse.jetty.server.HttpConnection - HttpConnection@6ef34c25::SocketChannelEndPoint@68ed42b0{l=/127.0.0.1:8080,r=/127.0.0.1:59954,OPEN,fill=-,flush=-,to=0/3600000}{io=0/0,kio=0,kro=1}->HttpConnection@6ef34c25[p=HttpParser{s=CONTENT,0 of 6},g=HttpGenerator@297ffa90{s=START}]=>HttpChannelOverHttp@358e07a7{s=HttpChannelState@1184be2e{s=HANDLING rs=BLOCKING os=OPEN is=IDLE awp=false se=false i=true al=0},r=1,c=false/false,a=HANDLING,uri=//localhost:8080/todos,age=0} parse HeapByteBuffer@25e83041[p=213,l=219,c=8192,r=6]={POST /tod...ate\r\n\r\n<<<Second>>>\x00\x00\x00\x00\x00\x00\x00\x00\x00...\x00\x00\x00\x00\x00\x00\x00} {}
21:34:34.784 [qtp265310387-25] DEBUG org.eclipse.jetty.http.HttpParser - parseNext s=CONTENT HeapByteBuffer@25e83041[p=213,l=219,c=8192,r=6]={POST /tod...ate\r\n\r\n<<<Second>>>\x00\x00\x00\x00\x00\x00\x00\x00\x00...\x00\x00\x00\x00\x00\x00\x00}
21:34:34.784 [qtp265310387-25] DEBUG org.eclipse.jetty.server.HttpChannel - onContent HttpChannelOverHttp@358e07a7{s=HttpChannelState@1184be2e{s=HANDLING rs=BLOCKING os=OPEN is=IDLE awp=false se=false i=true al=0},r=1,c=false/false,a=HANDLING,uri=//localhost:8080/todos,age=0} Content@30521e53{HeapByteBufferR@8ed8229[p=213,l=219,c=8192,r=6]={POST /tod...ate\r\n\r\n<<<Second>>>\x00\x00\x00\x00\x00\x00\x00\x00\x00...\x00\x00\x00\x00\x00\x00\x00}}
21:34:34.784 [qtp265310387-25] DEBUG org.eclipse.jetty.server.HttpInput - HttpInputOverHTTP@1280b08[c=0,q=0,[0]=null,s=STREAM] addContent Content@30521e53{HeapByteBufferR@8ed8229[p=213,l=219,c=8192,r=6]={POST /tod...ate\r\n\r\n<<<Second>>>\x00\x00\x00\x00\x00\x00\x00\x00\x00...\x00\x00\x00\x00\x00\x00\x00}}
21:34:34.784 [qtp265310387-25] DEBUG org.eclipse.jetty.http.HttpParser - CONTENT --> CONTENT_END
21:34:34.784 [qtp265310387-25] DEBUG org.eclipse.jetty.server.HttpChannel - onContentComplete HttpChannelOverHttp@358e07a7{s=HttpChannelState@1184be2e{s=HANDLING rs=BLOCKING os=OPEN is=IDLE awp=false se=false i=true al=0},r=1,c=false/false,a=HANDLING,uri=//localhost:8080/todos,age=0}
21:34:34.784 [qtp265310387-25] DEBUG org.eclipse.jetty.http.HttpParser - CONTENT_END --> END
21:34:34.784 [qtp265310387-25] DEBUG org.eclipse.jetty.server.HttpChannel - onRequestComplete HttpChannelOverHttp@358e07a7{s=HttpChannelState@1184be2e{s=HANDLING rs=BLOCKING os=OPEN is=IDLE awp=false se=false i=true al=0},r=1,c=false/false,a=HANDLING,uri=//localhost:8080/todos,age=0}
21:34:34.784 [qtp265310387-25] DEBUG org.eclipse.jetty.server.HttpInput - HttpInputOverHTTP@1280b08[c=0,q=1,[0]=EOF,s=STREAM] addContent EOF
21:34:34.784 [qtp265310387-25] DEBUG org.eclipse.jetty.server.HttpConnection - HttpConnection@6ef34c25::SocketChannelEndPoint@68ed42b0{l=/127.0.0.1:8080,r=/127.0.0.1:59954,OPEN,fill=-,flush=-,to=0/3600000}{io=0/0,kio=0,kro=1}->HttpConnection@6ef34c25[p=HttpParser{s=END,6 of 6},g=HttpGenerator@297ffa90{s=START}]=>HttpChannelOverHttp@358e07a7{s=HttpChannelState@1184be2e{s=HANDLING rs=BLOCKING os=OPEN is=IDLE awp=false se=false i=true al=0},r=1,c=false/false,a=HANDLING,uri=//localhost:8080/todos,age=0} parsed false HttpParser{s=END,6 of 6}
21:34:34.784 [qtp265310387-25] DEBUG org.eclipse.jetty.server.HttpInput - HttpInputOverHTTP@1280b08[c=6,q=1,[0]=EOF,s=STREAM] read 6 from Content@30521e53{HeapByteBufferR@8ed8229[p=219,l=219,c=8192,r=0]={POST /tod...\nSecond<<<>>>\x00\x00\x00\x00\x00\x00\x00\x00\x00...\x00\x00\x00\x00\x00\x00\x00}}
21:34:34.784 [qtp265310387-25] DEBUG org.eclipse.jetty.server.HttpConnection - releaseRequestBuffer HttpConnection@6ef34c25::SocketChannelEndPoint@68ed42b0{l=/127.0.0.1:8080,r=/127.0.0.1:59954,OPEN,fill=-,flush=-,to=0/3600000}{io=0/0,kio=0,kro=1}->HttpConnection@6ef34c25[p=HttpParser{s=END,6 of 6},g=HttpGenerator@297ffa90{s=START}]=>HttpChannelOverHttp@358e07a7{s=HttpChannelState@1184be2e{s=HANDLING rs=BLOCKING os=OPEN is=IDLE awp=false se=false i=true al=0},r=1,c=false/false,a=HANDLING,uri=//localhost:8080/todos,age=0}
21:34:34.784 [qtp265310387-25] DEBUG org.eclipse.jetty.server.HttpChannelState - onEof HttpChannelState@1184be2e{s=HANDLING rs=BLOCKING os=OPEN is=IDLE awp=false se=false i=true al=0}
21:34:34.784 [qtp265310387-25] INFO org.apache.kafka.common.config.AbstractConfig - ProducerConfig values: 
	acks = -1
	batch.size = 16384
	bootstrap.servers = [localhost:9092]
	buffer.memory = 33554432
	client.dns.lookup = use_all_dns_ips
	client.id = producer-2
	compression.gzip.level = -1
	compression.lz4.level = 9
	compression.type = none
	compression.zstd.level = 3
	connections.max.idle.ms = 540000
	delivery.timeout.ms = 120000
	enable.idempotence = true
	enable.metrics.push = true
	interceptor.classes = []
	key.serializer = class org.apache.kafka.common.serialization.StringSerializer
	linger.ms = 5
	max.block.ms = 60000
	max.in.flight.requests.per.connection = 5
	max.request.size = 1048576
	metadata.max.age.ms = 300000
	metadata.max.idle.ms = 300000
	metadata.recovery.rebootstrap.trigger.ms = 300000
	metadata.recovery.strategy = rebootstrap
	metric.reporters = [org.apache.kafka.common.metrics.JmxReporter]
	metrics.num.samples = 2
	metrics.recording.level = INFO
	metrics.sample.window.ms = 30000
	partitioner.adaptive.partitioning.enable = true
	partitioner.availability.timeout.ms = 0
	partitioner.class = null
	partitioner.ignore.keys = false
	receive.buffer.bytes = 32768
	reconnect.backoff.max.ms = 1000
	reconnect.backoff.ms = 50
	request.timeout.ms = 30000
	retries = 2147483647
	retry.backoff.max.ms = 1000
	retry.backoff.ms = 100
	sasl.client.callback.handler.class = null
	sasl.jaas.config = null
	sasl.kerberos.kinit.cmd = /usr/bin/kinit
	sasl.kerberos.min.time.before.relogin = 60000
	sasl.kerberos.service.name = null
	sasl.kerberos.ticket.renew.jitter = 0.05
	sasl.kerberos.ticket.renew.window.factor = 0.8
	sasl.login.callback.handler.class = null
	sasl.login.class = null
	sasl.login.connect.timeout.ms = null
	sasl.login.read.timeout.ms = null
	sasl.login.refresh.buffer.seconds = 300
	sasl.login.refresh.min.period.seconds = 60
	sasl.login.refresh.window.factor = 0.8
	sasl.login.refresh.window.jitter = 0.05
	sasl.login.retry.backoff.max.ms = 10000
	sasl.login.retry.backoff.ms = 100
	sasl.mechanism = GSSAPI
	sasl.oauthbearer.assertion.algorithm = RS256
	sasl.oauthbearer.assertion.claim.aud = null
	sasl.oauthbearer.assertion.claim.exp.seconds = 300
	sasl.oauthbearer.assertion.claim.iss = null
	sasl.oauthbearer.assertion.claim.jti.include = false
	sasl.oauthbearer.assertion.claim.nbf.seconds = 60
	sasl.oauthbearer.assertion.claim.sub = null
	sasl.oauthbearer.assertion.file = null
	sasl.oauthbearer.assertion.private.key.file = null
	sasl.oauthbearer.assertion.private.key.passphrase = null
	sasl.oauthbearer.assertion.template.file = null
	sasl.oauthbearer.client.credentials.client.id = null
	sasl.oauthbearer.client.credentials.client.secret = null
	sasl.oauthbearer.clock.skew.seconds = 30
	sasl.oauthbearer.expected.audience = null
	sasl.oauthbearer.expected.issuer = null
	sasl.oauthbearer.header.urlencode = false
	sasl.oauthbearer.jwks.endpoint.refresh.ms = 3600000
	sasl.oauthbearer.jwks.endpoint.retry.backoff.max.ms = 10000
	sasl.oauthbearer.jwks.endpoint.retry.backoff.ms = 100
	sasl.oauthbearer.jwks.endpoint.url = null
	sasl.oauthbearer.jwt.retriever.class = class org.apache.kafka.common.security.oauthbearer.DefaultJwtRetriever
	sasl.oauthbearer.jwt.validator.class = class org.apache.kafka.common.security.oauthbearer.DefaultJwtValidator
	sasl.oauthbearer.scope = null
	sasl.oauthbearer.scope.claim.name = scope
	sasl.oauthbearer.sub.claim.name = sub
	sasl.oauthbearer.token.endpoint.url = null
	security.protocol = PLAINTEXT
	security.providers = null
	send.buffer.bytes = 131072
	socket.connection.setup.timeout.max.ms = 30000
	socket.connection.setup.timeout.ms = 10000
	ssl.cipher.suites = null
	ssl.enabled.protocols = [TLSv1.2, TLSv1.3]
	ssl.endpoint.identification.algorithm = https
	ssl.engine.factory.class = null
	ssl.key.password = null
	ssl.keymanager.algorithm = SunX509
	ssl.keystore.certificate.chain = null
	ssl.keystore.key = null
	ssl.keystore.location = null
	ssl.keystore.password = null
	ssl.keystore.type = JKS
	ssl.protocol = TLSv1.3
	ssl.provider = null
	ssl.secure.random.implementation = null
	ssl.trustmanager.algorithm = PKIX
	ssl.truststore.certificates = null
	ssl.truststore.location = null
	ssl.truststore.password = null
	ssl.truststore.type = JKS
	transaction.timeout.ms = 60000
	transaction.two.phase.commit.enable = false
	transactional.id = null
	value.serializer = class org.apache.kafka.common.serialization.StringSerializer

21:34:34.785 [qtp265310387-25] INFO org.apache.kafka.common.telemetry.internals.KafkaMetricsCollector - initializing Kafka metrics collector
21:34:34.785 [qtp265310387-25] INFO org.apache.kafka.clients.producer.KafkaProducer - [Producer clientId=producer-2] Instantiated an idempotent producer.
21:34:34.788 [qtp265310387-25] INFO org.apache.kafka.common.config.AbstractConfig - These configurations '[producer.auto.create.topics]' were supplied but are not used yet.
21:34:34.788 [kafka-producer-network-thread | producer-2] DEBUG org.apache.kafka.clients.producer.internals.Sender - [Producer clientId=producer-2] Starting Kafka producer I/O thread.
21:34:34.788 [kafka-producer-network-thread | producer-2] DEBUG org.apache.kafka.clients.producer.internals.TransactionManager - [Producer clientId=producer-2] Transition from state UNINITIALIZED to INITIALIZING
21:34:34.788 [qtp265310387-25] INFO org.apache.kafka.common.utils.AppInfoParser - Kafka version: 4.1.0
21:34:34.788 [qtp265310387-25] INFO org.apache.kafka.common.utils.AppInfoParser - Kafka commitId: 13f70256db3c994c
21:34:34.788 [qtp265310387-25] INFO org.apache.kafka.common.utils.AppInfoParser - Kafka startTimeMs: 1761510874788
21:34:34.788 [kafka-producer-network-thread | producer-2] DEBUG org.apache.kafka.clients.producer.internals.TransactionManager - [Producer clientId=producer-2] Enqueuing transactional request InitProducerIdRequestData(transactionalId=null, transactionTimeoutMs=2147483647, producerId=-1, producerEpoch=-1, enable2Pc=false, keepPreparedTxn=false)
21:34:34.788 [kafka-producer-network-thread | producer-2] DEBUG org.apache.kafka.clients.NetworkClient - [Producer clientId=producer-2] Initialize connection to node localhost:9092 (id: -1 rack: null isFenced: false) for sending metadata request
21:34:34.788 [kafka-producer-network-thread | producer-2] DEBUG org.apache.kafka.clients.ClientUtils - Resolved host localhost as 127.0.0.1
21:34:34.788 [kafka-producer-network-thread | producer-2] DEBUG org.apache.kafka.clients.ClusterConnectionStates - [Producer clientId=producer-2] Resolved host localhost to addresses [localhost/127.0.0.1]
21:34:34.788 [kafka-producer-network-thread | producer-2] DEBUG org.apache.kafka.clients.NetworkClient - [Producer clientId=producer-2] Initiating connection to node localhost:9092 (id: -1 rack: null isFenced: false) using address localhost/127.0.0.1
21:34:34.788 [qtp265310387-25] DEBUG org.apache.kafka.clients.producer.KafkaProducer - [Producer clientId=producer-2] Kafka producer started
21:34:34.789 [kafka-producer-network-thread | producer-2] DEBUG org.apache.kafka.common.network.Selector - [Producer clientId=producer-2] Created socket with SO_RCVBUF = 326640, SO_SNDBUF = 146988, SO_TIMEOUT = 0 to node -1
21:34:34.789 [kafka-producer-network-thread | producer-2] DEBUG org.apache.kafka.clients.NetworkClient - [Producer clientId=producer-2] Completed connection to node -1. Fetching API versions.
21:34:34.789 [kafka-producer-network-thread | producer-2] DEBUG org.apache.kafka.clients.NetworkClient - [Producer clientId=producer-2] Initiating API versions fetch from node -1.
21:34:34.789 [kafka-producer-network-thread | producer-2] DEBUG org.apache.kafka.clients.NetworkClient - [Producer clientId=producer-2] Sending API_VERSIONS request with header RequestHeader(apiKey=API_VERSIONS, apiVersion=4, clientId=producer-2, correlationId=0, headerVersion=2) and timeout 30000 to node -1: ApiVersionsRequestData(clientSoftwareName='apache-kafka-java', clientSoftwareVersion='4.1.0')
21:34:34.792 [kafka-producer-network-thread | producer-2] DEBUG org.apache.kafka.clients.NetworkClient - [Producer clientId=producer-2] Received API_VERSIONS response from node -1 for request with header RequestHeader(apiKey=API_VERSIONS, apiVersion=4, clientId=producer-2, correlationId=0, headerVersion=2): ApiVersionsResponseData(errorCode=0, apiKeys=[ApiVersion(apiKey=0, minVersion=0, maxVersion=13), ApiVersion(apiKey=1, minVersion=4, maxVersion=18), ApiVersion(apiKey=2, minVersion=1, maxVersion=10), ApiVersion(apiKey=3, minVersion=0, maxVersion=13), ApiVersion(apiKey=8, minVersion=2, maxVersion=9), ApiVersion(apiKey=9, minVersion=1, maxVersion=9), ApiVersion(apiKey=10, minVersion=0, maxVersion=6), ApiVersion(apiKey=11, minVersion=0, maxVersion=9), ApiVersion(apiKey=12, minVersion=0, maxVersion=4), ApiVersion(apiKey=13, minVersion=0, maxVersion=5), ApiVersion(apiKey=14, minVersion=0, maxVersion=5), ApiVersion(apiKey=15, minVersion=0, maxVersion=6), ApiVersion(apiKey=16, minVersion=0, maxVersion=5), ApiVersion(apiKey=17, minVersion=0, maxVersion=1), ApiVersion(apiKey=18, minVersion=0, maxVersion=4), ApiVersion(apiKey=19, minVersion=2, maxVersion=7), ApiVersion(apiKey=20, minVersion=1, maxVersion=6), ApiVersion(apiKey=21, minVersion=0, maxVersion=2), ApiVersion(apiKey=22, minVersion=0, maxVersion=5), ApiVersion(apiKey=23, minVersion=2, maxVersion=4), ApiVersion(apiKey=24, minVersion=0, maxVersion=5), ApiVersion(apiKey=25, minVersion=0, maxVersion=4), ApiVersion(apiKey=26, minVersion=0, maxVersion=5), ApiVersion(apiKey=27, minVersion=1, maxVersion=1), ApiVersion(apiKey=28, minVersion=0, maxVersion=5), ApiVersion(apiKey=29, minVersion=1, maxVersion=3), ApiVersion(apiKey=30, minVersion=1, maxVersion=3), ApiVersion(apiKey=31, minVersion=1, maxVersion=3), ApiVersion(apiKey=32, minVersion=1, maxVersion=4), ApiVersion(apiKey=33, minVersion=0, maxVersion=2), ApiVersion(apiKey=34, minVersion=1, maxVersion=2), ApiVersion(apiKey=35, minVersion=1, maxVersion=4), ApiVersion(apiKey=36, minVersion=0, maxVersion=2), ApiVersion(apiKey=37, minVersion=0, maxVersion=3), ApiVersion(apiKey=38, minVersion=1, maxVersion=3), ApiVersion(apiKey=39, minVersion=1, maxVersion=2), ApiVersion(apiKey=40, minVersion=1, maxVersion=2), ApiVersion(apiKey=41, minVersion=1, maxVersion=3), ApiVersion(apiKey=42, minVersion=0, maxVersion=2), ApiVersion(apiKey=43, minVersion=0, maxVersion=2), ApiVersion(apiKey=44, minVersion=0, maxVersion=1), ApiVersion(apiKey=45, minVersion=0, maxVersion=1), ApiVersion(apiKey=46, minVersion=0, maxVersion=0), ApiVersion(apiKey=47, minVersion=0, maxVersion=0), ApiVersion(apiKey=48, minVersion=0, maxVersion=1), ApiVersion(apiKey=49, minVersion=0, maxVersion=1), ApiVersion(apiKey=50, minVersion=0, maxVersion=0), ApiVersion(apiKey=51, minVersion=0, maxVersion=0), ApiVersion(apiKey=55, minVersion=0, maxVersion=2), ApiVersion(apiKey=57, minVersion=0, maxVersion=2), ApiVersion(apiKey=60, minVersion=0, maxVersion=2), ApiVersion(apiKey=61, minVersion=0, maxVersion=0), ApiVersion(apiKey=64, minVersion=0, maxVersion=0), ApiVersion(apiKey=65, minVersion=0, maxVersion=0), ApiVersion(apiKey=66, minVersion=0, maxVersion=2), ApiVersion(apiKey=68, minVersion=0, maxVersion=1), ApiVersion(apiKey=69, minVersion=0, maxVersion=1), ApiVersion(apiKey=74, minVersion=0, maxVersion=1), ApiVersion(apiKey=75, minVersion=0, maxVersion=0), ApiVersion(apiKey=76, minVersion=1, maxVersion=1), ApiVersion(apiKey=77, minVersion=1, maxVersion=1), ApiVersion(apiKey=78, minVersion=1, maxVersion=1), ApiVersion(apiKey=79, minVersion=1, maxVersion=1), ApiVersion(apiKey=80, minVersion=0, maxVersion=0), ApiVersion(apiKey=81, minVersion=0, maxVersion=0), ApiVersion(apiKey=83, minVersion=0, maxVersion=0), ApiVersion(apiKey=84, minVersion=0, maxVersion=0), ApiVersion(apiKey=85, minVersion=0, maxVersion=0), ApiVersion(apiKey=86, minVersion=0, maxVersion=0), ApiVersion(apiKey=87, minVersion=0, maxVersion=0), ApiVersion(apiKey=90, minVersion=0, maxVersion=0), ApiVersion(apiKey=91, minVersion=0, maxVersion=0), ApiVersion(apiKey=92, minVersion=0, maxVersion=0)], throttleTimeMs=0, supportedFeatures=[SupportedFeatureKey(name='group.version', minVersion=0, maxVersion=1), SupportedFeatureKey(name='kraft.version', minVersion=0, maxVersion=1), SupportedFeatureKey(name='metadata.version', minVersion=7, maxVersion=27), SupportedFeatureKey(name='share.version', minVersion=0, maxVersion=1), SupportedFeatureKey(name='transaction.version', minVersion=0, maxVersion=2), SupportedFeatureKey(name='eligible.leader.replicas.version', minVersion=0, maxVersion=1)], finalizedFeaturesEpoch=67532, finalizedFeatures=[FinalizedFeatureKey(name='group.version', maxVersionLevel=1, minVersionLevel=1), FinalizedFeatureKey(name='transaction.version', maxVersionLevel=2, minVersionLevel=2), FinalizedFeatureKey(name='eligible.leader.replicas.version', maxVersionLevel=1, minVersionLevel=1), FinalizedFeatureKey(name='metadata.version', maxVersionLevel=27, minVersionLevel=27)], zkMigrationReady=false)
21:34:34.792 [kafka-producer-network-thread | producer-2] DEBUG org.apache.kafka.clients.NetworkClient - [Producer clientId=producer-2] Node -1 has finalized features epoch: 67532, finalized features: [FinalizedFeatureKey(name='group.version', maxVersionLevel=1, minVersionLevel=1), FinalizedFeatureKey(name='transaction.version', maxVersionLevel=2, minVersionLevel=2), FinalizedFeatureKey(name='eligible.leader.replicas.version', maxVersionLevel=1, minVersionLevel=1), FinalizedFeatureKey(name='metadata.version', maxVersionLevel=27, minVersionLevel=27)], supported features: [SupportedFeatureKey(name='group.version', minVersion=0, maxVersion=1), SupportedFeatureKey(name='kraft.version', minVersion=0, maxVersion=1), SupportedFeatureKey(name='metadata.version', minVersion=7, maxVersion=27), SupportedFeatureKey(name='share.version', minVersion=0, maxVersion=1), SupportedFeatureKey(name='transaction.version', minVersion=0, maxVersion=2), SupportedFeatureKey(name='eligible.leader.replicas.version', minVersion=0, maxVersion=1)], ZK migration ready: false, API versions: (Produce(0): 0 to 13 [usable: 13], Fetch(1): 4 to 18 [usable: 18], ListOffsets(2): 1 to 10 [usable: 10], Metadata(3): 0 to 13 [usable: 13], OffsetCommit(8): 2 to 9 [usable: 9], OffsetFetch(9): 1 to 9 [usable: 9], FindCoordinator(10): 0 to 6 [usable: 6], JoinGroup(11): 0 to 9 [usable: 9], Heartbeat(12): 0 to 4 [usable: 4], LeaveGroup(13): 0 to 5 [usable: 5], SyncGroup(14): 0 to 5 [usable: 5], DescribeGroups(15): 0 to 6 [usable: 6], ListGroups(16): 0 to 5 [usable: 5], SaslHandshake(17): 0 to 1 [usable: 1], ApiVersions(18): 0 to 4 [usable: 4], CreateTopics(19): 2 to 7 [usable: 7], DeleteTopics(20): 1 to 6 [usable: 6], DeleteRecords(21): 0 to 2 [usable: 2], InitProducerId(22): 0 to 5 [usable: 5], OffsetForLeaderEpoch(23): 2 to 4 [usable: 4], AddPartitionsToTxn(24): 0 to 5 [usable: 5], AddOffsetsToTxn(25): 0 to 4 [usable: 4], EndTxn(26): 0 to 5 [usable: 5], WriteTxnMarkers(27): 1 [usable: 1], TxnOffsetCommit(28): 0 to 5 [usable: 5], DescribeAcls(29): 1 to 3 [usable: 3], CreateAcls(30): 1 to 3 [usable: 3], DeleteAcls(31): 1 to 3 [usable: 3], DescribeConfigs(32): 1 to 4 [usable: 4], AlterConfigs(33): 0 to 2 [usable: 2], AlterReplicaLogDirs(34): 1 to 2 [usable: 2], DescribeLogDirs(35): 1 to 4 [usable: 4], SaslAuthenticate(36): 0 to 2 [usable: 2], CreatePartitions(37): 0 to 3 [usable: 3], CreateDelegationToken(38): 1 to 3 [usable: 3], RenewDelegationToken(39): 1 to 2 [usable: 2], ExpireDelegationToken(40): 1 to 2 [usable: 2], DescribeDelegationToken(41): 1 to 3 [usable: 3], DeleteGroups(42): 0 to 2 [usable: 2], ElectLeaders(43): 0 to 2 [usable: 2], IncrementalAlterConfigs(44): 0 to 1 [usable: 1], AlterPartitionReassignments(45): 0 to 1 [usable: 1], ListPartitionReassignments(46): 0 [usable: 0], OffsetDelete(47): 0 [usable: 0], DescribeClientQuotas(48): 0 to 1 [usable: 1], AlterClientQuotas(49): 0 to 1 [usable: 1], DescribeUserScramCredentials(50): 0 [usable: 0], AlterUserScramCredentials(51): 0 [usable: 0], DescribeQuorum(55): 0 to 2 [usable: 2], UpdateFeatures(57): 0 to 2 [usable: 2], DescribeCluster(60): 0 to 2 [usable: 2], DescribeProducers(61): 0 [usable: 0], UnregisterBroker(64): 0 [usable: 0], DescribeTransactions(65): 0 [usable: 0], ListTransactions(66): 0 to 2 [usable: 2], ConsumerGroupHeartbeat(68): 0 to 1 [usable: 1], ConsumerGroupDescribe(69): 0 to 1 [usable: 1], GetTelemetrySubscriptions(71): UNSUPPORTED, PushTelemetry(72): UNSUPPORTED, ListConfigResources(74): 0 to 1 [usable: 1], DescribeTopicPartitions(75): 0 [usable: 0], ShareGroupHeartbeat(76): 1 [usable: 1], ShareGroupDescribe(77): 1 [usable: 1], ShareFetch(78): 1 [usable: 1], ShareAcknowledge(79): 1 [usable: 1], AddRaftVoter(80): 0 [usable: 0], RemoveRaftVoter(81): 0 [usable: 0], InitializeShareGroupState(83): 0 [usable: 0], ReadShareGroupState(84): 0 [usable: 0], WriteShareGroupState(85): 0 [usable: 0], DeleteShareGroupState(86): 0 [usable: 0], ReadShareGroupStateSummary(87): 0 [usable: 0], StreamsGroupHeartbeat(88): UNSUPPORTED, StreamsGroupDescribe(89): UNSUPPORTED, DescribeShareGroupOffsets(90): 0 [usable: 0], AlterShareGroupOffsets(91): 0 [usable: 0], DeleteShareGroupOffsets(92): 0 [usable: 0]).
21:34:34.792 [kafka-producer-network-thread | producer-2] DEBUG org.apache.kafka.clients.NetworkClient - [Producer clientId=producer-2] Sending metadata request MetadataRequestData(topics=[MetadataRequestTopic(topicId=AAAAAAAAAAAAAAAAAAAAAA, name='todos-dev-topic')], allowAutoTopicCreation=true, includeClusterAuthorizedOperations=false, includeTopicAuthorizedOperations=false) to node localhost:9092 (id: -1 rack: null isFenced: false)
21:34:34.792 [kafka-producer-network-thread | producer-2] DEBUG org.apache.kafka.clients.NetworkClient - [Producer clientId=producer-2] Sending METADATA request with header RequestHeader(apiKey=METADATA, apiVersion=13, clientId=producer-2, correlationId=1, headerVersion=2) and timeout 30000 to node -1: MetadataRequestData(topics=[MetadataRequestTopic(topicId=AAAAAAAAAAAAAAAAAAAAAA, name='todos-dev-topic')], allowAutoTopicCreation=true, includeClusterAuthorizedOperations=false, includeTopicAuthorizedOperations=false)
21:34:34.793 [kafka-producer-network-thread | producer-2] DEBUG org.apache.kafka.clients.NetworkClient - [Producer clientId=producer-2] Give up sending telemetry request since no node is available
21:34:34.793 [kafka-producer-network-thread | producer-2] DEBUG org.apache.kafka.clients.producer.internals.Sender - [Producer clientId=producer-2] Sending transactional request InitProducerIdRequestData(transactionalId=null, transactionTimeoutMs=2147483647, producerId=-1, producerEpoch=-1, enable2Pc=false, keepPreparedTxn=false) to node localhost:9092 (id: -1 rack: null isFenced: false) with correlation ID 2
21:34:34.793 [kafka-producer-network-thread | producer-2] DEBUG org.apache.kafka.clients.NetworkClient - [Producer clientId=producer-2] Sending INIT_PRODUCER_ID request with header RequestHeader(apiKey=INIT_PRODUCER_ID, apiVersion=5, clientId=producer-2, correlationId=2, headerVersion=2) and timeout 30000 to node -1: InitProducerIdRequestData(transactionalId=null, transactionTimeoutMs=2147483647, producerId=-1, producerEpoch=-1, enable2Pc=false, keepPreparedTxn=false)
21:34:34.793 [kafka-producer-network-thread | producer-2] DEBUG org.apache.kafka.clients.NetworkClient - [Producer clientId=producer-2] Give up sending telemetry request since no node is available
21:34:34.794 [kafka-producer-network-thread | producer-2] DEBUG org.apache.kafka.common.telemetry.internals.ClientTelemetryReporter - Creating telemetry subscription request with client instance id AAAAAAAAAAAAAAAAAAAAAA
21:34:34.794 [kafka-producer-network-thread | producer-2] DEBUG org.apache.kafka.common.telemetry.internals.ClientTelemetryReporter - Setting telemetry state from SUBSCRIPTION_NEEDED to SUBSCRIPTION_IN_PROGRESS
21:34:34.794 [kafka-producer-network-thread | producer-2] DEBUG org.apache.kafka.clients.NetworkClient - [Producer clientId=producer-2] Version mismatch when attempting to send GetTelemetrySubscriptionsRequestData(clientInstanceId=AAAAAAAAAAAAAAAAAAAAAA) with correlation id 3 to -1
org.apache.kafka.common.errors.UnsupportedVersionException: The node does not support GET_TELEMETRY_SUBSCRIPTIONS
21:34:34.794 [kafka-producer-network-thread | producer-2] DEBUG org.apache.kafka.common.telemetry.internals.ClientTelemetryReporter - The broker generated an error for the get telemetry network API request
org.apache.kafka.common.errors.UnsupportedVersionException: The node does not support GET_TELEMETRY_SUBSCRIPTIONS
21:34:34.794 [kafka-producer-network-thread | producer-2] DEBUG org.apache.kafka.common.telemetry.internals.ClientTelemetryReporter - Updating intervalMs: 300000, lastRequestMs: 1761510874794
21:34:34.794 [kafka-producer-network-thread | producer-2] DEBUG org.apache.kafka.common.telemetry.internals.ClientTelemetryReporter - Setting telemetry state from SUBSCRIPTION_IN_PROGRESS to SUBSCRIPTION_NEEDED
21:34:34.795 [kafka-producer-network-thread | producer-2] DEBUG org.apache.kafka.clients.NetworkClient - [Producer clientId=producer-2] Received METADATA response from node -1 for request with header RequestHeader(apiKey=METADATA, apiVersion=13, clientId=producer-2, correlationId=1, headerVersion=2): MetadataResponseData(throttleTimeMs=0, brokers=[MetadataResponseBroker(nodeId=1, host='localhost', port=9092, rack=null)], clusterId='5L6g3nShT-eMCtK--X86sw', controllerId=1, topics=[MetadataResponseTopic(errorCode=0, name='todos-dev-topic', topicId=TbRm1Xq6TeuEq4nIZCZGiA, isInternal=false, partitions=[MetadataResponsePartition(errorCode=0, partitionIndex=0, leaderId=1, leaderEpoch=2, replicaNodes=[1], isrNodes=[1], offlineReplicas=[])], topicAuthorizedOperations=-2147483648)], clusterAuthorizedOperations=-2147483648, errorCode=0)
21:34:34.795 [kafka-producer-network-thread | producer-2] DEBUG org.apache.kafka.clients.Metadata - [Producer clientId=producer-2] Setting the last seen epoch of partition todos-dev-topic-0 to 2 since the last known epoch was undefined.
21:34:34.795 [kafka-producer-network-thread | producer-2] INFO org.apache.kafka.clients.Metadata - [Producer clientId=producer-2] Cluster ID: 5L6g3nShT-eMCtK--X86sw
21:34:34.795 [kafka-producer-network-thread | producer-2] DEBUG org.apache.kafka.clients.Metadata - [Producer clientId=producer-2] Updated cluster metadata updateVersion 2 to MetadataSnapshot{clusterId='5L6g3nShT-eMCtK--X86sw', nodes={1=localhost:9092 (id: 1 rack: null isFenced: false)}, partitions=[PartitionMetadata(error=NONE, partition=todos-dev-topic-0, leader=Optional[1], leaderEpoch=Optional[2], replicas=1, isr=1, offlineReplicas=)], controller=localhost:9092 (id: 1 rack: null isFenced: false)}
Sending message on topic: todos-dev-topic
21:34:34.795 [kafka-producer-network-thread | producer-2] DEBUG org.apache.kafka.clients.NetworkClient - [Producer clientId=producer-2] Received INIT_PRODUCER_ID response from node -1 for request with header RequestHeader(apiKey=INIT_PRODUCER_ID, apiVersion=5, clientId=producer-2, correlationId=2, headerVersion=2): InitProducerIdResponseData(throttleTimeMs=0, errorCode=0, producerId=81, producerEpoch=0, ongoingTxnProducerId=-1, ongoingTxnProducerEpoch=-1)
21:34:34.795 [kafka-producer-network-thread | producer-2] INFO org.apache.kafka.clients.producer.internals.TransactionManager - [Producer clientId=producer-2] ProducerId set to 81 with epoch 0
21:34:34.795 [kafka-producer-network-thread | producer-2] DEBUG org.apache.kafka.clients.producer.internals.TransactionManager - [Producer clientId=producer-2] Transition from state INITIALIZING to READY
21:34:34.795 [kafka-producer-network-thread | producer-2] DEBUG org.apache.kafka.clients.ClientUtils - Resolved host localhost as 127.0.0.1
21:34:34.795 [kafka-producer-network-thread | producer-2] DEBUG org.apache.kafka.clients.ClusterConnectionStates - [Producer clientId=producer-2] Resolved host localhost to addresses [localhost/127.0.0.1]
21:34:34.795 [kafka-producer-network-thread | producer-2] DEBUG org.apache.kafka.clients.NetworkClient - [Producer clientId=producer-2] Initiating connection to node localhost:9092 (id: 1 rack: null isFenced: false) using address localhost/127.0.0.1
21:34:34.796 [kafka-producer-network-thread | producer-2] DEBUG org.apache.kafka.common.network.Selector - [Producer clientId=producer-2] Created socket with SO_RCVBUF = 326640, SO_SNDBUF = 146988, SO_TIMEOUT = 0 to node 1
21:34:34.796 [kafka-producer-network-thread | producer-2] DEBUG org.apache.kafka.clients.NetworkClient - [Producer clientId=producer-2] Completed connection to node 1. Fetching API versions.
21:34:34.796 [kafka-producer-network-thread | producer-2] DEBUG org.apache.kafka.clients.NetworkClient - [Producer clientId=producer-2] Initiating API versions fetch from node 1.
21:34:34.796 [kafka-producer-network-thread | producer-2] DEBUG org.apache.kafka.clients.NetworkClient - [Producer clientId=producer-2] Sending API_VERSIONS request with header RequestHeader(apiKey=API_VERSIONS, apiVersion=4, clientId=producer-2, correlationId=4, headerVersion=2) and timeout 30000 to node 1: ApiVersionsRequestData(clientSoftwareName='apache-kafka-java', clientSoftwareVersion='4.1.0')
21:34:34.797 [kafka-producer-network-thread | producer-2] DEBUG org.apache.kafka.clients.NetworkClient - [Producer clientId=producer-2] Received API_VERSIONS response from node 1 for request with header RequestHeader(apiKey=API_VERSIONS, apiVersion=4, clientId=producer-2, correlationId=4, headerVersion=2): ApiVersionsResponseData(errorCode=0, apiKeys=[ApiVersion(apiKey=0, minVersion=0, maxVersion=13), ApiVersion(apiKey=1, minVersion=4, maxVersion=18), ApiVersion(apiKey=2, minVersion=1, maxVersion=10), ApiVersion(apiKey=3, minVersion=0, maxVersion=13), ApiVersion(apiKey=8, minVersion=2, maxVersion=9), ApiVersion(apiKey=9, minVersion=1, maxVersion=9), ApiVersion(apiKey=10, minVersion=0, maxVersion=6), ApiVersion(apiKey=11, minVersion=0, maxVersion=9), ApiVersion(apiKey=12, minVersion=0, maxVersion=4), ApiVersion(apiKey=13, minVersion=0, maxVersion=5), ApiVersion(apiKey=14, minVersion=0, maxVersion=5), ApiVersion(apiKey=15, minVersion=0, maxVersion=6), ApiVersion(apiKey=16, minVersion=0, maxVersion=5), ApiVersion(apiKey=17, minVersion=0, maxVersion=1), ApiVersion(apiKey=18, minVersion=0, maxVersion=4), ApiVersion(apiKey=19, minVersion=2, maxVersion=7), ApiVersion(apiKey=20, minVersion=1, maxVersion=6), ApiVersion(apiKey=21, minVersion=0, maxVersion=2), ApiVersion(apiKey=22, minVersion=0, maxVersion=5), ApiVersion(apiKey=23, minVersion=2, maxVersion=4), ApiVersion(apiKey=24, minVersion=0, maxVersion=5), ApiVersion(apiKey=25, minVersion=0, maxVersion=4), ApiVersion(apiKey=26, minVersion=0, maxVersion=5), ApiVersion(apiKey=27, minVersion=1, maxVersion=1), ApiVersion(apiKey=28, minVersion=0, maxVersion=5), ApiVersion(apiKey=29, minVersion=1, maxVersion=3), ApiVersion(apiKey=30, minVersion=1, maxVersion=3), ApiVersion(apiKey=31, minVersion=1, maxVersion=3), ApiVersion(apiKey=32, minVersion=1, maxVersion=4), ApiVersion(apiKey=33, minVersion=0, maxVersion=2), ApiVersion(apiKey=34, minVersion=1, maxVersion=2), ApiVersion(apiKey=35, minVersion=1, maxVersion=4), ApiVersion(apiKey=36, minVersion=0, maxVersion=2), ApiVersion(apiKey=37, minVersion=0, maxVersion=3), ApiVersion(apiKey=38, minVersion=1, maxVersion=3), ApiVersion(apiKey=39, minVersion=1, maxVersion=2), ApiVersion(apiKey=40, minVersion=1, maxVersion=2), ApiVersion(apiKey=41, minVersion=1, maxVersion=3), ApiVersion(apiKey=42, minVersion=0, maxVersion=2), ApiVersion(apiKey=43, minVersion=0, maxVersion=2), ApiVersion(apiKey=44, minVersion=0, maxVersion=1), ApiVersion(apiKey=45, minVersion=0, maxVersion=1), ApiVersion(apiKey=46, minVersion=0, maxVersion=0), ApiVersion(apiKey=47, minVersion=0, maxVersion=0), ApiVersion(apiKey=48, minVersion=0, maxVersion=1), ApiVersion(apiKey=49, minVersion=0, maxVersion=1), ApiVersion(apiKey=50, minVersion=0, maxVersion=0), ApiVersion(apiKey=51, minVersion=0, maxVersion=0), ApiVersion(apiKey=55, minVersion=0, maxVersion=2), ApiVersion(apiKey=57, minVersion=0, maxVersion=2), ApiVersion(apiKey=60, minVersion=0, maxVersion=2), ApiVersion(apiKey=61, minVersion=0, maxVersion=0), ApiVersion(apiKey=64, minVersion=0, maxVersion=0), ApiVersion(apiKey=65, minVersion=0, maxVersion=0), ApiVersion(apiKey=66, minVersion=0, maxVersion=2), ApiVersion(apiKey=68, minVersion=0, maxVersion=1), ApiVersion(apiKey=69, minVersion=0, maxVersion=1), ApiVersion(apiKey=74, minVersion=0, maxVersion=1), ApiVersion(apiKey=75, minVersion=0, maxVersion=0), ApiVersion(apiKey=76, minVersion=1, maxVersion=1), ApiVersion(apiKey=77, minVersion=1, maxVersion=1), ApiVersion(apiKey=78, minVersion=1, maxVersion=1), ApiVersion(apiKey=79, minVersion=1, maxVersion=1), ApiVersion(apiKey=80, minVersion=0, maxVersion=0), ApiVersion(apiKey=81, minVersion=0, maxVersion=0), ApiVersion(apiKey=83, minVersion=0, maxVersion=0), ApiVersion(apiKey=84, minVersion=0, maxVersion=0), ApiVersion(apiKey=85, minVersion=0, maxVersion=0), ApiVersion(apiKey=86, minVersion=0, maxVersion=0), ApiVersion(apiKey=87, minVersion=0, maxVersion=0), ApiVersion(apiKey=90, minVersion=0, maxVersion=0), ApiVersion(apiKey=91, minVersion=0, maxVersion=0), ApiVersion(apiKey=92, minVersion=0, maxVersion=0)], throttleTimeMs=0, supportedFeatures=[SupportedFeatureKey(name='group.version', minVersion=0, maxVersion=1), SupportedFeatureKey(name='kraft.version', minVersion=0, maxVersion=1), SupportedFeatureKey(name='metadata.version', minVersion=7, maxVersion=27), SupportedFeatureKey(name='share.version', minVersion=0, maxVersion=1), SupportedFeatureKey(name='transaction.version', minVersion=0, maxVersion=2), SupportedFeatureKey(name='eligible.leader.replicas.version', minVersion=0, maxVersion=1)], finalizedFeaturesEpoch=67532, finalizedFeatures=[FinalizedFeatureKey(name='group.version', maxVersionLevel=1, minVersionLevel=1), FinalizedFeatureKey(name='transaction.version', maxVersionLevel=2, minVersionLevel=2), FinalizedFeatureKey(name='eligible.leader.replicas.version', maxVersionLevel=1, minVersionLevel=1), FinalizedFeatureKey(name='metadata.version', maxVersionLevel=27, minVersionLevel=27)], zkMigrationReady=false)
21:34:34.797 [kafka-producer-network-thread | producer-2] DEBUG org.apache.kafka.clients.NetworkClient - [Producer clientId=producer-2] Node 1 has finalized features epoch: 67532, finalized features: [FinalizedFeatureKey(name='group.version', maxVersionLevel=1, minVersionLevel=1), FinalizedFeatureKey(name='transaction.version', maxVersionLevel=2, minVersionLevel=2), FinalizedFeatureKey(name='eligible.leader.replicas.version', maxVersionLevel=1, minVersionLevel=1), FinalizedFeatureKey(name='metadata.version', maxVersionLevel=27, minVersionLevel=27)], supported features: [SupportedFeatureKey(name='group.version', minVersion=0, maxVersion=1), SupportedFeatureKey(name='kraft.version', minVersion=0, maxVersion=1), SupportedFeatureKey(name='metadata.version', minVersion=7, maxVersion=27), SupportedFeatureKey(name='share.version', minVersion=0, maxVersion=1), SupportedFeatureKey(name='transaction.version', minVersion=0, maxVersion=2), SupportedFeatureKey(name='eligible.leader.replicas.version', minVersion=0, maxVersion=1)], ZK migration ready: false, API versions: (Produce(0): 0 to 13 [usable: 13], Fetch(1): 4 to 18 [usable: 18], ListOffsets(2): 1 to 10 [usable: 10], Metadata(3): 0 to 13 [usable: 13], OffsetCommit(8): 2 to 9 [usable: 9], OffsetFetch(9): 1 to 9 [usable: 9], FindCoordinator(10): 0 to 6 [usable: 6], JoinGroup(11): 0 to 9 [usable: 9], Heartbeat(12): 0 to 4 [usable: 4], LeaveGroup(13): 0 to 5 [usable: 5], SyncGroup(14): 0 to 5 [usable: 5], DescribeGroups(15): 0 to 6 [usable: 6], ListGroups(16): 0 to 5 [usable: 5], SaslHandshake(17): 0 to 1 [usable: 1], ApiVersions(18): 0 to 4 [usable: 4], CreateTopics(19): 2 to 7 [usable: 7], DeleteTopics(20): 1 to 6 [usable: 6], DeleteRecords(21): 0 to 2 [usable: 2], InitProducerId(22): 0 to 5 [usable: 5], OffsetForLeaderEpoch(23): 2 to 4 [usable: 4], AddPartitionsToTxn(24): 0 to 5 [usable: 5], AddOffsetsToTxn(25): 0 to 4 [usable: 4], EndTxn(26): 0 to 5 [usable: 5], WriteTxnMarkers(27): 1 [usable: 1], TxnOffsetCommit(28): 0 to 5 [usable: 5], DescribeAcls(29): 1 to 3 [usable: 3], CreateAcls(30): 1 to 3 [usable: 3], DeleteAcls(31): 1 to 3 [usable: 3], DescribeConfigs(32): 1 to 4 [usable: 4], AlterConfigs(33): 0 to 2 [usable: 2], AlterReplicaLogDirs(34): 1 to 2 [usable: 2], DescribeLogDirs(35): 1 to 4 [usable: 4], SaslAuthenticate(36): 0 to 2 [usable: 2], CreatePartitions(37): 0 to 3 [usable: 3], CreateDelegationToken(38): 1 to 3 [usable: 3], RenewDelegationToken(39): 1 to 2 [usable: 2], ExpireDelegationToken(40): 1 to 2 [usable: 2], DescribeDelegationToken(41): 1 to 3 [usable: 3], DeleteGroups(42): 0 to 2 [usable: 2], ElectLeaders(43): 0 to 2 [usable: 2], IncrementalAlterConfigs(44): 0 to 1 [usable: 1], AlterPartitionReassignments(45): 0 to 1 [usable: 1], ListPartitionReassignments(46): 0 [usable: 0], OffsetDelete(47): 0 [usable: 0], DescribeClientQuotas(48): 0 to 1 [usable: 1], AlterClientQuotas(49): 0 to 1 [usable: 1], DescribeUserScramCredentials(50): 0 [usable: 0], AlterUserScramCredentials(51): 0 [usable: 0], DescribeQuorum(55): 0 to 2 [usable: 2], UpdateFeatures(57): 0 to 2 [usable: 2], DescribeCluster(60): 0 to 2 [usable: 2], DescribeProducers(61): 0 [usable: 0], UnregisterBroker(64): 0 [usable: 0], DescribeTransactions(65): 0 [usable: 0], ListTransactions(66): 0 to 2 [usable: 2], ConsumerGroupHeartbeat(68): 0 to 1 [usable: 1], ConsumerGroupDescribe(69): 0 to 1 [usable: 1], GetTelemetrySubscriptions(71): UNSUPPORTED, PushTelemetry(72): UNSUPPORTED, ListConfigResources(74): 0 to 1 [usable: 1], DescribeTopicPartitions(75): 0 [usable: 0], ShareGroupHeartbeat(76): 1 [usable: 1], ShareGroupDescribe(77): 1 [usable: 1], ShareFetch(78): 1 [usable: 1], ShareAcknowledge(79): 1 [usable: 1], AddRaftVoter(80): 0 [usable: 0], RemoveRaftVoter(81): 0 [usable: 0], InitializeShareGroupState(83): 0 [usable: 0], ReadShareGroupState(84): 0 [usable: 0], WriteShareGroupState(85): 0 [usable: 0], DeleteShareGroupState(86): 0 [usable: 0], ReadShareGroupStateSummary(87): 0 [usable: 0], StreamsGroupHeartbeat(88): UNSUPPORTED, StreamsGroupDescribe(89): UNSUPPORTED, DescribeShareGroupOffsets(90): 0 [usable: 0], AlterShareGroupOffsets(91): 0 [usable: 0], DeleteShareGroupOffsets(92): 0 [usable: 0]).
21:34:34.798 [kafka-producer-network-thread | producer-2] DEBUG org.apache.kafka.clients.producer.internals.TransactionManager - [Producer clientId=producer-2] ProducerId of partition todos-dev-topic-0 set to 81 with epoch 0. Reinitialize sequence at beginning.
21:34:34.798 [kafka-producer-network-thread | producer-2] DEBUG org.apache.kafka.clients.producer.internals.RecordAccumulator - [Producer clientId=producer-2] Assigned producerId 81 and producerEpoch 0 to batch with base sequence 0 being sent to partition todos-dev-topic-0
21:34:34.798 [kafka-producer-network-thread | producer-2] DEBUG org.apache.kafka.clients.NetworkClient - [Producer clientId=producer-2] Sending PRODUCE request with header RequestHeader(apiKey=PRODUCE, apiVersion=13, clientId=producer-2, correlationId=5, headerVersion=2) and timeout 30000 to node 1: {acks=-1,timeout=30000,partitionSizes=[TbRm1Xq6TeuEq4nIZCZGiA:todos-dev-topic-0=185]}
21:34:34.801 [kafka-producer-network-thread | producer-2] DEBUG org.apache.kafka.clients.NetworkClient - [Producer clientId=producer-2] Received PRODUCE response from node 1 for request with header RequestHeader(apiKey=PRODUCE, apiVersion=13, clientId=producer-2, correlationId=5, headerVersion=2): ProduceResponseData(responses=[TopicProduceResponse(name='', topicId=TbRm1Xq6TeuEq4nIZCZGiA, partitionResponses=[PartitionProduceResponse(index=0, errorCode=0, baseOffset=30, logAppendTimeMs=-1, logStartOffset=0, recordErrors=[], errorMessage=null, currentLeader=LeaderIdAndEpoch(leaderId=-1, leaderEpoch=-1))])], throttleTimeMs=0, nodeEndpoints=[])
21:34:34.801 [qtp265310387-25] INFO org.apache.kafka.clients.producer.KafkaProducer - [Producer clientId=producer-2] Closing the Kafka producer with timeoutMillis = 9223372036854775807 ms.
21:34:34.801 [qtp265310387-25] DEBUG org.apache.kafka.common.telemetry.internals.ClientTelemetryReporter - Initiate close of ClientTelemetryReporter
21:34:34.801 [qtp265310387-25] DEBUG org.apache.kafka.common.telemetry.internals.ClientTelemetryReporter - initiate close for client telemetry, check if terminal push required.
21:34:34.801 [qtp265310387-25] DEBUG org.apache.kafka.common.telemetry.internals.ClientTelemetryReporter - Subscription not yet loaded, ignoring terminal push
21:34:34.802 [kafka-producer-network-thread | producer-2] DEBUG org.apache.kafka.clients.producer.internals.Sender - [Producer clientId=producer-2] Beginning shutdown of Kafka producer I/O thread, sending remaining records.
21:34:34.802 [kafka-producer-network-thread | producer-2] DEBUG org.apache.kafka.common.telemetry.internals.KafkaMetricsCollector - removing kafka metric : MetricName [name=connection-count, group=producer-metrics, description=The current number of active connections., tags={client-id=producer-2}]
21:34:34.802 [kafka-producer-network-thread | producer-2] DEBUG org.apache.kafka.common.telemetry.internals.KafkaMetricsCollector - removing kafka metric : MetricName [name=connection-close-total, group=producer-metrics, description=The total number of connections closed, tags={client-id=producer-2}]
21:34:34.802 [kafka-producer-network-thread | producer-2] DEBUG org.apache.kafka.common.telemetry.internals.KafkaMetricsCollector - removing kafka metric : MetricName [name=connection-close-rate, group=producer-metrics, description=The number of connections closed per second, tags={client-id=producer-2}]
21:34:34.803 [kafka-producer-network-thread | producer-2] DEBUG org.apache.kafka.common.telemetry.internals.KafkaMetricsCollector - removing kafka metric : MetricName [name=connection-creation-total, group=producer-metrics, description=The total number of new connections established, tags={client-id=producer-2}]
21:34:34.803 [kafka-producer-network-thread | producer-2] DEBUG org.apache.kafka.common.telemetry.internals.KafkaMetricsCollector - removing kafka metric : MetricName [name=connection-creation-rate, group=producer-metrics, description=The number of new connections established per second, tags={client-id=producer-2}]
21:34:34.803 [kafka-producer-network-thread | producer-2] DEBUG org.apache.kafka.common.telemetry.internals.KafkaMetricsCollector - removing kafka metric : MetricName [name=successful-authentication-total, group=producer-metrics, description=The total number of connections with successful authentication, tags={client-id=producer-2}]
21:34:34.803 [kafka-producer-network-thread | producer-2] DEBUG org.apache.kafka.common.telemetry.internals.KafkaMetricsCollector - removing kafka metric : MetricName [name=successful-authentication-rate, group=producer-metrics, description=The number of connections with successful authentication per second, tags={client-id=producer-2}]
21:34:34.803 [kafka-producer-network-thread | producer-2] DEBUG org.apache.kafka.common.telemetry.internals.KafkaMetricsCollector - removing kafka metric : MetricName [name=successful-reauthentication-total, group=producer-metrics, description=The total number of successful re-authentication of connections, tags={client-id=producer-2}]
21:34:34.804 [kafka-producer-network-thread | producer-2] DEBUG org.apache.kafka.common.telemetry.internals.KafkaMetricsCollector - removing kafka metric : MetricName [name=successful-reauthentication-rate, group=producer-metrics, description=The number of successful re-authentication of connections per second, tags={client-id=producer-2}]
21:34:34.804 [kafka-producer-network-thread | producer-2] DEBUG org.apache.kafka.common.telemetry.internals.KafkaMetricsCollector - removing kafka metric : MetricName [name=successful-authentication-no-reauth-total, group=producer-metrics, description=The total number of connections with successful authentication where the client does not support re-authentication, tags={client-id=producer-2}]
21:34:34.804 [kafka-producer-network-thread | producer-2] DEBUG org.apache.kafka.common.telemetry.internals.KafkaMetricsCollector - removing kafka metric : MetricName [name=failed-authentication-total, group=producer-metrics, description=The total number of connections with failed authentication, tags={client-id=producer-2}]
21:34:34.804 [kafka-producer-network-thread | producer-2] DEBUG org.apache.kafka.common.telemetry.internals.KafkaMetricsCollector - removing kafka metric : MetricName [name=failed-authentication-rate, group=producer-metrics, description=The number of connections with failed authentication per second, tags={client-id=producer-2}]
21:34:34.804 [kafka-producer-network-thread | producer-2] DEBUG org.apache.kafka.common.telemetry.internals.KafkaMetricsCollector - removing kafka metric : MetricName [name=failed-reauthentication-total, group=producer-metrics, description=The total number of failed re-authentication of connections, tags={client-id=producer-2}]
21:34:34.804 [kafka-producer-network-thread | producer-2] DEBUG org.apache.kafka.common.telemetry.internals.KafkaMetricsCollector - removing kafka metric : MetricName [name=failed-reauthentication-rate, group=producer-metrics, description=The number of failed re-authentication of connections per second, tags={client-id=producer-2}]
21:34:34.804 [kafka-producer-network-thread | producer-2] DEBUG org.apache.kafka.common.telemetry.internals.KafkaMetricsCollector - removing kafka metric : MetricName [name=reauthentication-latency-max, group=producer-metrics, description=The max latency observed due to re-authentication, tags={client-id=producer-2}]
21:34:34.804 [kafka-producer-network-thread | producer-2] DEBUG org.apache.kafka.common.telemetry.internals.KafkaMetricsCollector - removing kafka metric : MetricName [name=reauthentication-latency-avg, group=producer-metrics, description=The average latency observed due to re-authentication, tags={client-id=producer-2}]
21:34:34.804 [kafka-producer-network-thread | producer-2] DEBUG org.apache.kafka.common.telemetry.internals.KafkaMetricsCollector - removing kafka metric : MetricName [name=network-io-total, group=producer-metrics, description=The total number of network operations (reads or writes) on all connections, tags={client-id=producer-2}]
21:34:34.804 [kafka-producer-network-thread | producer-2] DEBUG org.apache.kafka.common.telemetry.internals.KafkaMetricsCollector - removing kafka metric : MetricName [name=network-io-rate, group=producer-metrics, description=The number of network operations (reads or writes) on all connections per second, tags={client-id=producer-2}]
21:34:34.804 [kafka-producer-network-thread | producer-2] DEBUG org.apache.kafka.common.telemetry.internals.KafkaMetricsCollector - removing kafka metric : MetricName [name=outgoing-byte-total, group=producer-metrics, description=The total number of outgoing bytes sent to all servers, tags={client-id=producer-2}]
21:34:34.804 [kafka-producer-network-thread | producer-2] DEBUG org.apache.kafka.common.telemetry.internals.KafkaMetricsCollector - removing kafka metric : MetricName [name=outgoing-byte-rate, group=producer-metrics, description=The number of outgoing bytes sent to all servers per second, tags={client-id=producer-2}]
21:34:34.804 [kafka-producer-network-thread | producer-2] DEBUG org.apache.kafka.common.telemetry.internals.KafkaMetricsCollector - removing kafka metric : MetricName [name=incoming-byte-total, group=producer-metrics, description=The total number of bytes read off all sockets, tags={client-id=producer-2}]
21:34:34.804 [kafka-producer-network-thread | producer-2] DEBUG org.apache.kafka.common.telemetry.internals.KafkaMetricsCollector - removing kafka metric : MetricName [name=incoming-byte-rate, group=producer-metrics, description=The number of bytes read off all sockets per second, tags={client-id=producer-2}]
21:34:34.804 [kafka-producer-network-thread | producer-2] DEBUG org.apache.kafka.common.telemetry.internals.KafkaMetricsCollector - removing kafka metric : MetricName [name=request-total, group=producer-metrics, description=The total number of requests sent, tags={client-id=producer-2}]
21:34:34.804 [kafka-producer-network-thread | producer-2] DEBUG org.apache.kafka.common.telemetry.internals.KafkaMetricsCollector - removing kafka metric : MetricName [name=request-rate, group=producer-metrics, description=The number of requests sent per second, tags={client-id=producer-2}]
21:34:34.804 [kafka-producer-network-thread | producer-2] DEBUG org.apache.kafka.common.telemetry.internals.KafkaMetricsCollector - removing kafka metric : MetricName [name=request-size-avg, group=producer-metrics, description=The average size of requests sent., tags={client-id=producer-2}]
21:34:34.804 [kafka-producer-network-thread | producer-2] DEBUG org.apache.kafka.common.telemetry.internals.KafkaMetricsCollector - removing kafka metric : MetricName [name=request-size-max, group=producer-metrics, description=The maximum size of any request sent., tags={client-id=producer-2}]
21:34:34.804 [kafka-producer-network-thread | producer-2] DEBUG org.apache.kafka.common.telemetry.internals.KafkaMetricsCollector - removing kafka metric : MetricName [name=response-total, group=producer-metrics, description=The total number of responses received, tags={client-id=producer-2}]
21:34:34.804 [kafka-producer-network-thread | producer-2] DEBUG org.apache.kafka.common.telemetry.internals.KafkaMetricsCollector - removing kafka metric : MetricName [name=response-rate, group=producer-metrics, description=The number of responses received per second, tags={client-id=producer-2}]
21:34:34.805 [kafka-producer-network-thread | producer-2] DEBUG org.apache.kafka.common.telemetry.internals.KafkaMetricsCollector - removing kafka metric : MetricName [name=select-total, group=producer-metrics, description=The total number of times the I/O layer checked for new I/O to perform, tags={client-id=producer-2}]
21:34:34.805 [kafka-producer-network-thread | producer-2] DEBUG org.apache.kafka.common.telemetry.internals.KafkaMetricsCollector - removing kafka metric : MetricName [name=select-rate, group=producer-metrics, description=The number of times the I/O layer checked for new I/O to perform per second, tags={client-id=producer-2}]
21:34:34.805 [kafka-producer-network-thread | producer-2] DEBUG org.apache.kafka.common.telemetry.internals.KafkaMetricsCollector - removing kafka metric : MetricName [name=io-wait-time-ns-avg, group=producer-metrics, description=The average length of time the I/O thread spent waiting for a socket ready for reads or writes in nanoseconds., tags={client-id=producer-2}]
21:34:34.805 [kafka-producer-network-thread | producer-2] DEBUG org.apache.kafka.common.telemetry.internals.KafkaMetricsCollector - removing kafka metric : MetricName [name=io-wait-time-ns-total, group=producer-metrics, description=The total time the I/O thread spent waiting, tags={client-id=producer-2}]
21:34:34.805 [kafka-producer-network-thread | producer-2] DEBUG org.apache.kafka.common.telemetry.internals.KafkaMetricsCollector - removing kafka metric : MetricName [name=io-wait-ratio, group=producer-metrics, description=The fraction of time the I/O thread spent waiting, tags={client-id=producer-2}]
21:34:34.806 [kafka-producer-network-thread | producer-2] DEBUG org.apache.kafka.common.telemetry.internals.KafkaMetricsCollector - removing kafka metric : MetricName [name=io-time-ns-avg, group=producer-metrics, description=The average length of time for I/O per select call in nanoseconds., tags={client-id=producer-2}]
21:34:34.806 [kafka-producer-network-thread | producer-2] DEBUG org.apache.kafka.common.telemetry.internals.KafkaMetricsCollector - removing kafka metric : MetricName [name=io-time-ns-total, group=producer-metrics, description=The total time the I/O thread spent doing I/O, tags={client-id=producer-2}]
21:34:34.806 [kafka-producer-network-thread | producer-2] DEBUG org.apache.kafka.common.telemetry.internals.KafkaMetricsCollector - removing kafka metric : MetricName [name=io-ratio, group=producer-metrics, description=The fraction of time the I/O thread spent doing I/O, tags={client-id=producer-2}]
21:34:34.806 [kafka-producer-network-thread | producer-2] DEBUG org.apache.kafka.common.telemetry.internals.KafkaMetricsCollector - removing kafka metric : MetricName [name=request-total, group=producer-node-metrics, description=The total number of requests sent, tags={client-id=producer-2, node-id=node--1}]
21:34:34.806 [kafka-producer-network-thread | producer-2] DEBUG org.apache.kafka.common.telemetry.internals.KafkaMetricsCollector - removing kafka metric : MetricName [name=request-rate, group=producer-node-metrics, description=The number of requests sent per second, tags={client-id=producer-2, node-id=node--1}]
21:34:34.806 [kafka-producer-network-thread | producer-2] DEBUG org.apache.kafka.common.telemetry.internals.KafkaMetricsCollector - removing kafka metric : MetricName [name=request-size-avg, group=producer-node-metrics, description=The average size of requests sent., tags={client-id=producer-2, node-id=node--1}]
21:34:34.806 [kafka-producer-network-thread | producer-2] DEBUG org.apache.kafka.common.telemetry.internals.KafkaMetricsCollector - removing kafka metric : MetricName [name=request-size-max, group=producer-node-metrics, description=The maximum size of any request sent., tags={client-id=producer-2, node-id=node--1}]
21:34:34.806 [kafka-producer-network-thread | producer-2] DEBUG org.apache.kafka.common.telemetry.internals.KafkaMetricsCollector - removing kafka metric : MetricName [name=outgoing-byte-total, group=producer-node-metrics, description=The total number of outgoing bytes, tags={client-id=producer-2, node-id=node--1}]
21:34:34.806 [kafka-producer-network-thread | producer-2] DEBUG org.apache.kafka.common.telemetry.internals.KafkaMetricsCollector - removing kafka metric : MetricName [name=outgoing-byte-rate, group=producer-node-metrics, description=The number of outgoing bytes per second, tags={client-id=producer-2, node-id=node--1}]
21:34:34.806 [kafka-producer-network-thread | producer-2] DEBUG org.apache.kafka.common.telemetry.internals.KafkaMetricsCollector - removing kafka metric : MetricName [name=response-total, group=producer-node-metrics, description=The total number of responses received, tags={client-id=producer-2, node-id=node--1}]
21:34:34.806 [kafka-producer-network-thread | producer-2] DEBUG org.apache.kafka.common.telemetry.internals.KafkaMetricsCollector - removing kafka metric : MetricName [name=response-rate, group=producer-node-metrics, description=The number of responses received per second, tags={client-id=producer-2, node-id=node--1}]
21:34:34.806 [kafka-producer-network-thread | producer-2] DEBUG org.apache.kafka.common.telemetry.internals.KafkaMetricsCollector - removing kafka metric : MetricName [name=incoming-byte-total, group=producer-node-metrics, description=The total number of incoming bytes, tags={client-id=producer-2, node-id=node--1}]
21:34:34.807 [kafka-producer-network-thread | producer-2] DEBUG org.apache.kafka.common.telemetry.internals.KafkaMetricsCollector - removing kafka metric : MetricName [name=incoming-byte-rate, group=producer-node-metrics, description=The number of incoming bytes per second, tags={client-id=producer-2, node-id=node--1}]
21:34:34.807 [kafka-producer-network-thread | producer-2] DEBUG org.apache.kafka.common.telemetry.internals.KafkaMetricsCollector - removing kafka metric : MetricName [name=request-latency-avg, group=producer-node-metrics, description=, tags={client-id=producer-2, node-id=node--1}]
21:34:34.807 [kafka-producer-network-thread | producer-2] DEBUG org.apache.kafka.common.telemetry.internals.KafkaMetricsCollector - removing kafka metric : MetricName [name=request-latency-max, group=producer-node-metrics, description=, tags={client-id=producer-2, node-id=node--1}]
21:34:34.807 [kafka-producer-network-thread | producer-2] DEBUG org.apache.kafka.common.telemetry.internals.KafkaMetricsCollector - removing kafka metric : MetricName [name=request-total, group=producer-node-metrics, description=The total number of requests sent, tags={client-id=producer-2, node-id=node-1}]
21:34:34.807 [kafka-producer-network-thread | producer-2] DEBUG org.apache.kafka.common.telemetry.internals.KafkaMetricsCollector - removing kafka metric : MetricName [name=request-rate, group=producer-node-metrics, description=The number of requests sent per second, tags={client-id=producer-2, node-id=node-1}]
21:34:34.807 [kafka-producer-network-thread | producer-2] DEBUG org.apache.kafka.common.telemetry.internals.KafkaMetricsCollector - removing kafka metric : MetricName [name=request-size-avg, group=producer-node-metrics, description=The average size of requests sent., tags={client-id=producer-2, node-id=node-1}]
21:34:34.807 [kafka-producer-network-thread | producer-2] DEBUG org.apache.kafka.common.telemetry.internals.KafkaMetricsCollector - removing kafka metric : MetricName [name=request-size-max, group=producer-node-metrics, description=The maximum size of any request sent., tags={client-id=producer-2, node-id=node-1}]
21:34:34.807 [kafka-producer-network-thread | producer-2] DEBUG org.apache.kafka.common.telemetry.internals.KafkaMetricsCollector - removing kafka metric : MetricName [name=outgoing-byte-total, group=producer-node-metrics, description=The total number of outgoing bytes, tags={client-id=producer-2, node-id=node-1}]
21:34:34.807 [kafka-producer-network-thread | producer-2] DEBUG org.apache.kafka.common.telemetry.internals.KafkaMetricsCollector - removing kafka metric : MetricName [name=outgoing-byte-rate, group=producer-node-metrics, description=The number of outgoing bytes per second, tags={client-id=producer-2, node-id=node-1}]
21:34:34.807 [kafka-producer-network-thread | producer-2] DEBUG org.apache.kafka.common.telemetry.internals.KafkaMetricsCollector - removing kafka metric : MetricName [name=response-total, group=producer-node-metrics, description=The total number of responses received, tags={client-id=producer-2, node-id=node-1}]
21:34:34.807 [kafka-producer-network-thread | producer-2] DEBUG org.apache.kafka.common.telemetry.internals.KafkaMetricsCollector - removing kafka metric : MetricName [name=response-rate, group=producer-node-metrics, description=The number of responses received per second, tags={client-id=producer-2, node-id=node-1}]
21:34:34.807 [kafka-producer-network-thread | producer-2] DEBUG org.apache.kafka.common.telemetry.internals.KafkaMetricsCollector - removing kafka metric : MetricName [name=incoming-byte-total, group=producer-node-metrics, description=The total number of incoming bytes, tags={client-id=producer-2, node-id=node-1}]
21:34:34.807 [kafka-producer-network-thread | producer-2] DEBUG org.apache.kafka.common.telemetry.internals.KafkaMetricsCollector - removing kafka metric : MetricName [name=incoming-byte-rate, group=producer-node-metrics, description=The number of incoming bytes per second, tags={client-id=producer-2, node-id=node-1}]
21:34:34.807 [kafka-producer-network-thread | producer-2] DEBUG org.apache.kafka.common.telemetry.internals.KafkaMetricsCollector - removing kafka metric : MetricName [name=request-latency-avg, group=producer-node-metrics, description=, tags={client-id=producer-2, node-id=node-1}]
21:34:34.807 [kafka-producer-network-thread | producer-2] DEBUG org.apache.kafka.common.telemetry.internals.KafkaMetricsCollector - removing kafka metric : MetricName [name=request-latency-max, group=producer-node-metrics, description=, tags={client-id=producer-2, node-id=node-1}]
21:34:34.807 [kafka-producer-network-thread | producer-2] DEBUG org.apache.kafka.common.telemetry.internals.ClientTelemetryReporter - close telemetry sender for client telemetry reporter instance
21:34:34.807 [kafka-producer-network-thread | producer-2] DEBUG org.apache.kafka.common.telemetry.internals.ClientTelemetryReporter - Setting telemetry state from SUBSCRIPTION_NEEDED to TERMINATED
21:34:34.807 [kafka-producer-network-thread | producer-2] DEBUG org.apache.kafka.clients.producer.internals.Sender - [Producer clientId=producer-2] Shutdown of Kafka producer I/O thread has completed.
21:34:34.807 [qtp265310387-25] DEBUG org.apache.kafka.common.telemetry.internals.KafkaMetricsCollector - removing kafka metric : MetricName [name=flush-time-ns-total, group=producer-metrics, description=Total time producer has spent in flush in nanoseconds., tags={client-id=producer-2}]
21:34:34.808 [qtp265310387-25] DEBUG org.apache.kafka.common.telemetry.internals.KafkaMetricsCollector - removing kafka metric : MetricName [name=txn-init-time-ns-total, group=producer-metrics, description=Total time producer has spent in initTransactions in nanoseconds., tags={client-id=producer-2}]
21:34:34.808 [qtp265310387-25] DEBUG org.apache.kafka.common.telemetry.internals.KafkaMetricsCollector - removing kafka metric : MetricName [name=txn-begin-time-ns-total, group=producer-metrics, description=Total time producer has spent in beginTransaction in nanoseconds., tags={client-id=producer-2}]
21:34:34.808 [qtp265310387-25] DEBUG org.apache.kafka.common.telemetry.internals.KafkaMetricsCollector - removing kafka metric : MetricName [name=txn-send-offsets-time-ns-total, group=producer-metrics, description=Total time producer has spent in sendOffsetsToTransaction in nanoseconds., tags={client-id=producer-2}]
21:34:34.808 [qtp265310387-25] DEBUG org.apache.kafka.common.telemetry.internals.KafkaMetricsCollector - removing kafka metric : MetricName [name=txn-commit-time-ns-total, group=producer-metrics, description=Total time producer has spent in commitTransaction in nanoseconds., tags={client-id=producer-2}]
21:34:34.808 [qtp265310387-25] DEBUG org.apache.kafka.common.telemetry.internals.KafkaMetricsCollector - removing kafka metric : MetricName [name=txn-abort-time-ns-total, group=producer-metrics, description=Total time producer has spent in abortTransaction in nanoseconds., tags={client-id=producer-2}]
21:34:34.808 [qtp265310387-25] DEBUG org.apache.kafka.common.telemetry.internals.KafkaMetricsCollector - removing kafka metric : MetricName [name=txn-prepare-time-ns-total, group=producer-metrics, description=Total time producer has spent in prepareTransaction in nanoseconds., tags={client-id=producer-2}]
21:34:34.808 [qtp265310387-25] DEBUG org.apache.kafka.common.telemetry.internals.KafkaMetricsCollector - removing kafka metric : MetricName [name=metadata-wait-time-ns-total, group=producer-metrics, description=Total time producer has spent waiting on topic metadata in nanoseconds., tags={client-id=producer-2}]
21:34:34.808 [qtp265310387-25] INFO org.apache.kafka.common.metrics.Metrics - Metrics scheduler closed
21:34:34.808 [qtp265310387-25] INFO org.apache.kafka.common.metrics.Metrics - Closing reporter org.apache.kafka.common.metrics.JmxReporter
21:34:34.808 [qtp265310387-25] INFO org.apache.kafka.common.metrics.Metrics - Closing reporter org.apache.kafka.common.telemetry.internals.ClientTelemetryReporter
21:34:34.808 [qtp265310387-25] DEBUG org.apache.kafka.common.telemetry.internals.ClientTelemetryReporter - Stopping ClientTelemetryReporter
21:34:34.808 [qtp265310387-25] DEBUG org.apache.kafka.common.telemetry.internals.ClientTelemetryReporter - close telemetry sender for client telemetry reporter instance
21:34:34.808 [qtp265310387-25] DEBUG org.apache.kafka.common.telemetry.internals.ClientTelemetryReporter - Ignoring subsequent close
21:34:34.808 [qtp265310387-25] INFO org.apache.kafka.common.metrics.Metrics - Metrics reporters closed
21:34:34.808 [qtp265310387-25] DEBUG org.apache.kafka.common.telemetry.internals.ClientTelemetryReporter - Stopping ClientTelemetryReporter
21:34:34.808 [qtp265310387-25] DEBUG org.apache.kafka.common.telemetry.internals.ClientTelemetryReporter - close telemetry sender for client telemetry reporter instance
21:34:34.808 [qtp265310387-25] DEBUG org.apache.kafka.common.telemetry.internals.ClientTelemetryReporter - Ignoring subsequent close
21:34:34.808 [qtp265310387-25] DEBUG org.apache.kafka.common.telemetry.internals.KafkaMetricsCollector - removing kafka metric : MetricName [name=version, group=app-info, description=Metric indicating version, tags={client-id=producer-2}]
21:34:34.808 [qtp265310387-25] DEBUG org.apache.kafka.common.telemetry.internals.KafkaMetricsCollector - removing kafka metric : MetricName [name=commit-id, group=app-info, description=Metric indicating commit-id, tags={client-id=producer-2}]
21:34:34.808 [qtp265310387-25] DEBUG org.apache.kafka.common.telemetry.internals.KafkaMetricsCollector - removing kafka metric : MetricName [name=start-time-ms, group=app-info, description=Metric indicating start-time-ms, tags={client-id=producer-2}]
21:34:34.808 [qtp265310387-25] INFO org.apache.kafka.common.utils.AppInfoParser - App info kafka.producer for producer-2 unregistered
21:34:34.808 [qtp265310387-25] DEBUG org.apache.kafka.clients.producer.KafkaProducer - [Producer clientId=producer-2] Kafka producer has been closed
21:34:34.808 [qtp265310387-25] DEBUG org.eclipse.jetty.server.HttpOutput - write(array HeapByteBuffer@38908e3f[p=0,l=79,c=79,r=79]={<<<{"id":"2031e00d-495e-4837...cond","complete":false}>>>})
21:34:34.808 [qtp265310387-25] DEBUG org.eclipse.jetty.server.HttpOutput - write(array) s=OPEN,api=BLOCKING,sc=false,e=null aggregated !flush DirectByteBuffer@5285689a[p=0,l=79,c=32768,r=79]={<<<{"id":"2031e00d-495e-4837...cond","complete":false}>>>]\x00\x00\x00\x00\x00\x00\x00\x00...\x00\x00\x00\x00\x00\x00\x00}
21:34:34.808 [qtp265310387-25] DEBUG org.eclipse.jetty.server.HttpChannel - sendResponse info=null content=DirectByteBuffer@5285689a[p=0,l=79,c=32768,r=79]={<<<{"id":"2031e00d-495e-4837...cond","complete":false}>>>]\x00\x00\x00\x00\x00\x00\x00\x00...\x00\x00\x00\x00\x00\x00\x00} complete=false committing=true callback=Blocker@15244565{null}
21:34:34.808 [qtp265310387-25] DEBUG org.eclipse.jetty.server.HttpChannel - COMMIT for /todos on HttpChannelOverHttp@358e07a7{s=HttpChannelState@1184be2e{s=HANDLING rs=BLOCKING os=COMMITTED is=READY awp=false se=false i=true al=0},r=1,c=false/false,a=HANDLING,uri=//localhost:8080/todos,age=24}
200 null HTTP/1.1
Date: Sun, 26 Oct 2025 20:34:34 GMT
Content-Type: application/json


21:34:34.808 [qtp265310387-25] DEBUG org.eclipse.jetty.server.HttpConnection - generate: NEED_HEADER for SendCallback@54d029f7[PROCESSING][i=HTTP/1.1{s=200,h=2,cl=-1},cb=org.eclipse.jetty.server.HttpChannel$SendCallback@474c146d] (null,[p=0,l=79,c=32768,r=79],false)@START
21:34:34.808 [qtp265310387-25] DEBUG org.eclipse.jetty.http.HttpGenerator - generateHeaders HTTP/1.1{s=200,h=2,cl=-1} last=false content=DirectByteBuffer@5285689a[p=0,l=79,c=32768,r=79]={<<<{"id":"2031e00d-495e-4837...cond","complete":false}>>>]\x00\x00\x00\x00\x00\x00\x00\x00...\x00\x00\x00\x00\x00\x00\x00}
21:34:34.808 [qtp265310387-25] DEBUG org.eclipse.jetty.http.HttpGenerator - Date: Sun, 26 Oct 2025 20:34:34 GMT
Content-Type: application/json


21:34:34.808 [qtp265310387-25] DEBUG org.eclipse.jetty.http.HttpGenerator - CHUNKED_CONTENT
21:34:34.808 [qtp265310387-25] DEBUG org.eclipse.jetty.server.HttpConnection - generate: FLUSH for SendCallback@54d029f7[PROCESSING][i=HTTP/1.1{s=200,h=2,cl=-1},cb=org.eclipse.jetty.server.HttpChannel$SendCallback@474c146d] ([p=0,l=153,c=8192,r=153],[p=0,l=79,c=32768,r=79],false)@COMMITTED
21:34:34.809 [qtp265310387-25] DEBUG org.eclipse.jetty.io.WriteFlusher - write: WriteFlusher@7b118bcd{IDLE}->null [HeapByteBuffer@25e83041[p=0,l=153,c=8192,r=153]={<<<HTTP/1.1 200 OK\r\nDate: Su...4.48.v20220622)\r\n\r\n4F\r\n>>>ient/4.5....\x00\x00\x00\x00\x00\x00\x00},DirectByteBuffer@5285689a[p=0,l=79,c=32768,r=79]={<<<{"id":"2031e00d-495e-4837...cond","complete":false}>>>]\x00\x00\x00\x00\x00\x00\x00\x00...\x00\x00\x00\x00\x00\x00\x00}]
21:34:34.809 [qtp265310387-25] DEBUG org.eclipse.jetty.io.WriteFlusher - update WriteFlusher@7b118bcd{WRITING}->null:IDLE-->WRITING
21:34:34.809 [qtp265310387-25] DEBUG org.eclipse.jetty.io.ChannelEndPoint - flushed 232 SocketChannelEndPoint@68ed42b0{l=/127.0.0.1:8080,r=/127.0.0.1:59954,OPEN,fill=-,flush=W,to=25/3600000}{io=0/0,kio=0,kro=1}->HttpConnection@6ef34c25[p=HttpParser{s=END,6 of 6},g=HttpGenerator@297ffa90{s=COMMITTED}]=>HttpChannelOverHttp@358e07a7{s=HttpChannelState@1184be2e{s=HANDLING rs=BLOCKING os=COMMITTED is=READY awp=false se=false i=true al=0},r=1,c=false/false,a=HANDLING,uri=//localhost:8080/todos,age=25}
21:34:34.809 [qtp265310387-25] DEBUG org.eclipse.jetty.io.WriteFlusher - Flushed=true written=232 remaining=0 WriteFlusher@7b118bcd{WRITING}->null
21:34:34.809 [qtp265310387-25] DEBUG org.eclipse.jetty.io.WriteFlusher - update WriteFlusher@7b118bcd{IDLE}->null:WRITING-->IDLE
21:34:34.809 [qtp265310387-25] DEBUG org.eclipse.jetty.server.HttpConnection - generate: DONE for SendCallback@54d029f7[PROCESSING][i=HTTP/1.1{s=200,h=2,cl=-1},cb=org.eclipse.jetty.server.HttpChannel$SendCallback@474c146d] ([p=153,l=153,c=8192,r=0],[p=79,l=79,c=32768,r=0],false)@COMMITTED
21:34:34.809 [main] DEBUG org.apache.http.wire - http-outgoing-3 << "HTTP/1.1 200 OK[\r][\n]"
21:34:34.809 [main] DEBUG org.apache.http.wire - http-outgoing-3 << "Date: Sun, 26 Oct 2025 20:34:34 GMT[\r][\n]"
21:34:34.809 [main] DEBUG org.apache.http.wire - http-outgoing-3 << "Content-Type: application/json[\r][\n]"
21:34:34.809 [main] DEBUG org.apache.http.wire - http-outgoing-3 << "Transfer-Encoding: chunked[\r][\n]"
21:34:34.809 [qtp265310387-25] DEBUG org.eclipse.jetty.server.HttpOutput - onWriteComplete(false,null) s=OPEN,api=BLOCKED,sc=false,e=null->s=OPEN,api=BLOCKING,sc=false,e=null c=null cb=null w=false
21:34:34.809 [main] DEBUG org.apache.http.wire - http-outgoing-3 << "Server: Jetty(9.4.48.v20220622)[\r][\n]"
21:34:34.809 [main] DEBUG org.apache.http.wire - http-outgoing-3 << "[\r][\n]"
21:34:34.809 [main] DEBUG org.apache.http.wire - http-outgoing-3 << "4F[\r][\n]"
21:34:34.809 [qtp265310387-25] DEBUG org.eclipse.jetty.server.HttpOutput - close() s=CLOSING,api=BLOCKED,sc=false,e=null c=HeapByteBuffer@6db4bfd0[p=0,l=0,c=0,r=0]={<<<>>>} b=Blocker@15244565{null}
21:34:34.809 [main] DEBUG org.apache.http.wire - http-outgoing-3 << "{"id":"2031e00d-495e-4837-8024-9c7d4f0b9016","title":"Second","complete":false}"
21:34:34.809 [qtp265310387-25] DEBUG org.eclipse.jetty.server.HttpChannel - sendResponse info=null content=HeapByteBuffer@6db4bfd0[p=0,l=0,c=0,r=0]={<<<>>>} complete=true committing=false callback=Blocker@15244565{null}
21:34:34.809 [qtp265310387-25] DEBUG org.eclipse.jetty.server.HttpConnection - generate: CONTINUE for SendCallback@54d029f7[PROCESSING][i=null,cb=org.eclipse.jetty.server.HttpChannel$SendCallback@4c29f6a7] (null,[p=0,l=0,c=0,r=0],true)@COMPLETING
21:34:34.809 [qtp265310387-25] DEBUG org.eclipse.jetty.server.HttpConnection - generate: NEED_CHUNK for SendCallback@54d029f7[PROCESSING][i=null,cb=org.eclipse.jetty.server.HttpChannel$SendCallback@4c29f6a7] (null,[p=0,l=0,c=0,r=0],true)@COMPLETING
21:34:34.809 [qtp265310387-25] DEBUG org.eclipse.jetty.server.HttpConnection - generate: FLUSH for SendCallback@54d029f7[PROCESSING][i=null,cb=org.eclipse.jetty.server.HttpChannel$SendCallback@4c29f6a7] (null,[p=0,l=0,c=0,r=0],true)@COMPLETING
21:34:34.809 [main] DEBUG org.apache.http.headers - http-outgoing-3 << HTTP/1.1 200 OK
21:34:34.809 [qtp265310387-25] DEBUG org.eclipse.jetty.io.WriteFlusher - write: WriteFlusher@7b118bcd{IDLE}->null [HeapByteBuffer@325857d6[p=0,l=7,c=1024,r=7]={<<<\r\n0\r\n\r\n>>>\x00\x00\x00\x00\x00\x00\x00\x00\x00...\x00\x00\x00\x00\x00\x00\x00}]
21:34:34.809 [main] DEBUG org.apache.http.headers - http-outgoing-3 << Date: Sun, 26 Oct 2025 20:34:34 GMT
21:34:34.809 [main] DEBUG org.apache.http.headers - http-outgoing-3 << Content-Type: application/json
21:34:34.809 [qtp265310387-25] DEBUG org.eclipse.jetty.io.WriteFlusher - update WriteFlusher@7b118bcd{WRITING}->null:IDLE-->WRITING
21:34:34.809 [main] DEBUG org.apache.http.headers - http-outgoing-3 << Transfer-Encoding: chunked
21:34:34.809 [main] DEBUG org.apache.http.headers - http-outgoing-3 << Server: Jetty(9.4.48.v20220622)
21:34:34.809 [qtp265310387-25] DEBUG org.eclipse.jetty.io.ChannelEndPoint - flushed 7 SocketChannelEndPoint@68ed42b0{l=/127.0.0.1:8080,r=/127.0.0.1:59954,OPEN,fill=-,flush=W,to=0/3600000}{io=0/0,kio=0,kro=1}->HttpConnection@6ef34c25[p=HttpParser{s=END,6 of 6},g=HttpGenerator@297ffa90{s=COMPLETING}]=>HttpChannelOverHttp@358e07a7{s=HttpChannelState@1184be2e{s=HANDLING rs=BLOCKING os=COMMITTED is=READY awp=false se=false i=true al=0},r=1,c=false/false,a=HANDLING,uri=//localhost:8080/todos,age=25}
21:34:34.809 [main] DEBUG org.apache.http.impl.execchain.MainClientExec - Connection can be kept alive indefinitely
21:34:34.809 [qtp265310387-25] DEBUG org.eclipse.jetty.io.WriteFlusher - Flushed=true written=7 remaining=0 WriteFlusher@7b118bcd{WRITING}->null
21:34:34.809 [qtp265310387-25] DEBUG org.eclipse.jetty.io.WriteFlusher - update WriteFlusher@7b118bcd{IDLE}->null:WRITING-->IDLE
21:34:34.809 [qtp265310387-25] DEBUG org.eclipse.jetty.server.HttpConnection - generate: DONE for SendCallback@54d029f7[PROCESSING][i=null,cb=org.eclipse.jetty.server.HttpChannel$SendCallback@4c29f6a7] (null,[p=0,l=0,c=0,r=0],true)@END
21:34:34.809 [qtp265310387-25] DEBUG org.eclipse.jetty.server.HttpOutput - onWriteComplete(true,null) s=CLOSING,api=BLOCKED,sc=false,e=null->s=CLOSED,api=BLOCKING,sc=false,e=null c=null cb=null w=false
21:34:34.809 [qtp265310387-25] DEBUG org.eclipse.jetty.server.session - Leaving scope spark.embeddedserver.jetty.JettyHandler13365860==dftMaxIdleSec=-1 dispatch=REQUEST, async=false, session=null, oldsession=null, oldsessionhandler=null
21:34:34.809 [main] DEBUG org.apache.http.wire - http-outgoing-3 << "[\r][\n]"
21:34:34.809 [main] DEBUG org.apache.http.wire - http-outgoing-3 << "0[\r][\n]"
21:34:34.809 [main] DEBUG org.apache.http.wire - http-outgoing-3 << "[\r][\n]"
21:34:34.809 [qtp265310387-25] DEBUG org.eclipse.jetty.server.Server - handled=true async=false committed=true on HttpChannelOverHttp@358e07a7{s=HttpChannelState@1184be2e{s=HANDLING rs=BLOCKING os=COMPLETED is=READY awp=false se=false i=true al=0},r=1,c=false/true,a=HANDLING,uri=//localhost:8080/todos,age=25}
21:34:34.809 [qtp265310387-25] DEBUG org.eclipse.jetty.server.HttpChannelState - unhandle HttpChannelState@1184be2e{s=HANDLING rs=BLOCKING os=COMPLETED is=READY awp=false se=false i=true al=0}
21:34:34.809 [main] DEBUG org.apache.http.impl.conn.PoolingHttpClientConnectionManager - Connection [id: 3][route: {}->http://localhost:8080] can be kept alive indefinitely
21:34:34.809 [main] DEBUG org.apache.http.impl.conn.DefaultManagedHttpClientConnection - http-outgoing-3: set socket timeout to 0
21:34:34.809 [qtp265310387-25] DEBUG org.eclipse.jetty.server.HttpChannelState - nextAction(false) COMPLETE HttpChannelState@1184be2e{s=HANDLING rs=COMPLETING os=COMPLETED is=READY awp=false se=false i=false al=0}
21:34:34.809 [qtp265310387-25] DEBUG org.eclipse.jetty.server.HttpChannel - action COMPLETE HttpChannelOverHttp@358e07a7{s=HttpChannelState@1184be2e{s=HANDLING rs=COMPLETING os=COMPLETED is=READY awp=false se=false i=false al=0},r=1,c=false/true,a=HANDLING,uri=//localhost:8080/todos,age=25}
21:34:34.809 [main] DEBUG org.apache.http.impl.conn.PoolingHttpClientConnectionManager - Connection released: [id: 3][route: {}->http://localhost:8080][total available: 1; route allocated: 1 of 5; total allocated: 1 of 10]
21:34:34.809 [qtp265310387-25] DEBUG org.eclipse.jetty.server.HttpOutput - complete(org.eclipse.jetty.util.Callback$3@1963e144) s=CLOSED,api=BLOCKING,sc=false,e=null s=true e=null, c=null
21:34:34.809 [main] DEBUG org.apache.http.impl.conn.PoolingHttpClientConnectionManager - Connection manager is shutting down
21:34:34.809 [qtp265310387-25] DEBUG org.eclipse.jetty.server.HttpChannelState - completed HttpChannelState@1184be2e{s=HANDLING rs=COMPLETING os=COMPLETED is=READY awp=false se=false i=false al=0}
21:34:34.809 [main] DEBUG org.apache.http.impl.conn.DefaultManagedHttpClientConnection - http-outgoing-3: Close connection
21:34:34.809 [qtp265310387-25] DEBUG org.eclipse.jetty.server.HttpChannelState - unhandle HttpChannelState@1184be2e{s=HANDLING rs=COMPLETED os=COMPLETED is=READY awp=false se=false i=false al=0}
21:34:34.809 [qtp265310387-25] DEBUG org.eclipse.jetty.server.HttpChannelState - nextAction(false) TERMINATED HttpChannelState@1184be2e{s=IDLE rs=COMPLETED os=COMPLETED is=READY awp=false se=false i=false al=0}
21:34:34.809 [qtp265310387-25] DEBUG org.eclipse.jetty.server.HttpChannel - action TERMINATED HttpChannelOverHttp@358e07a7{s=HttpChannelState@1184be2e{s=IDLE rs=COMPLETED os=COMPLETED is=READY awp=false se=false i=false al=0},r=1,c=true/true,a=IDLE,uri=//localhost:8080/todos,age=25}
21:34:34.809 [qtp265310387-25] DEBUG org.eclipse.jetty.server.HttpChannel - onCompleted for /todos written=79
21:34:34.809 [main] DEBUG org.apache.http.impl.conn.PoolingHttpClientConnectionManager - Connection manager shut down
21:34:34.809 [main] DEBUG com.intuit.karate - response time in milliseconds: 32
4 < 200
4 < Date: Sun, 26 Oct 2025 20:34:34 GMT
4 < Content-Type: application/json
4 < Transfer-Encoding: chunked
4 < Server: Jetty(9.4.48.v20220622)
{"id":"2031e00d-495e-4837-8024-9c7d4f0b9016","title":"Second","complete":false}

21:34:34.809 [qtp265310387-25] DEBUG org.eclipse.jetty.server.HttpChannelState - recycle HttpChannelState@1184be2e{s=IDLE rs=COMPLETED os=COMPLETED is=READY awp=false se=false i=false al=0}
21:34:34.809 [qtp265310387-25] DEBUG org.eclipse.jetty.http.HttpParser - reset HttpParser{s=END,6 of 6}
21:34:34.809 [qtp265310387-25] DEBUG org.eclipse.jetty.http.HttpParser - END --> START
21:34:34.809 [qtp265310387-25] DEBUG org.eclipse.jetty.server.HttpChannel - !handle TERMINATED HttpChannelOverHttp@358e07a7{s=HttpChannelState@1184be2e{s=IDLE rs=BLOCKING os=OPEN is=IDLE awp=false se=false i=true al=0},r=1,c=false/false,a=IDLE,uri=null,age=0}
21:34:34.809 [qtp265310387-25] DEBUG org.eclipse.jetty.io.AbstractEndPoint - shutdownInput SocketChannelEndPoint@68ed42b0{l=/127.0.0.1:8080,r=/127.0.0.1:59954,OPEN,fill=-,flush=-,to=0/3600000}{io=0/0,kio=0,kro=1}->HttpConnection@6ef34c25[p=HttpParser{s=START,0 of -1},g=HttpGenerator@297ffa90{s=START}]=>HttpChannelOverHttp@358e07a7{s=HttpChannelState@1184be2e{s=IDLE rs=BLOCKING os=OPEN is=IDLE awp=false se=false i=true al=0},r=1,c=false/false,a=IDLE,uri=null,age=0}
21:34:34.809 [qtp265310387-25] DEBUG org.eclipse.jetty.io.ChannelEndPoint - filled -1 HeapByteBuffer@25e83041[p=0,l=0,c=8192,r=0]={<<<>>>HTTP/1.1 ...\x00\x00\x00\x00\x00\x00\x00}
21:34:34.809 [qtp265310387-25] DEBUG org.eclipse.jetty.http.HttpParser - atEOF HttpParser{s=START,0 of -1}
21:34:34.809 [qtp265310387-25] DEBUG org.eclipse.jetty.server.HttpConnection - HttpConnection@6ef34c25::SocketChannelEndPoint@68ed42b0{l=/127.0.0.1:8080,r=/127.0.0.1:59954,ISHUT,fill=-,flush=-,to=0/3600000}{io=0/0,kio=0,kro=1}->HttpConnection@6ef34c25[p=HttpParser{s=START,0 of -1},g=HttpGenerator@297ffa90{s=START}]=>HttpChannelOverHttp@358e07a7{s=HttpChannelState@1184be2e{s=IDLE rs=BLOCKING os=OPEN is=IDLE awp=false se=false i=true al=0},r=1,c=false/false,a=IDLE,uri=null,age=0} filled -1 HeapByteBuffer@25e83041[p=0,l=0,c=8192,r=0]={<<<>>>HTTP/1.1 ...\x00\x00\x00\x00\x00\x00\x00}
21:34:34.810 [qtp265310387-25] DEBUG org.eclipse.jetty.server.HttpConnection - HttpConnection@6ef34c25::SocketChannelEndPoint@68ed42b0{l=/127.0.0.1:8080,r=/127.0.0.1:59954,ISHUT,fill=-,flush=-,to=0/3600000}{io=0/0,kio=0,kro=1}->HttpConnection@6ef34c25[p=HttpParser{s=START,0 of -1},g=HttpGenerator@297ffa90{s=START}]=>HttpChannelOverHttp@358e07a7{s=HttpChannelState@1184be2e{s=IDLE rs=BLOCKING os=OPEN is=IDLE awp=false se=false i=true al=0},r=1,c=false/false,a=IDLE,uri=null,age=0} parse HeapByteBuffer@25e83041[p=0,l=0,c=8192,r=0]={<<<>>>HTTP/1.1 ...\x00\x00\x00\x00\x00\x00\x00} {}
21:34:34.810 [qtp265310387-25] DEBUG org.eclipse.jetty.http.HttpParser - parseNext s=START HeapByteBuffer@25e83041[p=0,l=0,c=8192,r=0]={<<<>>>HTTP/1.1 ...\x00\x00\x00\x00\x00\x00\x00}
21:34:34.810 [qtp265310387-25] DEBUG org.eclipse.jetty.http.HttpParser - START --> CLOSED
21:34:34.810 [qtp265310387-25] DEBUG org.eclipse.jetty.io.AbstractEndPoint - close SocketChannelEndPoint@68ed42b0{l=/127.0.0.1:8080,r=/127.0.0.1:59954,ISHUT,fill=-,flush=-,to=0/3600000}{io=0/0,kio=0,kro=1}->HttpConnection@6ef34c25[p=HttpParser{s=CLOSED,0 of -1},g=HttpGenerator@297ffa90{s=START}]=>HttpChannelOverHttp@358e07a7{s=HttpChannelState@1184be2e{s=IDLE rs=BLOCKING os=OPEN is=IDLE awp=false se=false i=true al=0},r=1,c=false/false,a=IDLE,uri=null,age=0}
21:34:34.810 [qtp265310387-25] DEBUG org.eclipse.jetty.io.AbstractEndPoint - close(null) SocketChannelEndPoint@68ed42b0{l=/127.0.0.1:8080,r=/127.0.0.1:59954,ISHUT,fill=-,flush=-,to=0/3600000}{io=0/0,kio=0,kro=1}->HttpConnection@6ef34c25[p=HttpParser{s=CLOSED,0 of -1},g=HttpGenerator@297ffa90{s=START}]=>HttpChannelOverHttp@358e07a7{s=HttpChannelState@1184be2e{s=IDLE rs=BLOCKING os=OPEN is=IDLE awp=false se=false i=true al=0},r=1,c=false/false,a=IDLE,uri=null,age=0}
21:34:34.810 [qtp265310387-25] DEBUG org.eclipse.jetty.io.ChannelEndPoint - doClose SocketChannelEndPoint@68ed42b0{l=/127.0.0.1:8080,r=/127.0.0.1:59954,CLOSED,fill=-,flush=-,to=0/3600000}{io=0/0,kio=0,kro=1}->HttpConnection@6ef34c25[p=HttpParser{s=CLOSED,0 of -1},g=HttpGenerator@297ffa90{s=START}]=>HttpChannelOverHttp@358e07a7{s=HttpChannelState@1184be2e{s=IDLE rs=BLOCKING os=OPEN is=IDLE awp=false se=false i=true al=0},r=1,c=false/false,a=IDLE,uri=null,age=0}
21:34:34.810 [qtp265310387-25] DEBUG org.eclipse.jetty.io.FillInterest - onClose FillInterest@1d3e545f{null}
21:34:34.810 [qtp265310387-25] DEBUG org.eclipse.jetty.io.ManagedSelector - Wakeup ManagedSelector@4d69af03{STARTED} id=4 keys=1 selected=0 updates=0
21:34:34.810 [qtp265310387-25] DEBUG org.eclipse.jetty.util.thread.QueuedThreadPool - queue org.eclipse.jetty.io.ManagedSelector$DestroyEndPoint@3eab7179 startThread=0
21:34:34.810 [qtp265310387-22] DEBUG org.eclipse.jetty.io.ManagedSelector - Selector sun.nio.ch.KQueueSelectorImpl@7fa8f5ed woken with none selected
21:34:34.810 [qtp265310387-22] DEBUG org.eclipse.jetty.io.ManagedSelector - Selector sun.nio.ch.KQueueSelectorImpl@7fa8f5ed woken up from select, 0/0/0 selected
21:34:34.810 [qtp265310387-22] DEBUG org.eclipse.jetty.io.ManagedSelector - Selector sun.nio.ch.KQueueSelectorImpl@7fa8f5ed processing 0 keys, 0 updates
21:34:34.810 [qtp265310387-22] DEBUG org.eclipse.jetty.io.ManagedSelector - updateable 0
21:34:34.810 [qtp265310387-24] DEBUG org.eclipse.jetty.util.thread.QueuedThreadPool - run org.eclipse.jetty.io.ManagedSelector$DestroyEndPoint@3eab7179 in QueuedThreadPool[qtp265310387]@fd050b3{STARTED,8<=9<=200,i=0,r=-1,q=0}[ReservedThreadExecutor@34f8be00{reserved=1/10,pending=0}]
21:34:34.810 [qtp265310387-22] DEBUG org.eclipse.jetty.io.ManagedSelector - updates 0
21:34:34.810 [qtp265310387-22] DEBUG org.eclipse.jetty.io.ManagedSelector - Selector sun.nio.ch.KQueueSelectorImpl@7fa8f5ed waiting with 0 keys
21:34:34.810 [qtp265310387-25] DEBUG org.eclipse.jetty.server.HttpConnection - HttpConnection@6ef34c25::SocketChannelEndPoint@68ed42b0{l=/127.0.0.1:8080,r=/127.0.0.1:59954,CLOSED,fill=-,flush=-,to=0/3600000}{io=0/0,kio=-1,kro=-1}->HttpConnection@6ef34c25[p=HttpParser{s=CLOSED,0 of -1},g=HttpGenerator@297ffa90{s=START}]=>HttpChannelOverHttp@358e07a7{s=HttpChannelState@1184be2e{s=IDLE rs=BLOCKING os=OPEN is=IDLE awp=false se=false i=true al=0},r=1,c=false/false,a=IDLE,uri=null,age=0} parsed false HttpParser{s=CLOSED,0 of -1}
21:34:34.810 [qtp265310387-24] DEBUG org.eclipse.jetty.io.ManagedSelector - Destroyed SocketChannelEndPoint@68ed42b0{l=/127.0.0.1:8080,r=/127.0.0.1:59954,CLOSED,fill=-,flush=-,to=0/3600000}{io=0/0,kio=-1,kro=-1}->HttpConnection@6ef34c25[p=HttpParser{s=CLOSED,0 of -1},g=HttpGenerator@297ffa90{s=START}]=>HttpChannelOverHttp@358e07a7{s=HttpChannelState@1184be2e{s=IDLE rs=BLOCKING os=OPEN is=IDLE awp=false se=false i=true al=0},r=1,c=false/false,a=IDLE,uri=null,age=0}
21:34:34.810 [qtp265310387-25] DEBUG org.eclipse.jetty.server.HttpConnection - releaseRequestBuffer HttpConnection@6ef34c25::SocketChannelEndPoint@68ed42b0{l=/127.0.0.1:8080,r=/127.0.0.1:59954,CLOSED,fill=-,flush=-,to=0/3600000}{io=0/0,kio=-1,kro=-1}->HttpConnection@6ef34c25[p=HttpParser{s=CLOSED,0 of -1},g=HttpGenerator@297ffa90{s=START}]=>HttpChannelOverHttp@358e07a7{s=HttpChannelState@1184be2e{s=IDLE rs=BLOCKING os=OPEN is=IDLE awp=false se=false i=true al=0},r=1,c=false/false,a=IDLE,uri=null,age=0}
21:34:34.810 [main] DEBUG com.jayway.jsonpath.internal.path.CompiledPath - Evaluating path: $
21:34:34.810 [qtp265310387-24] DEBUG org.eclipse.jetty.io.AbstractConnection - onClose HttpConnection@6ef34c25::SocketChannelEndPoint@68ed42b0{l=/127.0.0.1:8080,r=/127.0.0.1:59954,CLOSED,fill=-,flush=-,to=1/3600000}{io=0/0,kio=-1,kro=-1}->HttpConnection@6ef34c25[p=HttpParser{s=CLOSED,0 of -1},g=HttpGenerator@297ffa90{s=START}]=>HttpChannelOverHttp@358e07a7{s=HttpChannelState@1184be2e{s=IDLE rs=BLOCKING os=OPEN is=IDLE awp=false se=false i=true al=0},r=1,c=false/false,a=IDLE,uri=null,age=0}
21:34:34.810 [qtp265310387-25] DEBUG org.eclipse.jetty.io.AbstractEndPoint - shutdownOutput SocketChannelEndPoint@68ed42b0{l=/127.0.0.1:8080,r=/127.0.0.1:59954,CLOSED,fill=-,flush=-,to=1/3600000}{io=0/0,kio=-1,kro=-1}->HttpConnection@6ef34c25[p=HttpParser{s=CLOSED,0 of -1},g=HttpGenerator@297ffa90{s=START}]=>HttpChannelOverHttp@358e07a7{s=HttpChannelState@1184be2e{s=IDLE rs=BLOCKING os=OPEN is=IDLE awp=false se=false i=true al=0},r=1,c=false/false,a=IDLE,uri=null,age=0}
21:34:34.810 [qtp265310387-24] DEBUG org.eclipse.jetty.util.thread.QueuedThreadPool - ran org.eclipse.jetty.io.ManagedSelector$DestroyEndPoint@3eab7179 in QueuedThreadPool[qtp265310387]@fd050b3{STARTED,8<=9<=200,i=0,r=-1,q=0}[ReservedThreadExecutor@34f8be00{reserved=1/10,pending=0}]
21:34:34.810 [qtp265310387-25] DEBUG org.eclipse.jetty.server.HttpConnection - HttpConnection@6ef34c25::SocketChannelEndPoint@68ed42b0{l=/127.0.0.1:8080,r=/127.0.0.1:59954,CLOSED,fill=-,flush=-,to=1/3600000}{io=0/0,kio=-1,kro=-1}->HttpConnection@6ef34c25[p=HttpParser{s=CLOSED,0 of -1},g=HttpGenerator@297ffa90{s=START}]=>HttpChannelOverHttp@358e07a7{s=HttpChannelState@1184be2e{s=IDLE rs=BLOCKING os=OPEN is=IDLE awp=false se=false i=true al=0},r=1,c=false/false,a=IDLE,uri=null,age=0} onFillable exit HttpChannelState@1184be2e{s=IDLE rs=BLOCKING os=OPEN is=IDLE awp=false se=false i=true al=0} null
21:34:34.810 [qtp265310387-25] DEBUG org.eclipse.jetty.util.thread.QueuedThreadPool - ran org.eclipse.jetty.io.ManagedSelector$$Lambda$545/0x000000d00141c108@79ef24a7 in QueuedThreadPool[qtp265310387]@fd050b3{STARTED,8<=9<=200,i=1,r=-1,q=0}[ReservedThreadExecutor@34f8be00{reserved=1/10,pending=0}]
21:34:34.811 [main] DEBUG org.apache.http.client.protocol.RequestAddCookies - CookieSpec selected: karate
21:34:34.811 [main] DEBUG org.apache.http.client.protocol.RequestAuthCache - Auth cache not set in the context
21:34:34.811 [main] DEBUG com.intuit.karate - request:
5 > GET http://localhost:8080/todos
5 > Host: localhost:8080
5 > Connection: Keep-Alive
5 > User-Agent: Apache-HttpClient/4.5.14 (Java/17.0.9)
5 > Accept-Encoding: gzip,deflate


21:34:34.811 [main] DEBUG org.apache.http.impl.conn.PoolingHttpClientConnectionManager - Connection request: [route: {}->http://localhost:8080][total available: 0; route allocated: 0 of 5; total allocated: 0 of 10]
21:34:34.812 [main] DEBUG org.apache.http.impl.conn.PoolingHttpClientConnectionManager - Connection leased: [id: 4][route: {}->http://localhost:8080][total available: 0; route allocated: 1 of 5; total allocated: 1 of 10]
21:34:34.812 [main] DEBUG org.apache.http.impl.execchain.MainClientExec - Opening connection {}->http://localhost:8080
21:34:34.812 [main] DEBUG org.apache.http.impl.conn.DefaultHttpClientConnectionOperator - Connecting to localhost/127.0.0.1:8080
21:34:34.812 [main] DEBUG org.apache.http.impl.conn.DefaultHttpClientConnectionOperator - Connection established 127.0.0.1:59957<->127.0.0.1:8080
21:34:34.812 [qtp265310387-26-acceptor-0@63d5674b-ServerConnector@65cb396d{HTTP/1.1, (http/1.1)}{0.0.0.0:8080}] DEBUG org.eclipse.jetty.io.ManagedSelector - Queued change lazy=false Accept@25a5555b[java.nio.channels.SocketChannel[connected local=/127.0.0.1:8080 remote=/127.0.0.1:59957]] on ManagedSelector@1ca733a8{STARTED} id=0 keys=0 selected=0 updates=0
21:34:34.812 [main] DEBUG org.apache.http.impl.conn.DefaultManagedHttpClientConnection - http-outgoing-4: set socket timeout to 30000
21:34:34.812 [qtp265310387-26-acceptor-0@63d5674b-ServerConnector@65cb396d{HTTP/1.1, (http/1.1)}{0.0.0.0:8080}] DEBUG org.eclipse.jetty.io.ManagedSelector - Wakeup on submit ManagedSelector@1ca733a8{STARTED} id=0 keys=0 selected=0 updates=1
21:34:34.812 [main] DEBUG org.apache.http.impl.execchain.MainClientExec - Executing request GET /todos HTTP/1.1
21:34:34.812 [main] DEBUG org.apache.http.impl.execchain.MainClientExec - Target auth state: UNCHALLENGED
21:34:34.812 [main] DEBUG org.apache.http.impl.execchain.MainClientExec - Proxy auth state: UNCHALLENGED
21:34:34.812 [qtp265310387-21] DEBUG org.eclipse.jetty.io.ManagedSelector - Selector sun.nio.ch.KQueueSelectorImpl@3c951f28 woken with none selected
21:34:34.812 [qtp265310387-21] DEBUG org.eclipse.jetty.io.ManagedSelector - Selector sun.nio.ch.KQueueSelectorImpl@3c951f28 woken up from select, 0/0/0 selected
21:34:34.812 [qtp265310387-21] DEBUG org.eclipse.jetty.io.ManagedSelector - Selector sun.nio.ch.KQueueSelectorImpl@3c951f28 processing 0 keys, 1 updates
21:34:34.812 [main] DEBUG org.apache.http.headers - http-outgoing-4 >> GET /todos HTTP/1.1
21:34:34.812 [qtp265310387-21] DEBUG org.eclipse.jetty.io.ManagedSelector - updateable 1
21:34:34.812 [main] DEBUG org.apache.http.headers - http-outgoing-4 >> Host: localhost:8080
21:34:34.812 [qtp265310387-21] DEBUG org.eclipse.jetty.io.ManagedSelector - update Accept@25a5555b[java.nio.channels.SocketChannel[connected local=/127.0.0.1:8080 remote=/127.0.0.1:59957]]
21:34:34.812 [qtp265310387-21] DEBUG org.eclipse.jetty.util.thread.QueuedThreadPool - queue Accept@25a5555b[java.nio.channels.SocketChannel[connected local=/127.0.0.1:8080 remote=/127.0.0.1:59957]] startThread=0
21:34:34.812 [qtp265310387-21] DEBUG org.eclipse.jetty.io.ManagedSelector - updates 0
21:34:34.812 [qtp265310387-21] DEBUG org.eclipse.jetty.io.ManagedSelector - Selector sun.nio.ch.KQueueSelectorImpl@3c951f28 waiting with 1 keys
21:34:34.812 [main] DEBUG org.apache.http.headers - http-outgoing-4 >> Connection: Keep-Alive
21:34:34.812 [main] DEBUG org.apache.http.headers - http-outgoing-4 >> User-Agent: Apache-HttpClient/4.5.14 (Java/17.0.9)
21:34:34.812 [main] DEBUG org.apache.http.headers - http-outgoing-4 >> Accept-Encoding: gzip,deflate
21:34:34.812 [main] DEBUG org.apache.http.wire - http-outgoing-4 >> "GET /todos HTTP/1.1[\r][\n]"
21:34:34.812 [main] DEBUG org.apache.http.wire - http-outgoing-4 >> "Host: localhost:8080[\r][\n]"
21:34:34.812 [main] DEBUG org.apache.http.wire - http-outgoing-4 >> "Connection: Keep-Alive[\r][\n]"
21:34:34.812 [main] DEBUG org.apache.http.wire - http-outgoing-4 >> "User-Agent: Apache-HttpClient/4.5.14 (Java/17.0.9)[\r][\n]"
21:34:34.812 [main] DEBUG org.apache.http.wire - http-outgoing-4 >> "Accept-Encoding: gzip,deflate[\r][\n]"
21:34:34.812 [main] DEBUG org.apache.http.wire - http-outgoing-4 >> "[\r][\n]"
21:34:34.812 [qtp265310387-24] DEBUG org.eclipse.jetty.util.thread.QueuedThreadPool - run Accept@25a5555b[java.nio.channels.SocketChannel[connected local=/127.0.0.1:8080 remote=/127.0.0.1:59957]] in QueuedThreadPool[qtp265310387]@fd050b3{STARTED,8<=9<=200,i=1,r=-1,q=0}[ReservedThreadExecutor@34f8be00{reserved=1/10,pending=0}]
21:34:34.812 [qtp265310387-24] DEBUG org.eclipse.jetty.io.IdleTimeout - SocketChannelEndPoint@4eaa5a28{l=/127.0.0.1:8080,r=/127.0.0.1:59957,OPEN,fill=-,flush=-,to=0/3600000}{io=0/0,kio=0,kro=0}-><null> idle timeout check, elapsed: 0 ms, remaining: 3600000 ms
21:34:34.812 [qtp265310387-24] DEBUG org.eclipse.jetty.server.HttpChannel - new HttpChannelOverHttp@18578217{s=HttpChannelState@77a4b1ee{s=IDLE rs=BLOCKING os=OPEN is=IDLE awp=false se=false i=true al=0},r=0,c=false/false,a=IDLE,uri=null,age=0} -> SocketChannelEndPoint@4eaa5a28{l=/127.0.0.1:8080,r=/127.0.0.1:59957,OPEN,fill=-,flush=-,to=0/3600000}{io=0/0,kio=0,kro=0}-><null>,null,HttpChannelState@77a4b1ee{s=IDLE rs=BLOCKING os=OPEN is=IDLE awp=false se=false i=true al=0}
21:34:34.812 [qtp265310387-24] DEBUG org.eclipse.jetty.server.HttpConnection - New HTTP Connection HttpConnection@5bdd13da::SocketChannelEndPoint@4eaa5a28{l=/127.0.0.1:8080,r=/127.0.0.1:59957,OPEN,fill=-,flush=-,to=0/3600000}{io=0/0,kio=0,kro=0}-><null>
21:34:34.813 [qtp265310387-24] DEBUG org.eclipse.jetty.io.ManagedSelector - Queued change lazy=true org.eclipse.jetty.io.ManagedSelector$$Lambda$580/0x000000d0014ab230@47ba6993 on ManagedSelector@1ca733a8{STARTED} id=0 keys=1 selected=0 updates=0
21:34:34.813 [qtp265310387-24] DEBUG org.eclipse.jetty.io.AbstractEndPoint - onOpen SocketChannelEndPoint@4eaa5a28{l=/127.0.0.1:8080,r=/127.0.0.1:59957,OPEN,fill=-,flush=-,to=0/3600000}{io=0/0,kio=0,kro=0}->HttpConnection@5bdd13da[p=HttpParser{s=START,0 of -1},g=HttpGenerator@63590c49{s=START}]=>HttpChannelOverHttp@18578217{s=HttpChannelState@77a4b1ee{s=IDLE rs=BLOCKING os=OPEN is=IDLE awp=false se=false i=true al=0},r=0,c=false/false,a=IDLE,uri=null,age=0}
21:34:34.813 [qtp265310387-24] DEBUG org.eclipse.jetty.io.AbstractConnection - onOpen HttpConnection@5bdd13da::SocketChannelEndPoint@4eaa5a28{l=/127.0.0.1:8080,r=/127.0.0.1:59957,OPEN,fill=-,flush=-,to=0/3600000}{io=0/0,kio=0,kro=0}->HttpConnection@5bdd13da[p=HttpParser{s=START,0 of -1},g=HttpGenerator@63590c49{s=START}]=>HttpChannelOverHttp@18578217{s=HttpChannelState@77a4b1ee{s=IDLE rs=BLOCKING os=OPEN is=IDLE awp=false se=false i=true al=0},r=0,c=false/false,a=IDLE,uri=null,age=0}
21:34:34.813 [qtp265310387-24] DEBUG org.eclipse.jetty.io.AbstractConnection - fillInterested HttpConnection@5bdd13da::SocketChannelEndPoint@4eaa5a28{l=/127.0.0.1:8080,r=/127.0.0.1:59957,OPEN,fill=-,flush=-,to=0/3600000}{io=0/0,kio=0,kro=0}->HttpConnection@5bdd13da[p=HttpParser{s=START,0 of -1},g=HttpGenerator@63590c49{s=START}]=>HttpChannelOverHttp@18578217{s=HttpChannelState@77a4b1ee{s=IDLE rs=BLOCKING os=OPEN is=IDLE awp=false se=false i=true al=0},r=0,c=false/false,a=IDLE,uri=null,age=0}
21:34:34.813 [qtp265310387-24] DEBUG org.eclipse.jetty.io.FillInterest - interested FillInterest@3120ea0d{AC.ReadCB@5bdd13da{HttpConnection@5bdd13da::SocketChannelEndPoint@4eaa5a28{l=/127.0.0.1:8080,r=/127.0.0.1:59957,OPEN,fill=FI,flush=-,to=0/3600000}{io=0/0,kio=0,kro=0}->HttpConnection@5bdd13da[p=HttpParser{s=START,0 of -1},g=HttpGenerator@63590c49{s=START}]=>HttpChannelOverHttp@18578217{s=HttpChannelState@77a4b1ee{s=IDLE rs=BLOCKING os=OPEN is=IDLE awp=false se=false i=true al=0},r=0,c=false/false,a=IDLE,uri=null,age=0}}}
21:34:34.813 [qtp265310387-24] DEBUG org.eclipse.jetty.io.ChannelEndPoint - changeInterests p=false 0->1 for SocketChannelEndPoint@4eaa5a28{l=/127.0.0.1:8080,r=/127.0.0.1:59957,OPEN,fill=FI,flush=-,to=0/3600000}{io=0/1,kio=0,kro=0}->HttpConnection@5bdd13da[p=HttpParser{s=START,0 of -1},g=HttpGenerator@63590c49{s=START}]=>HttpChannelOverHttp@18578217{s=HttpChannelState@77a4b1ee{s=IDLE rs=BLOCKING os=OPEN is=IDLE awp=false se=false i=true al=0},r=0,c=false/false,a=IDLE,uri=null,age=0}
21:34:34.813 [qtp265310387-24] DEBUG org.eclipse.jetty.io.ManagedSelector - Queued change lazy=false org.eclipse.jetty.io.ChannelEndPoint$$Lambda$573/0x000000d00149ac38@2506c30 on ManagedSelector@1ca733a8{STARTED} id=0 keys=1 selected=0 updates=1
21:34:34.813 [qtp265310387-24] DEBUG org.eclipse.jetty.io.ManagedSelector - Wakeup on submit ManagedSelector@1ca733a8{STARTED} id=0 keys=1 selected=0 updates=2
21:34:34.813 [qtp265310387-24] DEBUG org.eclipse.jetty.io.ManagedSelector - Created SocketChannelEndPoint@4eaa5a28{l=/127.0.0.1:8080,r=/127.0.0.1:59957,OPEN,fill=FI,flush=-,to=0/3600000}{io=0/1,kio=0,kro=0}->HttpConnection@5bdd13da[p=HttpParser{s=START,0 of -1},g=HttpGenerator@63590c49{s=START}]=>HttpChannelOverHttp@18578217{s=HttpChannelState@77a4b1ee{s=IDLE rs=BLOCKING os=OPEN is=IDLE awp=false se=false i=true al=0},r=0,c=false/false,a=IDLE,uri=null,age=0}
21:34:34.813 [qtp265310387-21] DEBUG org.eclipse.jetty.io.ManagedSelector - Selector sun.nio.ch.KQueueSelectorImpl@3c951f28 woken with none selected
21:34:34.813 [qtp265310387-24] DEBUG org.eclipse.jetty.util.thread.QueuedThreadPool - ran Accept@25a5555b[java.nio.channels.SocketChannel[connected local=/127.0.0.1:8080 remote=/127.0.0.1:59957]] in QueuedThreadPool[qtp265310387]@fd050b3{STARTED,8<=9<=200,i=1,r=-1,q=0}[ReservedThreadExecutor@34f8be00{reserved=1/10,pending=0}]
21:34:34.813 [qtp265310387-21] DEBUG org.eclipse.jetty.io.ManagedSelector - Selector sun.nio.ch.KQueueSelectorImpl@3c951f28 woken up from select, 0/0/1 selected
21:34:34.813 [qtp265310387-21] DEBUG org.eclipse.jetty.io.ManagedSelector - Selector sun.nio.ch.KQueueSelectorImpl@3c951f28 processing 0 keys, 2 updates
21:34:34.813 [qtp265310387-21] DEBUG org.eclipse.jetty.io.ManagedSelector - updateable 2
21:34:34.813 [qtp265310387-21] DEBUG org.eclipse.jetty.io.ManagedSelector - update org.eclipse.jetty.io.ManagedSelector$$Lambda$580/0x000000d0014ab230@47ba6993
21:34:34.813 [qtp265310387-21] DEBUG org.eclipse.jetty.io.ManagedSelector - update org.eclipse.jetty.io.ChannelEndPoint$$Lambda$573/0x000000d00149ac38@2506c30
21:34:34.813 [qtp265310387-21] DEBUG org.eclipse.jetty.io.ChannelEndPoint - Key interests updated 0 -> 1 on SocketChannelEndPoint@4eaa5a28{l=/127.0.0.1:8080,r=/127.0.0.1:59957,OPEN,fill=FI,flush=-,to=0/3600000}{io=1/1,kio=1,kro=0}->HttpConnection@5bdd13da[p=HttpParser{s=START,0 of -1},g=HttpGenerator@63590c49{s=START}]=>HttpChannelOverHttp@18578217{s=HttpChannelState@77a4b1ee{s=IDLE rs=BLOCKING os=OPEN is=IDLE awp=false se=false i=true al=0},r=0,c=false/false,a=IDLE,uri=null,age=0}
21:34:34.813 [qtp265310387-21] DEBUG org.eclipse.jetty.io.ManagedSelector - updates 0
21:34:34.813 [qtp265310387-21] DEBUG org.eclipse.jetty.io.ManagedSelector - Selector sun.nio.ch.KQueueSelectorImpl@3c951f28 waiting with 1 keys
21:34:34.813 [qtp265310387-21] DEBUG org.eclipse.jetty.io.ManagedSelector - Selector sun.nio.ch.KQueueSelectorImpl@3c951f28 woken up from select, 1/1/1 selected
21:34:34.813 [qtp265310387-21] DEBUG org.eclipse.jetty.io.ManagedSelector - Selector sun.nio.ch.KQueueSelectorImpl@3c951f28 processing 1 keys, 0 updates
21:34:34.813 [qtp265310387-21] DEBUG org.eclipse.jetty.io.ManagedSelector - selected 1 channel=java.nio.channels.SocketChannel[connected local=/127.0.0.1:8080 remote=/127.0.0.1:59957], selector=sun.nio.ch.KQueueSelectorImpl@3c951f28, interestOps=1, readyOps=1 SocketChannelEndPoint@4eaa5a28{l=/127.0.0.1:8080,r=/127.0.0.1:59957,OPEN,fill=FI,flush=-,to=0/3600000}{io=1/1,kio=1,kro=1}->HttpConnection@5bdd13da[p=HttpParser{s=START,0 of -1},g=HttpGenerator@63590c49{s=START}]=>HttpChannelOverHttp@18578217{s=HttpChannelState@77a4b1ee{s=IDLE rs=BLOCKING os=OPEN is=IDLE awp=false se=false i=true al=0},r=0,c=false/false,a=IDLE,uri=null,age=0} 
21:34:34.813 [qtp265310387-21] DEBUG org.eclipse.jetty.io.ChannelEndPoint - onSelected 1->0 r=true w=false for SocketChannelEndPoint@4eaa5a28{l=/127.0.0.1:8080,r=/127.0.0.1:59957,OPEN,fill=FI,flush=-,to=0/3600000}{io=1/0,kio=1,kro=1}->HttpConnection@5bdd13da[p=HttpParser{s=START,0 of -1},g=HttpGenerator@63590c49{s=START}]=>HttpChannelOverHttp@18578217{s=HttpChannelState@77a4b1ee{s=IDLE rs=BLOCKING os=OPEN is=IDLE awp=false se=false i=true al=0},r=0,c=false/false,a=IDLE,uri=null,age=0}
21:34:34.813 [qtp265310387-21] DEBUG org.eclipse.jetty.io.ChannelEndPoint - task CEP:SocketChannelEndPoint@4eaa5a28{l=/127.0.0.1:8080,r=/127.0.0.1:59957,OPEN,fill=FI,flush=-,to=0/3600000}{io=1/0,kio=1,kro=1}->HttpConnection@5bdd13da[p=HttpParser{s=START,0 of -1},g=HttpGenerator@63590c49{s=START}]=>HttpChannelOverHttp@18578217{s=HttpChannelState@77a4b1ee{s=IDLE rs=BLOCKING os=OPEN is=IDLE awp=false se=false i=true al=0},r=0,c=false/false,a=IDLE,uri=null,age=0}:runFillable:BLOCKING
21:34:34.813 [qtp265310387-21] DEBUG org.eclipse.jetty.util.thread.ReservedThreadExecutor - ReservedThreadExecutor@34f8be00{reserved=1/10,pending=0} tryExecute EatWhatYouKill@15e095b4/SelectorProducer@3ecfe67b/PRODUCING/p=false/QueuedThreadPool[qtp265310387]@fd050b3{STARTED,8<=9<=200,i=2,r=-1,q=0}[ReservedThreadExecutor@34f8be00{reserved=1/10,pending=0}][pc=0,pic=0,pec=0,epc=0]@2025-10-26T21:34:34.813615+01:00
21:34:34.813 [qtp265310387-21] DEBUG org.eclipse.jetty.util.thread.ReservedThreadExecutor - ReservedThreadExecutor@34f8be00{reserved=0/10,pending=1} startReservedThread p=1
21:34:34.813 [qtp265310387-21] DEBUG org.eclipse.jetty.util.thread.QueuedThreadPool - queue ReservedThread@744bd6d3{PENDING,thread=null} startThread=0
21:34:34.813 [qtp265310387-25] DEBUG org.eclipse.jetty.util.thread.QueuedThreadPool - run ReservedThread@744bd6d3{PENDING,thread=null} in QueuedThreadPool[qtp265310387]@fd050b3{STARTED,8<=9<=200,i=1,r=-1,q=0}[ReservedThreadExecutor@34f8be00{reserved=0/10,pending=1}]
21:34:34.813 [qtp265310387-25] DEBUG org.eclipse.jetty.util.thread.ReservedThreadExecutor - ReservedThread@744bd6d3{PENDING,thread=Thread[qtp265310387-25,5,main]} was=PENDING next=RESERVED size=0+1 capacity=10
21:34:34.813 [qtp265310387-25] DEBUG org.eclipse.jetty.util.thread.ReservedThreadExecutor - ReservedThread@744bd6d3{RESERVED,thread=Thread[qtp265310387-25,5,main]} waiting ReservedThreadExecutor@34f8be00{reserved=1/10,pending=0}
21:34:34.813 [qtp265310387-21] DEBUG org.eclipse.jetty.util.thread.strategy.EatWhatYouKill - EatWhatYouKill@15e095b4/SelectorProducer@3ecfe67b/IDLE/p=true/QueuedThreadPool[qtp265310387]@fd050b3{STARTED,8<=9<=200,i=1,r=-1,q=0}[ReservedThreadExecutor@34f8be00{reserved=0/10,pending=1}][pc=0,pic=0,pec=0,epc=0]@2025-10-26T21:34:34.813759+01:00 m=EXECUTE_PRODUCE_CONSUME t=CEP:SocketChannelEndPoint@4eaa5a28{l=/127.0.0.1:8080,r=/127.0.0.1:59957,OPEN,fill=FI,flush=-,to=0/3600000}{io=1/0,kio=1,kro=1}->HttpConnection@5bdd13da[p=HttpParser{s=START,0 of -1},g=HttpGenerator@63590c49{s=START}]=>HttpChannelOverHttp@18578217{s=HttpChannelState@77a4b1ee{s=IDLE rs=BLOCKING os=OPEN is=IDLE awp=false se=false i=true al=0},r=0,c=false/false,a=IDLE,uri=null,age=0}:runFillable:BLOCKING/BLOCKING
21:34:34.814 [qtp265310387-21] DEBUG org.eclipse.jetty.io.FillInterest - fillable FillInterest@3120ea0d{AC.ReadCB@5bdd13da{HttpConnection@5bdd13da::SocketChannelEndPoint@4eaa5a28{l=/127.0.0.1:8080,r=/127.0.0.1:59957,OPEN,fill=FI,flush=-,to=0/3600000}{io=1/0,kio=1,kro=1}->HttpConnection@5bdd13da[p=HttpParser{s=START,0 of -1},g=HttpGenerator@63590c49{s=START}]=>HttpChannelOverHttp@18578217{s=HttpChannelState@77a4b1ee{s=IDLE rs=BLOCKING os=OPEN is=IDLE awp=false se=false i=true al=0},r=0,c=false/false,a=IDLE,uri=null,age=0}}}
21:34:34.814 [qtp265310387-23] DEBUG org.eclipse.jetty.util.thread.ReservedThreadExecutor - ReservedThread@75509e9d{RESERVED,thread=Thread[qtp265310387-23,5,main]} task=EatWhatYouKill@15e095b4/SelectorProducer@3ecfe67b/IDLE/p=true/QueuedThreadPool[qtp265310387]@fd050b3{STARTED,8<=9<=200,i=1,r=-1,q=0}[ReservedThreadExecutor@34f8be00{reserved=1/10,pending=0}][pc=0,pic=0,pec=0,epc=1]@2025-10-26T21:34:34.813959+01:00 ReservedThreadExecutor@34f8be00{reserved=1/10,pending=0}
21:34:34.814 [qtp265310387-21] DEBUG org.eclipse.jetty.server.HttpConnection - HttpConnection@5bdd13da::SocketChannelEndPoint@4eaa5a28{l=/127.0.0.1:8080,r=/127.0.0.1:59957,OPEN,fill=-,flush=-,to=0/3600000}{io=1/0,kio=1,kro=1}->HttpConnection@5bdd13da[p=HttpParser{s=START,0 of -1},g=HttpGenerator@63590c49{s=START}]=>HttpChannelOverHttp@18578217{s=HttpChannelState@77a4b1ee{s=IDLE rs=BLOCKING os=OPEN is=IDLE awp=false se=false i=true al=0},r=0,c=false/false,a=IDLE,uri=null,age=0} onFillable enter HttpChannelState@77a4b1ee{s=IDLE rs=BLOCKING os=OPEN is=IDLE awp=false se=false i=true al=0} null
21:34:34.814 [qtp265310387-23] DEBUG org.eclipse.jetty.util.thread.strategy.EatWhatYouKill - EatWhatYouKill@15e095b4/SelectorProducer@3ecfe67b/IDLE/p=true/QueuedThreadPool[qtp265310387]@fd050b3{STARTED,8<=9<=200,i=1,r=-1,q=0}[ReservedThreadExecutor@34f8be00{reserved=1/10,pending=0}][pc=0,pic=0,pec=0,epc=1]@2025-10-26T21:34:34.814089+01:00 tryProduce true
21:34:34.814 [qtp265310387-23] DEBUG org.eclipse.jetty.io.ManagedSelector - updateable 0
21:34:34.814 [qtp265310387-23] DEBUG org.eclipse.jetty.io.ManagedSelector - updates 0
21:34:34.814 [qtp265310387-21] DEBUG org.eclipse.jetty.io.ChannelEndPoint - filled 152 HeapByteBuffer@25e83041[p=0,l=152,c=8192,r=152]={<<<GET /todos HTTP/1.1\r\nHost...oding: gzip,deflate\r\n\r\n>>>\nient/4.5...\x00\x00\x00\x00\x00\x00\x00}
21:34:34.814 [qtp265310387-21] DEBUG org.eclipse.jetty.server.HttpConnection - HttpConnection@5bdd13da::SocketChannelEndPoint@4eaa5a28{l=/127.0.0.1:8080,r=/127.0.0.1:59957,OPEN,fill=-,flush=-,to=0/3600000}{io=0/0,kio=0,kro=1}->HttpConnection@5bdd13da[p=HttpParser{s=START,0 of -1},g=HttpGenerator@63590c49{s=START}]=>HttpChannelOverHttp@18578217{s=HttpChannelState@77a4b1ee{s=IDLE rs=BLOCKING os=OPEN is=IDLE awp=false se=false i=true al=0},r=0,c=false/false,a=IDLE,uri=null,age=0} filled 152 HeapByteBuffer@25e83041[p=0,l=152,c=8192,r=152]={<<<GET /todos HTTP/1.1\r\nHost...oding: gzip,deflate\r\n\r\n>>>\nient/4.5...\x00\x00\x00\x00\x00\x00\x00}
21:34:34.814 [qtp265310387-23] DEBUG org.eclipse.jetty.io.ChannelEndPoint - Key interests updated 1 -> 0 on SocketChannelEndPoint@4eaa5a28{l=/127.0.0.1:8080,r=/127.0.0.1:59957,OPEN,fill=-,flush=-,to=0/3600000}{io=0/0,kio=0,kro=1}->HttpConnection@5bdd13da[p=HttpParser{s=START,0 of -1},g=HttpGenerator@63590c49{s=START}]=>HttpChannelOverHttp@18578217{s=HttpChannelState@77a4b1ee{s=IDLE rs=BLOCKING os=OPEN is=IDLE awp=false se=false i=true al=0},r=0,c=false/false,a=IDLE,uri=null,age=0}
21:34:34.814 [qtp265310387-23] DEBUG org.eclipse.jetty.io.ManagedSelector - Selector sun.nio.ch.KQueueSelectorImpl@3c951f28 waiting with 1 keys
21:34:34.814 [qtp265310387-21] DEBUG org.eclipse.jetty.server.HttpConnection - HttpConnection@5bdd13da::SocketChannelEndPoint@4eaa5a28{l=/127.0.0.1:8080,r=/127.0.0.1:59957,OPEN,fill=-,flush=-,to=0/3600000}{io=0/0,kio=0,kro=1}->HttpConnection@5bdd13da[p=HttpParser{s=START,0 of -1},g=HttpGenerator@63590c49{s=START}]=>HttpChannelOverHttp@18578217{s=HttpChannelState@77a4b1ee{s=IDLE rs=BLOCKING os=OPEN is=IDLE awp=false se=false i=true al=0},r=0,c=false/false,a=IDLE,uri=null,age=0} parse HeapByteBuffer@25e83041[p=0,l=152,c=8192,r=152]={<<<GET /todos HTTP/1.1\r\nHost...oding: gzip,deflate\r\n\r\n>>>\nient/4.5...\x00\x00\x00\x00\x00\x00\x00} {}
21:34:34.814 [qtp265310387-21] DEBUG org.eclipse.jetty.http.HttpParser - parseNext s=START HeapByteBuffer@25e83041[p=0,l=152,c=8192,r=152]={<<<GET /todos HTTP/1.1\r\nHost...oding: gzip,deflate\r\n\r\n>>>\nient/4.5...\x00\x00\x00\x00\x00\x00\x00}
21:34:34.814 [qtp265310387-21] DEBUG org.eclipse.jetty.http.HttpParser - START --> SPACE1
21:34:34.814 [qtp265310387-21] DEBUG org.eclipse.jetty.http.HttpParser - SPACE1 --> URI
21:34:34.814 [qtp265310387-21] DEBUG org.eclipse.jetty.http.HttpParser - URI --> SPACE2
21:34:34.814 [qtp265310387-21] DEBUG org.eclipse.jetty.http.HttpParser - SPACE2 --> REQUEST_VERSION
21:34:34.814 [qtp265310387-21] DEBUG org.eclipse.jetty.http.HttpParser - REQUEST_VERSION --> HEADER
21:34:34.814 [qtp265310387-21] DEBUG org.eclipse.jetty.http.HttpParser - HEADER:Host --> VALUE
21:34:34.814 [qtp265310387-21] DEBUG org.eclipse.jetty.http.HttpParser - HEADER:Host --> IN_VALUE
21:34:34.814 [qtp265310387-21] DEBUG org.eclipse.jetty.http.HttpParser - HEADER:Host --> FIELD
21:34:34.814 [qtp265310387-21] DEBUG org.eclipse.jetty.http.HttpParser - HEADER:Connection: keep-alive --> IN_VALUE
21:34:34.814 [qtp265310387-21] DEBUG org.eclipse.jetty.http.HttpParser - HEADER:Connection: keep-alive --> FIELD
21:34:34.814 [qtp265310387-21] DEBUG org.eclipse.jetty.http.HttpParser - HEADER:User-Agent --> VALUE
21:34:34.814 [qtp265310387-21] DEBUG org.eclipse.jetty.http.HttpParser - HEADER:User-Agent --> IN_VALUE
21:34:34.814 [qtp265310387-21] DEBUG org.eclipse.jetty.http.HttpParser - HEADER:User-Agent --> FIELD
21:34:34.814 [qtp265310387-21] DEBUG org.eclipse.jetty.http.HttpParser - HEADER:Accept-Encoding --> IN_VALUE
21:34:34.814 [qtp265310387-21] DEBUG org.eclipse.jetty.http.HttpParser - HEADER:Accept-Encoding --> FIELD
21:34:34.814 [qtp265310387-21] DEBUG org.eclipse.jetty.http.HttpParser - HEADER --> CONTENT
21:34:34.814 [qtp265310387-21] DEBUG org.eclipse.jetty.server.HttpChannel - REQUEST for //localhost:8080/todos on HttpChannelOverHttp@18578217{s=HttpChannelState@77a4b1ee{s=IDLE rs=BLOCKING os=OPEN is=IDLE awp=false se=false i=true al=0},r=1,c=false/false,a=IDLE,uri=//localhost:8080/todos,age=0}
GET //localhost:8080/todos HTTP/1.1
Host: localhost:8080
Connection: keep-alive
User-Agent: Apache-HttpClient/4.5.14 (Java/17.0.9)
Accept-Encoding: gzip,deflate


21:34:34.814 [qtp265310387-21] DEBUG org.eclipse.jetty.server.HttpConnection - HttpConnection@5bdd13da::SocketChannelEndPoint@4eaa5a28{l=/127.0.0.1:8080,r=/127.0.0.1:59957,OPEN,fill=-,flush=-,to=0/3600000}{io=0/0,kio=0,kro=1}->HttpConnection@5bdd13da[p=HttpParser{s=CONTENT,0 of -1},g=HttpGenerator@63590c49{s=START}]=>HttpChannelOverHttp@18578217{s=HttpChannelState@77a4b1ee{s=IDLE rs=BLOCKING os=OPEN is=IDLE awp=false se=false i=true al=0},r=1,c=false/false,a=IDLE,uri=//localhost:8080/todos,age=0} parsed true HttpParser{s=CONTENT,0 of -1}
21:34:34.814 [qtp265310387-21] DEBUG org.eclipse.jetty.server.HttpConnection - releaseRequestBuffer HttpConnection@5bdd13da::SocketChannelEndPoint@4eaa5a28{l=/127.0.0.1:8080,r=/127.0.0.1:59957,OPEN,fill=-,flush=-,to=0/3600000}{io=0/0,kio=0,kro=1}->HttpConnection@5bdd13da[p=HttpParser{s=CONTENT,0 of -1},g=HttpGenerator@63590c49{s=START}]=>HttpChannelOverHttp@18578217{s=HttpChannelState@77a4b1ee{s=IDLE rs=BLOCKING os=OPEN is=IDLE awp=false se=false i=true al=0},r=1,c=false/false,a=IDLE,uri=//localhost:8080/todos,age=0}
21:34:34.814 [qtp265310387-21] DEBUG org.eclipse.jetty.server.HttpChannel - handle //localhost:8080/todos HttpChannelOverHttp@18578217{s=HttpChannelState@77a4b1ee{s=IDLE rs=BLOCKING os=OPEN is=IDLE awp=false se=false i=true al=0},r=1,c=false/false,a=IDLE,uri=//localhost:8080/todos,age=0} 
21:34:34.814 [qtp265310387-21] DEBUG org.eclipse.jetty.server.HttpChannelState - handling HttpChannelState@77a4b1ee{s=IDLE rs=BLOCKING os=OPEN is=IDLE awp=false se=false i=true al=0}
21:34:34.814 [qtp265310387-21] DEBUG org.eclipse.jetty.server.HttpChannel - action DISPATCH HttpChannelOverHttp@18578217{s=HttpChannelState@77a4b1ee{s=HANDLING rs=BLOCKING os=OPEN is=IDLE awp=false se=false i=true al=0},r=1,c=false/false,a=HANDLING,uri=//localhost:8080/todos,age=0}
21:34:34.814 [qtp265310387-21] DEBUG org.eclipse.jetty.server.Server - REQUEST GET /todos on HttpChannelOverHttp@18578217{s=HttpChannelState@77a4b1ee{s=HANDLING rs=BLOCKING os=OPEN is=IDLE awp=false se=false i=true al=0},r=1,c=false/false,a=HANDLING,uri=//localhost:8080/todos,age=0}
21:34:34.814 [qtp265310387-21] DEBUG org.eclipse.jetty.server.session - Entering scope spark.embeddedserver.jetty.JettyHandler13365860==dftMaxIdleSec=-1, dispatch=REQUEST asyncstarted=false
21:34:34.814 [qtp265310387-21] DEBUG org.eclipse.jetty.server.session - sessionHandler=spark.embeddedserver.jetty.JettyHandler13365860==dftMaxIdleSec=-1 session=null
21:34:34.814 [qtp265310387-21] DEBUG org.eclipse.jetty.server.HttpOutput - write(array HeapByteBuffer@60b3fb2d[p=0,l=160,c=160,r=160]={<<<[{"id":"abfaf4f5-df65-4c4...ond","complete":false}]>>>})
21:34:34.814 [qtp265310387-21] DEBUG org.eclipse.jetty.server.HttpOutput - write(array) s=OPEN,api=BLOCKING,sc=false,e=null aggregated !flush DirectByteBuffer@5285689a[p=0,l=160,c=32768,r=160]={<<<[{"id":"abfaf4f5-df65-4c4...ond","complete":false}]>>>\x00\x00\x00\x00\x00\x00\x00\x00\x00...\x00\x00\x00\x00\x00\x00\x00}
21:34:34.814 [qtp265310387-21] DEBUG org.eclipse.jetty.server.HttpChannel - sendResponse info=null content=DirectByteBuffer@5285689a[p=0,l=160,c=32768,r=160]={<<<[{"id":"abfaf4f5-df65-4c4...ond","complete":false}]>>>\x00\x00\x00\x00\x00\x00\x00\x00\x00...\x00\x00\x00\x00\x00\x00\x00} complete=false committing=true callback=Blocker@2f0279ab{null}
21:34:34.814 [qtp265310387-21] DEBUG org.eclipse.jetty.server.HttpChannel - COMMIT for /todos on HttpChannelOverHttp@18578217{s=HttpChannelState@77a4b1ee{s=HANDLING rs=BLOCKING os=COMMITTED is=IDLE awp=false se=false i=true al=0},r=1,c=false/false,a=HANDLING,uri=//localhost:8080/todos,age=0}
200 null HTTP/1.1
Date: Sun, 26 Oct 2025 20:34:34 GMT
Content-Type: application/json


21:34:34.814 [qtp265310387-21] DEBUG org.eclipse.jetty.server.HttpConnection - generate: NEED_HEADER for SendCallback@1f0b2a82[PROCESSING][i=HTTP/1.1{s=200,h=2,cl=-1},cb=org.eclipse.jetty.server.HttpChannel$SendCallback@355c8afe] (null,[p=0,l=160,c=32768,r=160],false)@START
21:34:34.814 [qtp265310387-21] DEBUG org.eclipse.jetty.http.HttpGenerator - generateHeaders HTTP/1.1{s=200,h=2,cl=-1} last=false content=DirectByteBuffer@5285689a[p=0,l=160,c=32768,r=160]={<<<[{"id":"abfaf4f5-df65-4c4...ond","complete":false}]>>>\x00\x00\x00\x00\x00\x00\x00\x00\x00...\x00\x00\x00\x00\x00\x00\x00}
21:34:34.814 [qtp265310387-21] DEBUG org.eclipse.jetty.http.HttpGenerator - Date: Sun, 26 Oct 2025 20:34:34 GMT
Content-Type: application/json


21:34:34.814 [qtp265310387-21] DEBUG org.eclipse.jetty.http.HttpGenerator - CHUNKED_CONTENT
21:34:34.814 [qtp265310387-21] DEBUG org.eclipse.jetty.server.HttpConnection - generate: FLUSH for SendCallback@1f0b2a82[PROCESSING][i=HTTP/1.1{s=200,h=2,cl=-1},cb=org.eclipse.jetty.server.HttpChannel$SendCallback@355c8afe] ([p=0,l=153,c=8192,r=153],[p=0,l=160,c=32768,r=160],false)@COMMITTED
21:34:34.815 [qtp265310387-21] DEBUG org.eclipse.jetty.io.WriteFlusher - write: WriteFlusher@4ac975eb{IDLE}->null [HeapByteBuffer@25e83041[p=0,l=153,c=8192,r=153]={<<<HTTP/1.1 200 OK\r\nDate: Su...4.48.v20220622)\r\n\r\nA0\r\n>>>ient/4.5....\x00\x00\x00\x00\x00\x00\x00},DirectByteBuffer@5285689a[p=0,l=160,c=32768,r=160]={<<<[{"id":"abfaf4f5-df65-4c4...ond","complete":false}]>>>\x00\x00\x00\x00\x00\x00\x00\x00\x00...\x00\x00\x00\x00\x00\x00\x00}]
21:34:34.815 [qtp265310387-21] DEBUG org.eclipse.jetty.io.WriteFlusher - update WriteFlusher@4ac975eb{WRITING}->null:IDLE-->WRITING
21:34:34.815 [qtp265310387-21] DEBUG org.eclipse.jetty.io.ChannelEndPoint - flushed 313 SocketChannelEndPoint@4eaa5a28{l=/127.0.0.1:8080,r=/127.0.0.1:59957,OPEN,fill=-,flush=W,to=0/3600000}{io=0/0,kio=0,kro=1}->HttpConnection@5bdd13da[p=HttpParser{s=CONTENT,0 of -1},g=HttpGenerator@63590c49{s=COMMITTED}]=>HttpChannelOverHttp@18578217{s=HttpChannelState@77a4b1ee{s=HANDLING rs=BLOCKING os=COMMITTED is=IDLE awp=false se=false i=true al=0},r=1,c=false/false,a=HANDLING,uri=//localhost:8080/todos,age=1}
21:34:34.815 [qtp265310387-21] DEBUG org.eclipse.jetty.io.WriteFlusher - Flushed=true written=313 remaining=0 WriteFlusher@4ac975eb{WRITING}->null
21:34:34.815 [qtp265310387-21] DEBUG org.eclipse.jetty.io.WriteFlusher - update WriteFlusher@4ac975eb{IDLE}->null:WRITING-->IDLE
21:34:34.815 [qtp265310387-21] DEBUG org.eclipse.jetty.server.HttpConnection - generate: DONE for SendCallback@1f0b2a82[PROCESSING][i=HTTP/1.1{s=200,h=2,cl=-1},cb=org.eclipse.jetty.server.HttpChannel$SendCallback@355c8afe] ([p=153,l=153,c=8192,r=0],[p=160,l=160,c=32768,r=0],false)@COMMITTED
21:34:34.815 [qtp265310387-21] DEBUG org.eclipse.jetty.server.HttpOutput - onWriteComplete(false,null) s=OPEN,api=BLOCKED,sc=false,e=null->s=OPEN,api=BLOCKING,sc=false,e=null c=null cb=null w=false
21:34:34.815 [qtp265310387-21] DEBUG org.eclipse.jetty.server.HttpOutput - close() s=CLOSING,api=BLOCKED,sc=false,e=null c=HeapByteBuffer@6db4bfd0[p=0,l=0,c=0,r=0]={<<<>>>} b=Blocker@2f0279ab{null}
21:34:34.815 [qtp265310387-21] DEBUG org.eclipse.jetty.server.HttpChannel - sendResponse info=null content=HeapByteBuffer@6db4bfd0[p=0,l=0,c=0,r=0]={<<<>>>} complete=true committing=false callback=Blocker@2f0279ab{null}
21:34:34.815 [main] DEBUG org.apache.http.wire - http-outgoing-4 << "HTTP/1.1 200 OK[\r][\n]"
21:34:34.815 [qtp265310387-21] DEBUG org.eclipse.jetty.server.HttpConnection - generate: CONTINUE for SendCallback@1f0b2a82[PROCESSING][i=null,cb=org.eclipse.jetty.server.HttpChannel$SendCallback@763a8238] (null,[p=0,l=0,c=0,r=0],true)@COMPLETING
21:34:34.815 [main] DEBUG org.apache.http.wire - http-outgoing-4 << "Date: Sun, 26 Oct 2025 20:34:34 GMT[\r][\n]"
21:34:34.815 [qtp265310387-21] DEBUG org.eclipse.jetty.server.HttpConnection - generate: NEED_CHUNK for SendCallback@1f0b2a82[PROCESSING][i=null,cb=org.eclipse.jetty.server.HttpChannel$SendCallback@763a8238] (null,[p=0,l=0,c=0,r=0],true)@COMPLETING
21:34:34.815 [main] DEBUG org.apache.http.wire - http-outgoing-4 << "Content-Type: application/json[\r][\n]"
21:34:34.815 [qtp265310387-21] DEBUG org.eclipse.jetty.server.HttpConnection - generate: FLUSH for SendCallback@1f0b2a82[PROCESSING][i=null,cb=org.eclipse.jetty.server.HttpChannel$SendCallback@763a8238] (null,[p=0,l=0,c=0,r=0],true)@COMPLETING
21:34:34.815 [main] DEBUG org.apache.http.wire - http-outgoing-4 << "Transfer-Encoding: chunked[\r][\n]"
21:34:34.815 [main] DEBUG org.apache.http.wire - http-outgoing-4 << "Server: Jetty(9.4.48.v20220622)[\r][\n]"
21:34:34.815 [qtp265310387-21] DEBUG org.eclipse.jetty.io.WriteFlusher - write: WriteFlusher@4ac975eb{IDLE}->null [HeapByteBuffer@325857d6[p=0,l=7,c=1024,r=7]={<<<\r\n0\r\n\r\n>>>\x00\x00\x00\x00\x00\x00\x00\x00\x00...\x00\x00\x00\x00\x00\x00\x00}]
21:34:34.815 [main] DEBUG org.apache.http.wire - http-outgoing-4 << "[\r][\n]"
21:34:34.815 [qtp265310387-21] DEBUG org.eclipse.jetty.io.WriteFlusher - update WriteFlusher@4ac975eb{WRITING}->null:IDLE-->WRITING
21:34:34.815 [main] DEBUG org.apache.http.wire - http-outgoing-4 << "A0[\r][\n]"
21:34:34.815 [main] DEBUG org.apache.http.wire - http-outgoing-4 << "[{"id":"abfaf4f5-df65-4c46-8d48-e0ecda2c98ab","title":"First","complete":false},{"id":"2031e00d-495e-4837-8024-9c7d4f0b9016","title":"Second","complete":false}]"
21:34:34.815 [qtp265310387-21] DEBUG org.eclipse.jetty.io.ChannelEndPoint - flushed 7 SocketChannelEndPoint@4eaa5a28{l=/127.0.0.1:8080,r=/127.0.0.1:59957,OPEN,fill=-,flush=W,to=0/3600000}{io=0/0,kio=0,kro=1}->HttpConnection@5bdd13da[p=HttpParser{s=CONTENT,0 of -1},g=HttpGenerator@63590c49{s=COMPLETING}]=>HttpChannelOverHttp@18578217{s=HttpChannelState@77a4b1ee{s=HANDLING rs=BLOCKING os=COMMITTED is=IDLE awp=false se=false i=true al=0},r=1,c=false/false,a=HANDLING,uri=//localhost:8080/todos,age=1}
21:34:34.815 [qtp265310387-21] DEBUG org.eclipse.jetty.io.WriteFlusher - Flushed=true written=7 remaining=0 WriteFlusher@4ac975eb{WRITING}->null
21:34:34.815 [qtp265310387-21] DEBUG org.eclipse.jetty.io.WriteFlusher - update WriteFlusher@4ac975eb{IDLE}->null:WRITING-->IDLE
21:34:34.815 [qtp265310387-21] DEBUG org.eclipse.jetty.server.HttpConnection - generate: DONE for SendCallback@1f0b2a82[PROCESSING][i=null,cb=org.eclipse.jetty.server.HttpChannel$SendCallback@763a8238] (null,[p=0,l=0,c=0,r=0],true)@END
21:34:34.815 [qtp265310387-21] DEBUG org.eclipse.jetty.server.HttpOutput - onWriteComplete(true,null) s=CLOSING,api=BLOCKED,sc=false,e=null->s=CLOSED,api=BLOCKING,sc=false,e=null c=null cb=null w=false
21:34:34.815 [qtp265310387-21] DEBUG org.eclipse.jetty.server.session - Leaving scope spark.embeddedserver.jetty.JettyHandler13365860==dftMaxIdleSec=-1 dispatch=REQUEST, async=false, session=null, oldsession=null, oldsessionhandler=null
21:34:34.815 [qtp265310387-21] DEBUG org.eclipse.jetty.server.Server - handled=true async=false committed=true on HttpChannelOverHttp@18578217{s=HttpChannelState@77a4b1ee{s=HANDLING rs=BLOCKING os=COMPLETED is=IDLE awp=false se=false i=true al=0},r=1,c=false/true,a=HANDLING,uri=//localhost:8080/todos,age=1}
21:34:34.815 [main] DEBUG org.apache.http.headers - http-outgoing-4 << HTTP/1.1 200 OK
21:34:34.815 [qtp265310387-21] DEBUG org.eclipse.jetty.server.HttpChannelState - unhandle HttpChannelState@77a4b1ee{s=HANDLING rs=BLOCKING os=COMPLETED is=IDLE awp=false se=false i=true al=0}
21:34:34.815 [main] DEBUG org.apache.http.headers - http-outgoing-4 << Date: Sun, 26 Oct 2025 20:34:34 GMT
21:34:34.815 [main] DEBUG org.apache.http.headers - http-outgoing-4 << Content-Type: application/json
21:34:34.815 [qtp265310387-21] DEBUG org.eclipse.jetty.server.HttpChannelState - nextAction(false) COMPLETE HttpChannelState@77a4b1ee{s=HANDLING rs=COMPLETING os=COMPLETED is=IDLE awp=false se=false i=false al=0}
21:34:34.815 [main] DEBUG org.apache.http.headers - http-outgoing-4 << Transfer-Encoding: chunked
21:34:34.815 [main] DEBUG org.apache.http.headers - http-outgoing-4 << Server: Jetty(9.4.48.v20220622)
21:34:34.815 [qtp265310387-21] DEBUG org.eclipse.jetty.server.HttpChannel - action COMPLETE HttpChannelOverHttp@18578217{s=HttpChannelState@77a4b1ee{s=HANDLING rs=COMPLETING os=COMPLETED is=IDLE awp=false se=false i=false al=0},r=1,c=false/true,a=HANDLING,uri=//localhost:8080/todos,age=1}
21:34:34.815 [qtp265310387-21] DEBUG org.eclipse.jetty.server.HttpOutput - complete(org.eclipse.jetty.util.Callback$3@30a3f947) s=CLOSED,api=BLOCKING,sc=false,e=null s=true e=null, c=null
21:34:34.815 [qtp265310387-21] DEBUG org.eclipse.jetty.server.HttpChannelState - completed HttpChannelState@77a4b1ee{s=HANDLING rs=COMPLETING os=COMPLETED is=IDLE awp=false se=false i=false al=0}
21:34:34.815 [qtp265310387-21] DEBUG org.eclipse.jetty.server.HttpChannelState - unhandle HttpChannelState@77a4b1ee{s=HANDLING rs=COMPLETED os=COMPLETED is=IDLE awp=false se=false i=false al=0}
21:34:34.815 [qtp265310387-21] DEBUG org.eclipse.jetty.server.HttpChannelState - nextAction(false) TERMINATED HttpChannelState@77a4b1ee{s=IDLE rs=COMPLETED os=COMPLETED is=IDLE awp=false se=false i=false al=0}
21:34:34.815 [main] DEBUG org.apache.http.impl.execchain.MainClientExec - Connection can be kept alive indefinitely
21:34:34.815 [qtp265310387-21] DEBUG org.eclipse.jetty.server.HttpChannel - action TERMINATED HttpChannelOverHttp@18578217{s=HttpChannelState@77a4b1ee{s=IDLE rs=COMPLETED os=COMPLETED is=IDLE awp=false se=false i=false al=0},r=1,c=true/true,a=IDLE,uri=//localhost:8080/todos,age=1}
21:34:34.815 [qtp265310387-21] DEBUG org.eclipse.jetty.server.HttpChannel - onCompleted for /todos written=160
21:34:34.815 [qtp265310387-21] DEBUG org.eclipse.jetty.io.ChannelEndPoint - filled 0 HeapByteBuffer@25e83041[p=0,l=0,c=8192,r=0]={<<<>>>HTTP/1.1 ...\x00\x00\x00\x00\x00\x00\x00}
21:34:34.815 [qtp265310387-21] DEBUG org.eclipse.jetty.io.ChannelEndPoint - filled 0 HeapByteBuffer@25e83041[p=0,l=0,c=8192,r=0]={<<<>>>HTTP/1.1 ...\x00\x00\x00\x00\x00\x00\x00}
21:34:34.815 [main] DEBUG org.apache.http.wire - http-outgoing-4 << "[\r][\n]"
21:34:34.815 [main] DEBUG org.apache.http.wire - http-outgoing-4 << "0[\r][\n]"
21:34:34.815 [qtp265310387-21] DEBUG org.eclipse.jetty.server.HttpConnection - HttpConnection@5bdd13da::SocketChannelEndPoint@4eaa5a28{l=/127.0.0.1:8080,r=/127.0.0.1:59957,OPEN,fill=-,flush=-,to=0/3600000}{io=0/0,kio=0,kro=1}->HttpConnection@5bdd13da[p=HttpParser{s=CONTENT,0 of -1},g=HttpGenerator@63590c49{s=END}]=>HttpChannelOverHttp@18578217{s=HttpChannelState@77a4b1ee{s=IDLE rs=COMPLETED os=COMPLETED is=IDLE awp=false se=false i=false al=0},r=1,c=true/true,a=IDLE,uri=//localhost:8080/todos,age=1} filled 0 HeapByteBuffer@25e83041[p=0,l=0,c=8192,r=0]={<<<>>>HTTP/1.1 ...\x00\x00\x00\x00\x00\x00\x00}
21:34:34.815 [main] DEBUG org.apache.http.wire - http-outgoing-4 << "[\r][\n]"
21:34:34.815 [qtp265310387-21] DEBUG org.eclipse.jetty.server.HttpConnection - HttpConnection@5bdd13da::SocketChannelEndPoint@4eaa5a28{l=/127.0.0.1:8080,r=/127.0.0.1:59957,OPEN,fill=-,flush=-,to=0/3600000}{io=0/0,kio=0,kro=1}->HttpConnection@5bdd13da[p=HttpParser{s=CONTENT,0 of -1},g=HttpGenerator@63590c49{s=END}]=>HttpChannelOverHttp@18578217{s=HttpChannelState@77a4b1ee{s=IDLE rs=COMPLETED os=COMPLETED is=IDLE awp=false se=false i=false al=0},r=1,c=true/true,a=IDLE,uri=//localhost:8080/todos,age=1} parse HeapByteBuffer@25e83041[p=0,l=0,c=8192,r=0]={<<<>>>HTTP/1.1 ...\x00\x00\x00\x00\x00\x00\x00} {}
21:34:34.815 [qtp265310387-21] DEBUG org.eclipse.jetty.http.HttpParser - parseNext s=CONTENT HeapByteBuffer@25e83041[p=0,l=0,c=8192,r=0]={<<<>>>HTTP/1.1 ...\x00\x00\x00\x00\x00\x00\x00}
21:34:34.815 [qtp265310387-21] DEBUG org.eclipse.jetty.http.HttpParser - CONTENT --> CONTENT_END
21:34:34.815 [main] DEBUG org.apache.http.impl.conn.PoolingHttpClientConnectionManager - Connection [id: 4][route: {}->http://localhost:8080] can be kept alive indefinitely
21:34:34.815 [qtp265310387-21] DEBUG org.eclipse.jetty.server.HttpChannel - onContentComplete HttpChannelOverHttp@18578217{s=HttpChannelState@77a4b1ee{s=IDLE rs=COMPLETED os=COMPLETED is=IDLE awp=false se=false i=false al=0},r=1,c=true/true,a=IDLE,uri=//localhost:8080/todos,age=1}
21:34:34.815 [main] DEBUG org.apache.http.impl.conn.DefaultManagedHttpClientConnection - http-outgoing-4: set socket timeout to 0
21:34:34.815 [qtp265310387-21] DEBUG org.eclipse.jetty.http.HttpParser - CONTENT_END --> END
21:34:34.815 [main] DEBUG org.apache.http.impl.conn.PoolingHttpClientConnectionManager - Connection released: [id: 4][route: {}->http://localhost:8080][total available: 1; route allocated: 1 of 5; total allocated: 1 of 10]
21:34:34.815 [main] DEBUG org.apache.http.impl.conn.PoolingHttpClientConnectionManager - Connection manager is shutting down
21:34:34.815 [main] DEBUG org.apache.http.impl.conn.DefaultManagedHttpClientConnection - http-outgoing-4: Close connection
21:34:34.815 [qtp265310387-21] DEBUG org.eclipse.jetty.server.HttpChannel - onRequestComplete HttpChannelOverHttp@18578217{s=HttpChannelState@77a4b1ee{s=IDLE rs=COMPLETED os=COMPLETED is=IDLE awp=false se=false i=false al=0},r=1,c=true/true,a=IDLE,uri=//localhost:8080/todos,age=1}
21:34:34.815 [qtp265310387-21] DEBUG org.eclipse.jetty.server.HttpInput - HttpInputOverHTTP@61798ed7[c=0,q=0,[0]=null,s=STREAM] addContent EOF
21:34:34.815 [main] DEBUG org.apache.http.impl.conn.PoolingHttpClientConnectionManager - Connection manager shut down
21:34:34.815 [qtp265310387-21] DEBUG org.eclipse.jetty.server.HttpConnection - HttpConnection@5bdd13da::SocketChannelEndPoint@4eaa5a28{l=/127.0.0.1:8080,r=/127.0.0.1:59957,OPEN,fill=-,flush=-,to=0/3600000}{io=0/0,kio=0,kro=1}->HttpConnection@5bdd13da[p=HttpParser{s=END,0 of -1},g=HttpGenerator@63590c49{s=END}]=>HttpChannelOverHttp@18578217{s=HttpChannelState@77a4b1ee{s=IDLE rs=COMPLETED os=COMPLETED is=IDLE awp=false se=false i=false al=0},r=1,c=true/true,a=IDLE,uri=//localhost:8080/todos,age=1} parsed false HttpParser{s=END,0 of -1}
21:34:34.815 [qtp265310387-21] DEBUG org.eclipse.jetty.server.HttpConnection - releaseRequestBuffer HttpConnection@5bdd13da::SocketChannelEndPoint@4eaa5a28{l=/127.0.0.1:8080,r=/127.0.0.1:59957,OPEN,fill=-,flush=-,to=0/3600000}{io=0/0,kio=0,kro=1}->HttpConnection@5bdd13da[p=HttpParser{s=END,0 of -1},g=HttpGenerator@63590c49{s=END}]=>HttpChannelOverHttp@18578217{s=HttpChannelState@77a4b1ee{s=IDLE rs=COMPLETED os=COMPLETED is=IDLE awp=false se=false i=false al=0},r=1,c=true/true,a=IDLE,uri=//localhost:8080/todos,age=1}
21:34:34.815 [main] DEBUG com.intuit.karate - response time in milliseconds: 4
5 < 200
5 < Date: Sun, 26 Oct 2025 20:34:34 GMT
5 < Content-Type: application/json
5 < Transfer-Encoding: chunked
5 < Server: Jetty(9.4.48.v20220622)
[{"id":"abfaf4f5-df65-4c46-8d48-e0ecda2c98ab","title":"First","complete":false},{"id":"2031e00d-495e-4837-8024-9c7d4f0b9016","title":"Second","complete":false}]

21:34:34.815 [qtp265310387-21] DEBUG org.eclipse.jetty.server.HttpChannelState - recycle HttpChannelState@77a4b1ee{s=IDLE rs=COMPLETED os=COMPLETED is=IDLE awp=false se=false i=false al=0}
21:34:34.815 [qtp265310387-21] DEBUG org.eclipse.jetty.http.HttpParser - reset HttpParser{s=END,0 of -1}
21:34:34.815 [qtp265310387-21] DEBUG org.eclipse.jetty.http.HttpParser - END --> START
21:34:34.815 [qtp265310387-21] DEBUG org.eclipse.jetty.server.HttpChannel - !handle TERMINATED HttpChannelOverHttp@18578217{s=HttpChannelState@77a4b1ee{s=IDLE rs=BLOCKING os=OPEN is=IDLE awp=false se=false i=true al=0},r=1,c=false/false,a=IDLE,uri=null,age=0}
21:34:34.816 [qtp265310387-21] DEBUG org.eclipse.jetty.io.AbstractEndPoint - shutdownInput SocketChannelEndPoint@4eaa5a28{l=/127.0.0.1:8080,r=/127.0.0.1:59957,OPEN,fill=-,flush=-,to=0/3600000}{io=0/0,kio=0,kro=1}->HttpConnection@5bdd13da[p=HttpParser{s=START,0 of -1},g=HttpGenerator@63590c49{s=START}]=>HttpChannelOverHttp@18578217{s=HttpChannelState@77a4b1ee{s=IDLE rs=BLOCKING os=OPEN is=IDLE awp=false se=false i=true al=0},r=1,c=false/false,a=IDLE,uri=null,age=0}
21:34:34.816 [qtp265310387-21] DEBUG org.eclipse.jetty.io.ChannelEndPoint - filled -1 HeapByteBuffer@25e83041[p=0,l=0,c=8192,r=0]={<<<>>>HTTP/1.1 ...\x00\x00\x00\x00\x00\x00\x00}
21:34:34.816 [qtp265310387-21] DEBUG org.eclipse.jetty.http.HttpParser - atEOF HttpParser{s=START,0 of -1}
21:34:34.816 [qtp265310387-21] DEBUG org.eclipse.jetty.server.HttpConnection - HttpConnection@5bdd13da::SocketChannelEndPoint@4eaa5a28{l=/127.0.0.1:8080,r=/127.0.0.1:59957,ISHUT,fill=-,flush=-,to=0/3600000}{io=0/0,kio=0,kro=1}->HttpConnection@5bdd13da[p=HttpParser{s=START,0 of -1},g=HttpGenerator@63590c49{s=START}]=>HttpChannelOverHttp@18578217{s=HttpChannelState@77a4b1ee{s=IDLE rs=BLOCKING os=OPEN is=IDLE awp=false se=false i=true al=0},r=1,c=false/false,a=IDLE,uri=null,age=0} filled -1 HeapByteBuffer@25e83041[p=0,l=0,c=8192,r=0]={<<<>>>HTTP/1.1 ...\x00\x00\x00\x00\x00\x00\x00}
21:34:34.816 [qtp265310387-21] DEBUG org.eclipse.jetty.server.HttpConnection - HttpConnection@5bdd13da::SocketChannelEndPoint@4eaa5a28{l=/127.0.0.1:8080,r=/127.0.0.1:59957,ISHUT,fill=-,flush=-,to=0/3600000}{io=0/0,kio=0,kro=1}->HttpConnection@5bdd13da[p=HttpParser{s=START,0 of -1},g=HttpGenerator@63590c49{s=START}]=>HttpChannelOverHttp@18578217{s=HttpChannelState@77a4b1ee{s=IDLE rs=BLOCKING os=OPEN is=IDLE awp=false se=false i=true al=0},r=1,c=false/false,a=IDLE,uri=null,age=0} parse HeapByteBuffer@25e83041[p=0,l=0,c=8192,r=0]={<<<>>>HTTP/1.1 ...\x00\x00\x00\x00\x00\x00\x00} {}
21:34:34.816 [qtp265310387-21] DEBUG org.eclipse.jetty.http.HttpParser - parseNext s=START HeapByteBuffer@25e83041[p=0,l=0,c=8192,r=0]={<<<>>>HTTP/1.1 ...\x00\x00\x00\x00\x00\x00\x00}
21:34:34.816 [qtp265310387-21] DEBUG org.eclipse.jetty.http.HttpParser - START --> CLOSED
21:34:34.816 [qtp265310387-21] DEBUG org.eclipse.jetty.io.AbstractEndPoint - close SocketChannelEndPoint@4eaa5a28{l=/127.0.0.1:8080,r=/127.0.0.1:59957,ISHUT,fill=-,flush=-,to=0/3600000}{io=0/0,kio=0,kro=1}->HttpConnection@5bdd13da[p=HttpParser{s=CLOSED,0 of -1},g=HttpGenerator@63590c49{s=START}]=>HttpChannelOverHttp@18578217{s=HttpChannelState@77a4b1ee{s=IDLE rs=BLOCKING os=OPEN is=IDLE awp=false se=false i=true al=0},r=1,c=false/false,a=IDLE,uri=null,age=0}
21:34:34.816 [qtp265310387-21] DEBUG org.eclipse.jetty.io.AbstractEndPoint - close(null) SocketChannelEndPoint@4eaa5a28{l=/127.0.0.1:8080,r=/127.0.0.1:59957,ISHUT,fill=-,flush=-,to=0/3600000}{io=0/0,kio=0,kro=1}->HttpConnection@5bdd13da[p=HttpParser{s=CLOSED,0 of -1},g=HttpGenerator@63590c49{s=START}]=>HttpChannelOverHttp@18578217{s=HttpChannelState@77a4b1ee{s=IDLE rs=BLOCKING os=OPEN is=IDLE awp=false se=false i=true al=0},r=1,c=false/false,a=IDLE,uri=null,age=0}
21:34:34.816 [qtp265310387-21] DEBUG org.eclipse.jetty.io.ChannelEndPoint - doClose SocketChannelEndPoint@4eaa5a28{l=/127.0.0.1:8080,r=/127.0.0.1:59957,CLOSED,fill=-,flush=-,to=0/3600000}{io=0/0,kio=0,kro=1}->HttpConnection@5bdd13da[p=HttpParser{s=CLOSED,0 of -1},g=HttpGenerator@63590c49{s=START}]=>HttpChannelOverHttp@18578217{s=HttpChannelState@77a4b1ee{s=IDLE rs=BLOCKING os=OPEN is=IDLE awp=false se=false i=true al=0},r=1,c=false/false,a=IDLE,uri=null,age=0}
21:34:34.816 [qtp265310387-21] DEBUG org.eclipse.jetty.io.FillInterest - onClose FillInterest@3120ea0d{null}
21:34:34.816 [qtp265310387-21] DEBUG org.eclipse.jetty.io.ManagedSelector - Wakeup ManagedSelector@1ca733a8{STARTED} id=0 keys=1 selected=0 updates=0
21:34:34.816 [qtp265310387-21] DEBUG org.eclipse.jetty.util.thread.QueuedThreadPool - queue org.eclipse.jetty.io.ManagedSelector$DestroyEndPoint@609ed93e startThread=0
21:34:34.816 [qtp265310387-23] DEBUG org.eclipse.jetty.io.ManagedSelector - Selector sun.nio.ch.KQueueSelectorImpl@3c951f28 woken with none selected
21:34:34.816 [qtp265310387-24] DEBUG org.eclipse.jetty.util.thread.QueuedThreadPool - run org.eclipse.jetty.io.ManagedSelector$DestroyEndPoint@609ed93e in QueuedThreadPool[qtp265310387]@fd050b3{STARTED,8<=9<=200,i=0,r=-1,q=0}[ReservedThreadExecutor@34f8be00{reserved=1/10,pending=0}]
21:34:34.816 [qtp265310387-21] DEBUG org.eclipse.jetty.server.HttpConnection - HttpConnection@5bdd13da::SocketChannelEndPoint@4eaa5a28{l=/127.0.0.1:8080,r=/127.0.0.1:59957,CLOSED,fill=-,flush=-,to=0/3600000}{io=0/0,kio=-1,kro=-1}->HttpConnection@5bdd13da[p=HttpParser{s=CLOSED,0 of -1},g=HttpGenerator@63590c49{s=START}]=>HttpChannelOverHttp@18578217{s=HttpChannelState@77a4b1ee{s=IDLE rs=BLOCKING os=OPEN is=IDLE awp=false se=false i=true al=0},r=1,c=false/false,a=IDLE,uri=null,age=0} parsed false HttpParser{s=CLOSED,0 of -1}
21:34:34.816 [qtp265310387-24] DEBUG org.eclipse.jetty.io.ManagedSelector - Destroyed SocketChannelEndPoint@4eaa5a28{l=/127.0.0.1:8080,r=/127.0.0.1:59957,CLOSED,fill=-,flush=-,to=0/3600000}{io=0/0,kio=-1,kro=-1}->HttpConnection@5bdd13da[p=HttpParser{s=CLOSED,0 of -1},g=HttpGenerator@63590c49{s=START}]=>HttpChannelOverHttp@18578217{s=HttpChannelState@77a4b1ee{s=IDLE rs=BLOCKING os=OPEN is=IDLE awp=false se=false i=true al=0},r=1,c=false/false,a=IDLE,uri=null,age=0}
21:34:34.816 [qtp265310387-21] DEBUG org.eclipse.jetty.server.HttpConnection - releaseRequestBuffer HttpConnection@5bdd13da::SocketChannelEndPoint@4eaa5a28{l=/127.0.0.1:8080,r=/127.0.0.1:59957,CLOSED,fill=-,flush=-,to=1/3600000}{io=0/0,kio=-1,kro=-1}->HttpConnection@5bdd13da[p=HttpParser{s=CLOSED,0 of -1},g=HttpGenerator@63590c49{s=START}]=>HttpChannelOverHttp@18578217{s=HttpChannelState@77a4b1ee{s=IDLE rs=BLOCKING os=OPEN is=IDLE awp=false se=false i=true al=0},r=1,c=false/false,a=IDLE,uri=null,age=0}
21:34:34.816 [qtp265310387-24] DEBUG org.eclipse.jetty.io.AbstractConnection - onClose HttpConnection@5bdd13da::SocketChannelEndPoint@4eaa5a28{l=/127.0.0.1:8080,r=/127.0.0.1:59957,CLOSED,fill=-,flush=-,to=1/3600000}{io=0/0,kio=-1,kro=-1}->HttpConnection@5bdd13da[p=HttpParser{s=CLOSED,0 of -1},g=HttpGenerator@63590c49{s=START}]=>HttpChannelOverHttp@18578217{s=HttpChannelState@77a4b1ee{s=IDLE rs=BLOCKING os=OPEN is=IDLE awp=false se=false i=true al=0},r=1,c=false/false,a=IDLE,uri=null,age=0}
21:34:34.816 [qtp265310387-24] DEBUG org.eclipse.jetty.util.thread.QueuedThreadPool - ran org.eclipse.jetty.io.ManagedSelector$DestroyEndPoint@609ed93e in QueuedThreadPool[qtp265310387]@fd050b3{STARTED,8<=9<=200,i=0,r=-1,q=0}[ReservedThreadExecutor@34f8be00{reserved=1/10,pending=0}]
21:34:34.816 [qtp265310387-21] DEBUG org.eclipse.jetty.io.AbstractEndPoint - shutdownOutput SocketChannelEndPoint@4eaa5a28{l=/127.0.0.1:8080,r=/127.0.0.1:59957,CLOSED,fill=-,flush=-,to=1/3600000}{io=0/0,kio=-1,kro=-1}->HttpConnection@5bdd13da[p=HttpParser{s=CLOSED,0 of -1},g=HttpGenerator@63590c49{s=START}]=>HttpChannelOverHttp@18578217{s=HttpChannelState@77a4b1ee{s=IDLE rs=BLOCKING os=OPEN is=IDLE awp=false se=false i=true al=0},r=1,c=false/false,a=IDLE,uri=null,age=0}
21:34:34.816 [qtp265310387-21] DEBUG org.eclipse.jetty.server.HttpConnection - HttpConnection@5bdd13da::SocketChannelEndPoint@4eaa5a28{l=/127.0.0.1:8080,r=/127.0.0.1:59957,CLOSED,fill=-,flush=-,to=1/3600000}{io=0/0,kio=-1,kro=-1}->HttpConnection@5bdd13da[p=HttpParser{s=CLOSED,0 of -1},g=HttpGenerator@63590c49{s=START}]=>HttpChannelOverHttp@18578217{s=HttpChannelState@77a4b1ee{s=IDLE rs=BLOCKING os=OPEN is=IDLE awp=false se=false i=true al=0},r=1,c=false/false,a=IDLE,uri=null,age=0} onFillable exit HttpChannelState@77a4b1ee{s=IDLE rs=BLOCKING os=OPEN is=IDLE awp=false se=false i=true al=0} null
21:34:34.816 [qtp265310387-23] DEBUG org.eclipse.jetty.io.ManagedSelector - Selector sun.nio.ch.KQueueSelectorImpl@3c951f28 woken up from select, 0/0/0 selected
21:34:34.816 [qtp265310387-23] DEBUG org.eclipse.jetty.io.ManagedSelector - Selector sun.nio.ch.KQueueSelectorImpl@3c951f28 processing 0 keys, 0 updates
21:34:34.816 [qtp265310387-23] DEBUG org.eclipse.jetty.io.ManagedSelector - updateable 0
21:34:34.816 [qtp265310387-21] DEBUG org.eclipse.jetty.util.thread.QueuedThreadPool - ran org.eclipse.jetty.io.ManagedSelector$$Lambda$545/0x000000d00141c108@26548bfb in QueuedThreadPool[qtp265310387]@fd050b3{STARTED,8<=9<=200,i=1,r=-1,q=0}[ReservedThreadExecutor@34f8be00{reserved=1/10,pending=0}]
21:34:34.816 [qtp265310387-23] DEBUG org.eclipse.jetty.io.ManagedSelector - updates 0
21:34:34.816 [qtp265310387-23] DEBUG org.eclipse.jetty.io.ManagedSelector - Selector sun.nio.ch.KQueueSelectorImpl@3c951f28 waiting with 0 keys
21:34:34.816 [main] DEBUG com.jayway.jsonpath.internal.path.CompiledPath - Evaluating path: $
]]></system-out>
  </testcase>
  <testcase name="[2:47] Kafka event validation" classname="todos/todo-kafka" time="4.197">
    <system-out><![CDATA[21:34:34.842 [main] DEBUG org.apache.http.client.protocol.RequestAddCookies - CookieSpec selected: karate
21:34:34.843 [main] DEBUG org.apache.http.client.protocol.RequestAuthCache - Auth cache not set in the context
21:34:34.843 [main] DEBUG com.intuit.karate - request:
1 > POST http://localhost:8080/todos
1 > Content-Type: text/plain; charset=UTF-8
1 > Content-Length: 15
1 > Host: localhost:8080
1 > Connection: Keep-Alive
1 > User-Agent: Apache-HttpClient/4.5.14 (Java/17.0.9)
1 > Accept-Encoding: gzip,deflate
ValidateMessage

21:34:34.843 [main] DEBUG org.apache.http.impl.conn.PoolingHttpClientConnectionManager - Connection request: [route: {}->http://localhost:8080][total available: 0; route allocated: 0 of 5; total allocated: 0 of 10]
21:34:34.843 [main] DEBUG org.apache.http.impl.conn.PoolingHttpClientConnectionManager - Connection leased: [id: 5][route: {}->http://localhost:8080][total available: 0; route allocated: 1 of 5; total allocated: 1 of 10]
21:34:34.843 [main] DEBUG org.apache.http.impl.execchain.MainClientExec - Opening connection {}->http://localhost:8080
21:34:34.843 [main] DEBUG org.apache.http.impl.conn.DefaultHttpClientConnectionOperator - Connecting to localhost/127.0.0.1:8080
21:34:34.843 [main] DEBUG org.apache.http.impl.conn.DefaultHttpClientConnectionOperator - Connection established 127.0.0.1:59958<->127.0.0.1:8080
21:34:34.843 [main] DEBUG org.apache.http.impl.conn.DefaultManagedHttpClientConnection - http-outgoing-5: set socket timeout to 30000
21:34:34.843 [main] DEBUG org.apache.http.impl.execchain.MainClientExec - Executing request POST /todos HTTP/1.1
21:34:34.843 [main] DEBUG org.apache.http.impl.execchain.MainClientExec - Target auth state: UNCHALLENGED
21:34:34.843 [main] DEBUG org.apache.http.impl.execchain.MainClientExec - Proxy auth state: UNCHALLENGED
21:34:34.843 [main] DEBUG org.apache.http.headers - http-outgoing-5 >> POST /todos HTTP/1.1
21:34:34.843 [main] DEBUG org.apache.http.headers - http-outgoing-5 >> Content-Type: text/plain; charset=UTF-8
21:34:34.843 [main] DEBUG org.apache.http.headers - http-outgoing-5 >> Content-Length: 15
21:34:34.843 [main] DEBUG org.apache.http.headers - http-outgoing-5 >> Host: localhost:8080
21:34:34.843 [main] DEBUG org.apache.http.headers - http-outgoing-5 >> Connection: Keep-Alive
21:34:34.843 [main] DEBUG org.apache.http.headers - http-outgoing-5 >> User-Agent: Apache-HttpClient/4.5.14 (Java/17.0.9)
21:34:34.843 [main] DEBUG org.apache.http.headers - http-outgoing-5 >> Accept-Encoding: gzip,deflate
21:34:34.843 [main] DEBUG org.apache.http.wire - http-outgoing-5 >> "POST /todos HTTP/1.1[\r][\n]"
21:34:34.843 [main] DEBUG org.apache.http.wire - http-outgoing-5 >> "Content-Type: text/plain; charset=UTF-8[\r][\n]"
21:34:34.843 [main] DEBUG org.apache.http.wire - http-outgoing-5 >> "Content-Length: 15[\r][\n]"
21:34:34.843 [main] DEBUG org.apache.http.wire - http-outgoing-5 >> "Host: localhost:8080[\r][\n]"
21:34:34.843 [main] DEBUG org.apache.http.wire - http-outgoing-5 >> "Connection: Keep-Alive[\r][\n]"
21:34:34.843 [main] DEBUG org.apache.http.wire - http-outgoing-5 >> "User-Agent: Apache-HttpClient/4.5.14 (Java/17.0.9)[\r][\n]"
21:34:34.843 [main] DEBUG org.apache.http.wire - http-outgoing-5 >> "Accept-Encoding: gzip,deflate[\r][\n]"
21:34:34.843 [main] DEBUG org.apache.http.wire - http-outgoing-5 >> "[\r][\n]"
21:34:34.843 [main] DEBUG org.apache.http.wire - http-outgoing-5 >> "ValidateMessage"
21:34:34.847 [qtp265310387-26-acceptor-0@63d5674b-ServerConnector@65cb396d{HTTP/1.1, (http/1.1)}{0.0.0.0:8080}] DEBUG org.eclipse.jetty.io.ManagedSelector - Queued change lazy=false Accept@795defef[java.nio.channels.SocketChannel[connected local=/127.0.0.1:8080 remote=/127.0.0.1:59958]] on ManagedSelector@76520cc5{STARTED} id=1 keys=0 selected=0 updates=0
21:34:34.850 [qtp265310387-26-acceptor-0@63d5674b-ServerConnector@65cb396d{HTTP/1.1, (http/1.1)}{0.0.0.0:8080}] DEBUG org.eclipse.jetty.io.ManagedSelector - Wakeup on submit ManagedSelector@76520cc5{STARTED} id=1 keys=0 selected=0 updates=1
21:34:34.850 [qtp265310387-28] DEBUG org.eclipse.jetty.io.ManagedSelector - Selector sun.nio.ch.KQueueSelectorImpl@5803522c woken with none selected
21:34:34.850 [qtp265310387-28] DEBUG org.eclipse.jetty.io.ManagedSelector - Selector sun.nio.ch.KQueueSelectorImpl@5803522c woken up from select, 0/0/0 selected
21:34:34.850 [qtp265310387-28] DEBUG org.eclipse.jetty.io.ManagedSelector - Selector sun.nio.ch.KQueueSelectorImpl@5803522c processing 0 keys, 1 updates
21:34:34.850 [qtp265310387-28] DEBUG org.eclipse.jetty.io.ManagedSelector - updateable 1
21:34:34.850 [qtp265310387-28] DEBUG org.eclipse.jetty.io.ManagedSelector - update Accept@795defef[java.nio.channels.SocketChannel[connected local=/127.0.0.1:8080 remote=/127.0.0.1:59958]]
21:34:34.851 [qtp265310387-28] DEBUG org.eclipse.jetty.util.thread.QueuedThreadPool - queue Accept@795defef[java.nio.channels.SocketChannel[connected local=/127.0.0.1:8080 remote=/127.0.0.1:59958]] startThread=0
21:34:34.851 [qtp265310387-28] DEBUG org.eclipse.jetty.io.ManagedSelector - updates 0
21:34:34.851 [qtp265310387-28] DEBUG org.eclipse.jetty.io.ManagedSelector - Selector sun.nio.ch.KQueueSelectorImpl@5803522c waiting with 1 keys
21:34:34.851 [qtp265310387-24] DEBUG org.eclipse.jetty.util.thread.QueuedThreadPool - run Accept@795defef[java.nio.channels.SocketChannel[connected local=/127.0.0.1:8080 remote=/127.0.0.1:59958]] in QueuedThreadPool[qtp265310387]@fd050b3{STARTED,8<=9<=200,i=1,r=-1,q=0}[ReservedThreadExecutor@34f8be00{reserved=1/10,pending=0}]
21:34:34.851 [qtp265310387-24] DEBUG org.eclipse.jetty.io.IdleTimeout - SocketChannelEndPoint@16b26b18{l=/127.0.0.1:8080,r=/127.0.0.1:59958,OPEN,fill=-,flush=-,to=0/3600000}{io=0/0,kio=0,kro=0}-><null> idle timeout check, elapsed: 0 ms, remaining: 3600000 ms
21:34:34.851 [qtp265310387-24] DEBUG org.eclipse.jetty.server.HttpChannel - new HttpChannelOverHttp@3d2216c3{s=HttpChannelState@b64f3e8{s=IDLE rs=BLOCKING os=OPEN is=IDLE awp=false se=false i=true al=0},r=0,c=false/false,a=IDLE,uri=null,age=0} -> SocketChannelEndPoint@16b26b18{l=/127.0.0.1:8080,r=/127.0.0.1:59958,OPEN,fill=-,flush=-,to=0/3600000}{io=0/0,kio=0,kro=0}-><null>,null,HttpChannelState@b64f3e8{s=IDLE rs=BLOCKING os=OPEN is=IDLE awp=false se=false i=true al=0}
21:34:34.851 [qtp265310387-24] DEBUG org.eclipse.jetty.server.HttpConnection - New HTTP Connection HttpConnection@ad43f58::SocketChannelEndPoint@16b26b18{l=/127.0.0.1:8080,r=/127.0.0.1:59958,OPEN,fill=-,flush=-,to=0/3600000}{io=0/0,kio=0,kro=0}-><null>
21:34:34.851 [qtp265310387-24] DEBUG org.eclipse.jetty.io.ManagedSelector - Queued change lazy=true org.eclipse.jetty.io.ManagedSelector$$Lambda$580/0x000000d0014ab230@fbb7fb1 on ManagedSelector@76520cc5{STARTED} id=1 keys=1 selected=0 updates=0
21:34:34.851 [qtp265310387-24] DEBUG org.eclipse.jetty.io.AbstractEndPoint - onOpen SocketChannelEndPoint@16b26b18{l=/127.0.0.1:8080,r=/127.0.0.1:59958,OPEN,fill=-,flush=-,to=0/3600000}{io=0/0,kio=0,kro=0}->HttpConnection@ad43f58[p=HttpParser{s=START,0 of -1},g=HttpGenerator@2282f48b{s=START}]=>HttpChannelOverHttp@3d2216c3{s=HttpChannelState@b64f3e8{s=IDLE rs=BLOCKING os=OPEN is=IDLE awp=false se=false i=true al=0},r=0,c=false/false,a=IDLE,uri=null,age=0}
21:34:34.851 [qtp265310387-24] DEBUG org.eclipse.jetty.io.AbstractConnection - onOpen HttpConnection@ad43f58::SocketChannelEndPoint@16b26b18{l=/127.0.0.1:8080,r=/127.0.0.1:59958,OPEN,fill=-,flush=-,to=0/3600000}{io=0/0,kio=0,kro=0}->HttpConnection@ad43f58[p=HttpParser{s=START,0 of -1},g=HttpGenerator@2282f48b{s=START}]=>HttpChannelOverHttp@3d2216c3{s=HttpChannelState@b64f3e8{s=IDLE rs=BLOCKING os=OPEN is=IDLE awp=false se=false i=true al=0},r=0,c=false/false,a=IDLE,uri=null,age=0}
21:34:34.851 [qtp265310387-24] DEBUG org.eclipse.jetty.io.AbstractConnection - fillInterested HttpConnection@ad43f58::SocketChannelEndPoint@16b26b18{l=/127.0.0.1:8080,r=/127.0.0.1:59958,OPEN,fill=-,flush=-,to=0/3600000}{io=0/0,kio=0,kro=0}->HttpConnection@ad43f58[p=HttpParser{s=START,0 of -1},g=HttpGenerator@2282f48b{s=START}]=>HttpChannelOverHttp@3d2216c3{s=HttpChannelState@b64f3e8{s=IDLE rs=BLOCKING os=OPEN is=IDLE awp=false se=false i=true al=0},r=0,c=false/false,a=IDLE,uri=null,age=0}
21:34:34.851 [qtp265310387-24] DEBUG org.eclipse.jetty.io.FillInterest - interested FillInterest@ed5b880{AC.ReadCB@ad43f58{HttpConnection@ad43f58::SocketChannelEndPoint@16b26b18{l=/127.0.0.1:8080,r=/127.0.0.1:59958,OPEN,fill=FI,flush=-,to=0/3600000}{io=0/0,kio=0,kro=0}->HttpConnection@ad43f58[p=HttpParser{s=START,0 of -1},g=HttpGenerator@2282f48b{s=START}]=>HttpChannelOverHttp@3d2216c3{s=HttpChannelState@b64f3e8{s=IDLE rs=BLOCKING os=OPEN is=IDLE awp=false se=false i=true al=0},r=0,c=false/false,a=IDLE,uri=null,age=0}}}
21:34:34.851 [qtp265310387-24] DEBUG org.eclipse.jetty.io.ChannelEndPoint - changeInterests p=false 0->1 for SocketChannelEndPoint@16b26b18{l=/127.0.0.1:8080,r=/127.0.0.1:59958,OPEN,fill=FI,flush=-,to=0/3600000}{io=0/1,kio=0,kro=0}->HttpConnection@ad43f58[p=HttpParser{s=START,0 of -1},g=HttpGenerator@2282f48b{s=START}]=>HttpChannelOverHttp@3d2216c3{s=HttpChannelState@b64f3e8{s=IDLE rs=BLOCKING os=OPEN is=IDLE awp=false se=false i=true al=0},r=0,c=false/false,a=IDLE,uri=null,age=0}
21:34:34.851 [qtp265310387-24] DEBUG org.eclipse.jetty.io.ManagedSelector - Queued change lazy=false org.eclipse.jetty.io.ChannelEndPoint$$Lambda$573/0x000000d00149ac38@255078fd on ManagedSelector@76520cc5{STARTED} id=1 keys=1 selected=0 updates=1
21:34:34.851 [qtp265310387-24] DEBUG org.eclipse.jetty.io.ManagedSelector - Wakeup on submit ManagedSelector@76520cc5{STARTED} id=1 keys=1 selected=0 updates=2
21:34:34.851 [qtp265310387-24] DEBUG org.eclipse.jetty.io.ManagedSelector - Created SocketChannelEndPoint@16b26b18{l=/127.0.0.1:8080,r=/127.0.0.1:59958,OPEN,fill=FI,flush=-,to=0/3600000}{io=0/1,kio=0,kro=0}->HttpConnection@ad43f58[p=HttpParser{s=START,0 of -1},g=HttpGenerator@2282f48b{s=START}]=>HttpChannelOverHttp@3d2216c3{s=HttpChannelState@b64f3e8{s=IDLE rs=BLOCKING os=OPEN is=IDLE awp=false se=false i=true al=0},r=0,c=false/false,a=IDLE,uri=null,age=0}
21:34:34.851 [qtp265310387-28] DEBUG org.eclipse.jetty.io.ManagedSelector - Selector sun.nio.ch.KQueueSelectorImpl@5803522c woken with none selected
21:34:34.851 [qtp265310387-24] DEBUG org.eclipse.jetty.util.thread.QueuedThreadPool - ran Accept@795defef[java.nio.channels.SocketChannel[connected local=/127.0.0.1:8080 remote=/127.0.0.1:59958]] in QueuedThreadPool[qtp265310387]@fd050b3{STARTED,8<=9<=200,i=1,r=-1,q=0}[ReservedThreadExecutor@34f8be00{reserved=1/10,pending=0}]
21:34:34.851 [qtp265310387-28] DEBUG org.eclipse.jetty.io.ManagedSelector - Selector sun.nio.ch.KQueueSelectorImpl@5803522c woken up from select, 0/0/1 selected
21:34:34.851 [qtp265310387-28] DEBUG org.eclipse.jetty.io.ManagedSelector - Selector sun.nio.ch.KQueueSelectorImpl@5803522c processing 0 keys, 2 updates
21:34:34.851 [qtp265310387-28] DEBUG org.eclipse.jetty.io.ManagedSelector - updateable 2
21:34:34.851 [qtp265310387-28] DEBUG org.eclipse.jetty.io.ManagedSelector - update org.eclipse.jetty.io.ManagedSelector$$Lambda$580/0x000000d0014ab230@fbb7fb1
21:34:34.851 [qtp265310387-28] DEBUG org.eclipse.jetty.io.ManagedSelector - update org.eclipse.jetty.io.ChannelEndPoint$$Lambda$573/0x000000d00149ac38@255078fd
21:34:34.851 [qtp265310387-28] DEBUG org.eclipse.jetty.io.ChannelEndPoint - Key interests updated 0 -> 1 on SocketChannelEndPoint@16b26b18{l=/127.0.0.1:8080,r=/127.0.0.1:59958,OPEN,fill=FI,flush=-,to=0/3600000}{io=1/1,kio=1,kro=0}->HttpConnection@ad43f58[p=HttpParser{s=START,0 of -1},g=HttpGenerator@2282f48b{s=START}]=>HttpChannelOverHttp@3d2216c3{s=HttpChannelState@b64f3e8{s=IDLE rs=BLOCKING os=OPEN is=IDLE awp=false se=false i=true al=0},r=0,c=false/false,a=IDLE,uri=null,age=0}
21:34:34.851 [qtp265310387-28] DEBUG org.eclipse.jetty.io.ManagedSelector - updates 0
21:34:34.851 [qtp265310387-28] DEBUG org.eclipse.jetty.io.ManagedSelector - Selector sun.nio.ch.KQueueSelectorImpl@5803522c waiting with 1 keys
21:34:34.851 [qtp265310387-28] DEBUG org.eclipse.jetty.io.ManagedSelector - Selector sun.nio.ch.KQueueSelectorImpl@5803522c woken up from select, 1/1/1 selected
21:34:34.851 [qtp265310387-28] DEBUG org.eclipse.jetty.io.ManagedSelector - Selector sun.nio.ch.KQueueSelectorImpl@5803522c processing 1 keys, 0 updates
21:34:34.851 [qtp265310387-28] DEBUG org.eclipse.jetty.io.ManagedSelector - selected 1 channel=java.nio.channels.SocketChannel[connected local=/127.0.0.1:8080 remote=/127.0.0.1:59958], selector=sun.nio.ch.KQueueSelectorImpl@5803522c, interestOps=1, readyOps=1 SocketChannelEndPoint@16b26b18{l=/127.0.0.1:8080,r=/127.0.0.1:59958,OPEN,fill=FI,flush=-,to=0/3600000}{io=1/1,kio=1,kro=1}->HttpConnection@ad43f58[p=HttpParser{s=START,0 of -1},g=HttpGenerator@2282f48b{s=START}]=>HttpChannelOverHttp@3d2216c3{s=HttpChannelState@b64f3e8{s=IDLE rs=BLOCKING os=OPEN is=IDLE awp=false se=false i=true al=0},r=0,c=false/false,a=IDLE,uri=null,age=0} 
21:34:34.851 [qtp265310387-28] DEBUG org.eclipse.jetty.io.ChannelEndPoint - onSelected 1->0 r=true w=false for SocketChannelEndPoint@16b26b18{l=/127.0.0.1:8080,r=/127.0.0.1:59958,OPEN,fill=FI,flush=-,to=0/3600000}{io=1/0,kio=1,kro=1}->HttpConnection@ad43f58[p=HttpParser{s=START,0 of -1},g=HttpGenerator@2282f48b{s=START}]=>HttpChannelOverHttp@3d2216c3{s=HttpChannelState@b64f3e8{s=IDLE rs=BLOCKING os=OPEN is=IDLE awp=false se=false i=true al=0},r=0,c=false/false,a=IDLE,uri=null,age=0}
21:34:34.852 [qtp265310387-28] DEBUG org.eclipse.jetty.io.ChannelEndPoint - task CEP:SocketChannelEndPoint@16b26b18{l=/127.0.0.1:8080,r=/127.0.0.1:59958,OPEN,fill=FI,flush=-,to=0/3600000}{io=1/0,kio=1,kro=1}->HttpConnection@ad43f58[p=HttpParser{s=START,0 of -1},g=HttpGenerator@2282f48b{s=START}]=>HttpChannelOverHttp@3d2216c3{s=HttpChannelState@b64f3e8{s=IDLE rs=BLOCKING os=OPEN is=IDLE awp=false se=false i=true al=0},r=0,c=false/false,a=IDLE,uri=null,age=0}:runFillable:BLOCKING
21:34:34.852 [qtp265310387-28] DEBUG org.eclipse.jetty.util.thread.ReservedThreadExecutor - ReservedThreadExecutor@34f8be00{reserved=1/10,pending=0} tryExecute EatWhatYouKill@40e488a5/SelectorProducer@206e7499/PRODUCING/p=false/QueuedThreadPool[qtp265310387]@fd050b3{STARTED,8<=9<=200,i=2,r=-1,q=0}[ReservedThreadExecutor@34f8be00{reserved=1/10,pending=0}][pc=0,pic=0,pec=1,epc=1]@2025-10-26T21:34:34.852074+01:00
21:34:34.852 [qtp265310387-28] DEBUG org.eclipse.jetty.util.thread.ReservedThreadExecutor - ReservedThreadExecutor@34f8be00{reserved=0/10,pending=1} startReservedThread p=1
21:34:34.852 [qtp265310387-28] DEBUG org.eclipse.jetty.util.thread.QueuedThreadPool - queue ReservedThread@1147f565{PENDING,thread=null} startThread=0
21:34:34.852 [qtp265310387-28] DEBUG org.eclipse.jetty.util.thread.strategy.EatWhatYouKill - EatWhatYouKill@40e488a5/SelectorProducer@206e7499/IDLE/p=true/QueuedThreadPool[qtp265310387]@fd050b3{STARTED,8<=9<=200,i=1,r=-1,q=0}[ReservedThreadExecutor@34f8be00{reserved=0/10,pending=1}][pc=0,pic=0,pec=1,epc=1]@2025-10-26T21:34:34.852215+01:00 m=EXECUTE_PRODUCE_CONSUME t=CEP:SocketChannelEndPoint@16b26b18{l=/127.0.0.1:8080,r=/127.0.0.1:59958,OPEN,fill=FI,flush=-,to=0/3600000}{io=1/0,kio=1,kro=1}->HttpConnection@ad43f58[p=HttpParser{s=START,0 of -1},g=HttpGenerator@2282f48b{s=START}]=>HttpChannelOverHttp@3d2216c3{s=HttpChannelState@b64f3e8{s=IDLE rs=BLOCKING os=OPEN is=IDLE awp=false se=false i=true al=0},r=0,c=false/false,a=IDLE,uri=null,age=0}:runFillable:BLOCKING/BLOCKING
21:34:34.852 [qtp265310387-28] DEBUG org.eclipse.jetty.io.FillInterest - fillable FillInterest@ed5b880{AC.ReadCB@ad43f58{HttpConnection@ad43f58::SocketChannelEndPoint@16b26b18{l=/127.0.0.1:8080,r=/127.0.0.1:59958,OPEN,fill=FI,flush=-,to=0/3600000}{io=1/0,kio=1,kro=1}->HttpConnection@ad43f58[p=HttpParser{s=START,0 of -1},g=HttpGenerator@2282f48b{s=START}]=>HttpChannelOverHttp@3d2216c3{s=HttpChannelState@b64f3e8{s=IDLE rs=BLOCKING os=OPEN is=IDLE awp=false se=false i=true al=0},r=0,c=false/false,a=IDLE,uri=null,age=0}}}
21:34:34.852 [qtp265310387-28] DEBUG org.eclipse.jetty.server.HttpConnection - HttpConnection@ad43f58::SocketChannelEndPoint@16b26b18{l=/127.0.0.1:8080,r=/127.0.0.1:59958,OPEN,fill=-,flush=-,to=0/3600000}{io=1/0,kio=1,kro=1}->HttpConnection@ad43f58[p=HttpParser{s=START,0 of -1},g=HttpGenerator@2282f48b{s=START}]=>HttpChannelOverHttp@3d2216c3{s=HttpChannelState@b64f3e8{s=IDLE rs=BLOCKING os=OPEN is=IDLE awp=false se=false i=true al=0},r=0,c=false/false,a=IDLE,uri=null,age=0} onFillable enter HttpChannelState@b64f3e8{s=IDLE rs=BLOCKING os=OPEN is=IDLE awp=false se=false i=true al=0} null
21:34:34.852 [qtp265310387-21] DEBUG org.eclipse.jetty.util.thread.QueuedThreadPool - run ReservedThread@1147f565{PENDING,thread=null} in QueuedThreadPool[qtp265310387]@fd050b3{STARTED,8<=9<=200,i=1,r=-1,q=0}[ReservedThreadExecutor@34f8be00{reserved=0/10,pending=1}]
21:34:34.852 [qtp265310387-21] DEBUG org.eclipse.jetty.util.thread.ReservedThreadExecutor - ReservedThread@1147f565{PENDING,thread=Thread[qtp265310387-21,5,main]} was=PENDING next=RESERVED size=0+1 capacity=10
21:34:34.852 [qtp265310387-21] DEBUG org.eclipse.jetty.util.thread.ReservedThreadExecutor - ReservedThread@1147f565{RESERVED,thread=Thread[qtp265310387-21,5,main]} waiting ReservedThreadExecutor@34f8be00{reserved=1/10,pending=0}
21:34:34.852 [qtp265310387-25] DEBUG org.eclipse.jetty.util.thread.ReservedThreadExecutor - ReservedThread@744bd6d3{RESERVED,thread=Thread[qtp265310387-25,5,main]} task=EatWhatYouKill@40e488a5/SelectorProducer@206e7499/IDLE/p=true/QueuedThreadPool[qtp265310387]@fd050b3{STARTED,8<=9<=200,i=1,r=-1,q=0}[ReservedThreadExecutor@34f8be00{reserved=0/10,pending=1}][pc=0,pic=0,pec=1,epc=2]@2025-10-26T21:34:34.852387+01:00 ReservedThreadExecutor@34f8be00{reserved=1/10,pending=0}
21:34:34.852 [qtp265310387-28] DEBUG org.eclipse.jetty.io.ChannelEndPoint - filled 229 HeapByteBuffer@25e83041[p=0,l=229,c=8192,r=229]={<<<POST /todos HTTP/1.1\r\nCon...late\r\n\r\nValidateMessage>>>\x00\x00\x00\x00\x00\x00\x00\x00\x00...\x00\x00\x00\x00\x00\x00\x00}
21:34:34.852 [qtp265310387-28] DEBUG org.eclipse.jetty.server.HttpConnection - HttpConnection@ad43f58::SocketChannelEndPoint@16b26b18{l=/127.0.0.1:8080,r=/127.0.0.1:59958,OPEN,fill=-,flush=-,to=0/3600000}{io=1/0,kio=1,kro=1}->HttpConnection@ad43f58[p=HttpParser{s=START,0 of -1},g=HttpGenerator@2282f48b{s=START}]=>HttpChannelOverHttp@3d2216c3{s=HttpChannelState@b64f3e8{s=IDLE rs=BLOCKING os=OPEN is=IDLE awp=false se=false i=true al=0},r=0,c=false/false,a=IDLE,uri=null,age=0} filled 229 HeapByteBuffer@25e83041[p=0,l=229,c=8192,r=229]={<<<POST /todos HTTP/1.1\r\nCon...late\r\n\r\nValidateMessage>>>\x00\x00\x00\x00\x00\x00\x00\x00\x00...\x00\x00\x00\x00\x00\x00\x00}
21:34:34.852 [qtp265310387-28] DEBUG org.eclipse.jetty.server.HttpConnection - HttpConnection@ad43f58::SocketChannelEndPoint@16b26b18{l=/127.0.0.1:8080,r=/127.0.0.1:59958,OPEN,fill=-,flush=-,to=0/3600000}{io=1/0,kio=1,kro=1}->HttpConnection@ad43f58[p=HttpParser{s=START,0 of -1},g=HttpGenerator@2282f48b{s=START}]=>HttpChannelOverHttp@3d2216c3{s=HttpChannelState@b64f3e8{s=IDLE rs=BLOCKING os=OPEN is=IDLE awp=false se=false i=true al=0},r=0,c=false/false,a=IDLE,uri=null,age=0} parse HeapByteBuffer@25e83041[p=0,l=229,c=8192,r=229]={<<<POST /todos HTTP/1.1\r\nCon...late\r\n\r\nValidateMessage>>>\x00\x00\x00\x00\x00\x00\x00\x00\x00...\x00\x00\x00\x00\x00\x00\x00} {}
21:34:34.852 [qtp265310387-28] DEBUG org.eclipse.jetty.http.HttpParser - parseNext s=START HeapByteBuffer@25e83041[p=0,l=229,c=8192,r=229]={<<<POST /todos HTTP/1.1\r\nCon...late\r\n\r\nValidateMessage>>>\x00\x00\x00\x00\x00\x00\x00\x00\x00...\x00\x00\x00\x00\x00\x00\x00}
21:34:34.852 [qtp265310387-28] DEBUG org.eclipse.jetty.http.HttpParser - START --> SPACE1
21:34:34.852 [qtp265310387-28] DEBUG org.eclipse.jetty.http.HttpParser - SPACE1 --> URI
21:34:34.852 [qtp265310387-28] DEBUG org.eclipse.jetty.http.HttpParser - URI --> SPACE2
21:34:34.852 [qtp265310387-28] DEBUG org.eclipse.jetty.http.HttpParser - SPACE2 --> REQUEST_VERSION
21:34:34.852 [qtp265310387-28] DEBUG org.eclipse.jetty.http.HttpParser - REQUEST_VERSION --> HEADER
21:34:34.852 [qtp265310387-28] DEBUG org.eclipse.jetty.http.HttpParser - HEADER:Content-Type: text/plain; charset=UTF-8 --> IN_VALUE
21:34:34.852 [qtp265310387-28] DEBUG org.eclipse.jetty.http.HttpParser - HEADER:Content-Type: text/plain; charset=UTF-8 --> FIELD
21:34:34.852 [qtp265310387-28] DEBUG org.eclipse.jetty.http.HttpParser - HEADER:Content-Length --> VALUE
21:34:34.852 [qtp265310387-28] DEBUG org.eclipse.jetty.http.HttpParser - HEADER:Content-Length --> IN_VALUE
21:34:34.852 [qtp265310387-28] DEBUG org.eclipse.jetty.http.HttpParser - HEADER:Content-Length --> FIELD
21:34:34.852 [qtp265310387-28] DEBUG org.eclipse.jetty.http.HttpParser - HEADER:Host --> VALUE
21:34:34.852 [qtp265310387-28] DEBUG org.eclipse.jetty.http.HttpParser - HEADER:Host --> IN_VALUE
21:34:34.852 [qtp265310387-28] DEBUG org.eclipse.jetty.http.HttpParser - HEADER:Host --> FIELD
21:34:34.852 [qtp265310387-28] DEBUG org.eclipse.jetty.http.HttpParser - HEADER:Connection: keep-alive --> IN_VALUE
21:34:34.852 [qtp265310387-28] DEBUG org.eclipse.jetty.http.HttpParser - HEADER:Connection: keep-alive --> FIELD
21:34:34.852 [qtp265310387-28] DEBUG org.eclipse.jetty.http.HttpParser - HEADER:User-Agent --> VALUE
21:34:34.852 [qtp265310387-28] DEBUG org.eclipse.jetty.http.HttpParser - HEADER:User-Agent --> IN_VALUE
21:34:34.852 [qtp265310387-28] DEBUG org.eclipse.jetty.http.HttpParser - HEADER:User-Agent --> FIELD
21:34:34.852 [qtp265310387-28] DEBUG org.eclipse.jetty.http.HttpParser - HEADER:Accept-Encoding --> IN_VALUE
21:34:34.852 [qtp265310387-28] DEBUG org.eclipse.jetty.http.HttpParser - HEADER:Accept-Encoding --> FIELD
21:34:34.852 [qtp265310387-28] DEBUG org.eclipse.jetty.http.HttpParser - HEADER --> CONTENT
21:34:34.852 [qtp265310387-28] DEBUG org.eclipse.jetty.server.HttpChannel - REQUEST for //localhost:8080/todos on HttpChannelOverHttp@3d2216c3{s=HttpChannelState@b64f3e8{s=IDLE rs=BLOCKING os=OPEN is=IDLE awp=false se=false i=true al=0},r=1,c=false/false,a=IDLE,uri=//localhost:8080/todos,age=0}
POST //localhost:8080/todos HTTP/1.1
Content-Type: text/plain; charset=UTF-8
Content-Length: 15
Host: localhost:8080
Connection: keep-alive
User-Agent: Apache-HttpClient/4.5.14 (Java/17.0.9)
Accept-Encoding: gzip,deflate


21:34:34.852 [qtp265310387-28] DEBUG org.eclipse.jetty.server.HttpConnection - HttpConnection@ad43f58::SocketChannelEndPoint@16b26b18{l=/127.0.0.1:8080,r=/127.0.0.1:59958,OPEN,fill=-,flush=-,to=0/3600000}{io=1/0,kio=1,kro=1}->HttpConnection@ad43f58[p=HttpParser{s=CONTENT,0 of 15},g=HttpGenerator@2282f48b{s=START}]=>HttpChannelOverHttp@3d2216c3{s=HttpChannelState@b64f3e8{s=IDLE rs=BLOCKING os=OPEN is=IDLE awp=false se=false i=true al=0},r=1,c=false/false,a=IDLE,uri=//localhost:8080/todos,age=0} parsed true HttpParser{s=CONTENT,0 of 15}
21:34:34.852 [qtp265310387-28] DEBUG org.eclipse.jetty.server.HttpChannel - handle //localhost:8080/todos HttpChannelOverHttp@3d2216c3{s=HttpChannelState@b64f3e8{s=IDLE rs=BLOCKING os=OPEN is=IDLE awp=false se=false i=true al=0},r=1,c=false/false,a=IDLE,uri=//localhost:8080/todos,age=0} 
21:34:34.852 [qtp265310387-28] DEBUG org.eclipse.jetty.server.HttpChannelState - handling HttpChannelState@b64f3e8{s=IDLE rs=BLOCKING os=OPEN is=IDLE awp=false se=false i=true al=0}
21:34:34.852 [qtp265310387-28] DEBUG org.eclipse.jetty.server.HttpChannel - action DISPATCH HttpChannelOverHttp@3d2216c3{s=HttpChannelState@b64f3e8{s=HANDLING rs=BLOCKING os=OPEN is=IDLE awp=false se=false i=true al=0},r=1,c=false/false,a=HANDLING,uri=//localhost:8080/todos,age=0}
21:34:34.853 [qtp265310387-28] DEBUG org.eclipse.jetty.server.Server - REQUEST POST /todos on HttpChannelOverHttp@3d2216c3{s=HttpChannelState@b64f3e8{s=HANDLING rs=BLOCKING os=OPEN is=IDLE awp=false se=false i=true al=0},r=1,c=false/false,a=HANDLING,uri=//localhost:8080/todos,age=1}
21:34:34.853 [qtp265310387-28] DEBUG org.eclipse.jetty.server.session - Entering scope spark.embeddedserver.jetty.JettyHandler13365860==dftMaxIdleSec=-1, dispatch=REQUEST asyncstarted=false
21:34:34.853 [qtp265310387-28] DEBUG org.eclipse.jetty.server.session - sessionHandler=spark.embeddedserver.jetty.JettyHandler13365860==dftMaxIdleSec=-1 session=null
21:34:34.853 [qtp265310387-28] DEBUG org.eclipse.jetty.server.HttpConnection - HttpConnection@ad43f58::SocketChannelEndPoint@16b26b18{l=/127.0.0.1:8080,r=/127.0.0.1:59958,OPEN,fill=-,flush=-,to=0/3600000}{io=1/0,kio=1,kro=1}->HttpConnection@ad43f58[p=HttpParser{s=CONTENT,0 of 15},g=HttpGenerator@2282f48b{s=START}]=>HttpChannelOverHttp@3d2216c3{s=HttpChannelState@b64f3e8{s=HANDLING rs=BLOCKING os=OPEN is=IDLE awp=false se=false i=true al=0},r=1,c=false/false,a=HANDLING,uri=//localhost:8080/todos,age=1} parse HeapByteBuffer@25e83041[p=214,l=229,c=8192,r=15]={POST /tod...ate\r\n\r\n<<<ValidateMessage>>>\x00\x00\x00\x00\x00\x00\x00\x00\x00...\x00\x00\x00\x00\x00\x00\x00} {}
21:34:34.853 [qtp265310387-25] DEBUG org.eclipse.jetty.util.thread.strategy.EatWhatYouKill - EatWhatYouKill@40e488a5/SelectorProducer@206e7499/IDLE/p=true/QueuedThreadPool[qtp265310387]@fd050b3{STARTED,8<=9<=200,i=1,r=-1,q=0}[ReservedThreadExecutor@34f8be00{reserved=1/10,pending=0}][pc=0,pic=0,pec=1,epc=2]@2025-10-26T21:34:34.852595+01:00 tryProduce true
21:34:34.853 [qtp265310387-25] DEBUG org.eclipse.jetty.io.ManagedSelector - updateable 0
21:34:34.853 [qtp265310387-28] DEBUG org.eclipse.jetty.http.HttpParser - parseNext s=CONTENT HeapByteBuffer@25e83041[p=214,l=229,c=8192,r=15]={POST /tod...ate\r\n\r\n<<<ValidateMessage>>>\x00\x00\x00\x00\x00\x00\x00\x00\x00...\x00\x00\x00\x00\x00\x00\x00}
21:34:34.853 [qtp265310387-25] DEBUG org.eclipse.jetty.io.ManagedSelector - updates 0
21:34:34.853 [qtp265310387-28] DEBUG org.eclipse.jetty.server.HttpChannel - onContent HttpChannelOverHttp@3d2216c3{s=HttpChannelState@b64f3e8{s=HANDLING rs=BLOCKING os=OPEN is=IDLE awp=false se=false i=true al=0},r=1,c=false/false,a=HANDLING,uri=//localhost:8080/todos,age=1} Content@54456929{HeapByteBufferR@33ed0a82[p=214,l=229,c=8192,r=15]={POST /tod...ate\r\n\r\n<<<ValidateMessage>>>\x00\x00\x00\x00\x00\x00\x00\x00\x00...\x00\x00\x00\x00\x00\x00\x00}}
21:34:34.853 [qtp265310387-28] DEBUG org.eclipse.jetty.server.HttpInput - HttpInputOverHTTP@65db9f1e[c=0,q=0,[0]=null,s=STREAM] addContent Content@54456929{HeapByteBufferR@33ed0a82[p=214,l=229,c=8192,r=15]={POST /tod...ate\r\n\r\n<<<ValidateMessage>>>\x00\x00\x00\x00\x00\x00\x00\x00\x00...\x00\x00\x00\x00\x00\x00\x00}}
21:34:34.853 [qtp265310387-28] DEBUG org.eclipse.jetty.http.HttpParser - CONTENT --> CONTENT_END
21:34:34.853 [qtp265310387-25] DEBUG org.eclipse.jetty.io.ChannelEndPoint - Key interests updated 1 -> 0 on SocketChannelEndPoint@16b26b18{l=/127.0.0.1:8080,r=/127.0.0.1:59958,OPEN,fill=-,flush=-,to=0/3600000}{io=0/0,kio=0,kro=1}->HttpConnection@ad43f58[p=HttpParser{s=CONTENT,15 of 15},g=HttpGenerator@2282f48b{s=START}]=>HttpChannelOverHttp@3d2216c3{s=HttpChannelState@b64f3e8{s=HANDLING rs=BLOCKING os=OPEN is=IDLE awp=false se=false i=true al=0},r=1,c=false/false,a=HANDLING,uri=//localhost:8080/todos,age=1}
21:34:34.853 [qtp265310387-28] DEBUG org.eclipse.jetty.server.HttpChannel - onContentComplete HttpChannelOverHttp@3d2216c3{s=HttpChannelState@b64f3e8{s=HANDLING rs=BLOCKING os=OPEN is=IDLE awp=false se=false i=true al=0},r=1,c=false/false,a=HANDLING,uri=//localhost:8080/todos,age=1}
21:34:34.853 [qtp265310387-28] DEBUG org.eclipse.jetty.http.HttpParser - CONTENT_END --> END
21:34:34.853 [qtp265310387-25] DEBUG org.eclipse.jetty.io.ManagedSelector - Selector sun.nio.ch.KQueueSelectorImpl@5803522c waiting with 1 keys
21:34:34.853 [qtp265310387-28] DEBUG org.eclipse.jetty.server.HttpChannel - onRequestComplete HttpChannelOverHttp@3d2216c3{s=HttpChannelState@b64f3e8{s=HANDLING rs=BLOCKING os=OPEN is=IDLE awp=false se=false i=true al=0},r=1,c=false/false,a=HANDLING,uri=//localhost:8080/todos,age=1}
21:34:34.853 [qtp265310387-28] DEBUG org.eclipse.jetty.server.HttpInput - HttpInputOverHTTP@65db9f1e[c=0,q=1,[0]=EOF,s=STREAM] addContent EOF
21:34:34.853 [qtp265310387-28] DEBUG org.eclipse.jetty.server.HttpConnection - HttpConnection@ad43f58::SocketChannelEndPoint@16b26b18{l=/127.0.0.1:8080,r=/127.0.0.1:59958,OPEN,fill=-,flush=-,to=0/3600000}{io=0/0,kio=0,kro=1}->HttpConnection@ad43f58[p=HttpParser{s=END,15 of 15},g=HttpGenerator@2282f48b{s=START}]=>HttpChannelOverHttp@3d2216c3{s=HttpChannelState@b64f3e8{s=HANDLING rs=BLOCKING os=OPEN is=IDLE awp=false se=false i=true al=0},r=1,c=false/false,a=HANDLING,uri=//localhost:8080/todos,age=1} parsed false HttpParser{s=END,15 of 15}
21:34:34.853 [qtp265310387-28] DEBUG org.eclipse.jetty.server.HttpInput - HttpInputOverHTTP@65db9f1e[c=15,q=1,[0]=EOF,s=STREAM] read 15 from Content@54456929{HeapByteBufferR@33ed0a82[p=229,l=229,c=8192,r=0]={POST /tod...Message<<<>>>\x00\x00\x00\x00\x00\x00\x00\x00\x00...\x00\x00\x00\x00\x00\x00\x00}}
21:34:34.853 [qtp265310387-28] DEBUG org.eclipse.jetty.server.HttpConnection - releaseRequestBuffer HttpConnection@ad43f58::SocketChannelEndPoint@16b26b18{l=/127.0.0.1:8080,r=/127.0.0.1:59958,OPEN,fill=-,flush=-,to=1/3600000}{io=0/0,kio=0,kro=1}->HttpConnection@ad43f58[p=HttpParser{s=END,15 of 15},g=HttpGenerator@2282f48b{s=START}]=>HttpChannelOverHttp@3d2216c3{s=HttpChannelState@b64f3e8{s=HANDLING rs=BLOCKING os=OPEN is=IDLE awp=false se=false i=true al=0},r=1,c=false/false,a=HANDLING,uri=//localhost:8080/todos,age=1}
21:34:34.853 [qtp265310387-28] DEBUG org.eclipse.jetty.server.HttpChannelState - onEof HttpChannelState@b64f3e8{s=HANDLING rs=BLOCKING os=OPEN is=IDLE awp=false se=false i=true al=0}
21:34:34.854 [qtp265310387-28] INFO org.apache.kafka.common.config.AbstractConfig - ProducerConfig values: 
	acks = -1
	batch.size = 16384
	bootstrap.servers = [localhost:9092]
	buffer.memory = 33554432
	client.dns.lookup = use_all_dns_ips
	client.id = producer-3
	compression.gzip.level = -1
	compression.lz4.level = 9
	compression.type = none
	compression.zstd.level = 3
	connections.max.idle.ms = 540000
	delivery.timeout.ms = 120000
	enable.idempotence = true
	enable.metrics.push = true
	interceptor.classes = []
	key.serializer = class org.apache.kafka.common.serialization.StringSerializer
	linger.ms = 5
	max.block.ms = 60000
	max.in.flight.requests.per.connection = 5
	max.request.size = 1048576
	metadata.max.age.ms = 300000
	metadata.max.idle.ms = 300000
	metadata.recovery.rebootstrap.trigger.ms = 300000
	metadata.recovery.strategy = rebootstrap
	metric.reporters = [org.apache.kafka.common.metrics.JmxReporter]
	metrics.num.samples = 2
	metrics.recording.level = INFO
	metrics.sample.window.ms = 30000
	partitioner.adaptive.partitioning.enable = true
	partitioner.availability.timeout.ms = 0
	partitioner.class = null
	partitioner.ignore.keys = false
	receive.buffer.bytes = 32768
	reconnect.backoff.max.ms = 1000
	reconnect.backoff.ms = 50
	request.timeout.ms = 30000
	retries = 2147483647
	retry.backoff.max.ms = 1000
	retry.backoff.ms = 100
	sasl.client.callback.handler.class = null
	sasl.jaas.config = null
	sasl.kerberos.kinit.cmd = /usr/bin/kinit
	sasl.kerberos.min.time.before.relogin = 60000
	sasl.kerberos.service.name = null
	sasl.kerberos.ticket.renew.jitter = 0.05
	sasl.kerberos.ticket.renew.window.factor = 0.8
	sasl.login.callback.handler.class = null
	sasl.login.class = null
	sasl.login.connect.timeout.ms = null
	sasl.login.read.timeout.ms = null
	sasl.login.refresh.buffer.seconds = 300
	sasl.login.refresh.min.period.seconds = 60
	sasl.login.refresh.window.factor = 0.8
	sasl.login.refresh.window.jitter = 0.05
	sasl.login.retry.backoff.max.ms = 10000
	sasl.login.retry.backoff.ms = 100
	sasl.mechanism = GSSAPI
	sasl.oauthbearer.assertion.algorithm = RS256
	sasl.oauthbearer.assertion.claim.aud = null
	sasl.oauthbearer.assertion.claim.exp.seconds = 300
	sasl.oauthbearer.assertion.claim.iss = null
	sasl.oauthbearer.assertion.claim.jti.include = false
	sasl.oauthbearer.assertion.claim.nbf.seconds = 60
	sasl.oauthbearer.assertion.claim.sub = null
	sasl.oauthbearer.assertion.file = null
	sasl.oauthbearer.assertion.private.key.file = null
	sasl.oauthbearer.assertion.private.key.passphrase = null
	sasl.oauthbearer.assertion.template.file = null
	sasl.oauthbearer.client.credentials.client.id = null
	sasl.oauthbearer.client.credentials.client.secret = null
	sasl.oauthbearer.clock.skew.seconds = 30
	sasl.oauthbearer.expected.audience = null
	sasl.oauthbearer.expected.issuer = null
	sasl.oauthbearer.header.urlencode = false
	sasl.oauthbearer.jwks.endpoint.refresh.ms = 3600000
	sasl.oauthbearer.jwks.endpoint.retry.backoff.max.ms = 10000
	sasl.oauthbearer.jwks.endpoint.retry.backoff.ms = 100
	sasl.oauthbearer.jwks.endpoint.url = null
	sasl.oauthbearer.jwt.retriever.class = class org.apache.kafka.common.security.oauthbearer.DefaultJwtRetriever
	sasl.oauthbearer.jwt.validator.class = class org.apache.kafka.common.security.oauthbearer.DefaultJwtValidator
	sasl.oauthbearer.scope = null
	sasl.oauthbearer.scope.claim.name = scope
	sasl.oauthbearer.sub.claim.name = sub
	sasl.oauthbearer.token.endpoint.url = null
	security.protocol = PLAINTEXT
	security.providers = null
	send.buffer.bytes = 131072
	socket.connection.setup.timeout.max.ms = 30000
	socket.connection.setup.timeout.ms = 10000
	ssl.cipher.suites = null
	ssl.enabled.protocols = [TLSv1.2, TLSv1.3]
	ssl.endpoint.identification.algorithm = https
	ssl.engine.factory.class = null
	ssl.key.password = null
	ssl.keymanager.algorithm = SunX509
	ssl.keystore.certificate.chain = null
	ssl.keystore.key = null
	ssl.keystore.location = null
	ssl.keystore.password = null
	ssl.keystore.type = JKS
	ssl.protocol = TLSv1.3
	ssl.provider = null
	ssl.secure.random.implementation = null
	ssl.trustmanager.algorithm = PKIX
	ssl.truststore.certificates = null
	ssl.truststore.location = null
	ssl.truststore.password = null
	ssl.truststore.type = JKS
	transaction.timeout.ms = 60000
	transaction.two.phase.commit.enable = false
	transactional.id = null
	value.serializer = class org.apache.kafka.common.serialization.StringSerializer

21:34:34.854 [qtp265310387-28] INFO org.apache.kafka.common.telemetry.internals.KafkaMetricsCollector - initializing Kafka metrics collector
21:34:34.854 [qtp265310387-28] INFO org.apache.kafka.clients.producer.KafkaProducer - [Producer clientId=producer-3] Instantiated an idempotent producer.
21:34:34.865 [kafka-producer-network-thread | producer-3] DEBUG org.apache.kafka.clients.producer.internals.Sender - [Producer clientId=producer-3] Starting Kafka producer I/O thread.
21:34:34.865 [kafka-producer-network-thread | producer-3] DEBUG org.apache.kafka.clients.producer.internals.TransactionManager - [Producer clientId=producer-3] Transition from state UNINITIALIZED to INITIALIZING
21:34:34.865 [qtp265310387-28] INFO org.apache.kafka.common.config.AbstractConfig - These configurations '[producer.auto.create.topics]' were supplied but are not used yet.
21:34:34.865 [kafka-producer-network-thread | producer-3] DEBUG org.apache.kafka.clients.producer.internals.TransactionManager - [Producer clientId=producer-3] Enqueuing transactional request InitProducerIdRequestData(transactionalId=null, transactionTimeoutMs=2147483647, producerId=-1, producerEpoch=-1, enable2Pc=false, keepPreparedTxn=false)
21:34:34.865 [qtp265310387-28] INFO org.apache.kafka.common.utils.AppInfoParser - Kafka version: 4.1.0
21:34:34.865 [qtp265310387-28] INFO org.apache.kafka.common.utils.AppInfoParser - Kafka commitId: 13f70256db3c994c
21:34:34.865 [kafka-producer-network-thread | producer-3] DEBUG org.apache.kafka.clients.NetworkClient - [Producer clientId=producer-3] Initialize connection to node localhost:9092 (id: -1 rack: null isFenced: false) for sending metadata request
21:34:34.865 [qtp265310387-28] INFO org.apache.kafka.common.utils.AppInfoParser - Kafka startTimeMs: 1761510874865
21:34:34.865 [kafka-producer-network-thread | producer-3] DEBUG org.apache.kafka.clients.ClientUtils - Resolved host localhost as 127.0.0.1
21:34:34.865 [kafka-producer-network-thread | producer-3] DEBUG org.apache.kafka.clients.ClusterConnectionStates - [Producer clientId=producer-3] Resolved host localhost to addresses [localhost/127.0.0.1]
21:34:34.865 [kafka-producer-network-thread | producer-3] DEBUG org.apache.kafka.clients.NetworkClient - [Producer clientId=producer-3] Initiating connection to node localhost:9092 (id: -1 rack: null isFenced: false) using address localhost/127.0.0.1
21:34:34.865 [qtp265310387-28] DEBUG org.apache.kafka.clients.producer.KafkaProducer - [Producer clientId=producer-3] Kafka producer started
21:34:34.866 [kafka-producer-network-thread | producer-3] DEBUG org.apache.kafka.common.network.Selector - [Producer clientId=producer-3] Created socket with SO_RCVBUF = 326640, SO_SNDBUF = 146988, SO_TIMEOUT = 0 to node -1
21:34:34.866 [kafka-producer-network-thread | producer-3] DEBUG org.apache.kafka.clients.NetworkClient - [Producer clientId=producer-3] Completed connection to node -1. Fetching API versions.
21:34:34.866 [kafka-producer-network-thread | producer-3] DEBUG org.apache.kafka.clients.NetworkClient - [Producer clientId=producer-3] Initiating API versions fetch from node -1.
21:34:34.866 [kafka-producer-network-thread | producer-3] DEBUG org.apache.kafka.clients.NetworkClient - [Producer clientId=producer-3] Sending API_VERSIONS request with header RequestHeader(apiKey=API_VERSIONS, apiVersion=4, clientId=producer-3, correlationId=0, headerVersion=2) and timeout 30000 to node -1: ApiVersionsRequestData(clientSoftwareName='apache-kafka-java', clientSoftwareVersion='4.1.0')
21:34:34.868 [kafka-producer-network-thread | producer-3] DEBUG org.apache.kafka.clients.NetworkClient - [Producer clientId=producer-3] Received API_VERSIONS response from node -1 for request with header RequestHeader(apiKey=API_VERSIONS, apiVersion=4, clientId=producer-3, correlationId=0, headerVersion=2): ApiVersionsResponseData(errorCode=0, apiKeys=[ApiVersion(apiKey=0, minVersion=0, maxVersion=13), ApiVersion(apiKey=1, minVersion=4, maxVersion=18), ApiVersion(apiKey=2, minVersion=1, maxVersion=10), ApiVersion(apiKey=3, minVersion=0, maxVersion=13), ApiVersion(apiKey=8, minVersion=2, maxVersion=9), ApiVersion(apiKey=9, minVersion=1, maxVersion=9), ApiVersion(apiKey=10, minVersion=0, maxVersion=6), ApiVersion(apiKey=11, minVersion=0, maxVersion=9), ApiVersion(apiKey=12, minVersion=0, maxVersion=4), ApiVersion(apiKey=13, minVersion=0, maxVersion=5), ApiVersion(apiKey=14, minVersion=0, maxVersion=5), ApiVersion(apiKey=15, minVersion=0, maxVersion=6), ApiVersion(apiKey=16, minVersion=0, maxVersion=5), ApiVersion(apiKey=17, minVersion=0, maxVersion=1), ApiVersion(apiKey=18, minVersion=0, maxVersion=4), ApiVersion(apiKey=19, minVersion=2, maxVersion=7), ApiVersion(apiKey=20, minVersion=1, maxVersion=6), ApiVersion(apiKey=21, minVersion=0, maxVersion=2), ApiVersion(apiKey=22, minVersion=0, maxVersion=5), ApiVersion(apiKey=23, minVersion=2, maxVersion=4), ApiVersion(apiKey=24, minVersion=0, maxVersion=5), ApiVersion(apiKey=25, minVersion=0, maxVersion=4), ApiVersion(apiKey=26, minVersion=0, maxVersion=5), ApiVersion(apiKey=27, minVersion=1, maxVersion=1), ApiVersion(apiKey=28, minVersion=0, maxVersion=5), ApiVersion(apiKey=29, minVersion=1, maxVersion=3), ApiVersion(apiKey=30, minVersion=1, maxVersion=3), ApiVersion(apiKey=31, minVersion=1, maxVersion=3), ApiVersion(apiKey=32, minVersion=1, maxVersion=4), ApiVersion(apiKey=33, minVersion=0, maxVersion=2), ApiVersion(apiKey=34, minVersion=1, maxVersion=2), ApiVersion(apiKey=35, minVersion=1, maxVersion=4), ApiVersion(apiKey=36, minVersion=0, maxVersion=2), ApiVersion(apiKey=37, minVersion=0, maxVersion=3), ApiVersion(apiKey=38, minVersion=1, maxVersion=3), ApiVersion(apiKey=39, minVersion=1, maxVersion=2), ApiVersion(apiKey=40, minVersion=1, maxVersion=2), ApiVersion(apiKey=41, minVersion=1, maxVersion=3), ApiVersion(apiKey=42, minVersion=0, maxVersion=2), ApiVersion(apiKey=43, minVersion=0, maxVersion=2), ApiVersion(apiKey=44, minVersion=0, maxVersion=1), ApiVersion(apiKey=45, minVersion=0, maxVersion=1), ApiVersion(apiKey=46, minVersion=0, maxVersion=0), ApiVersion(apiKey=47, minVersion=0, maxVersion=0), ApiVersion(apiKey=48, minVersion=0, maxVersion=1), ApiVersion(apiKey=49, minVersion=0, maxVersion=1), ApiVersion(apiKey=50, minVersion=0, maxVersion=0), ApiVersion(apiKey=51, minVersion=0, maxVersion=0), ApiVersion(apiKey=55, minVersion=0, maxVersion=2), ApiVersion(apiKey=57, minVersion=0, maxVersion=2), ApiVersion(apiKey=60, minVersion=0, maxVersion=2), ApiVersion(apiKey=61, minVersion=0, maxVersion=0), ApiVersion(apiKey=64, minVersion=0, maxVersion=0), ApiVersion(apiKey=65, minVersion=0, maxVersion=0), ApiVersion(apiKey=66, minVersion=0, maxVersion=2), ApiVersion(apiKey=68, minVersion=0, maxVersion=1), ApiVersion(apiKey=69, minVersion=0, maxVersion=1), ApiVersion(apiKey=74, minVersion=0, maxVersion=1), ApiVersion(apiKey=75, minVersion=0, maxVersion=0), ApiVersion(apiKey=76, minVersion=1, maxVersion=1), ApiVersion(apiKey=77, minVersion=1, maxVersion=1), ApiVersion(apiKey=78, minVersion=1, maxVersion=1), ApiVersion(apiKey=79, minVersion=1, maxVersion=1), ApiVersion(apiKey=80, minVersion=0, maxVersion=0), ApiVersion(apiKey=81, minVersion=0, maxVersion=0), ApiVersion(apiKey=83, minVersion=0, maxVersion=0), ApiVersion(apiKey=84, minVersion=0, maxVersion=0), ApiVersion(apiKey=85, minVersion=0, maxVersion=0), ApiVersion(apiKey=86, minVersion=0, maxVersion=0), ApiVersion(apiKey=87, minVersion=0, maxVersion=0), ApiVersion(apiKey=90, minVersion=0, maxVersion=0), ApiVersion(apiKey=91, minVersion=0, maxVersion=0), ApiVersion(apiKey=92, minVersion=0, maxVersion=0)], throttleTimeMs=0, supportedFeatures=[SupportedFeatureKey(name='group.version', minVersion=0, maxVersion=1), SupportedFeatureKey(name='kraft.version', minVersion=0, maxVersion=1), SupportedFeatureKey(name='metadata.version', minVersion=7, maxVersion=27), SupportedFeatureKey(name='share.version', minVersion=0, maxVersion=1), SupportedFeatureKey(name='transaction.version', minVersion=0, maxVersion=2), SupportedFeatureKey(name='eligible.leader.replicas.version', minVersion=0, maxVersion=1)], finalizedFeaturesEpoch=67532, finalizedFeatures=[FinalizedFeatureKey(name='group.version', maxVersionLevel=1, minVersionLevel=1), FinalizedFeatureKey(name='transaction.version', maxVersionLevel=2, minVersionLevel=2), FinalizedFeatureKey(name='eligible.leader.replicas.version', maxVersionLevel=1, minVersionLevel=1), FinalizedFeatureKey(name='metadata.version', maxVersionLevel=27, minVersionLevel=27)], zkMigrationReady=false)
21:34:34.868 [kafka-producer-network-thread | producer-3] DEBUG org.apache.kafka.clients.NetworkClient - [Producer clientId=producer-3] Node -1 has finalized features epoch: 67532, finalized features: [FinalizedFeatureKey(name='group.version', maxVersionLevel=1, minVersionLevel=1), FinalizedFeatureKey(name='transaction.version', maxVersionLevel=2, minVersionLevel=2), FinalizedFeatureKey(name='eligible.leader.replicas.version', maxVersionLevel=1, minVersionLevel=1), FinalizedFeatureKey(name='metadata.version', maxVersionLevel=27, minVersionLevel=27)], supported features: [SupportedFeatureKey(name='group.version', minVersion=0, maxVersion=1), SupportedFeatureKey(name='kraft.version', minVersion=0, maxVersion=1), SupportedFeatureKey(name='metadata.version', minVersion=7, maxVersion=27), SupportedFeatureKey(name='share.version', minVersion=0, maxVersion=1), SupportedFeatureKey(name='transaction.version', minVersion=0, maxVersion=2), SupportedFeatureKey(name='eligible.leader.replicas.version', minVersion=0, maxVersion=1)], ZK migration ready: false, API versions: (Produce(0): 0 to 13 [usable: 13], Fetch(1): 4 to 18 [usable: 18], ListOffsets(2): 1 to 10 [usable: 10], Metadata(3): 0 to 13 [usable: 13], OffsetCommit(8): 2 to 9 [usable: 9], OffsetFetch(9): 1 to 9 [usable: 9], FindCoordinator(10): 0 to 6 [usable: 6], JoinGroup(11): 0 to 9 [usable: 9], Heartbeat(12): 0 to 4 [usable: 4], LeaveGroup(13): 0 to 5 [usable: 5], SyncGroup(14): 0 to 5 [usable: 5], DescribeGroups(15): 0 to 6 [usable: 6], ListGroups(16): 0 to 5 [usable: 5], SaslHandshake(17): 0 to 1 [usable: 1], ApiVersions(18): 0 to 4 [usable: 4], CreateTopics(19): 2 to 7 [usable: 7], DeleteTopics(20): 1 to 6 [usable: 6], DeleteRecords(21): 0 to 2 [usable: 2], InitProducerId(22): 0 to 5 [usable: 5], OffsetForLeaderEpoch(23): 2 to 4 [usable: 4], AddPartitionsToTxn(24): 0 to 5 [usable: 5], AddOffsetsToTxn(25): 0 to 4 [usable: 4], EndTxn(26): 0 to 5 [usable: 5], WriteTxnMarkers(27): 1 [usable: 1], TxnOffsetCommit(28): 0 to 5 [usable: 5], DescribeAcls(29): 1 to 3 [usable: 3], CreateAcls(30): 1 to 3 [usable: 3], DeleteAcls(31): 1 to 3 [usable: 3], DescribeConfigs(32): 1 to 4 [usable: 4], AlterConfigs(33): 0 to 2 [usable: 2], AlterReplicaLogDirs(34): 1 to 2 [usable: 2], DescribeLogDirs(35): 1 to 4 [usable: 4], SaslAuthenticate(36): 0 to 2 [usable: 2], CreatePartitions(37): 0 to 3 [usable: 3], CreateDelegationToken(38): 1 to 3 [usable: 3], RenewDelegationToken(39): 1 to 2 [usable: 2], ExpireDelegationToken(40): 1 to 2 [usable: 2], DescribeDelegationToken(41): 1 to 3 [usable: 3], DeleteGroups(42): 0 to 2 [usable: 2], ElectLeaders(43): 0 to 2 [usable: 2], IncrementalAlterConfigs(44): 0 to 1 [usable: 1], AlterPartitionReassignments(45): 0 to 1 [usable: 1], ListPartitionReassignments(46): 0 [usable: 0], OffsetDelete(47): 0 [usable: 0], DescribeClientQuotas(48): 0 to 1 [usable: 1], AlterClientQuotas(49): 0 to 1 [usable: 1], DescribeUserScramCredentials(50): 0 [usable: 0], AlterUserScramCredentials(51): 0 [usable: 0], DescribeQuorum(55): 0 to 2 [usable: 2], UpdateFeatures(57): 0 to 2 [usable: 2], DescribeCluster(60): 0 to 2 [usable: 2], DescribeProducers(61): 0 [usable: 0], UnregisterBroker(64): 0 [usable: 0], DescribeTransactions(65): 0 [usable: 0], ListTransactions(66): 0 to 2 [usable: 2], ConsumerGroupHeartbeat(68): 0 to 1 [usable: 1], ConsumerGroupDescribe(69): 0 to 1 [usable: 1], GetTelemetrySubscriptions(71): UNSUPPORTED, PushTelemetry(72): UNSUPPORTED, ListConfigResources(74): 0 to 1 [usable: 1], DescribeTopicPartitions(75): 0 [usable: 0], ShareGroupHeartbeat(76): 1 [usable: 1], ShareGroupDescribe(77): 1 [usable: 1], ShareFetch(78): 1 [usable: 1], ShareAcknowledge(79): 1 [usable: 1], AddRaftVoter(80): 0 [usable: 0], RemoveRaftVoter(81): 0 [usable: 0], InitializeShareGroupState(83): 0 [usable: 0], ReadShareGroupState(84): 0 [usable: 0], WriteShareGroupState(85): 0 [usable: 0], DeleteShareGroupState(86): 0 [usable: 0], ReadShareGroupStateSummary(87): 0 [usable: 0], StreamsGroupHeartbeat(88): UNSUPPORTED, StreamsGroupDescribe(89): UNSUPPORTED, DescribeShareGroupOffsets(90): 0 [usable: 0], AlterShareGroupOffsets(91): 0 [usable: 0], DeleteShareGroupOffsets(92): 0 [usable: 0]).
21:34:34.868 [kafka-producer-network-thread | producer-3] DEBUG org.apache.kafka.clients.NetworkClient - [Producer clientId=producer-3] Sending metadata request MetadataRequestData(topics=[MetadataRequestTopic(topicId=AAAAAAAAAAAAAAAAAAAAAA, name='todos-dev-topic')], allowAutoTopicCreation=true, includeClusterAuthorizedOperations=false, includeTopicAuthorizedOperations=false) to node localhost:9092 (id: -1 rack: null isFenced: false)
21:34:34.868 [kafka-producer-network-thread | producer-3] DEBUG org.apache.kafka.clients.NetworkClient - [Producer clientId=producer-3] Sending METADATA request with header RequestHeader(apiKey=METADATA, apiVersion=13, clientId=producer-3, correlationId=1, headerVersion=2) and timeout 30000 to node -1: MetadataRequestData(topics=[MetadataRequestTopic(topicId=AAAAAAAAAAAAAAAAAAAAAA, name='todos-dev-topic')], allowAutoTopicCreation=true, includeClusterAuthorizedOperations=false, includeTopicAuthorizedOperations=false)
21:34:34.868 [kafka-producer-network-thread | producer-3] DEBUG org.apache.kafka.clients.NetworkClient - [Producer clientId=producer-3] Give up sending telemetry request since no node is available
21:34:34.868 [kafka-producer-network-thread | producer-3] DEBUG org.apache.kafka.clients.producer.internals.Sender - [Producer clientId=producer-3] Sending transactional request InitProducerIdRequestData(transactionalId=null, transactionTimeoutMs=2147483647, producerId=-1, producerEpoch=-1, enable2Pc=false, keepPreparedTxn=false) to node localhost:9092 (id: -1 rack: null isFenced: false) with correlation ID 2
21:34:34.868 [kafka-producer-network-thread | producer-3] DEBUG org.apache.kafka.clients.NetworkClient - [Producer clientId=producer-3] Sending INIT_PRODUCER_ID request with header RequestHeader(apiKey=INIT_PRODUCER_ID, apiVersion=5, clientId=producer-3, correlationId=2, headerVersion=2) and timeout 30000 to node -1: InitProducerIdRequestData(transactionalId=null, transactionTimeoutMs=2147483647, producerId=-1, producerEpoch=-1, enable2Pc=false, keepPreparedTxn=false)
21:34:34.868 [kafka-producer-network-thread | producer-3] DEBUG org.apache.kafka.clients.NetworkClient - [Producer clientId=producer-3] Give up sending telemetry request since no node is available
21:34:34.868 [kafka-producer-network-thread | producer-3] DEBUG org.apache.kafka.common.telemetry.internals.ClientTelemetryReporter - Creating telemetry subscription request with client instance id AAAAAAAAAAAAAAAAAAAAAA
21:34:34.868 [kafka-producer-network-thread | producer-3] DEBUG org.apache.kafka.common.telemetry.internals.ClientTelemetryReporter - Setting telemetry state from SUBSCRIPTION_NEEDED to SUBSCRIPTION_IN_PROGRESS
21:34:34.869 [kafka-producer-network-thread | producer-3] DEBUG org.apache.kafka.clients.NetworkClient - [Producer clientId=producer-3] Version mismatch when attempting to send GetTelemetrySubscriptionsRequestData(clientInstanceId=AAAAAAAAAAAAAAAAAAAAAA) with correlation id 3 to -1
org.apache.kafka.common.errors.UnsupportedVersionException: The node does not support GET_TELEMETRY_SUBSCRIPTIONS
21:34:34.869 [kafka-producer-network-thread | producer-3] DEBUG org.apache.kafka.common.telemetry.internals.ClientTelemetryReporter - The broker generated an error for the get telemetry network API request
org.apache.kafka.common.errors.UnsupportedVersionException: The node does not support GET_TELEMETRY_SUBSCRIPTIONS
21:34:34.869 [kafka-producer-network-thread | producer-3] DEBUG org.apache.kafka.common.telemetry.internals.ClientTelemetryReporter - Updating intervalMs: 300000, lastRequestMs: 1761510874869
21:34:34.869 [kafka-producer-network-thread | producer-3] DEBUG org.apache.kafka.common.telemetry.internals.ClientTelemetryReporter - Setting telemetry state from SUBSCRIPTION_IN_PROGRESS to SUBSCRIPTION_NEEDED
21:34:34.869 [kafka-producer-network-thread | producer-3] DEBUG org.apache.kafka.clients.NetworkClient - [Producer clientId=producer-3] Received METADATA response from node -1 for request with header RequestHeader(apiKey=METADATA, apiVersion=13, clientId=producer-3, correlationId=1, headerVersion=2): MetadataResponseData(throttleTimeMs=0, brokers=[MetadataResponseBroker(nodeId=1, host='localhost', port=9092, rack=null)], clusterId='5L6g3nShT-eMCtK--X86sw', controllerId=1, topics=[MetadataResponseTopic(errorCode=0, name='todos-dev-topic', topicId=TbRm1Xq6TeuEq4nIZCZGiA, isInternal=false, partitions=[MetadataResponsePartition(errorCode=0, partitionIndex=0, leaderId=1, leaderEpoch=2, replicaNodes=[1], isrNodes=[1], offlineReplicas=[])], topicAuthorizedOperations=-2147483648)], clusterAuthorizedOperations=-2147483648, errorCode=0)
21:34:34.869 [kafka-producer-network-thread | producer-3] DEBUG org.apache.kafka.clients.Metadata - [Producer clientId=producer-3] Setting the last seen epoch of partition todos-dev-topic-0 to 2 since the last known epoch was undefined.
21:34:34.869 [kafka-producer-network-thread | producer-3] INFO org.apache.kafka.clients.Metadata - [Producer clientId=producer-3] Cluster ID: 5L6g3nShT-eMCtK--X86sw
21:34:34.869 [kafka-producer-network-thread | producer-3] DEBUG org.apache.kafka.clients.Metadata - [Producer clientId=producer-3] Updated cluster metadata updateVersion 2 to MetadataSnapshot{clusterId='5L6g3nShT-eMCtK--X86sw', nodes={1=localhost:9092 (id: 1 rack: null isFenced: false)}, partitions=[PartitionMetadata(error=NONE, partition=todos-dev-topic-0, leader=Optional[1], leaderEpoch=Optional[2], replicas=1, isr=1, offlineReplicas=)], controller=localhost:9092 (id: 1 rack: null isFenced: false)}
21:34:34.870 [kafka-producer-network-thread | producer-3] DEBUG org.apache.kafka.clients.NetworkClient - [Producer clientId=producer-3] Received INIT_PRODUCER_ID response from node -1 for request with header RequestHeader(apiKey=INIT_PRODUCER_ID, apiVersion=5, clientId=producer-3, correlationId=2, headerVersion=2): InitProducerIdResponseData(throttleTimeMs=0, errorCode=0, producerId=82, producerEpoch=0, ongoingTxnProducerId=-1, ongoingTxnProducerEpoch=-1)
Sending message on topic: todos-dev-topic
21:34:34.870 [kafka-producer-network-thread | producer-3] INFO org.apache.kafka.clients.producer.internals.TransactionManager - [Producer clientId=producer-3] ProducerId set to 82 with epoch 0
21:34:34.870 [kafka-producer-network-thread | producer-3] DEBUG org.apache.kafka.clients.producer.internals.TransactionManager - [Producer clientId=producer-3] Transition from state INITIALIZING to READY
21:34:34.870 [kafka-producer-network-thread | producer-3] DEBUG org.apache.kafka.clients.ClientUtils - Resolved host localhost as 127.0.0.1
21:34:34.870 [kafka-producer-network-thread | producer-3] DEBUG org.apache.kafka.clients.ClusterConnectionStates - [Producer clientId=producer-3] Resolved host localhost to addresses [localhost/127.0.0.1]
21:34:34.870 [kafka-producer-network-thread | producer-3] DEBUG org.apache.kafka.clients.NetworkClient - [Producer clientId=producer-3] Initiating connection to node localhost:9092 (id: 1 rack: null isFenced: false) using address localhost/127.0.0.1
21:34:34.871 [kafka-producer-network-thread | producer-3] DEBUG org.apache.kafka.common.network.Selector - [Producer clientId=producer-3] Created socket with SO_RCVBUF = 326640, SO_SNDBUF = 146988, SO_TIMEOUT = 0 to node 1
21:34:34.871 [kafka-producer-network-thread | producer-3] DEBUG org.apache.kafka.clients.NetworkClient - [Producer clientId=producer-3] Completed connection to node 1. Fetching API versions.
21:34:34.871 [kafka-producer-network-thread | producer-3] DEBUG org.apache.kafka.clients.NetworkClient - [Producer clientId=producer-3] Initiating API versions fetch from node 1.
21:34:34.871 [kafka-producer-network-thread | producer-3] DEBUG org.apache.kafka.clients.NetworkClient - [Producer clientId=producer-3] Sending API_VERSIONS request with header RequestHeader(apiKey=API_VERSIONS, apiVersion=4, clientId=producer-3, correlationId=4, headerVersion=2) and timeout 30000 to node 1: ApiVersionsRequestData(clientSoftwareName='apache-kafka-java', clientSoftwareVersion='4.1.0')
21:34:34.873 [kafka-producer-network-thread | producer-3] DEBUG org.apache.kafka.clients.NetworkClient - [Producer clientId=producer-3] Received API_VERSIONS response from node 1 for request with header RequestHeader(apiKey=API_VERSIONS, apiVersion=4, clientId=producer-3, correlationId=4, headerVersion=2): ApiVersionsResponseData(errorCode=0, apiKeys=[ApiVersion(apiKey=0, minVersion=0, maxVersion=13), ApiVersion(apiKey=1, minVersion=4, maxVersion=18), ApiVersion(apiKey=2, minVersion=1, maxVersion=10), ApiVersion(apiKey=3, minVersion=0, maxVersion=13), ApiVersion(apiKey=8, minVersion=2, maxVersion=9), ApiVersion(apiKey=9, minVersion=1, maxVersion=9), ApiVersion(apiKey=10, minVersion=0, maxVersion=6), ApiVersion(apiKey=11, minVersion=0, maxVersion=9), ApiVersion(apiKey=12, minVersion=0, maxVersion=4), ApiVersion(apiKey=13, minVersion=0, maxVersion=5), ApiVersion(apiKey=14, minVersion=0, maxVersion=5), ApiVersion(apiKey=15, minVersion=0, maxVersion=6), ApiVersion(apiKey=16, minVersion=0, maxVersion=5), ApiVersion(apiKey=17, minVersion=0, maxVersion=1), ApiVersion(apiKey=18, minVersion=0, maxVersion=4), ApiVersion(apiKey=19, minVersion=2, maxVersion=7), ApiVersion(apiKey=20, minVersion=1, maxVersion=6), ApiVersion(apiKey=21, minVersion=0, maxVersion=2), ApiVersion(apiKey=22, minVersion=0, maxVersion=5), ApiVersion(apiKey=23, minVersion=2, maxVersion=4), ApiVersion(apiKey=24, minVersion=0, maxVersion=5), ApiVersion(apiKey=25, minVersion=0, maxVersion=4), ApiVersion(apiKey=26, minVersion=0, maxVersion=5), ApiVersion(apiKey=27, minVersion=1, maxVersion=1), ApiVersion(apiKey=28, minVersion=0, maxVersion=5), ApiVersion(apiKey=29, minVersion=1, maxVersion=3), ApiVersion(apiKey=30, minVersion=1, maxVersion=3), ApiVersion(apiKey=31, minVersion=1, maxVersion=3), ApiVersion(apiKey=32, minVersion=1, maxVersion=4), ApiVersion(apiKey=33, minVersion=0, maxVersion=2), ApiVersion(apiKey=34, minVersion=1, maxVersion=2), ApiVersion(apiKey=35, minVersion=1, maxVersion=4), ApiVersion(apiKey=36, minVersion=0, maxVersion=2), ApiVersion(apiKey=37, minVersion=0, maxVersion=3), ApiVersion(apiKey=38, minVersion=1, maxVersion=3), ApiVersion(apiKey=39, minVersion=1, maxVersion=2), ApiVersion(apiKey=40, minVersion=1, maxVersion=2), ApiVersion(apiKey=41, minVersion=1, maxVersion=3), ApiVersion(apiKey=42, minVersion=0, maxVersion=2), ApiVersion(apiKey=43, minVersion=0, maxVersion=2), ApiVersion(apiKey=44, minVersion=0, maxVersion=1), ApiVersion(apiKey=45, minVersion=0, maxVersion=1), ApiVersion(apiKey=46, minVersion=0, maxVersion=0), ApiVersion(apiKey=47, minVersion=0, maxVersion=0), ApiVersion(apiKey=48, minVersion=0, maxVersion=1), ApiVersion(apiKey=49, minVersion=0, maxVersion=1), ApiVersion(apiKey=50, minVersion=0, maxVersion=0), ApiVersion(apiKey=51, minVersion=0, maxVersion=0), ApiVersion(apiKey=55, minVersion=0, maxVersion=2), ApiVersion(apiKey=57, minVersion=0, maxVersion=2), ApiVersion(apiKey=60, minVersion=0, maxVersion=2), ApiVersion(apiKey=61, minVersion=0, maxVersion=0), ApiVersion(apiKey=64, minVersion=0, maxVersion=0), ApiVersion(apiKey=65, minVersion=0, maxVersion=0), ApiVersion(apiKey=66, minVersion=0, maxVersion=2), ApiVersion(apiKey=68, minVersion=0, maxVersion=1), ApiVersion(apiKey=69, minVersion=0, maxVersion=1), ApiVersion(apiKey=74, minVersion=0, maxVersion=1), ApiVersion(apiKey=75, minVersion=0, maxVersion=0), ApiVersion(apiKey=76, minVersion=1, maxVersion=1), ApiVersion(apiKey=77, minVersion=1, maxVersion=1), ApiVersion(apiKey=78, minVersion=1, maxVersion=1), ApiVersion(apiKey=79, minVersion=1, maxVersion=1), ApiVersion(apiKey=80, minVersion=0, maxVersion=0), ApiVersion(apiKey=81, minVersion=0, maxVersion=0), ApiVersion(apiKey=83, minVersion=0, maxVersion=0), ApiVersion(apiKey=84, minVersion=0, maxVersion=0), ApiVersion(apiKey=85, minVersion=0, maxVersion=0), ApiVersion(apiKey=86, minVersion=0, maxVersion=0), ApiVersion(apiKey=87, minVersion=0, maxVersion=0), ApiVersion(apiKey=90, minVersion=0, maxVersion=0), ApiVersion(apiKey=91, minVersion=0, maxVersion=0), ApiVersion(apiKey=92, minVersion=0, maxVersion=0)], throttleTimeMs=0, supportedFeatures=[SupportedFeatureKey(name='group.version', minVersion=0, maxVersion=1), SupportedFeatureKey(name='kraft.version', minVersion=0, maxVersion=1), SupportedFeatureKey(name='metadata.version', minVersion=7, maxVersion=27), SupportedFeatureKey(name='share.version', minVersion=0, maxVersion=1), SupportedFeatureKey(name='transaction.version', minVersion=0, maxVersion=2), SupportedFeatureKey(name='eligible.leader.replicas.version', minVersion=0, maxVersion=1)], finalizedFeaturesEpoch=67532, finalizedFeatures=[FinalizedFeatureKey(name='group.version', maxVersionLevel=1, minVersionLevel=1), FinalizedFeatureKey(name='transaction.version', maxVersionLevel=2, minVersionLevel=2), FinalizedFeatureKey(name='eligible.leader.replicas.version', maxVersionLevel=1, minVersionLevel=1), FinalizedFeatureKey(name='metadata.version', maxVersionLevel=27, minVersionLevel=27)], zkMigrationReady=false)
21:34:34.873 [kafka-producer-network-thread | producer-3] DEBUG org.apache.kafka.clients.NetworkClient - [Producer clientId=producer-3] Node 1 has finalized features epoch: 67532, finalized features: [FinalizedFeatureKey(name='group.version', maxVersionLevel=1, minVersionLevel=1), FinalizedFeatureKey(name='transaction.version', maxVersionLevel=2, minVersionLevel=2), FinalizedFeatureKey(name='eligible.leader.replicas.version', maxVersionLevel=1, minVersionLevel=1), FinalizedFeatureKey(name='metadata.version', maxVersionLevel=27, minVersionLevel=27)], supported features: [SupportedFeatureKey(name='group.version', minVersion=0, maxVersion=1), SupportedFeatureKey(name='kraft.version', minVersion=0, maxVersion=1), SupportedFeatureKey(name='metadata.version', minVersion=7, maxVersion=27), SupportedFeatureKey(name='share.version', minVersion=0, maxVersion=1), SupportedFeatureKey(name='transaction.version', minVersion=0, maxVersion=2), SupportedFeatureKey(name='eligible.leader.replicas.version', minVersion=0, maxVersion=1)], ZK migration ready: false, API versions: (Produce(0): 0 to 13 [usable: 13], Fetch(1): 4 to 18 [usable: 18], ListOffsets(2): 1 to 10 [usable: 10], Metadata(3): 0 to 13 [usable: 13], OffsetCommit(8): 2 to 9 [usable: 9], OffsetFetch(9): 1 to 9 [usable: 9], FindCoordinator(10): 0 to 6 [usable: 6], JoinGroup(11): 0 to 9 [usable: 9], Heartbeat(12): 0 to 4 [usable: 4], LeaveGroup(13): 0 to 5 [usable: 5], SyncGroup(14): 0 to 5 [usable: 5], DescribeGroups(15): 0 to 6 [usable: 6], ListGroups(16): 0 to 5 [usable: 5], SaslHandshake(17): 0 to 1 [usable: 1], ApiVersions(18): 0 to 4 [usable: 4], CreateTopics(19): 2 to 7 [usable: 7], DeleteTopics(20): 1 to 6 [usable: 6], DeleteRecords(21): 0 to 2 [usable: 2], InitProducerId(22): 0 to 5 [usable: 5], OffsetForLeaderEpoch(23): 2 to 4 [usable: 4], AddPartitionsToTxn(24): 0 to 5 [usable: 5], AddOffsetsToTxn(25): 0 to 4 [usable: 4], EndTxn(26): 0 to 5 [usable: 5], WriteTxnMarkers(27): 1 [usable: 1], TxnOffsetCommit(28): 0 to 5 [usable: 5], DescribeAcls(29): 1 to 3 [usable: 3], CreateAcls(30): 1 to 3 [usable: 3], DeleteAcls(31): 1 to 3 [usable: 3], DescribeConfigs(32): 1 to 4 [usable: 4], AlterConfigs(33): 0 to 2 [usable: 2], AlterReplicaLogDirs(34): 1 to 2 [usable: 2], DescribeLogDirs(35): 1 to 4 [usable: 4], SaslAuthenticate(36): 0 to 2 [usable: 2], CreatePartitions(37): 0 to 3 [usable: 3], CreateDelegationToken(38): 1 to 3 [usable: 3], RenewDelegationToken(39): 1 to 2 [usable: 2], ExpireDelegationToken(40): 1 to 2 [usable: 2], DescribeDelegationToken(41): 1 to 3 [usable: 3], DeleteGroups(42): 0 to 2 [usable: 2], ElectLeaders(43): 0 to 2 [usable: 2], IncrementalAlterConfigs(44): 0 to 1 [usable: 1], AlterPartitionReassignments(45): 0 to 1 [usable: 1], ListPartitionReassignments(46): 0 [usable: 0], OffsetDelete(47): 0 [usable: 0], DescribeClientQuotas(48): 0 to 1 [usable: 1], AlterClientQuotas(49): 0 to 1 [usable: 1], DescribeUserScramCredentials(50): 0 [usable: 0], AlterUserScramCredentials(51): 0 [usable: 0], DescribeQuorum(55): 0 to 2 [usable: 2], UpdateFeatures(57): 0 to 2 [usable: 2], DescribeCluster(60): 0 to 2 [usable: 2], DescribeProducers(61): 0 [usable: 0], UnregisterBroker(64): 0 [usable: 0], DescribeTransactions(65): 0 [usable: 0], ListTransactions(66): 0 to 2 [usable: 2], ConsumerGroupHeartbeat(68): 0 to 1 [usable: 1], ConsumerGroupDescribe(69): 0 to 1 [usable: 1], GetTelemetrySubscriptions(71): UNSUPPORTED, PushTelemetry(72): UNSUPPORTED, ListConfigResources(74): 0 to 1 [usable: 1], DescribeTopicPartitions(75): 0 [usable: 0], ShareGroupHeartbeat(76): 1 [usable: 1], ShareGroupDescribe(77): 1 [usable: 1], ShareFetch(78): 1 [usable: 1], ShareAcknowledge(79): 1 [usable: 1], AddRaftVoter(80): 0 [usable: 0], RemoveRaftVoter(81): 0 [usable: 0], InitializeShareGroupState(83): 0 [usable: 0], ReadShareGroupState(84): 0 [usable: 0], WriteShareGroupState(85): 0 [usable: 0], DeleteShareGroupState(86): 0 [usable: 0], ReadShareGroupStateSummary(87): 0 [usable: 0], StreamsGroupHeartbeat(88): UNSUPPORTED, StreamsGroupDescribe(89): UNSUPPORTED, DescribeShareGroupOffsets(90): 0 [usable: 0], AlterShareGroupOffsets(91): 0 [usable: 0], DeleteShareGroupOffsets(92): 0 [usable: 0]).
21:34:34.873 [kafka-producer-network-thread | producer-3] DEBUG org.apache.kafka.clients.producer.internals.TransactionManager - [Producer clientId=producer-3] ProducerId of partition todos-dev-topic-0 set to 82 with epoch 0. Reinitialize sequence at beginning.
21:34:34.873 [kafka-producer-network-thread | producer-3] DEBUG org.apache.kafka.clients.producer.internals.RecordAccumulator - [Producer clientId=producer-3] Assigned producerId 82 and producerEpoch 0 to batch with base sequence 0 being sent to partition todos-dev-topic-0
21:34:34.874 [kafka-producer-network-thread | producer-3] DEBUG org.apache.kafka.clients.NetworkClient - [Producer clientId=producer-3] Sending PRODUCE request with header RequestHeader(apiKey=PRODUCE, apiVersion=13, clientId=producer-3, correlationId=5, headerVersion=2) and timeout 30000 to node 1: {acks=-1,timeout=30000,partitionSizes=[TbRm1Xq6TeuEq4nIZCZGiA:todos-dev-topic-0=194]}
21:34:34.882 [kafka-producer-network-thread | producer-3] DEBUG org.apache.kafka.clients.NetworkClient - [Producer clientId=producer-3] Received PRODUCE response from node 1 for request with header RequestHeader(apiKey=PRODUCE, apiVersion=13, clientId=producer-3, correlationId=5, headerVersion=2): ProduceResponseData(responses=[TopicProduceResponse(name='', topicId=TbRm1Xq6TeuEq4nIZCZGiA, partitionResponses=[PartitionProduceResponse(index=0, errorCode=0, baseOffset=31, logAppendTimeMs=-1, logStartOffset=0, recordErrors=[], errorMessage=null, currentLeader=LeaderIdAndEpoch(leaderId=-1, leaderEpoch=-1))])], throttleTimeMs=0, nodeEndpoints=[])
21:34:34.883 [qtp265310387-28] INFO org.apache.kafka.clients.producer.KafkaProducer - [Producer clientId=producer-3] Closing the Kafka producer with timeoutMillis = 9223372036854775807 ms.
21:34:34.883 [qtp265310387-28] DEBUG org.apache.kafka.common.telemetry.internals.ClientTelemetryReporter - Initiate close of ClientTelemetryReporter
21:34:34.883 [qtp265310387-28] DEBUG org.apache.kafka.common.telemetry.internals.ClientTelemetryReporter - initiate close for client telemetry, check if terminal push required.
21:34:34.883 [qtp265310387-28] DEBUG org.apache.kafka.common.telemetry.internals.ClientTelemetryReporter - Subscription not yet loaded, ignoring terminal push
21:34:34.883 [kafka-producer-network-thread | producer-3] DEBUG org.apache.kafka.clients.producer.internals.Sender - [Producer clientId=producer-3] Beginning shutdown of Kafka producer I/O thread, sending remaining records.
21:34:34.884 [kafka-producer-network-thread | producer-3] DEBUG org.apache.kafka.common.telemetry.internals.KafkaMetricsCollector - removing kafka metric : MetricName [name=connection-count, group=producer-metrics, description=The current number of active connections., tags={client-id=producer-3}]
21:34:34.884 [kafka-producer-network-thread | producer-3] DEBUG org.apache.kafka.common.telemetry.internals.KafkaMetricsCollector - removing kafka metric : MetricName [name=connection-close-total, group=producer-metrics, description=The total number of connections closed, tags={client-id=producer-3}]
21:34:34.884 [kafka-producer-network-thread | producer-3] DEBUG org.apache.kafka.common.telemetry.internals.KafkaMetricsCollector - removing kafka metric : MetricName [name=connection-close-rate, group=producer-metrics, description=The number of connections closed per second, tags={client-id=producer-3}]
21:34:34.884 [kafka-producer-network-thread | producer-3] DEBUG org.apache.kafka.common.telemetry.internals.KafkaMetricsCollector - removing kafka metric : MetricName [name=connection-creation-total, group=producer-metrics, description=The total number of new connections established, tags={client-id=producer-3}]
21:34:34.884 [kafka-producer-network-thread | producer-3] DEBUG org.apache.kafka.common.telemetry.internals.KafkaMetricsCollector - removing kafka metric : MetricName [name=connection-creation-rate, group=producer-metrics, description=The number of new connections established per second, tags={client-id=producer-3}]
21:34:34.884 [kafka-producer-network-thread | producer-3] DEBUG org.apache.kafka.common.telemetry.internals.KafkaMetricsCollector - removing kafka metric : MetricName [name=successful-authentication-total, group=producer-metrics, description=The total number of connections with successful authentication, tags={client-id=producer-3}]
21:34:34.884 [kafka-producer-network-thread | producer-3] DEBUG org.apache.kafka.common.telemetry.internals.KafkaMetricsCollector - removing kafka metric : MetricName [name=successful-authentication-rate, group=producer-metrics, description=The number of connections with successful authentication per second, tags={client-id=producer-3}]
21:34:34.884 [kafka-producer-network-thread | producer-3] DEBUG org.apache.kafka.common.telemetry.internals.KafkaMetricsCollector - removing kafka metric : MetricName [name=successful-reauthentication-total, group=producer-metrics, description=The total number of successful re-authentication of connections, tags={client-id=producer-3}]
21:34:34.884 [kafka-producer-network-thread | producer-3] DEBUG org.apache.kafka.common.telemetry.internals.KafkaMetricsCollector - removing kafka metric : MetricName [name=successful-reauthentication-rate, group=producer-metrics, description=The number of successful re-authentication of connections per second, tags={client-id=producer-3}]
21:34:34.884 [kafka-producer-network-thread | producer-3] DEBUG org.apache.kafka.common.telemetry.internals.KafkaMetricsCollector - removing kafka metric : MetricName [name=successful-authentication-no-reauth-total, group=producer-metrics, description=The total number of connections with successful authentication where the client does not support re-authentication, tags={client-id=producer-3}]
21:34:34.884 [kafka-producer-network-thread | producer-3] DEBUG org.apache.kafka.common.telemetry.internals.KafkaMetricsCollector - removing kafka metric : MetricName [name=failed-authentication-total, group=producer-metrics, description=The total number of connections with failed authentication, tags={client-id=producer-3}]
21:34:34.884 [kafka-producer-network-thread | producer-3] DEBUG org.apache.kafka.common.telemetry.internals.KafkaMetricsCollector - removing kafka metric : MetricName [name=failed-authentication-rate, group=producer-metrics, description=The number of connections with failed authentication per second, tags={client-id=producer-3}]
21:34:34.884 [kafka-producer-network-thread | producer-3] DEBUG org.apache.kafka.common.telemetry.internals.KafkaMetricsCollector - removing kafka metric : MetricName [name=failed-reauthentication-total, group=producer-metrics, description=The total number of failed re-authentication of connections, tags={client-id=producer-3}]
21:34:34.884 [kafka-producer-network-thread | producer-3] DEBUG org.apache.kafka.common.telemetry.internals.KafkaMetricsCollector - removing kafka metric : MetricName [name=failed-reauthentication-rate, group=producer-metrics, description=The number of failed re-authentication of connections per second, tags={client-id=producer-3}]
21:34:34.884 [kafka-producer-network-thread | producer-3] DEBUG org.apache.kafka.common.telemetry.internals.KafkaMetricsCollector - removing kafka metric : MetricName [name=reauthentication-latency-max, group=producer-metrics, description=The max latency observed due to re-authentication, tags={client-id=producer-3}]
21:34:34.884 [kafka-producer-network-thread | producer-3] DEBUG org.apache.kafka.common.telemetry.internals.KafkaMetricsCollector - removing kafka metric : MetricName [name=reauthentication-latency-avg, group=producer-metrics, description=The average latency observed due to re-authentication, tags={client-id=producer-3}]
21:34:34.884 [kafka-producer-network-thread | producer-3] DEBUG org.apache.kafka.common.telemetry.internals.KafkaMetricsCollector - removing kafka metric : MetricName [name=network-io-total, group=producer-metrics, description=The total number of network operations (reads or writes) on all connections, tags={client-id=producer-3}]
21:34:34.884 [kafka-producer-network-thread | producer-3] DEBUG org.apache.kafka.common.telemetry.internals.KafkaMetricsCollector - removing kafka metric : MetricName [name=network-io-rate, group=producer-metrics, description=The number of network operations (reads or writes) on all connections per second, tags={client-id=producer-3}]
21:34:34.884 [kafka-producer-network-thread | producer-3] DEBUG org.apache.kafka.common.telemetry.internals.KafkaMetricsCollector - removing kafka metric : MetricName [name=outgoing-byte-total, group=producer-metrics, description=The total number of outgoing bytes sent to all servers, tags={client-id=producer-3}]
21:34:34.884 [kafka-producer-network-thread | producer-3] DEBUG org.apache.kafka.common.telemetry.internals.KafkaMetricsCollector - removing kafka metric : MetricName [name=outgoing-byte-rate, group=producer-metrics, description=The number of outgoing bytes sent to all servers per second, tags={client-id=producer-3}]
21:34:34.884 [kafka-producer-network-thread | producer-3] DEBUG org.apache.kafka.common.telemetry.internals.KafkaMetricsCollector - removing kafka metric : MetricName [name=incoming-byte-total, group=producer-metrics, description=The total number of bytes read off all sockets, tags={client-id=producer-3}]
21:34:34.884 [kafka-producer-network-thread | producer-3] DEBUG org.apache.kafka.common.telemetry.internals.KafkaMetricsCollector - removing kafka metric : MetricName [name=incoming-byte-rate, group=producer-metrics, description=The number of bytes read off all sockets per second, tags={client-id=producer-3}]
21:34:34.884 [kafka-producer-network-thread | producer-3] DEBUG org.apache.kafka.common.telemetry.internals.KafkaMetricsCollector - removing kafka metric : MetricName [name=request-total, group=producer-metrics, description=The total number of requests sent, tags={client-id=producer-3}]
21:34:34.884 [kafka-producer-network-thread | producer-3] DEBUG org.apache.kafka.common.telemetry.internals.KafkaMetricsCollector - removing kafka metric : MetricName [name=request-rate, group=producer-metrics, description=The number of requests sent per second, tags={client-id=producer-3}]
21:34:34.884 [kafka-producer-network-thread | producer-3] DEBUG org.apache.kafka.common.telemetry.internals.KafkaMetricsCollector - removing kafka metric : MetricName [name=request-size-avg, group=producer-metrics, description=The average size of requests sent., tags={client-id=producer-3}]
21:34:34.884 [kafka-producer-network-thread | producer-3] DEBUG org.apache.kafka.common.telemetry.internals.KafkaMetricsCollector - removing kafka metric : MetricName [name=request-size-max, group=producer-metrics, description=The maximum size of any request sent., tags={client-id=producer-3}]
21:34:34.884 [kafka-producer-network-thread | producer-3] DEBUG org.apache.kafka.common.telemetry.internals.KafkaMetricsCollector - removing kafka metric : MetricName [name=response-total, group=producer-metrics, description=The total number of responses received, tags={client-id=producer-3}]
21:34:34.884 [kafka-producer-network-thread | producer-3] DEBUG org.apache.kafka.common.telemetry.internals.KafkaMetricsCollector - removing kafka metric : MetricName [name=response-rate, group=producer-metrics, description=The number of responses received per second, tags={client-id=producer-3}]
21:34:34.884 [kafka-producer-network-thread | producer-3] DEBUG org.apache.kafka.common.telemetry.internals.KafkaMetricsCollector - removing kafka metric : MetricName [name=select-total, group=producer-metrics, description=The total number of times the I/O layer checked for new I/O to perform, tags={client-id=producer-3}]
21:34:34.884 [kafka-producer-network-thread | producer-3] DEBUG org.apache.kafka.common.telemetry.internals.KafkaMetricsCollector - removing kafka metric : MetricName [name=select-rate, group=producer-metrics, description=The number of times the I/O layer checked for new I/O to perform per second, tags={client-id=producer-3}]
21:34:34.885 [kafka-producer-network-thread | producer-3] DEBUG org.apache.kafka.common.telemetry.internals.KafkaMetricsCollector - removing kafka metric : MetricName [name=io-wait-time-ns-avg, group=producer-metrics, description=The average length of time the I/O thread spent waiting for a socket ready for reads or writes in nanoseconds., tags={client-id=producer-3}]
21:34:34.885 [kafka-producer-network-thread | producer-3] DEBUG org.apache.kafka.common.telemetry.internals.KafkaMetricsCollector - removing kafka metric : MetricName [name=io-wait-time-ns-total, group=producer-metrics, description=The total time the I/O thread spent waiting, tags={client-id=producer-3}]
21:34:34.885 [kafka-producer-network-thread | producer-3] DEBUG org.apache.kafka.common.telemetry.internals.KafkaMetricsCollector - removing kafka metric : MetricName [name=io-wait-ratio, group=producer-metrics, description=The fraction of time the I/O thread spent waiting, tags={client-id=producer-3}]
21:34:34.885 [kafka-producer-network-thread | producer-3] DEBUG org.apache.kafka.common.telemetry.internals.KafkaMetricsCollector - removing kafka metric : MetricName [name=io-time-ns-avg, group=producer-metrics, description=The average length of time for I/O per select call in nanoseconds., tags={client-id=producer-3}]
21:34:34.885 [kafka-producer-network-thread | producer-3] DEBUG org.apache.kafka.common.telemetry.internals.KafkaMetricsCollector - removing kafka metric : MetricName [name=io-time-ns-total, group=producer-metrics, description=The total time the I/O thread spent doing I/O, tags={client-id=producer-3}]
21:34:34.885 [kafka-producer-network-thread | producer-3] DEBUG org.apache.kafka.common.telemetry.internals.KafkaMetricsCollector - removing kafka metric : MetricName [name=io-ratio, group=producer-metrics, description=The fraction of time the I/O thread spent doing I/O, tags={client-id=producer-3}]
21:34:34.885 [kafka-producer-network-thread | producer-3] DEBUG org.apache.kafka.common.telemetry.internals.KafkaMetricsCollector - removing kafka metric : MetricName [name=request-total, group=producer-node-metrics, description=The total number of requests sent, tags={client-id=producer-3, node-id=node--1}]
21:34:34.885 [kafka-producer-network-thread | producer-3] DEBUG org.apache.kafka.common.telemetry.internals.KafkaMetricsCollector - removing kafka metric : MetricName [name=request-rate, group=producer-node-metrics, description=The number of requests sent per second, tags={client-id=producer-3, node-id=node--1}]
21:34:34.885 [kafka-producer-network-thread | producer-3] DEBUG org.apache.kafka.common.telemetry.internals.KafkaMetricsCollector - removing kafka metric : MetricName [name=request-size-avg, group=producer-node-metrics, description=The average size of requests sent., tags={client-id=producer-3, node-id=node--1}]
21:34:34.885 [kafka-producer-network-thread | producer-3] DEBUG org.apache.kafka.common.telemetry.internals.KafkaMetricsCollector - removing kafka metric : MetricName [name=request-size-max, group=producer-node-metrics, description=The maximum size of any request sent., tags={client-id=producer-3, node-id=node--1}]
21:34:34.885 [kafka-producer-network-thread | producer-3] DEBUG org.apache.kafka.common.telemetry.internals.KafkaMetricsCollector - removing kafka metric : MetricName [name=outgoing-byte-total, group=producer-node-metrics, description=The total number of outgoing bytes, tags={client-id=producer-3, node-id=node--1}]
21:34:34.885 [kafka-producer-network-thread | producer-3] DEBUG org.apache.kafka.common.telemetry.internals.KafkaMetricsCollector - removing kafka metric : MetricName [name=outgoing-byte-rate, group=producer-node-metrics, description=The number of outgoing bytes per second, tags={client-id=producer-3, node-id=node--1}]
21:34:34.885 [kafka-producer-network-thread | producer-3] DEBUG org.apache.kafka.common.telemetry.internals.KafkaMetricsCollector - removing kafka metric : MetricName [name=response-total, group=producer-node-metrics, description=The total number of responses received, tags={client-id=producer-3, node-id=node--1}]
21:34:34.885 [kafka-producer-network-thread | producer-3] DEBUG org.apache.kafka.common.telemetry.internals.KafkaMetricsCollector - removing kafka metric : MetricName [name=response-rate, group=producer-node-metrics, description=The number of responses received per second, tags={client-id=producer-3, node-id=node--1}]
21:34:34.885 [kafka-producer-network-thread | producer-3] DEBUG org.apache.kafka.common.telemetry.internals.KafkaMetricsCollector - removing kafka metric : MetricName [name=incoming-byte-total, group=producer-node-metrics, description=The total number of incoming bytes, tags={client-id=producer-3, node-id=node--1}]
21:34:34.885 [kafka-producer-network-thread | producer-3] DEBUG org.apache.kafka.common.telemetry.internals.KafkaMetricsCollector - removing kafka metric : MetricName [name=incoming-byte-rate, group=producer-node-metrics, description=The number of incoming bytes per second, tags={client-id=producer-3, node-id=node--1}]
21:34:34.885 [kafka-producer-network-thread | producer-3] DEBUG org.apache.kafka.common.telemetry.internals.KafkaMetricsCollector - removing kafka metric : MetricName [name=request-latency-avg, group=producer-node-metrics, description=, tags={client-id=producer-3, node-id=node--1}]
21:34:34.885 [kafka-producer-network-thread | producer-3] DEBUG org.apache.kafka.common.telemetry.internals.KafkaMetricsCollector - removing kafka metric : MetricName [name=request-latency-max, group=producer-node-metrics, description=, tags={client-id=producer-3, node-id=node--1}]
21:34:34.885 [kafka-producer-network-thread | producer-3] DEBUG org.apache.kafka.common.telemetry.internals.KafkaMetricsCollector - removing kafka metric : MetricName [name=request-total, group=producer-node-metrics, description=The total number of requests sent, tags={client-id=producer-3, node-id=node-1}]
21:34:34.885 [kafka-producer-network-thread | producer-3] DEBUG org.apache.kafka.common.telemetry.internals.KafkaMetricsCollector - removing kafka metric : MetricName [name=request-rate, group=producer-node-metrics, description=The number of requests sent per second, tags={client-id=producer-3, node-id=node-1}]
21:34:34.885 [kafka-producer-network-thread | producer-3] DEBUG org.apache.kafka.common.telemetry.internals.KafkaMetricsCollector - removing kafka metric : MetricName [name=request-size-avg, group=producer-node-metrics, description=The average size of requests sent., tags={client-id=producer-3, node-id=node-1}]
21:34:34.885 [kafka-producer-network-thread | producer-3] DEBUG org.apache.kafka.common.telemetry.internals.KafkaMetricsCollector - removing kafka metric : MetricName [name=request-size-max, group=producer-node-metrics, description=The maximum size of any request sent., tags={client-id=producer-3, node-id=node-1}]
21:34:34.885 [kafka-producer-network-thread | producer-3] DEBUG org.apache.kafka.common.telemetry.internals.KafkaMetricsCollector - removing kafka metric : MetricName [name=outgoing-byte-total, group=producer-node-metrics, description=The total number of outgoing bytes, tags={client-id=producer-3, node-id=node-1}]
21:34:34.885 [kafka-producer-network-thread | producer-3] DEBUG org.apache.kafka.common.telemetry.internals.KafkaMetricsCollector - removing kafka metric : MetricName [name=outgoing-byte-rate, group=producer-node-metrics, description=The number of outgoing bytes per second, tags={client-id=producer-3, node-id=node-1}]
21:34:34.885 [kafka-producer-network-thread | producer-3] DEBUG org.apache.kafka.common.telemetry.internals.KafkaMetricsCollector - removing kafka metric : MetricName [name=response-total, group=producer-node-metrics, description=The total number of responses received, tags={client-id=producer-3, node-id=node-1}]
21:34:34.885 [kafka-producer-network-thread | producer-3] DEBUG org.apache.kafka.common.telemetry.internals.KafkaMetricsCollector - removing kafka metric : MetricName [name=response-rate, group=producer-node-metrics, description=The number of responses received per second, tags={client-id=producer-3, node-id=node-1}]
21:34:34.885 [kafka-producer-network-thread | producer-3] DEBUG org.apache.kafka.common.telemetry.internals.KafkaMetricsCollector - removing kafka metric : MetricName [name=incoming-byte-total, group=producer-node-metrics, description=The total number of incoming bytes, tags={client-id=producer-3, node-id=node-1}]
21:34:34.885 [kafka-producer-network-thread | producer-3] DEBUG org.apache.kafka.common.telemetry.internals.KafkaMetricsCollector - removing kafka metric : MetricName [name=incoming-byte-rate, group=producer-node-metrics, description=The number of incoming bytes per second, tags={client-id=producer-3, node-id=node-1}]
21:34:34.886 [kafka-producer-network-thread | producer-3] DEBUG org.apache.kafka.common.telemetry.internals.KafkaMetricsCollector - removing kafka metric : MetricName [name=request-latency-avg, group=producer-node-metrics, description=, tags={client-id=producer-3, node-id=node-1}]
21:34:34.886 [kafka-producer-network-thread | producer-3] DEBUG org.apache.kafka.common.telemetry.internals.KafkaMetricsCollector - removing kafka metric : MetricName [name=request-latency-max, group=producer-node-metrics, description=, tags={client-id=producer-3, node-id=node-1}]
21:34:34.886 [kafka-producer-network-thread | producer-3] DEBUG org.apache.kafka.common.telemetry.internals.ClientTelemetryReporter - close telemetry sender for client telemetry reporter instance
21:34:34.886 [kafka-producer-network-thread | producer-3] DEBUG org.apache.kafka.common.telemetry.internals.ClientTelemetryReporter - Setting telemetry state from SUBSCRIPTION_NEEDED to TERMINATED
21:34:34.886 [kafka-producer-network-thread | producer-3] DEBUG org.apache.kafka.clients.producer.internals.Sender - [Producer clientId=producer-3] Shutdown of Kafka producer I/O thread has completed.
21:34:34.886 [qtp265310387-28] DEBUG org.apache.kafka.common.telemetry.internals.KafkaMetricsCollector - removing kafka metric : MetricName [name=flush-time-ns-total, group=producer-metrics, description=Total time producer has spent in flush in nanoseconds., tags={client-id=producer-3}]
21:34:34.886 [qtp265310387-28] DEBUG org.apache.kafka.common.telemetry.internals.KafkaMetricsCollector - removing kafka metric : MetricName [name=txn-init-time-ns-total, group=producer-metrics, description=Total time producer has spent in initTransactions in nanoseconds., tags={client-id=producer-3}]
21:34:34.886 [qtp265310387-28] DEBUG org.apache.kafka.common.telemetry.internals.KafkaMetricsCollector - removing kafka metric : MetricName [name=txn-begin-time-ns-total, group=producer-metrics, description=Total time producer has spent in beginTransaction in nanoseconds., tags={client-id=producer-3}]
21:34:34.886 [qtp265310387-28] DEBUG org.apache.kafka.common.telemetry.internals.KafkaMetricsCollector - removing kafka metric : MetricName [name=txn-send-offsets-time-ns-total, group=producer-metrics, description=Total time producer has spent in sendOffsetsToTransaction in nanoseconds., tags={client-id=producer-3}]
21:34:34.886 [qtp265310387-28] DEBUG org.apache.kafka.common.telemetry.internals.KafkaMetricsCollector - removing kafka metric : MetricName [name=txn-commit-time-ns-total, group=producer-metrics, description=Total time producer has spent in commitTransaction in nanoseconds., tags={client-id=producer-3}]
21:34:34.886 [qtp265310387-28] DEBUG org.apache.kafka.common.telemetry.internals.KafkaMetricsCollector - removing kafka metric : MetricName [name=txn-abort-time-ns-total, group=producer-metrics, description=Total time producer has spent in abortTransaction in nanoseconds., tags={client-id=producer-3}]
21:34:34.886 [qtp265310387-28] DEBUG org.apache.kafka.common.telemetry.internals.KafkaMetricsCollector - removing kafka metric : MetricName [name=txn-prepare-time-ns-total, group=producer-metrics, description=Total time producer has spent in prepareTransaction in nanoseconds., tags={client-id=producer-3}]
21:34:34.886 [qtp265310387-28] DEBUG org.apache.kafka.common.telemetry.internals.KafkaMetricsCollector - removing kafka metric : MetricName [name=metadata-wait-time-ns-total, group=producer-metrics, description=Total time producer has spent waiting on topic metadata in nanoseconds., tags={client-id=producer-3}]
21:34:34.886 [qtp265310387-28] INFO org.apache.kafka.common.metrics.Metrics - Metrics scheduler closed
21:34:34.886 [qtp265310387-28] INFO org.apache.kafka.common.metrics.Metrics - Closing reporter org.apache.kafka.common.metrics.JmxReporter
21:34:34.886 [qtp265310387-28] INFO org.apache.kafka.common.metrics.Metrics - Closing reporter org.apache.kafka.common.telemetry.internals.ClientTelemetryReporter
21:34:34.886 [qtp265310387-28] DEBUG org.apache.kafka.common.telemetry.internals.ClientTelemetryReporter - Stopping ClientTelemetryReporter
21:34:34.886 [qtp265310387-28] DEBUG org.apache.kafka.common.telemetry.internals.ClientTelemetryReporter - close telemetry sender for client telemetry reporter instance
21:34:34.886 [qtp265310387-28] DEBUG org.apache.kafka.common.telemetry.internals.ClientTelemetryReporter - Ignoring subsequent close
21:34:34.886 [qtp265310387-28] INFO org.apache.kafka.common.metrics.Metrics - Metrics reporters closed
21:34:34.886 [qtp265310387-28] DEBUG org.apache.kafka.common.telemetry.internals.ClientTelemetryReporter - Stopping ClientTelemetryReporter
21:34:34.886 [qtp265310387-28] DEBUG org.apache.kafka.common.telemetry.internals.ClientTelemetryReporter - close telemetry sender for client telemetry reporter instance
21:34:34.886 [qtp265310387-28] DEBUG org.apache.kafka.common.telemetry.internals.ClientTelemetryReporter - Ignoring subsequent close
21:34:34.886 [qtp265310387-28] DEBUG org.apache.kafka.common.telemetry.internals.KafkaMetricsCollector - removing kafka metric : MetricName [name=version, group=app-info, description=Metric indicating version, tags={client-id=producer-3}]
21:34:34.886 [qtp265310387-28] DEBUG org.apache.kafka.common.telemetry.internals.KafkaMetricsCollector - removing kafka metric : MetricName [name=commit-id, group=app-info, description=Metric indicating commit-id, tags={client-id=producer-3}]
21:34:34.887 [qtp265310387-28] DEBUG org.apache.kafka.common.telemetry.internals.KafkaMetricsCollector - removing kafka metric : MetricName [name=start-time-ms, group=app-info, description=Metric indicating start-time-ms, tags={client-id=producer-3}]
21:34:34.887 [qtp265310387-28] INFO org.apache.kafka.common.utils.AppInfoParser - App info kafka.producer for producer-3 unregistered
21:34:34.887 [qtp265310387-28] DEBUG org.apache.kafka.clients.producer.KafkaProducer - [Producer clientId=producer-3] Kafka producer has been closed
21:34:34.887 [qtp265310387-28] DEBUG org.eclipse.jetty.server.HttpOutput - write(array HeapByteBuffer@243604cf[p=0,l=88,c=88,r=88]={<<<{"id":"42bef41a-d3e2-42e9...sage","complete":false}>>>})
21:34:34.887 [qtp265310387-28] DEBUG org.eclipse.jetty.server.HttpOutput - write(array) s=OPEN,api=BLOCKING,sc=false,e=null aggregated !flush DirectByteBuffer@5285689a[p=0,l=88,c=32768,r=88]={<<<{"id":"42bef41a-d3e2-42e9...sage","complete":false}>>>031e00d-4...\x00\x00\x00\x00\x00\x00\x00}
21:34:34.887 [qtp265310387-28] DEBUG org.eclipse.jetty.server.HttpChannel - sendResponse info=null content=DirectByteBuffer@5285689a[p=0,l=88,c=32768,r=88]={<<<{"id":"42bef41a-d3e2-42e9...sage","complete":false}>>>031e00d-4...\x00\x00\x00\x00\x00\x00\x00} complete=false committing=true callback=Blocker@666b21f6{null}
21:34:34.887 [qtp265310387-28] DEBUG org.eclipse.jetty.server.HttpChannel - COMMIT for /todos on HttpChannelOverHttp@3d2216c3{s=HttpChannelState@b64f3e8{s=HANDLING rs=BLOCKING os=COMMITTED is=READY awp=false se=false i=true al=0},r=1,c=false/false,a=HANDLING,uri=//localhost:8080/todos,age=35}
200 null HTTP/1.1
Date: Sun, 26 Oct 2025 20:34:34 GMT
Content-Type: application/json


21:34:34.887 [qtp265310387-28] DEBUG org.eclipse.jetty.server.HttpConnection - generate: NEED_HEADER for SendCallback@4b04ecba[PROCESSING][i=HTTP/1.1{s=200,h=2,cl=-1},cb=org.eclipse.jetty.server.HttpChannel$SendCallback@5492bf00] (null,[p=0,l=88,c=32768,r=88],false)@START
21:34:34.887 [qtp265310387-28] DEBUG org.eclipse.jetty.http.HttpGenerator - generateHeaders HTTP/1.1{s=200,h=2,cl=-1} last=false content=DirectByteBuffer@5285689a[p=0,l=88,c=32768,r=88]={<<<{"id":"42bef41a-d3e2-42e9...sage","complete":false}>>>031e00d-4...\x00\x00\x00\x00\x00\x00\x00}
21:34:34.887 [qtp265310387-28] DEBUG org.eclipse.jetty.http.HttpGenerator - Date: Sun, 26 Oct 2025 20:34:34 GMT
Content-Type: application/json


21:34:34.887 [qtp265310387-28] DEBUG org.eclipse.jetty.http.HttpGenerator - CHUNKED_CONTENT
21:34:34.887 [qtp265310387-28] DEBUG org.eclipse.jetty.server.HttpConnection - generate: FLUSH for SendCallback@4b04ecba[PROCESSING][i=HTTP/1.1{s=200,h=2,cl=-1},cb=org.eclipse.jetty.server.HttpChannel$SendCallback@5492bf00] ([p=0,l=153,c=8192,r=153],[p=0,l=88,c=32768,r=88],false)@COMMITTED
21:34:34.887 [qtp265310387-28] DEBUG org.eclipse.jetty.io.WriteFlusher - write: WriteFlusher@4096c921{IDLE}->null [HeapByteBuffer@25e83041[p=0,l=153,c=8192,r=153]={<<<HTTP/1.1 200 OK\r\nDate: Su...4.48.v20220622)\r\n\r\n58\r\n>>>lient/4.5...\x00\x00\x00\x00\x00\x00\x00},DirectByteBuffer@5285689a[p=0,l=88,c=32768,r=88]={<<<{"id":"42bef41a-d3e2-42e9...sage","complete":false}>>>031e00d-4...\x00\x00\x00\x00\x00\x00\x00}]
21:34:34.887 [qtp265310387-28] DEBUG org.eclipse.jetty.io.WriteFlusher - update WriteFlusher@4096c921{WRITING}->null:IDLE-->WRITING
21:34:34.887 [qtp265310387-28] DEBUG org.eclipse.jetty.io.ChannelEndPoint - flushed 241 SocketChannelEndPoint@16b26b18{l=/127.0.0.1:8080,r=/127.0.0.1:59958,OPEN,fill=-,flush=W,to=34/3600000}{io=0/0,kio=0,kro=1}->HttpConnection@ad43f58[p=HttpParser{s=END,15 of 15},g=HttpGenerator@2282f48b{s=COMMITTED}]=>HttpChannelOverHttp@3d2216c3{s=HttpChannelState@b64f3e8{s=HANDLING rs=BLOCKING os=COMMITTED is=READY awp=false se=false i=true al=0},r=1,c=false/false,a=HANDLING,uri=//localhost:8080/todos,age=35}
21:34:34.887 [qtp265310387-28] DEBUG org.eclipse.jetty.io.WriteFlusher - Flushed=true written=241 remaining=0 WriteFlusher@4096c921{WRITING}->null
21:34:34.887 [qtp265310387-28] DEBUG org.eclipse.jetty.io.WriteFlusher - update WriteFlusher@4096c921{IDLE}->null:WRITING-->IDLE
21:34:34.887 [qtp265310387-28] DEBUG org.eclipse.jetty.server.HttpConnection - generate: DONE for SendCallback@4b04ecba[PROCESSING][i=HTTP/1.1{s=200,h=2,cl=-1},cb=org.eclipse.jetty.server.HttpChannel$SendCallback@5492bf00] ([p=153,l=153,c=8192,r=0],[p=88,l=88,c=32768,r=0],false)@COMMITTED
21:34:34.887 [main] DEBUG org.apache.http.wire - http-outgoing-5 << "HTTP/1.1 200 OK[\r][\n]"
21:34:34.887 [main] DEBUG org.apache.http.wire - http-outgoing-5 << "Date: Sun, 26 Oct 2025 20:34:34 GMT[\r][\n]"
21:34:34.887 [qtp265310387-28] DEBUG org.eclipse.jetty.server.HttpOutput - onWriteComplete(false,null) s=OPEN,api=BLOCKED,sc=false,e=null->s=OPEN,api=BLOCKING,sc=false,e=null c=null cb=null w=false
21:34:34.887 [main] DEBUG org.apache.http.wire - http-outgoing-5 << "Content-Type: application/json[\r][\n]"
21:34:34.887 [main] DEBUG org.apache.http.wire - http-outgoing-5 << "Transfer-Encoding: chunked[\r][\n]"
21:34:34.887 [main] DEBUG org.apache.http.wire - http-outgoing-5 << "Server: Jetty(9.4.48.v20220622)[\r][\n]"
21:34:34.887 [main] DEBUG org.apache.http.wire - http-outgoing-5 << "[\r][\n]"
21:34:34.887 [main] DEBUG org.apache.http.wire - http-outgoing-5 << "58[\r][\n]"
21:34:34.887 [main] DEBUG org.apache.http.wire - http-outgoing-5 << "{"id":"42bef41a-d3e2-42e9-bda7-5247366a2660","title":"ValidateMessage","complete":false}"
21:34:34.887 [qtp265310387-28] DEBUG org.eclipse.jetty.server.HttpOutput - close() s=CLOSING,api=BLOCKED,sc=false,e=null c=HeapByteBuffer@6db4bfd0[p=0,l=0,c=0,r=0]={<<<>>>} b=Blocker@666b21f6{null}
21:34:34.887 [qtp265310387-28] DEBUG org.eclipse.jetty.server.HttpChannel - sendResponse info=null content=HeapByteBuffer@6db4bfd0[p=0,l=0,c=0,r=0]={<<<>>>} complete=true committing=false callback=Blocker@666b21f6{null}
21:34:34.887 [qtp265310387-28] DEBUG org.eclipse.jetty.server.HttpConnection - generate: CONTINUE for SendCallback@4b04ecba[PROCESSING][i=null,cb=org.eclipse.jetty.server.HttpChannel$SendCallback@7fcd2454] (null,[p=0,l=0,c=0,r=0],true)@COMPLETING
21:34:34.887 [qtp265310387-28] DEBUG org.eclipse.jetty.server.HttpConnection - generate: NEED_CHUNK for SendCallback@4b04ecba[PROCESSING][i=null,cb=org.eclipse.jetty.server.HttpChannel$SendCallback@7fcd2454] (null,[p=0,l=0,c=0,r=0],true)@COMPLETING
21:34:34.887 [main] DEBUG org.apache.http.headers - http-outgoing-5 << HTTP/1.1 200 OK
21:34:34.887 [main] DEBUG org.apache.http.headers - http-outgoing-5 << Date: Sun, 26 Oct 2025 20:34:34 GMT
21:34:34.887 [qtp265310387-28] DEBUG org.eclipse.jetty.server.HttpConnection - generate: FLUSH for SendCallback@4b04ecba[PROCESSING][i=null,cb=org.eclipse.jetty.server.HttpChannel$SendCallback@7fcd2454] (null,[p=0,l=0,c=0,r=0],true)@COMPLETING
21:34:34.887 [main] DEBUG org.apache.http.headers - http-outgoing-5 << Content-Type: application/json
21:34:34.887 [main] DEBUG org.apache.http.headers - http-outgoing-5 << Transfer-Encoding: chunked
21:34:34.887 [qtp265310387-28] DEBUG org.eclipse.jetty.io.WriteFlusher - write: WriteFlusher@4096c921{IDLE}->null [HeapByteBuffer@325857d6[p=0,l=7,c=1024,r=7]={<<<\r\n0\r\n\r\n>>>\x00\x00\x00\x00\x00\x00\x00\x00\x00...\x00\x00\x00\x00\x00\x00\x00}]
21:34:34.887 [main] DEBUG org.apache.http.headers - http-outgoing-5 << Server: Jetty(9.4.48.v20220622)
21:34:34.887 [qtp265310387-28] DEBUG org.eclipse.jetty.io.WriteFlusher - update WriteFlusher@4096c921{WRITING}->null:IDLE-->WRITING
21:34:34.887 [qtp265310387-28] DEBUG org.eclipse.jetty.io.ChannelEndPoint - flushed 7 SocketChannelEndPoint@16b26b18{l=/127.0.0.1:8080,r=/127.0.0.1:59958,OPEN,fill=-,flush=W,to=0/3600000}{io=0/0,kio=0,kro=1}->HttpConnection@ad43f58[p=HttpParser{s=END,15 of 15},g=HttpGenerator@2282f48b{s=COMPLETING}]=>HttpChannelOverHttp@3d2216c3{s=HttpChannelState@b64f3e8{s=HANDLING rs=BLOCKING os=COMMITTED is=READY awp=false se=false i=true al=0},r=1,c=false/false,a=HANDLING,uri=//localhost:8080/todos,age=35}
21:34:34.887 [qtp265310387-28] DEBUG org.eclipse.jetty.io.WriteFlusher - Flushed=true written=7 remaining=0 WriteFlusher@4096c921{WRITING}->null
21:34:34.887 [qtp265310387-28] DEBUG org.eclipse.jetty.io.WriteFlusher - update WriteFlusher@4096c921{IDLE}->null:WRITING-->IDLE
21:34:34.887 [qtp265310387-28] DEBUG org.eclipse.jetty.server.HttpConnection - generate: DONE for SendCallback@4b04ecba[PROCESSING][i=null,cb=org.eclipse.jetty.server.HttpChannel$SendCallback@7fcd2454] (null,[p=0,l=0,c=0,r=0],true)@END
21:34:34.887 [qtp265310387-28] DEBUG org.eclipse.jetty.server.HttpOutput - onWriteComplete(true,null) s=CLOSING,api=BLOCKED,sc=false,e=null->s=CLOSED,api=BLOCKING,sc=false,e=null c=null cb=null w=false
21:34:34.887 [qtp265310387-28] DEBUG org.eclipse.jetty.server.session - Leaving scope spark.embeddedserver.jetty.JettyHandler13365860==dftMaxIdleSec=-1 dispatch=REQUEST, async=false, session=null, oldsession=null, oldsessionhandler=null
21:34:34.887 [qtp265310387-28] DEBUG org.eclipse.jetty.server.Server - handled=true async=false committed=true on HttpChannelOverHttp@3d2216c3{s=HttpChannelState@b64f3e8{s=HANDLING rs=BLOCKING os=COMPLETED is=READY awp=false se=false i=true al=0},r=1,c=false/true,a=HANDLING,uri=//localhost:8080/todos,age=35}
21:34:34.887 [qtp265310387-28] DEBUG org.eclipse.jetty.server.HttpChannelState - unhandle HttpChannelState@b64f3e8{s=HANDLING rs=BLOCKING os=COMPLETED is=READY awp=false se=false i=true al=0}
21:34:34.887 [qtp265310387-28] DEBUG org.eclipse.jetty.server.HttpChannelState - nextAction(false) COMPLETE HttpChannelState@b64f3e8{s=HANDLING rs=COMPLETING os=COMPLETED is=READY awp=false se=false i=false al=0}
21:34:34.887 [qtp265310387-28] DEBUG org.eclipse.jetty.server.HttpChannel - action COMPLETE HttpChannelOverHttp@3d2216c3{s=HttpChannelState@b64f3e8{s=HANDLING rs=COMPLETING os=COMPLETED is=READY awp=false se=false i=false al=0},r=1,c=false/true,a=HANDLING,uri=//localhost:8080/todos,age=35}
21:34:34.887 [qtp265310387-28] DEBUG org.eclipse.jetty.server.HttpOutput - complete(org.eclipse.jetty.util.Callback$3@1340662b) s=CLOSED,api=BLOCKING,sc=false,e=null s=true e=null, c=null
21:34:34.887 [qtp265310387-28] DEBUG org.eclipse.jetty.server.HttpChannelState - completed HttpChannelState@b64f3e8{s=HANDLING rs=COMPLETING os=COMPLETED is=READY awp=false se=false i=false al=0}
21:34:34.888 [qtp265310387-28] DEBUG org.eclipse.jetty.server.HttpChannelState - unhandle HttpChannelState@b64f3e8{s=HANDLING rs=COMPLETED os=COMPLETED is=READY awp=false se=false i=false al=0}
21:34:34.888 [qtp265310387-28] DEBUG org.eclipse.jetty.server.HttpChannelState - nextAction(false) TERMINATED HttpChannelState@b64f3e8{s=IDLE rs=COMPLETED os=COMPLETED is=READY awp=false se=false i=false al=0}
21:34:34.888 [qtp265310387-28] DEBUG org.eclipse.jetty.server.HttpChannel - action TERMINATED HttpChannelOverHttp@3d2216c3{s=HttpChannelState@b64f3e8{s=IDLE rs=COMPLETED os=COMPLETED is=READY awp=false se=false i=false al=0},r=1,c=true/true,a=IDLE,uri=//localhost:8080/todos,age=36}
21:34:34.888 [main] DEBUG org.apache.http.impl.execchain.MainClientExec - Connection can be kept alive indefinitely
21:34:34.888 [qtp265310387-28] DEBUG org.eclipse.jetty.server.HttpChannel - onCompleted for /todos written=88
21:34:34.888 [qtp265310387-28] DEBUG org.eclipse.jetty.server.HttpChannelState - recycle HttpChannelState@b64f3e8{s=IDLE rs=COMPLETED os=COMPLETED is=READY awp=false se=false i=false al=0}
21:34:34.888 [qtp265310387-28] DEBUG org.eclipse.jetty.http.HttpParser - reset HttpParser{s=END,15 of 15}
21:34:34.888 [qtp265310387-28] DEBUG org.eclipse.jetty.http.HttpParser - END --> START
21:34:34.888 [qtp265310387-28] DEBUG org.eclipse.jetty.server.HttpChannel - !handle TERMINATED HttpChannelOverHttp@3d2216c3{s=HttpChannelState@b64f3e8{s=IDLE rs=BLOCKING os=OPEN is=IDLE awp=false se=false i=true al=0},r=1,c=false/false,a=IDLE,uri=null,age=0}
21:34:34.888 [main] DEBUG org.apache.http.wire - http-outgoing-5 << "[\r][\n]"
21:34:34.888 [main] DEBUG org.apache.http.wire - http-outgoing-5 << "0[\r][\n]"
21:34:34.888 [main] DEBUG org.apache.http.wire - http-outgoing-5 << "[\r][\n]"
21:34:34.888 [qtp265310387-28] DEBUG org.eclipse.jetty.io.ChannelEndPoint - filled 0 HeapByteBuffer@25e83041[p=0,l=0,c=8192,r=0]={<<<>>>HTTP/1.1 ...\x00\x00\x00\x00\x00\x00\x00}
21:34:34.888 [qtp265310387-28] DEBUG org.eclipse.jetty.io.ChannelEndPoint - filled 0 HeapByteBuffer@25e83041[p=0,l=0,c=8192,r=0]={<<<>>>HTTP/1.1 ...\x00\x00\x00\x00\x00\x00\x00}
21:34:34.888 [main] DEBUG org.apache.http.impl.conn.PoolingHttpClientConnectionManager - Connection [id: 5][route: {}->http://localhost:8080] can be kept alive indefinitely
21:34:34.888 [main] DEBUG org.apache.http.impl.conn.DefaultManagedHttpClientConnection - http-outgoing-5: set socket timeout to 0
21:34:34.888 [qtp265310387-28] DEBUG org.eclipse.jetty.server.HttpConnection - HttpConnection@ad43f58::SocketChannelEndPoint@16b26b18{l=/127.0.0.1:8080,r=/127.0.0.1:59958,OPEN,fill=-,flush=-,to=0/3600000}{io=0/0,kio=0,kro=1}->HttpConnection@ad43f58[p=HttpParser{s=START,0 of -1},g=HttpGenerator@2282f48b{s=START}]=>HttpChannelOverHttp@3d2216c3{s=HttpChannelState@b64f3e8{s=IDLE rs=BLOCKING os=OPEN is=IDLE awp=false se=false i=true al=0},r=1,c=false/false,a=IDLE,uri=null,age=0} filled 0 HeapByteBuffer@25e83041[p=0,l=0,c=8192,r=0]={<<<>>>HTTP/1.1 ...\x00\x00\x00\x00\x00\x00\x00}
21:34:34.888 [main] DEBUG org.apache.http.impl.conn.PoolingHttpClientConnectionManager - Connection released: [id: 5][route: {}->http://localhost:8080][total available: 1; route allocated: 1 of 5; total allocated: 1 of 10]
21:34:34.888 [main] DEBUG org.apache.http.impl.conn.PoolingHttpClientConnectionManager - Connection manager is shutting down
21:34:34.888 [main] DEBUG org.apache.http.impl.conn.DefaultManagedHttpClientConnection - http-outgoing-5: Close connection
21:34:34.888 [qtp265310387-28] DEBUG org.eclipse.jetty.server.HttpConnection - HttpConnection@ad43f58::SocketChannelEndPoint@16b26b18{l=/127.0.0.1:8080,r=/127.0.0.1:59958,OPEN,fill=-,flush=-,to=0/3600000}{io=0/0,kio=0,kro=1}->HttpConnection@ad43f58[p=HttpParser{s=START,0 of -1},g=HttpGenerator@2282f48b{s=START}]=>HttpChannelOverHttp@3d2216c3{s=HttpChannelState@b64f3e8{s=IDLE rs=BLOCKING os=OPEN is=IDLE awp=false se=false i=true al=0},r=1,c=false/false,a=IDLE,uri=null,age=0} parse HeapByteBuffer@25e83041[p=0,l=0,c=8192,r=0]={<<<>>>HTTP/1.1 ...\x00\x00\x00\x00\x00\x00\x00} {}
21:34:34.888 [qtp265310387-28] DEBUG org.eclipse.jetty.http.HttpParser - parseNext s=START HeapByteBuffer@25e83041[p=0,l=0,c=8192,r=0]={<<<>>>HTTP/1.1 ...\x00\x00\x00\x00\x00\x00\x00}
21:34:34.888 [qtp265310387-28] DEBUG org.eclipse.jetty.server.HttpConnection - HttpConnection@ad43f58::SocketChannelEndPoint@16b26b18{l=/127.0.0.1:8080,r=/127.0.0.1:59958,OPEN,fill=-,flush=-,to=0/3600000}{io=0/0,kio=0,kro=1}->HttpConnection@ad43f58[p=HttpParser{s=START,0 of -1},g=HttpGenerator@2282f48b{s=START}]=>HttpChannelOverHttp@3d2216c3{s=HttpChannelState@b64f3e8{s=IDLE rs=BLOCKING os=OPEN is=IDLE awp=false se=false i=true al=0},r=1,c=false/false,a=IDLE,uri=null,age=0} parsed false HttpParser{s=START,0 of -1}
21:34:34.888 [main] DEBUG org.apache.http.impl.conn.PoolingHttpClientConnectionManager - Connection manager shut down
21:34:34.888 [qtp265310387-28] DEBUG org.eclipse.jetty.server.HttpConnection - releaseRequestBuffer HttpConnection@ad43f58::SocketChannelEndPoint@16b26b18{l=/127.0.0.1:8080,r=/127.0.0.1:59958,OPEN,fill=-,flush=-,to=0/3600000}{io=0/0,kio=0,kro=1}->HttpConnection@ad43f58[p=HttpParser{s=START,0 of -1},g=HttpGenerator@2282f48b{s=START}]=>HttpChannelOverHttp@3d2216c3{s=HttpChannelState@b64f3e8{s=IDLE rs=BLOCKING os=OPEN is=IDLE awp=false se=false i=true al=0},r=1,c=false/false,a=IDLE,uri=null,age=0}
21:34:34.888 [main] DEBUG com.intuit.karate - response time in milliseconds: 45
1 < 200
1 < Date: Sun, 26 Oct 2025 20:34:34 GMT
1 < Content-Type: application/json
1 < Transfer-Encoding: chunked
1 < Server: Jetty(9.4.48.v20220622)
{"id":"42bef41a-d3e2-42e9-bda7-5247366a2660","title":"ValidateMessage","complete":false}

21:34:34.888 [qtp265310387-28] DEBUG org.eclipse.jetty.io.AbstractConnection - fillInterested HttpConnection@ad43f58::SocketChannelEndPoint@16b26b18{l=/127.0.0.1:8080,r=/127.0.0.1:59958,OPEN,fill=-,flush=-,to=0/3600000}{io=0/0,kio=0,kro=1}->HttpConnection@ad43f58[p=HttpParser{s=START,0 of -1},g=HttpGenerator@2282f48b{s=START}]=>HttpChannelOverHttp@3d2216c3{s=HttpChannelState@b64f3e8{s=IDLE rs=BLOCKING os=OPEN is=IDLE awp=false se=false i=true al=0},r=1,c=false/false,a=IDLE,uri=null,age=0}
21:34:34.888 [qtp265310387-28] DEBUG org.eclipse.jetty.io.FillInterest - interested FillInterest@ed5b880{AC.ReadCB@ad43f58{HttpConnection@ad43f58::SocketChannelEndPoint@16b26b18{l=/127.0.0.1:8080,r=/127.0.0.1:59958,OPEN,fill=FI,flush=-,to=0/3600000}{io=0/0,kio=0,kro=1}->HttpConnection@ad43f58[p=HttpParser{s=START,0 of -1},g=HttpGenerator@2282f48b{s=START}]=>HttpChannelOverHttp@3d2216c3{s=HttpChannelState@b64f3e8{s=IDLE rs=BLOCKING os=OPEN is=IDLE awp=false se=false i=true al=0},r=1,c=false/false,a=IDLE,uri=null,age=0}}}
21:34:34.888 [qtp265310387-28] DEBUG org.eclipse.jetty.io.ChannelEndPoint - changeInterests p=false 0->1 for SocketChannelEndPoint@16b26b18{l=/127.0.0.1:8080,r=/127.0.0.1:59958,OPEN,fill=FI,flush=-,to=0/3600000}{io=0/1,kio=0,kro=1}->HttpConnection@ad43f58[p=HttpParser{s=START,0 of -1},g=HttpGenerator@2282f48b{s=START}]=>HttpChannelOverHttp@3d2216c3{s=HttpChannelState@b64f3e8{s=IDLE rs=BLOCKING os=OPEN is=IDLE awp=false se=false i=true al=0},r=1,c=false/false,a=IDLE,uri=null,age=0}
21:34:34.888 [qtp265310387-28] DEBUG org.eclipse.jetty.io.ManagedSelector - Queued change lazy=false org.eclipse.jetty.io.ChannelEndPoint$$Lambda$573/0x000000d00149ac38@255078fd on ManagedSelector@76520cc5{STARTED} id=1 keys=1 selected=0 updates=0
21:34:34.888 [qtp265310387-28] DEBUG org.eclipse.jetty.io.ManagedSelector - Wakeup on submit ManagedSelector@76520cc5{STARTED} id=1 keys=1 selected=0 updates=1
21:34:34.888 [qtp265310387-28] DEBUG org.eclipse.jetty.server.HttpConnection - HttpConnection@ad43f58::SocketChannelEndPoint@16b26b18{l=/127.0.0.1:8080,r=/127.0.0.1:59958,OPEN,fill=FI,flush=-,to=0/3600000}{io=0/1,kio=0,kro=1}->HttpConnection@ad43f58[p=HttpParser{s=START,0 of -1},g=HttpGenerator@2282f48b{s=START}]=>HttpChannelOverHttp@3d2216c3{s=HttpChannelState@b64f3e8{s=IDLE rs=BLOCKING os=OPEN is=IDLE awp=false se=false i=true al=0},r=1,c=false/false,a=IDLE,uri=null,age=0} onFillable exit HttpChannelState@b64f3e8{s=IDLE rs=BLOCKING os=OPEN is=IDLE awp=false se=false i=true al=0} null
21:34:34.888 [qtp265310387-25] DEBUG org.eclipse.jetty.io.ManagedSelector - Selector sun.nio.ch.KQueueSelectorImpl@5803522c woken with none selected
21:34:34.888 [qtp265310387-25] DEBUG org.eclipse.jetty.io.ManagedSelector - Selector sun.nio.ch.KQueueSelectorImpl@5803522c woken up from select, 0/0/1 selected
21:34:34.889 [qtp265310387-25] DEBUG org.eclipse.jetty.io.ManagedSelector - Selector sun.nio.ch.KQueueSelectorImpl@5803522c processing 0 keys, 1 updates
21:34:34.889 [qtp265310387-28] DEBUG org.eclipse.jetty.util.thread.ReservedThreadExecutor - ReservedThread@6c2a8429{RUNNING,thread=Thread[qtp265310387-28,5,main]} was=RUNNING next=RESERVED size=0+2 capacity=10
21:34:34.889 [qtp265310387-25] DEBUG org.eclipse.jetty.io.ManagedSelector - updateable 1
21:34:34.889 [qtp265310387-25] DEBUG org.eclipse.jetty.io.ManagedSelector - update org.eclipse.jetty.io.ChannelEndPoint$$Lambda$573/0x000000d00149ac38@255078fd
21:34:34.889 [qtp265310387-28] DEBUG org.eclipse.jetty.util.thread.ReservedThreadExecutor - ReservedThread@6c2a8429{RESERVED,thread=Thread[qtp265310387-28,5,main]} waiting ReservedThreadExecutor@34f8be00{reserved=2/10,pending=0}
21:34:34.889 [qtp265310387-25] DEBUG org.eclipse.jetty.io.ChannelEndPoint - Key interests updated 0 -> 1 on SocketChannelEndPoint@16b26b18{l=/127.0.0.1:8080,r=/127.0.0.1:59958,OPEN,fill=FI,flush=-,to=0/3600000}{io=1/1,kio=1,kro=1}->HttpConnection@ad43f58[p=HttpParser{s=START,0 of -1},g=HttpGenerator@2282f48b{s=START}]=>HttpChannelOverHttp@3d2216c3{s=HttpChannelState@b64f3e8{s=IDLE rs=BLOCKING os=OPEN is=IDLE awp=false se=false i=true al=0},r=1,c=false/false,a=IDLE,uri=null,age=0}
21:34:34.889 [qtp265310387-25] DEBUG org.eclipse.jetty.io.ManagedSelector - updates 0
21:34:34.889 [qtp265310387-25] DEBUG org.eclipse.jetty.io.ManagedSelector - Selector sun.nio.ch.KQueueSelectorImpl@5803522c waiting with 1 keys
21:34:34.889 [qtp265310387-25] DEBUG org.eclipse.jetty.io.ManagedSelector - Selector sun.nio.ch.KQueueSelectorImpl@5803522c woken up from select, 1/1/1 selected
21:34:34.889 [qtp265310387-25] DEBUG org.eclipse.jetty.io.ManagedSelector - Selector sun.nio.ch.KQueueSelectorImpl@5803522c processing 1 keys, 0 updates
21:34:34.889 [qtp265310387-25] DEBUG org.eclipse.jetty.io.ManagedSelector - selected 1 channel=java.nio.channels.SocketChannel[connected local=/127.0.0.1:8080 remote=/127.0.0.1:59958], selector=sun.nio.ch.KQueueSelectorImpl@5803522c, interestOps=1, readyOps=1 SocketChannelEndPoint@16b26b18{l=/127.0.0.1:8080,r=/127.0.0.1:59958,OPEN,fill=FI,flush=-,to=0/3600000}{io=1/1,kio=1,kro=1}->HttpConnection@ad43f58[p=HttpParser{s=START,0 of -1},g=HttpGenerator@2282f48b{s=START}]=>HttpChannelOverHttp@3d2216c3{s=HttpChannelState@b64f3e8{s=IDLE rs=BLOCKING os=OPEN is=IDLE awp=false se=false i=true al=0},r=1,c=false/false,a=IDLE,uri=null,age=0} 
21:34:34.889 [qtp265310387-25] DEBUG org.eclipse.jetty.io.ChannelEndPoint - onSelected 1->0 r=true w=false for SocketChannelEndPoint@16b26b18{l=/127.0.0.1:8080,r=/127.0.0.1:59958,OPEN,fill=FI,flush=-,to=0/3600000}{io=1/0,kio=1,kro=1}->HttpConnection@ad43f58[p=HttpParser{s=START,0 of -1},g=HttpGenerator@2282f48b{s=START}]=>HttpChannelOverHttp@3d2216c3{s=HttpChannelState@b64f3e8{s=IDLE rs=BLOCKING os=OPEN is=IDLE awp=false se=false i=true al=0},r=1,c=false/false,a=IDLE,uri=null,age=0}
21:34:34.889 [qtp265310387-25] DEBUG org.eclipse.jetty.io.ChannelEndPoint - task CEP:SocketChannelEndPoint@16b26b18{l=/127.0.0.1:8080,r=/127.0.0.1:59958,OPEN,fill=FI,flush=-,to=0/3600000}{io=1/0,kio=1,kro=1}->HttpConnection@ad43f58[p=HttpParser{s=START,0 of -1},g=HttpGenerator@2282f48b{s=START}]=>HttpChannelOverHttp@3d2216c3{s=HttpChannelState@b64f3e8{s=IDLE rs=BLOCKING os=OPEN is=IDLE awp=false se=false i=true al=0},r=1,c=false/false,a=IDLE,uri=null,age=0}:runFillable:BLOCKING
21:34:34.889 [qtp265310387-25] DEBUG org.eclipse.jetty.util.thread.ReservedThreadExecutor - ReservedThreadExecutor@34f8be00{reserved=2/10,pending=0} tryExecute EatWhatYouKill@40e488a5/SelectorProducer@206e7499/PRODUCING/p=false/QueuedThreadPool[qtp265310387]@fd050b3{STARTED,8<=9<=200,i=1,r=-1,q=0}[ReservedThreadExecutor@34f8be00{reserved=2/10,pending=0}][pc=0,pic=0,pec=1,epc=2]@2025-10-26T21:34:34.889327+01:00
21:34:34.889 [qtp265310387-25] DEBUG org.eclipse.jetty.util.thread.strategy.EatWhatYouKill - EatWhatYouKill@40e488a5/SelectorProducer@206e7499/IDLE/p=true/QueuedThreadPool[qtp265310387]@fd050b3{STARTED,8<=9<=200,i=1,r=-1,q=0}[ReservedThreadExecutor@34f8be00{reserved=1/10,pending=0}][pc=0,pic=0,pec=1,epc=2]@2025-10-26T21:34:34.889494+01:00 m=EXECUTE_PRODUCE_CONSUME t=CEP:SocketChannelEndPoint@16b26b18{l=/127.0.0.1:8080,r=/127.0.0.1:59958,OPEN,fill=FI,flush=-,to=1/3600000}{io=1/0,kio=1,kro=1}->HttpConnection@ad43f58[p=HttpParser{s=START,0 of -1},g=HttpGenerator@2282f48b{s=START}]=>HttpChannelOverHttp@3d2216c3{s=HttpChannelState@b64f3e8{s=IDLE rs=BLOCKING os=OPEN is=IDLE awp=false se=false i=true al=0},r=1,c=false/false,a=IDLE,uri=null,age=0}:runFillable:BLOCKING/BLOCKING
21:34:34.889 [qtp265310387-28] DEBUG org.eclipse.jetty.util.thread.ReservedThreadExecutor - ReservedThread@6c2a8429{RESERVED,thread=Thread[qtp265310387-28,5,main]} task=EatWhatYouKill@40e488a5/SelectorProducer@206e7499/IDLE/p=true/QueuedThreadPool[qtp265310387]@fd050b3{STARTED,8<=9<=200,i=1,r=-1,q=0}[ReservedThreadExecutor@34f8be00{reserved=1/10,pending=0}][pc=0,pic=0,pec=1,epc=2]@2025-10-26T21:34:34.889586+01:00 ReservedThreadExecutor@34f8be00{reserved=1/10,pending=0}
21:34:34.889 [qtp265310387-28] DEBUG org.eclipse.jetty.util.thread.strategy.EatWhatYouKill - EatWhatYouKill@40e488a5/SelectorProducer@206e7499/IDLE/p=true/QueuedThreadPool[qtp265310387]@fd050b3{STARTED,8<=9<=200,i=1,r=-1,q=0}[ReservedThreadExecutor@34f8be00{reserved=1/10,pending=0}][pc=0,pic=0,pec=1,epc=3]@2025-10-26T21:34:34.889635+01:00 tryProduce true
21:34:34.889 [qtp265310387-28] DEBUG org.eclipse.jetty.io.ManagedSelector - updateable 0
21:34:34.889 [qtp265310387-28] DEBUG org.eclipse.jetty.io.ManagedSelector - updates 0
21:34:34.889 [qtp265310387-28] DEBUG org.eclipse.jetty.io.ChannelEndPoint - Key interests updated 1 -> 0 on SocketChannelEndPoint@16b26b18{l=/127.0.0.1:8080,r=/127.0.0.1:59958,OPEN,fill=FI,flush=-,to=1/3600000}{io=0/0,kio=0,kro=1}->HttpConnection@ad43f58[p=HttpParser{s=START,0 of -1},g=HttpGenerator@2282f48b{s=START}]=>HttpChannelOverHttp@3d2216c3{s=HttpChannelState@b64f3e8{s=IDLE rs=BLOCKING os=OPEN is=IDLE awp=false se=false i=true al=0},r=1,c=false/false,a=IDLE,uri=null,age=0}
21:34:34.889 [qtp265310387-25] DEBUG org.eclipse.jetty.io.FillInterest - fillable FillInterest@ed5b880{AC.ReadCB@ad43f58{HttpConnection@ad43f58::SocketChannelEndPoint@16b26b18{l=/127.0.0.1:8080,r=/127.0.0.1:59958,OPEN,fill=FI,flush=-,to=1/3600000}{io=1/0,kio=1,kro=1}->HttpConnection@ad43f58[p=HttpParser{s=START,0 of -1},g=HttpGenerator@2282f48b{s=START}]=>HttpChannelOverHttp@3d2216c3{s=HttpChannelState@b64f3e8{s=IDLE rs=BLOCKING os=OPEN is=IDLE awp=false se=false i=true al=0},r=1,c=false/false,a=IDLE,uri=null,age=0}}}
21:34:34.889 [qtp265310387-28] DEBUG org.eclipse.jetty.io.ManagedSelector - Selector sun.nio.ch.KQueueSelectorImpl@5803522c waiting with 1 keys
21:34:34.889 [qtp265310387-25] DEBUG org.eclipse.jetty.server.HttpConnection - HttpConnection@ad43f58::SocketChannelEndPoint@16b26b18{l=/127.0.0.1:8080,r=/127.0.0.1:59958,OPEN,fill=-,flush=-,to=1/3600000}{io=0/0,kio=0,kro=1}->HttpConnection@ad43f58[p=HttpParser{s=START,0 of -1},g=HttpGenerator@2282f48b{s=START}]=>HttpChannelOverHttp@3d2216c3{s=HttpChannelState@b64f3e8{s=IDLE rs=BLOCKING os=OPEN is=IDLE awp=false se=false i=true al=0},r=1,c=false/false,a=IDLE,uri=null,age=0} onFillable enter HttpChannelState@b64f3e8{s=IDLE rs=BLOCKING os=OPEN is=IDLE awp=false se=false i=true al=0} null
21:34:34.889 [qtp265310387-25] DEBUG org.eclipse.jetty.io.AbstractEndPoint - shutdownInput SocketChannelEndPoint@16b26b18{l=/127.0.0.1:8080,r=/127.0.0.1:59958,OPEN,fill=-,flush=-,to=1/3600000}{io=0/0,kio=0,kro=1}->HttpConnection@ad43f58[p=HttpParser{s=START,0 of -1},g=HttpGenerator@2282f48b{s=START}]=>HttpChannelOverHttp@3d2216c3{s=HttpChannelState@b64f3e8{s=IDLE rs=BLOCKING os=OPEN is=IDLE awp=false se=false i=true al=0},r=1,c=false/false,a=IDLE,uri=null,age=0}
21:34:34.889 [qtp265310387-25] DEBUG org.eclipse.jetty.io.ChannelEndPoint - filled -1 HeapByteBuffer@25e83041[p=0,l=0,c=8192,r=0]={<<<>>>HTTP/1.1 ...\x00\x00\x00\x00\x00\x00\x00}
21:34:34.889 [qtp265310387-25] DEBUG org.eclipse.jetty.http.HttpParser - atEOF HttpParser{s=START,0 of -1}
21:34:34.889 [qtp265310387-25] DEBUG org.eclipse.jetty.server.HttpConnection - HttpConnection@ad43f58::SocketChannelEndPoint@16b26b18{l=/127.0.0.1:8080,r=/127.0.0.1:59958,ISHUT,fill=-,flush=-,to=1/3600000}{io=0/0,kio=0,kro=1}->HttpConnection@ad43f58[p=HttpParser{s=START,0 of -1},g=HttpGenerator@2282f48b{s=START}]=>HttpChannelOverHttp@3d2216c3{s=HttpChannelState@b64f3e8{s=IDLE rs=BLOCKING os=OPEN is=IDLE awp=false se=false i=true al=0},r=1,c=false/false,a=IDLE,uri=null,age=0} filled -1 HeapByteBuffer@25e83041[p=0,l=0,c=8192,r=0]={<<<>>>HTTP/1.1 ...\x00\x00\x00\x00\x00\x00\x00}
21:34:34.890 [qtp265310387-25] DEBUG org.eclipse.jetty.server.HttpConnection - HttpConnection@ad43f58::SocketChannelEndPoint@16b26b18{l=/127.0.0.1:8080,r=/127.0.0.1:59958,ISHUT,fill=-,flush=-,to=1/3600000}{io=0/0,kio=0,kro=1}->HttpConnection@ad43f58[p=HttpParser{s=START,0 of -1},g=HttpGenerator@2282f48b{s=START}]=>HttpChannelOverHttp@3d2216c3{s=HttpChannelState@b64f3e8{s=IDLE rs=BLOCKING os=OPEN is=IDLE awp=false se=false i=true al=0},r=1,c=false/false,a=IDLE,uri=null,age=0} parse HeapByteBuffer@25e83041[p=0,l=0,c=8192,r=0]={<<<>>>HTTP/1.1 ...\x00\x00\x00\x00\x00\x00\x00} {}
21:34:34.890 [qtp265310387-25] DEBUG org.eclipse.jetty.http.HttpParser - parseNext s=START HeapByteBuffer@25e83041[p=0,l=0,c=8192,r=0]={<<<>>>HTTP/1.1 ...\x00\x00\x00\x00\x00\x00\x00}
21:34:34.890 [qtp265310387-25] DEBUG org.eclipse.jetty.http.HttpParser - START --> CLOSED
21:34:34.890 [qtp265310387-25] DEBUG org.eclipse.jetty.io.AbstractEndPoint - close SocketChannelEndPoint@16b26b18{l=/127.0.0.1:8080,r=/127.0.0.1:59958,ISHUT,fill=-,flush=-,to=1/3600000}{io=0/0,kio=0,kro=1}->HttpConnection@ad43f58[p=HttpParser{s=CLOSED,0 of -1},g=HttpGenerator@2282f48b{s=START}]=>HttpChannelOverHttp@3d2216c3{s=HttpChannelState@b64f3e8{s=IDLE rs=BLOCKING os=OPEN is=IDLE awp=false se=false i=true al=0},r=1,c=false/false,a=IDLE,uri=null,age=0}
21:34:34.890 [qtp265310387-25] DEBUG org.eclipse.jetty.io.AbstractEndPoint - close(null) SocketChannelEndPoint@16b26b18{l=/127.0.0.1:8080,r=/127.0.0.1:59958,ISHUT,fill=-,flush=-,to=1/3600000}{io=0/0,kio=0,kro=1}->HttpConnection@ad43f58[p=HttpParser{s=CLOSED,0 of -1},g=HttpGenerator@2282f48b{s=START}]=>HttpChannelOverHttp@3d2216c3{s=HttpChannelState@b64f3e8{s=IDLE rs=BLOCKING os=OPEN is=IDLE awp=false se=false i=true al=0},r=1,c=false/false,a=IDLE,uri=null,age=0}
21:34:34.890 [qtp265310387-25] DEBUG org.eclipse.jetty.io.ChannelEndPoint - doClose SocketChannelEndPoint@16b26b18{l=/127.0.0.1:8080,r=/127.0.0.1:59958,CLOSED,fill=-,flush=-,to=1/3600000}{io=0/0,kio=0,kro=1}->HttpConnection@ad43f58[p=HttpParser{s=CLOSED,0 of -1},g=HttpGenerator@2282f48b{s=START}]=>HttpChannelOverHttp@3d2216c3{s=HttpChannelState@b64f3e8{s=IDLE rs=BLOCKING os=OPEN is=IDLE awp=false se=false i=true al=0},r=1,c=false/false,a=IDLE,uri=null,age=0}
21:34:34.890 [qtp265310387-25] DEBUG org.eclipse.jetty.io.FillInterest - onClose FillInterest@ed5b880{null}
21:34:34.890 [qtp265310387-25] DEBUG org.eclipse.jetty.io.ManagedSelector - Wakeup ManagedSelector@76520cc5{STARTED} id=1 keys=1 selected=0 updates=0
21:34:34.890 [qtp265310387-25] DEBUG org.eclipse.jetty.util.thread.QueuedThreadPool - queue org.eclipse.jetty.io.ManagedSelector$DestroyEndPoint@4993da82 startThread=0
21:34:34.890 [qtp265310387-25] DEBUG org.eclipse.jetty.server.HttpConnection - HttpConnection@ad43f58::SocketChannelEndPoint@16b26b18{l=/127.0.0.1:8080,r=/127.0.0.1:59958,CLOSED,fill=-,flush=-,to=1/3600000}{io=0/0,kio=-1,kro=-1}->HttpConnection@ad43f58[p=HttpParser{s=CLOSED,0 of -1},g=HttpGenerator@2282f48b{s=START}]=>HttpChannelOverHttp@3d2216c3{s=HttpChannelState@b64f3e8{s=IDLE rs=BLOCKING os=OPEN is=IDLE awp=false se=false i=true al=0},r=1,c=false/false,a=IDLE,uri=null,age=0} parsed false HttpParser{s=CLOSED,0 of -1}
21:34:34.890 [qtp265310387-25] DEBUG org.eclipse.jetty.server.HttpConnection - releaseRequestBuffer HttpConnection@ad43f58::SocketChannelEndPoint@16b26b18{l=/127.0.0.1:8080,r=/127.0.0.1:59958,CLOSED,fill=-,flush=-,to=2/3600000}{io=0/0,kio=-1,kro=-1}->HttpConnection@ad43f58[p=HttpParser{s=CLOSED,0 of -1},g=HttpGenerator@2282f48b{s=START}]=>HttpChannelOverHttp@3d2216c3{s=HttpChannelState@b64f3e8{s=IDLE rs=BLOCKING os=OPEN is=IDLE awp=false se=false i=true al=0},r=1,c=false/false,a=IDLE,uri=null,age=0}
21:34:34.890 [qtp265310387-25] DEBUG org.eclipse.jetty.io.AbstractEndPoint - shutdownOutput SocketChannelEndPoint@16b26b18{l=/127.0.0.1:8080,r=/127.0.0.1:59958,CLOSED,fill=-,flush=-,to=2/3600000}{io=0/0,kio=-1,kro=-1}->HttpConnection@ad43f58[p=HttpParser{s=CLOSED,0 of -1},g=HttpGenerator@2282f48b{s=START}]=>HttpChannelOverHttp@3d2216c3{s=HttpChannelState@b64f3e8{s=IDLE rs=BLOCKING os=OPEN is=IDLE awp=false se=false i=true al=0},r=1,c=false/false,a=IDLE,uri=null,age=0}
21:34:34.890 [qtp265310387-28] DEBUG org.eclipse.jetty.io.ManagedSelector - Selector sun.nio.ch.KQueueSelectorImpl@5803522c woken with none selected
21:34:34.890 [qtp265310387-25] DEBUG org.eclipse.jetty.server.HttpConnection - HttpConnection@ad43f58::SocketChannelEndPoint@16b26b18{l=/127.0.0.1:8080,r=/127.0.0.1:59958,CLOSED,fill=-,flush=-,to=2/3600000}{io=0/0,kio=-1,kro=-1}->HttpConnection@ad43f58[p=HttpParser{s=CLOSED,0 of -1},g=HttpGenerator@2282f48b{s=START}]=>HttpChannelOverHttp@3d2216c3{s=HttpChannelState@b64f3e8{s=IDLE rs=BLOCKING os=OPEN is=IDLE awp=false se=false i=true al=0},r=1,c=false/false,a=IDLE,uri=null,age=0} onFillable exit HttpChannelState@b64f3e8{s=IDLE rs=BLOCKING os=OPEN is=IDLE awp=false se=false i=true al=0} null
21:34:34.890 [qtp265310387-28] DEBUG org.eclipse.jetty.io.ManagedSelector - Selector sun.nio.ch.KQueueSelectorImpl@5803522c woken up from select, 0/0/0 selected
21:34:34.890 [qtp265310387-28] DEBUG org.eclipse.jetty.io.ManagedSelector - Selector sun.nio.ch.KQueueSelectorImpl@5803522c processing 0 keys, 0 updates
21:34:34.890 [qtp265310387-24] DEBUG org.eclipse.jetty.util.thread.QueuedThreadPool - run org.eclipse.jetty.io.ManagedSelector$DestroyEndPoint@4993da82 in QueuedThreadPool[qtp265310387]@fd050b3{STARTED,8<=9<=200,i=0,r=-1,q=0}[ReservedThreadExecutor@34f8be00{reserved=2/10,pending=0}]
21:34:34.890 [qtp265310387-28] DEBUG org.eclipse.jetty.io.ManagedSelector - updateable 0
21:34:34.890 [qtp265310387-28] DEBUG org.eclipse.jetty.io.ManagedSelector - updates 0
21:34:34.890 [qtp265310387-24] DEBUG org.eclipse.jetty.io.ManagedSelector - Destroyed SocketChannelEndPoint@16b26b18{l=/127.0.0.1:8080,r=/127.0.0.1:59958,CLOSED,fill=-,flush=-,to=2/3600000}{io=0/0,kio=-1,kro=-1}->HttpConnection@ad43f58[p=HttpParser{s=CLOSED,0 of -1},g=HttpGenerator@2282f48b{s=START}]=>HttpChannelOverHttp@3d2216c3{s=HttpChannelState@b64f3e8{s=IDLE rs=BLOCKING os=OPEN is=IDLE awp=false se=false i=true al=0},r=1,c=false/false,a=IDLE,uri=null,age=0}
21:34:34.890 [qtp265310387-24] DEBUG org.eclipse.jetty.io.AbstractConnection - onClose HttpConnection@ad43f58::SocketChannelEndPoint@16b26b18{l=/127.0.0.1:8080,r=/127.0.0.1:59958,CLOSED,fill=-,flush=-,to=2/3600000}{io=0/0,kio=-1,kro=-1}->HttpConnection@ad43f58[p=HttpParser{s=CLOSED,0 of -1},g=HttpGenerator@2282f48b{s=START}]=>HttpChannelOverHttp@3d2216c3{s=HttpChannelState@b64f3e8{s=IDLE rs=BLOCKING os=OPEN is=IDLE awp=false se=false i=true al=0},r=1,c=false/false,a=IDLE,uri=null,age=0}
21:34:34.890 [qtp265310387-25] DEBUG org.eclipse.jetty.util.thread.ReservedThreadExecutor - ReservedThread@744bd6d3{RUNNING,thread=Thread[qtp265310387-25,5,main]} was=RUNNING next=RESERVED size=0+2 capacity=10
21:34:34.890 [qtp265310387-25] DEBUG org.eclipse.jetty.util.thread.ReservedThreadExecutor - ReservedThread@744bd6d3{RESERVED,thread=Thread[qtp265310387-25,5,main]} waiting ReservedThreadExecutor@34f8be00{reserved=2/10,pending=0}
21:34:34.890 [qtp265310387-28] DEBUG org.eclipse.jetty.io.ManagedSelector - Selector sun.nio.ch.KQueueSelectorImpl@5803522c waiting with 0 keys
21:34:34.890 [qtp265310387-24] DEBUG org.eclipse.jetty.util.thread.QueuedThreadPool - ran org.eclipse.jetty.io.ManagedSelector$DestroyEndPoint@4993da82 in QueuedThreadPool[qtp265310387]@fd050b3{STARTED,8<=9<=200,i=0,r=-1,q=0}[ReservedThreadExecutor@34f8be00{reserved=2/10,pending=0}]
21:34:34.899 [main] INFO org.apache.kafka.common.config.AbstractConfig - ConsumerConfig values: 
	allow.auto.create.topics = true
	auto.commit.interval.ms = 5000
	auto.offset.reset = latest
	bootstrap.servers = [localhost:9092]
	check.crcs = true
	client.dns.lookup = use_all_dns_ips
	client.id = consumer-karate-test-group-1
	client.rack = 
	connections.max.idle.ms = 540000
	default.api.timeout.ms = 60000
	enable.auto.commit = true
	enable.metrics.push = true
	exclude.internal.topics = true
	fetch.max.bytes = 52428800
	fetch.max.wait.ms = 500
	fetch.min.bytes = 1
	group.id = karate-test-group
	group.instance.id = null
	group.protocol = classic
	group.remote.assignor = null
	heartbeat.interval.ms = 3000
	interceptor.classes = []
	internal.leave.group.on.close = true
	internal.throw.on.fetch.stable.offset.unsupported = false
	isolation.level = read_uncommitted
	key.deserializer = class org.apache.kafka.common.serialization.StringDeserializer
	max.partition.fetch.bytes = 1048576
	max.poll.interval.ms = 300000
	max.poll.records = 500
	metadata.max.age.ms = 300000
	metadata.recovery.rebootstrap.trigger.ms = 300000
	metadata.recovery.strategy = rebootstrap
	metric.reporters = [org.apache.kafka.common.metrics.JmxReporter]
	metrics.num.samples = 2
	metrics.recording.level = INFO
	metrics.sample.window.ms = 30000
	partition.assignment.strategy = [class org.apache.kafka.clients.consumer.RangeAssignor, class org.apache.kafka.clients.consumer.CooperativeStickyAssignor]
	receive.buffer.bytes = 65536
	reconnect.backoff.max.ms = 1000
	reconnect.backoff.ms = 50
	request.timeout.ms = 30000
	retry.backoff.max.ms = 1000
	retry.backoff.ms = 100
	sasl.client.callback.handler.class = null
	sasl.jaas.config = null
	sasl.kerberos.kinit.cmd = /usr/bin/kinit
	sasl.kerberos.min.time.before.relogin = 60000
	sasl.kerberos.service.name = null
	sasl.kerberos.ticket.renew.jitter = 0.05
	sasl.kerberos.ticket.renew.window.factor = 0.8
	sasl.login.callback.handler.class = null
	sasl.login.class = null
	sasl.login.connect.timeout.ms = null
	sasl.login.read.timeout.ms = null
	sasl.login.refresh.buffer.seconds = 300
	sasl.login.refresh.min.period.seconds = 60
	sasl.login.refresh.window.factor = 0.8
	sasl.login.refresh.window.jitter = 0.05
	sasl.login.retry.backoff.max.ms = 10000
	sasl.login.retry.backoff.ms = 100
	sasl.mechanism = GSSAPI
	sasl.oauthbearer.assertion.algorithm = RS256
	sasl.oauthbearer.assertion.claim.aud = null
	sasl.oauthbearer.assertion.claim.exp.seconds = 300
	sasl.oauthbearer.assertion.claim.iss = null
	sasl.oauthbearer.assertion.claim.jti.include = false
	sasl.oauthbearer.assertion.claim.nbf.seconds = 60
	sasl.oauthbearer.assertion.claim.sub = null
	sasl.oauthbearer.assertion.file = null
	sasl.oauthbearer.assertion.private.key.file = null
	sasl.oauthbearer.assertion.private.key.passphrase = null
	sasl.oauthbearer.assertion.template.file = null
	sasl.oauthbearer.client.credentials.client.id = null
	sasl.oauthbearer.client.credentials.client.secret = null
	sasl.oauthbearer.clock.skew.seconds = 30
	sasl.oauthbearer.expected.audience = null
	sasl.oauthbearer.expected.issuer = null
	sasl.oauthbearer.header.urlencode = false
	sasl.oauthbearer.jwks.endpoint.refresh.ms = 3600000
	sasl.oauthbearer.jwks.endpoint.retry.backoff.max.ms = 10000
	sasl.oauthbearer.jwks.endpoint.retry.backoff.ms = 100
	sasl.oauthbearer.jwks.endpoint.url = null
	sasl.oauthbearer.jwt.retriever.class = class org.apache.kafka.common.security.oauthbearer.DefaultJwtRetriever
	sasl.oauthbearer.jwt.validator.class = class org.apache.kafka.common.security.oauthbearer.DefaultJwtValidator
	sasl.oauthbearer.scope = null
	sasl.oauthbearer.scope.claim.name = scope
	sasl.oauthbearer.sub.claim.name = sub
	sasl.oauthbearer.token.endpoint.url = null
	security.protocol = PLAINTEXT
	security.providers = null
	send.buffer.bytes = 131072
	session.timeout.ms = 45000
	share.acknowledgement.mode = implicit
	socket.connection.setup.timeout.max.ms = 30000
	socket.connection.setup.timeout.ms = 10000
	ssl.cipher.suites = null
	ssl.enabled.protocols = [TLSv1.2, TLSv1.3]
	ssl.endpoint.identification.algorithm = https
	ssl.engine.factory.class = null
	ssl.key.password = null
	ssl.keymanager.algorithm = SunX509
	ssl.keystore.certificate.chain = null
	ssl.keystore.key = null
	ssl.keystore.location = null
	ssl.keystore.password = null
	ssl.keystore.type = JKS
	ssl.protocol = TLSv1.3
	ssl.provider = null
	ssl.secure.random.implementation = null
	ssl.trustmanager.algorithm = PKIX
	ssl.truststore.certificates = null
	ssl.truststore.location = null
	ssl.truststore.password = null
	ssl.truststore.type = JKS
	value.deserializer = class org.apache.kafka.common.serialization.StringDeserializer

21:34:34.902 [main] DEBUG org.apache.kafka.clients.consumer.internals.ClassicKafkaConsumer - [Consumer clientId=consumer-karate-test-group-1, groupId=karate-test-group] Initializing the Kafka consumer
21:34:34.906 [main] INFO org.apache.kafka.common.telemetry.internals.KafkaMetricsCollector - initializing Kafka metrics collector
21:34:34.927 [main] INFO org.apache.kafka.common.utils.AppInfoParser - Kafka version: 4.1.0
21:34:34.927 [main] INFO org.apache.kafka.common.utils.AppInfoParser - Kafka commitId: 13f70256db3c994c
21:34:34.927 [main] INFO org.apache.kafka.common.utils.AppInfoParser - Kafka startTimeMs: 1761510874927
21:34:34.927 [main] DEBUG org.apache.kafka.clients.consumer.internals.ClassicKafkaConsumer - [Consumer clientId=consumer-karate-test-group-1, groupId=karate-test-group] Kafka consumer initialized
21:34:34.927 [main] INFO org.apache.kafka.clients.consumer.internals.ClassicKafkaConsumer - [Consumer clientId=consumer-karate-test-group-1, groupId=karate-test-group] Subscribed to topic(s): todos-dev-topic
21:34:34.927 [main] DEBUG org.apache.kafka.clients.consumer.internals.ConsumerCoordinator - [Consumer clientId=consumer-karate-test-group-1, groupId=karate-test-group] Sending FindCoordinator request to broker localhost:9092 (id: -1 rack: null isFenced: false)
21:34:34.928 [main] DEBUG org.apache.kafka.clients.ClientUtils - Resolved host localhost as 127.0.0.1
21:34:34.928 [main] DEBUG org.apache.kafka.clients.ClusterConnectionStates - [Consumer clientId=consumer-karate-test-group-1, groupId=karate-test-group] Resolved host localhost to addresses [localhost/127.0.0.1]
21:34:34.928 [main] DEBUG org.apache.kafka.clients.NetworkClient - [Consumer clientId=consumer-karate-test-group-1, groupId=karate-test-group] Initiating connection to node localhost:9092 (id: -1 rack: null isFenced: false) using address localhost/127.0.0.1
21:34:34.929 [main] DEBUG org.apache.kafka.common.network.Selector - [Consumer clientId=consumer-karate-test-group-1, groupId=karate-test-group] Created socket with SO_RCVBUF = 342972, SO_SNDBUF = 146988, SO_TIMEOUT = 0 to node -1
21:34:34.929 [main] DEBUG org.apache.kafka.clients.NetworkClient - [Consumer clientId=consumer-karate-test-group-1, groupId=karate-test-group] Completed connection to node -1. Fetching API versions.
21:34:34.929 [main] DEBUG org.apache.kafka.clients.NetworkClient - [Consumer clientId=consumer-karate-test-group-1, groupId=karate-test-group] Initiating API versions fetch from node -1.
21:34:34.929 [main] DEBUG org.apache.kafka.clients.NetworkClient - [Consumer clientId=consumer-karate-test-group-1, groupId=karate-test-group] Sending API_VERSIONS request with header RequestHeader(apiKey=API_VERSIONS, apiVersion=4, clientId=consumer-karate-test-group-1, correlationId=1, headerVersion=2) and timeout 30000 to node -1: ApiVersionsRequestData(clientSoftwareName='apache-kafka-java', clientSoftwareVersion='4.1.0')
21:34:34.930 [main] DEBUG org.apache.kafka.clients.NetworkClient - [Consumer clientId=consumer-karate-test-group-1, groupId=karate-test-group] Received API_VERSIONS response from node -1 for request with header RequestHeader(apiKey=API_VERSIONS, apiVersion=4, clientId=consumer-karate-test-group-1, correlationId=1, headerVersion=2): ApiVersionsResponseData(errorCode=0, apiKeys=[ApiVersion(apiKey=0, minVersion=0, maxVersion=13), ApiVersion(apiKey=1, minVersion=4, maxVersion=18), ApiVersion(apiKey=2, minVersion=1, maxVersion=10), ApiVersion(apiKey=3, minVersion=0, maxVersion=13), ApiVersion(apiKey=8, minVersion=2, maxVersion=9), ApiVersion(apiKey=9, minVersion=1, maxVersion=9), ApiVersion(apiKey=10, minVersion=0, maxVersion=6), ApiVersion(apiKey=11, minVersion=0, maxVersion=9), ApiVersion(apiKey=12, minVersion=0, maxVersion=4), ApiVersion(apiKey=13, minVersion=0, maxVersion=5), ApiVersion(apiKey=14, minVersion=0, maxVersion=5), ApiVersion(apiKey=15, minVersion=0, maxVersion=6), ApiVersion(apiKey=16, minVersion=0, maxVersion=5), ApiVersion(apiKey=17, minVersion=0, maxVersion=1), ApiVersion(apiKey=18, minVersion=0, maxVersion=4), ApiVersion(apiKey=19, minVersion=2, maxVersion=7), ApiVersion(apiKey=20, minVersion=1, maxVersion=6), ApiVersion(apiKey=21, minVersion=0, maxVersion=2), ApiVersion(apiKey=22, minVersion=0, maxVersion=5), ApiVersion(apiKey=23, minVersion=2, maxVersion=4), ApiVersion(apiKey=24, minVersion=0, maxVersion=5), ApiVersion(apiKey=25, minVersion=0, maxVersion=4), ApiVersion(apiKey=26, minVersion=0, maxVersion=5), ApiVersion(apiKey=27, minVersion=1, maxVersion=1), ApiVersion(apiKey=28, minVersion=0, maxVersion=5), ApiVersion(apiKey=29, minVersion=1, maxVersion=3), ApiVersion(apiKey=30, minVersion=1, maxVersion=3), ApiVersion(apiKey=31, minVersion=1, maxVersion=3), ApiVersion(apiKey=32, minVersion=1, maxVersion=4), ApiVersion(apiKey=33, minVersion=0, maxVersion=2), ApiVersion(apiKey=34, minVersion=1, maxVersion=2), ApiVersion(apiKey=35, minVersion=1, maxVersion=4), ApiVersion(apiKey=36, minVersion=0, maxVersion=2), ApiVersion(apiKey=37, minVersion=0, maxVersion=3), ApiVersion(apiKey=38, minVersion=1, maxVersion=3), ApiVersion(apiKey=39, minVersion=1, maxVersion=2), ApiVersion(apiKey=40, minVersion=1, maxVersion=2), ApiVersion(apiKey=41, minVersion=1, maxVersion=3), ApiVersion(apiKey=42, minVersion=0, maxVersion=2), ApiVersion(apiKey=43, minVersion=0, maxVersion=2), ApiVersion(apiKey=44, minVersion=0, maxVersion=1), ApiVersion(apiKey=45, minVersion=0, maxVersion=1), ApiVersion(apiKey=46, minVersion=0, maxVersion=0), ApiVersion(apiKey=47, minVersion=0, maxVersion=0), ApiVersion(apiKey=48, minVersion=0, maxVersion=1), ApiVersion(apiKey=49, minVersion=0, maxVersion=1), ApiVersion(apiKey=50, minVersion=0, maxVersion=0), ApiVersion(apiKey=51, minVersion=0, maxVersion=0), ApiVersion(apiKey=55, minVersion=0, maxVersion=2), ApiVersion(apiKey=57, minVersion=0, maxVersion=2), ApiVersion(apiKey=60, minVersion=0, maxVersion=2), ApiVersion(apiKey=61, minVersion=0, maxVersion=0), ApiVersion(apiKey=64, minVersion=0, maxVersion=0), ApiVersion(apiKey=65, minVersion=0, maxVersion=0), ApiVersion(apiKey=66, minVersion=0, maxVersion=2), ApiVersion(apiKey=68, minVersion=0, maxVersion=1), ApiVersion(apiKey=69, minVersion=0, maxVersion=1), ApiVersion(apiKey=74, minVersion=0, maxVersion=1), ApiVersion(apiKey=75, minVersion=0, maxVersion=0), ApiVersion(apiKey=76, minVersion=1, maxVersion=1), ApiVersion(apiKey=77, minVersion=1, maxVersion=1), ApiVersion(apiKey=78, minVersion=1, maxVersion=1), ApiVersion(apiKey=79, minVersion=1, maxVersion=1), ApiVersion(apiKey=80, minVersion=0, maxVersion=0), ApiVersion(apiKey=81, minVersion=0, maxVersion=0), ApiVersion(apiKey=83, minVersion=0, maxVersion=0), ApiVersion(apiKey=84, minVersion=0, maxVersion=0), ApiVersion(apiKey=85, minVersion=0, maxVersion=0), ApiVersion(apiKey=86, minVersion=0, maxVersion=0), ApiVersion(apiKey=87, minVersion=0, maxVersion=0), ApiVersion(apiKey=90, minVersion=0, maxVersion=0), ApiVersion(apiKey=91, minVersion=0, maxVersion=0), ApiVersion(apiKey=92, minVersion=0, maxVersion=0)], throttleTimeMs=0, supportedFeatures=[SupportedFeatureKey(name='group.version', minVersion=0, maxVersion=1), SupportedFeatureKey(name='kraft.version', minVersion=0, maxVersion=1), SupportedFeatureKey(name='metadata.version', minVersion=7, maxVersion=27), SupportedFeatureKey(name='share.version', minVersion=0, maxVersion=1), SupportedFeatureKey(name='transaction.version', minVersion=0, maxVersion=2), SupportedFeatureKey(name='eligible.leader.replicas.version', minVersion=0, maxVersion=1)], finalizedFeaturesEpoch=67532, finalizedFeatures=[FinalizedFeatureKey(name='group.version', maxVersionLevel=1, minVersionLevel=1), FinalizedFeatureKey(name='transaction.version', maxVersionLevel=2, minVersionLevel=2), FinalizedFeatureKey(name='eligible.leader.replicas.version', maxVersionLevel=1, minVersionLevel=1), FinalizedFeatureKey(name='metadata.version', maxVersionLevel=27, minVersionLevel=27)], zkMigrationReady=false)
21:34:34.931 [main] DEBUG org.apache.kafka.clients.NetworkClient - [Consumer clientId=consumer-karate-test-group-1, groupId=karate-test-group] Node -1 has finalized features epoch: 67532, finalized features: [FinalizedFeatureKey(name='group.version', maxVersionLevel=1, minVersionLevel=1), FinalizedFeatureKey(name='transaction.version', maxVersionLevel=2, minVersionLevel=2), FinalizedFeatureKey(name='eligible.leader.replicas.version', maxVersionLevel=1, minVersionLevel=1), FinalizedFeatureKey(name='metadata.version', maxVersionLevel=27, minVersionLevel=27)], supported features: [SupportedFeatureKey(name='group.version', minVersion=0, maxVersion=1), SupportedFeatureKey(name='kraft.version', minVersion=0, maxVersion=1), SupportedFeatureKey(name='metadata.version', minVersion=7, maxVersion=27), SupportedFeatureKey(name='share.version', minVersion=0, maxVersion=1), SupportedFeatureKey(name='transaction.version', minVersion=0, maxVersion=2), SupportedFeatureKey(name='eligible.leader.replicas.version', minVersion=0, maxVersion=1)], ZK migration ready: false, API versions: (Produce(0): 0 to 13 [usable: 13], Fetch(1): 4 to 18 [usable: 18], ListOffsets(2): 1 to 10 [usable: 10], Metadata(3): 0 to 13 [usable: 13], OffsetCommit(8): 2 to 9 [usable: 9], OffsetFetch(9): 1 to 9 [usable: 9], FindCoordinator(10): 0 to 6 [usable: 6], JoinGroup(11): 0 to 9 [usable: 9], Heartbeat(12): 0 to 4 [usable: 4], LeaveGroup(13): 0 to 5 [usable: 5], SyncGroup(14): 0 to 5 [usable: 5], DescribeGroups(15): 0 to 6 [usable: 6], ListGroups(16): 0 to 5 [usable: 5], SaslHandshake(17): 0 to 1 [usable: 1], ApiVersions(18): 0 to 4 [usable: 4], CreateTopics(19): 2 to 7 [usable: 7], DeleteTopics(20): 1 to 6 [usable: 6], DeleteRecords(21): 0 to 2 [usable: 2], InitProducerId(22): 0 to 5 [usable: 5], OffsetForLeaderEpoch(23): 2 to 4 [usable: 4], AddPartitionsToTxn(24): 0 to 5 [usable: 5], AddOffsetsToTxn(25): 0 to 4 [usable: 4], EndTxn(26): 0 to 5 [usable: 5], WriteTxnMarkers(27): 1 [usable: 1], TxnOffsetCommit(28): 0 to 5 [usable: 5], DescribeAcls(29): 1 to 3 [usable: 3], CreateAcls(30): 1 to 3 [usable: 3], DeleteAcls(31): 1 to 3 [usable: 3], DescribeConfigs(32): 1 to 4 [usable: 4], AlterConfigs(33): 0 to 2 [usable: 2], AlterReplicaLogDirs(34): 1 to 2 [usable: 2], DescribeLogDirs(35): 1 to 4 [usable: 4], SaslAuthenticate(36): 0 to 2 [usable: 2], CreatePartitions(37): 0 to 3 [usable: 3], CreateDelegationToken(38): 1 to 3 [usable: 3], RenewDelegationToken(39): 1 to 2 [usable: 2], ExpireDelegationToken(40): 1 to 2 [usable: 2], DescribeDelegationToken(41): 1 to 3 [usable: 3], DeleteGroups(42): 0 to 2 [usable: 2], ElectLeaders(43): 0 to 2 [usable: 2], IncrementalAlterConfigs(44): 0 to 1 [usable: 1], AlterPartitionReassignments(45): 0 to 1 [usable: 1], ListPartitionReassignments(46): 0 [usable: 0], OffsetDelete(47): 0 [usable: 0], DescribeClientQuotas(48): 0 to 1 [usable: 1], AlterClientQuotas(49): 0 to 1 [usable: 1], DescribeUserScramCredentials(50): 0 [usable: 0], AlterUserScramCredentials(51): 0 [usable: 0], DescribeQuorum(55): 0 to 2 [usable: 2], UpdateFeatures(57): 0 to 2 [usable: 2], DescribeCluster(60): 0 to 2 [usable: 2], DescribeProducers(61): 0 [usable: 0], UnregisterBroker(64): 0 [usable: 0], DescribeTransactions(65): 0 [usable: 0], ListTransactions(66): 0 to 2 [usable: 2], ConsumerGroupHeartbeat(68): 0 to 1 [usable: 1], ConsumerGroupDescribe(69): 0 to 1 [usable: 1], GetTelemetrySubscriptions(71): UNSUPPORTED, PushTelemetry(72): UNSUPPORTED, ListConfigResources(74): 0 to 1 [usable: 1], DescribeTopicPartitions(75): 0 [usable: 0], ShareGroupHeartbeat(76): 1 [usable: 1], ShareGroupDescribe(77): 1 [usable: 1], ShareFetch(78): 1 [usable: 1], ShareAcknowledge(79): 1 [usable: 1], AddRaftVoter(80): 0 [usable: 0], RemoveRaftVoter(81): 0 [usable: 0], InitializeShareGroupState(83): 0 [usable: 0], ReadShareGroupState(84): 0 [usable: 0], WriteShareGroupState(85): 0 [usable: 0], DeleteShareGroupState(86): 0 [usable: 0], ReadShareGroupStateSummary(87): 0 [usable: 0], StreamsGroupHeartbeat(88): UNSUPPORTED, StreamsGroupDescribe(89): UNSUPPORTED, DescribeShareGroupOffsets(90): 0 [usable: 0], AlterShareGroupOffsets(91): 0 [usable: 0], DeleteShareGroupOffsets(92): 0 [usable: 0]).
21:34:34.931 [main] DEBUG org.apache.kafka.clients.NetworkClient - [Consumer clientId=consumer-karate-test-group-1, groupId=karate-test-group] Sending metadata request MetadataRequestData(topics=[MetadataRequestTopic(topicId=AAAAAAAAAAAAAAAAAAAAAA, name='todos-dev-topic')], allowAutoTopicCreation=true, includeClusterAuthorizedOperations=false, includeTopicAuthorizedOperations=false) to node localhost:9092 (id: -1 rack: null isFenced: false)
21:34:34.931 [main] DEBUG org.apache.kafka.clients.NetworkClient - [Consumer clientId=consumer-karate-test-group-1, groupId=karate-test-group] Sending METADATA request with header RequestHeader(apiKey=METADATA, apiVersion=13, clientId=consumer-karate-test-group-1, correlationId=2, headerVersion=2) and timeout 30000 to node -1: MetadataRequestData(topics=[MetadataRequestTopic(topicId=AAAAAAAAAAAAAAAAAAAAAA, name='todos-dev-topic')], allowAutoTopicCreation=true, includeClusterAuthorizedOperations=false, includeTopicAuthorizedOperations=false)
21:34:34.931 [main] DEBUG org.apache.kafka.clients.NetworkClient - [Consumer clientId=consumer-karate-test-group-1, groupId=karate-test-group] Give up sending telemetry request since no node is available
21:34:34.931 [main] DEBUG org.apache.kafka.clients.NetworkClient - [Consumer clientId=consumer-karate-test-group-1, groupId=karate-test-group] Sending FIND_COORDINATOR request with header RequestHeader(apiKey=FIND_COORDINATOR, apiVersion=6, clientId=consumer-karate-test-group-1, correlationId=0, headerVersion=2) and timeout 30000 to node -1: FindCoordinatorRequestData(key='', keyType=0, coordinatorKeys=[karate-test-group])
21:34:34.931 [main] DEBUG org.apache.kafka.clients.NetworkClient - [Consumer clientId=consumer-karate-test-group-1, groupId=karate-test-group] Give up sending telemetry request since no node is available
21:34:34.931 [main] DEBUG org.apache.kafka.common.telemetry.internals.ClientTelemetryReporter - Creating telemetry subscription request with client instance id AAAAAAAAAAAAAAAAAAAAAA
21:34:34.931 [main] DEBUG org.apache.kafka.common.telemetry.internals.ClientTelemetryReporter - Setting telemetry state from SUBSCRIPTION_NEEDED to SUBSCRIPTION_IN_PROGRESS
21:34:34.931 [main] DEBUG org.apache.kafka.clients.NetworkClient - [Consumer clientId=consumer-karate-test-group-1, groupId=karate-test-group] Version mismatch when attempting to send GetTelemetrySubscriptionsRequestData(clientInstanceId=AAAAAAAAAAAAAAAAAAAAAA) with correlation id 3 to -1
org.apache.kafka.common.errors.UnsupportedVersionException: The node does not support GET_TELEMETRY_SUBSCRIPTIONS
21:34:34.931 [main] DEBUG org.apache.kafka.common.telemetry.internals.ClientTelemetryReporter - The broker generated an error for the get telemetry network API request
org.apache.kafka.common.errors.UnsupportedVersionException: The node does not support GET_TELEMETRY_SUBSCRIPTIONS
21:34:34.931 [main] DEBUG org.apache.kafka.common.telemetry.internals.ClientTelemetryReporter - Updating intervalMs: 300000, lastRequestMs: 1761510874931
21:34:34.931 [main] DEBUG org.apache.kafka.common.telemetry.internals.ClientTelemetryReporter - Setting telemetry state from SUBSCRIPTION_IN_PROGRESS to SUBSCRIPTION_NEEDED
21:34:34.932 [main] DEBUG org.apache.kafka.clients.NetworkClient - [Consumer clientId=consumer-karate-test-group-1, groupId=karate-test-group] Received METADATA response from node -1 for request with header RequestHeader(apiKey=METADATA, apiVersion=13, clientId=consumer-karate-test-group-1, correlationId=2, headerVersion=2): MetadataResponseData(throttleTimeMs=0, brokers=[MetadataResponseBroker(nodeId=1, host='localhost', port=9092, rack=null)], clusterId='5L6g3nShT-eMCtK--X86sw', controllerId=1, topics=[MetadataResponseTopic(errorCode=0, name='todos-dev-topic', topicId=TbRm1Xq6TeuEq4nIZCZGiA, isInternal=false, partitions=[MetadataResponsePartition(errorCode=0, partitionIndex=0, leaderId=1, leaderEpoch=2, replicaNodes=[1], isrNodes=[1], offlineReplicas=[])], topicAuthorizedOperations=-2147483648)], clusterAuthorizedOperations=-2147483648, errorCode=0)
21:34:34.932 [main] DEBUG org.apache.kafka.clients.Metadata - [Consumer clientId=consumer-karate-test-group-1, groupId=karate-test-group] Setting the last seen epoch of partition todos-dev-topic-0 to 2 since the last known epoch was undefined.
21:34:34.932 [main] INFO org.apache.kafka.clients.Metadata - [Consumer clientId=consumer-karate-test-group-1, groupId=karate-test-group] Cluster ID: 5L6g3nShT-eMCtK--X86sw
21:34:34.932 [main] DEBUG org.apache.kafka.clients.Metadata - [Consumer clientId=consumer-karate-test-group-1, groupId=karate-test-group] Updated cluster metadata updateVersion 2 to MetadataSnapshot{clusterId='5L6g3nShT-eMCtK--X86sw', nodes={1=localhost:9092 (id: 1 rack: null isFenced: false)}, partitions=[PartitionMetadata(error=NONE, partition=todos-dev-topic-0, leader=Optional[1], leaderEpoch=Optional[2], replicas=1, isr=1, offlineReplicas=)], controller=localhost:9092 (id: 1 rack: null isFenced: false)}
21:34:34.944 [main] DEBUG org.apache.kafka.clients.NetworkClient - [Consumer clientId=consumer-karate-test-group-1, groupId=karate-test-group] Received FIND_COORDINATOR response from node -1 for request with header RequestHeader(apiKey=FIND_COORDINATOR, apiVersion=6, clientId=consumer-karate-test-group-1, correlationId=0, headerVersion=2): FindCoordinatorResponseData(throttleTimeMs=0, errorCode=0, errorMessage='', nodeId=0, host='', port=0, coordinators=[Coordinator(key='karate-test-group', nodeId=1, host='localhost', port=9092, errorCode=0, errorMessage='')])
21:34:34.945 [main] DEBUG org.apache.kafka.clients.consumer.internals.ConsumerCoordinator - [Consumer clientId=consumer-karate-test-group-1, groupId=karate-test-group] Received FindCoordinator response ClientResponse(receivedTimeMs=1761510874941, latencyMs=13, disconnected=false, timedOut=false, requestHeader=RequestHeader(apiKey=FIND_COORDINATOR, apiVersion=6, clientId=consumer-karate-test-group-1, correlationId=0, headerVersion=2), responseBody=FindCoordinatorResponseData(throttleTimeMs=0, errorCode=0, errorMessage='', nodeId=0, host='', port=0, coordinators=[Coordinator(key='karate-test-group', nodeId=1, host='localhost', port=9092, errorCode=0, errorMessage='')]))
21:34:34.945 [main] INFO org.apache.kafka.clients.consumer.internals.ConsumerCoordinator - [Consumer clientId=consumer-karate-test-group-1, groupId=karate-test-group] Discovered group coordinator localhost:9092 (id: 2147483646 rack: null isFenced: false)
21:34:34.945 [main] DEBUG org.apache.kafka.clients.ClientUtils - Resolved host localhost as 127.0.0.1
21:34:34.945 [main] DEBUG org.apache.kafka.clients.ClusterConnectionStates - [Consumer clientId=consumer-karate-test-group-1, groupId=karate-test-group] Resolved host localhost to addresses [localhost/127.0.0.1]
21:34:34.945 [main] DEBUG org.apache.kafka.clients.NetworkClient - [Consumer clientId=consumer-karate-test-group-1, groupId=karate-test-group] Initiating connection to node localhost:9092 (id: 2147483646 rack: null isFenced: false) using address localhost/127.0.0.1
21:34:34.946 [main] DEBUG org.apache.kafka.clients.consumer.internals.ConsumerCoordinator - [Consumer clientId=consumer-karate-test-group-1, groupId=karate-test-group] Executing onJoinPrepare with generation -1 and memberId 
21:34:34.946 [main] DEBUG org.apache.kafka.clients.consumer.internals.ConsumerCoordinator - [Consumer clientId=consumer-karate-test-group-1, groupId=karate-test-group] Marking assigned partitions pending for revocation: []
21:34:34.946 [kafka-coordinator-heartbeat-thread | karate-test-group] DEBUG org.apache.kafka.clients.consumer.internals.ConsumerCoordinator - [Consumer clientId=consumer-karate-test-group-1, groupId=karate-test-group] Heartbeat thread started
21:34:34.947 [main] DEBUG org.apache.kafka.clients.consumer.internals.ConsumerCoordinator - [Consumer clientId=consumer-karate-test-group-1, groupId=karate-test-group] Sending asynchronous auto-commit of offsets {}
21:34:34.948 [main] DEBUG org.apache.kafka.common.network.Selector - [Consumer clientId=consumer-karate-test-group-1, groupId=karate-test-group] Created socket with SO_RCVBUF = 342972, SO_SNDBUF = 146988, SO_TIMEOUT = 0 to node 2147483646
21:34:34.948 [main] DEBUG org.apache.kafka.clients.NetworkClient - [Consumer clientId=consumer-karate-test-group-1, groupId=karate-test-group] Completed connection to node 2147483646. Fetching API versions.
21:34:34.948 [main] DEBUG org.apache.kafka.clients.NetworkClient - [Consumer clientId=consumer-karate-test-group-1, groupId=karate-test-group] Initiating API versions fetch from node 2147483646.
21:34:34.948 [main] DEBUG org.apache.kafka.clients.NetworkClient - [Consumer clientId=consumer-karate-test-group-1, groupId=karate-test-group] Sending API_VERSIONS request with header RequestHeader(apiKey=API_VERSIONS, apiVersion=4, clientId=consumer-karate-test-group-1, correlationId=4, headerVersion=2) and timeout 30000 to node 2147483646: ApiVersionsRequestData(clientSoftwareName='apache-kafka-java', clientSoftwareVersion='4.1.0')
21:34:34.949 [main] INFO org.apache.kafka.clients.consumer.internals.ConsumerCoordinator - [Consumer clientId=consumer-karate-test-group-1, groupId=karate-test-group] (Re-)joining group
21:34:34.949 [main] DEBUG org.apache.kafka.clients.consumer.internals.ConsumerCoordinator - [Consumer clientId=consumer-karate-test-group-1, groupId=karate-test-group] Joining group with current subscription: [todos-dev-topic]
21:34:34.956 [main] DEBUG org.apache.kafka.clients.consumer.internals.ConsumerCoordinator - [Consumer clientId=consumer-karate-test-group-1, groupId=karate-test-group] Sending JoinGroup (JoinGroupRequestData(groupId='karate-test-group', sessionTimeoutMs=45000, rebalanceTimeoutMs=300000, memberId='', groupInstanceId=null, protocolType='consumer', protocols=[JoinGroupRequestProtocol(name='range', metadata=[0, 3, 0, 0, 0, 1, 0, 15, 116, 111, 100, 111, 115, 45, 100, 101, 118, 45, 116, 111, 112, 105, 99, -1, -1, -1, -1, 0, 0, 0, 0, -1, -1, -1, -1, -1, -1]), JoinGroupRequestProtocol(name='cooperative-sticky', metadata=[0, 3, 0, 0, 0, 1, 0, 15, 116, 111, 100, 111, 115, 45, 100, 101, 118, 45, 116, 111, 112, 105, 99, 0, 0, 0, 4, -1, -1, -1, -1, 0, 0, 0, 0, -1, -1, -1, -1, -1, -1])], reason='')) to coordinator localhost:9092 (id: 2147483646 rack: null isFenced: false)
21:34:34.957 [main] DEBUG org.apache.kafka.clients.NetworkClient - [Consumer clientId=consumer-karate-test-group-1, groupId=karate-test-group] Received API_VERSIONS response from node 2147483646 for request with header RequestHeader(apiKey=API_VERSIONS, apiVersion=4, clientId=consumer-karate-test-group-1, correlationId=4, headerVersion=2): ApiVersionsResponseData(errorCode=0, apiKeys=[ApiVersion(apiKey=0, minVersion=0, maxVersion=13), ApiVersion(apiKey=1, minVersion=4, maxVersion=18), ApiVersion(apiKey=2, minVersion=1, maxVersion=10), ApiVersion(apiKey=3, minVersion=0, maxVersion=13), ApiVersion(apiKey=8, minVersion=2, maxVersion=9), ApiVersion(apiKey=9, minVersion=1, maxVersion=9), ApiVersion(apiKey=10, minVersion=0, maxVersion=6), ApiVersion(apiKey=11, minVersion=0, maxVersion=9), ApiVersion(apiKey=12, minVersion=0, maxVersion=4), ApiVersion(apiKey=13, minVersion=0, maxVersion=5), ApiVersion(apiKey=14, minVersion=0, maxVersion=5), ApiVersion(apiKey=15, minVersion=0, maxVersion=6), ApiVersion(apiKey=16, minVersion=0, maxVersion=5), ApiVersion(apiKey=17, minVersion=0, maxVersion=1), ApiVersion(apiKey=18, minVersion=0, maxVersion=4), ApiVersion(apiKey=19, minVersion=2, maxVersion=7), ApiVersion(apiKey=20, minVersion=1, maxVersion=6), ApiVersion(apiKey=21, minVersion=0, maxVersion=2), ApiVersion(apiKey=22, minVersion=0, maxVersion=5), ApiVersion(apiKey=23, minVersion=2, maxVersion=4), ApiVersion(apiKey=24, minVersion=0, maxVersion=5), ApiVersion(apiKey=25, minVersion=0, maxVersion=4), ApiVersion(apiKey=26, minVersion=0, maxVersion=5), ApiVersion(apiKey=27, minVersion=1, maxVersion=1), ApiVersion(apiKey=28, minVersion=0, maxVersion=5), ApiVersion(apiKey=29, minVersion=1, maxVersion=3), ApiVersion(apiKey=30, minVersion=1, maxVersion=3), ApiVersion(apiKey=31, minVersion=1, maxVersion=3), ApiVersion(apiKey=32, minVersion=1, maxVersion=4), ApiVersion(apiKey=33, minVersion=0, maxVersion=2), ApiVersion(apiKey=34, minVersion=1, maxVersion=2), ApiVersion(apiKey=35, minVersion=1, maxVersion=4), ApiVersion(apiKey=36, minVersion=0, maxVersion=2), ApiVersion(apiKey=37, minVersion=0, maxVersion=3), ApiVersion(apiKey=38, minVersion=1, maxVersion=3), ApiVersion(apiKey=39, minVersion=1, maxVersion=2), ApiVersion(apiKey=40, minVersion=1, maxVersion=2), ApiVersion(apiKey=41, minVersion=1, maxVersion=3), ApiVersion(apiKey=42, minVersion=0, maxVersion=2), ApiVersion(apiKey=43, minVersion=0, maxVersion=2), ApiVersion(apiKey=44, minVersion=0, maxVersion=1), ApiVersion(apiKey=45, minVersion=0, maxVersion=1), ApiVersion(apiKey=46, minVersion=0, maxVersion=0), ApiVersion(apiKey=47, minVersion=0, maxVersion=0), ApiVersion(apiKey=48, minVersion=0, maxVersion=1), ApiVersion(apiKey=49, minVersion=0, maxVersion=1), ApiVersion(apiKey=50, minVersion=0, maxVersion=0), ApiVersion(apiKey=51, minVersion=0, maxVersion=0), ApiVersion(apiKey=55, minVersion=0, maxVersion=2), ApiVersion(apiKey=57, minVersion=0, maxVersion=2), ApiVersion(apiKey=60, minVersion=0, maxVersion=2), ApiVersion(apiKey=61, minVersion=0, maxVersion=0), ApiVersion(apiKey=64, minVersion=0, maxVersion=0), ApiVersion(apiKey=65, minVersion=0, maxVersion=0), ApiVersion(apiKey=66, minVersion=0, maxVersion=2), ApiVersion(apiKey=68, minVersion=0, maxVersion=1), ApiVersion(apiKey=69, minVersion=0, maxVersion=1), ApiVersion(apiKey=74, minVersion=0, maxVersion=1), ApiVersion(apiKey=75, minVersion=0, maxVersion=0), ApiVersion(apiKey=76, minVersion=1, maxVersion=1), ApiVersion(apiKey=77, minVersion=1, maxVersion=1), ApiVersion(apiKey=78, minVersion=1, maxVersion=1), ApiVersion(apiKey=79, minVersion=1, maxVersion=1), ApiVersion(apiKey=80, minVersion=0, maxVersion=0), ApiVersion(apiKey=81, minVersion=0, maxVersion=0), ApiVersion(apiKey=83, minVersion=0, maxVersion=0), ApiVersion(apiKey=84, minVersion=0, maxVersion=0), ApiVersion(apiKey=85, minVersion=0, maxVersion=0), ApiVersion(apiKey=86, minVersion=0, maxVersion=0), ApiVersion(apiKey=87, minVersion=0, maxVersion=0), ApiVersion(apiKey=90, minVersion=0, maxVersion=0), ApiVersion(apiKey=91, minVersion=0, maxVersion=0), ApiVersion(apiKey=92, minVersion=0, maxVersion=0)], throttleTimeMs=0, supportedFeatures=[SupportedFeatureKey(name='group.version', minVersion=0, maxVersion=1), SupportedFeatureKey(name='kraft.version', minVersion=0, maxVersion=1), SupportedFeatureKey(name='metadata.version', minVersion=7, maxVersion=27), SupportedFeatureKey(name='share.version', minVersion=0, maxVersion=1), SupportedFeatureKey(name='transaction.version', minVersion=0, maxVersion=2), SupportedFeatureKey(name='eligible.leader.replicas.version', minVersion=0, maxVersion=1)], finalizedFeaturesEpoch=67532, finalizedFeatures=[FinalizedFeatureKey(name='group.version', maxVersionLevel=1, minVersionLevel=1), FinalizedFeatureKey(name='transaction.version', maxVersionLevel=2, minVersionLevel=2), FinalizedFeatureKey(name='eligible.leader.replicas.version', maxVersionLevel=1, minVersionLevel=1), FinalizedFeatureKey(name='metadata.version', maxVersionLevel=27, minVersionLevel=27)], zkMigrationReady=false)
21:34:34.958 [main] DEBUG org.apache.kafka.clients.NetworkClient - [Consumer clientId=consumer-karate-test-group-1, groupId=karate-test-group] Node 2147483646 has finalized features epoch: 67532, finalized features: [FinalizedFeatureKey(name='group.version', maxVersionLevel=1, minVersionLevel=1), FinalizedFeatureKey(name='transaction.version', maxVersionLevel=2, minVersionLevel=2), FinalizedFeatureKey(name='eligible.leader.replicas.version', maxVersionLevel=1, minVersionLevel=1), FinalizedFeatureKey(name='metadata.version', maxVersionLevel=27, minVersionLevel=27)], supported features: [SupportedFeatureKey(name='group.version', minVersion=0, maxVersion=1), SupportedFeatureKey(name='kraft.version', minVersion=0, maxVersion=1), SupportedFeatureKey(name='metadata.version', minVersion=7, maxVersion=27), SupportedFeatureKey(name='share.version', minVersion=0, maxVersion=1), SupportedFeatureKey(name='transaction.version', minVersion=0, maxVersion=2), SupportedFeatureKey(name='eligible.leader.replicas.version', minVersion=0, maxVersion=1)], ZK migration ready: false, API versions: (Produce(0): 0 to 13 [usable: 13], Fetch(1): 4 to 18 [usable: 18], ListOffsets(2): 1 to 10 [usable: 10], Metadata(3): 0 to 13 [usable: 13], OffsetCommit(8): 2 to 9 [usable: 9], OffsetFetch(9): 1 to 9 [usable: 9], FindCoordinator(10): 0 to 6 [usable: 6], JoinGroup(11): 0 to 9 [usable: 9], Heartbeat(12): 0 to 4 [usable: 4], LeaveGroup(13): 0 to 5 [usable: 5], SyncGroup(14): 0 to 5 [usable: 5], DescribeGroups(15): 0 to 6 [usable: 6], ListGroups(16): 0 to 5 [usable: 5], SaslHandshake(17): 0 to 1 [usable: 1], ApiVersions(18): 0 to 4 [usable: 4], CreateTopics(19): 2 to 7 [usable: 7], DeleteTopics(20): 1 to 6 [usable: 6], DeleteRecords(21): 0 to 2 [usable: 2], InitProducerId(22): 0 to 5 [usable: 5], OffsetForLeaderEpoch(23): 2 to 4 [usable: 4], AddPartitionsToTxn(24): 0 to 5 [usable: 5], AddOffsetsToTxn(25): 0 to 4 [usable: 4], EndTxn(26): 0 to 5 [usable: 5], WriteTxnMarkers(27): 1 [usable: 1], TxnOffsetCommit(28): 0 to 5 [usable: 5], DescribeAcls(29): 1 to 3 [usable: 3], CreateAcls(30): 1 to 3 [usable: 3], DeleteAcls(31): 1 to 3 [usable: 3], DescribeConfigs(32): 1 to 4 [usable: 4], AlterConfigs(33): 0 to 2 [usable: 2], AlterReplicaLogDirs(34): 1 to 2 [usable: 2], DescribeLogDirs(35): 1 to 4 [usable: 4], SaslAuthenticate(36): 0 to 2 [usable: 2], CreatePartitions(37): 0 to 3 [usable: 3], CreateDelegationToken(38): 1 to 3 [usable: 3], RenewDelegationToken(39): 1 to 2 [usable: 2], ExpireDelegationToken(40): 1 to 2 [usable: 2], DescribeDelegationToken(41): 1 to 3 [usable: 3], DeleteGroups(42): 0 to 2 [usable: 2], ElectLeaders(43): 0 to 2 [usable: 2], IncrementalAlterConfigs(44): 0 to 1 [usable: 1], AlterPartitionReassignments(45): 0 to 1 [usable: 1], ListPartitionReassignments(46): 0 [usable: 0], OffsetDelete(47): 0 [usable: 0], DescribeClientQuotas(48): 0 to 1 [usable: 1], AlterClientQuotas(49): 0 to 1 [usable: 1], DescribeUserScramCredentials(50): 0 [usable: 0], AlterUserScramCredentials(51): 0 [usable: 0], DescribeQuorum(55): 0 to 2 [usable: 2], UpdateFeatures(57): 0 to 2 [usable: 2], DescribeCluster(60): 0 to 2 [usable: 2], DescribeProducers(61): 0 [usable: 0], UnregisterBroker(64): 0 [usable: 0], DescribeTransactions(65): 0 [usable: 0], ListTransactions(66): 0 to 2 [usable: 2], ConsumerGroupHeartbeat(68): 0 to 1 [usable: 1], ConsumerGroupDescribe(69): 0 to 1 [usable: 1], GetTelemetrySubscriptions(71): UNSUPPORTED, PushTelemetry(72): UNSUPPORTED, ListConfigResources(74): 0 to 1 [usable: 1], DescribeTopicPartitions(75): 0 [usable: 0], ShareGroupHeartbeat(76): 1 [usable: 1], ShareGroupDescribe(77): 1 [usable: 1], ShareFetch(78): 1 [usable: 1], ShareAcknowledge(79): 1 [usable: 1], AddRaftVoter(80): 0 [usable: 0], RemoveRaftVoter(81): 0 [usable: 0], InitializeShareGroupState(83): 0 [usable: 0], ReadShareGroupState(84): 0 [usable: 0], WriteShareGroupState(85): 0 [usable: 0], DeleteShareGroupState(86): 0 [usable: 0], ReadShareGroupStateSummary(87): 0 [usable: 0], StreamsGroupHeartbeat(88): UNSUPPORTED, StreamsGroupDescribe(89): UNSUPPORTED, DescribeShareGroupOffsets(90): 0 [usable: 0], AlterShareGroupOffsets(91): 0 [usable: 0], DeleteShareGroupOffsets(92): 0 [usable: 0]).
21:34:34.958 [main] DEBUG org.apache.kafka.clients.NetworkClient - [Consumer clientId=consumer-karate-test-group-1, groupId=karate-test-group] Sending JOIN_GROUP request with header RequestHeader(apiKey=JOIN_GROUP, apiVersion=9, clientId=consumer-karate-test-group-1, correlationId=5, headerVersion=2) and timeout 305000 to node 2147483646: JoinGroupRequestData(groupId='karate-test-group', sessionTimeoutMs=45000, rebalanceTimeoutMs=300000, memberId='', groupInstanceId=null, protocolType='consumer', protocols=[JoinGroupRequestProtocol(name='range', metadata=[0, 3, 0, 0, 0, 1, 0, 15, 116, 111, 100, 111, 115, 45, 100, 101, 118, 45, 116, 111, 112, 105, 99, -1, -1, -1, -1, 0, 0, 0, 0, -1, -1, -1, -1, -1, -1]), JoinGroupRequestProtocol(name='cooperative-sticky', metadata=[0, 3, 0, 0, 0, 1, 0, 15, 116, 111, 100, 111, 115, 45, 100, 101, 118, 45, 116, 111, 112, 105, 99, 0, 0, 0, 4, -1, -1, -1, -1, 0, 0, 0, 0, -1, -1, -1, -1, -1, -1])], reason='')
21:34:34.960 [main] DEBUG org.apache.kafka.clients.consumer.internals.ConsumerCoordinator - [Consumer clientId=consumer-karate-test-group-1, groupId=karate-test-group] Completed asynchronous auto-commit of offsets {}
21:34:34.979 [main] DEBUG org.apache.kafka.clients.NetworkClient - [Consumer clientId=consumer-karate-test-group-1, groupId=karate-test-group] Received JOIN_GROUP response from node 2147483646 for request with header RequestHeader(apiKey=JOIN_GROUP, apiVersion=9, clientId=consumer-karate-test-group-1, correlationId=5, headerVersion=2): JoinGroupResponseData(throttleTimeMs=0, errorCode=79, generationId=-1, protocolType=null, protocolName=null, leader='', skipAssignment=false, memberId='consumer-karate-test-group-1-6e963c37-c214-45ad-9167-ade78c351f8b', members=[])
21:34:34.980 [main] DEBUG org.apache.kafka.clients.consumer.internals.ConsumerCoordinator - [Consumer clientId=consumer-karate-test-group-1, groupId=karate-test-group] JoinGroup failed due to non-fatal error: MEMBER_ID_REQUIRED. Will set the member id as consumer-karate-test-group-1-6e963c37-c214-45ad-9167-ade78c351f8b and then rejoin. Sent generation was Generation{generationId=-1, memberId='', protocol='null'}
21:34:34.980 [main] INFO org.apache.kafka.clients.consumer.internals.ConsumerCoordinator - [Consumer clientId=consumer-karate-test-group-1, groupId=karate-test-group] Request joining group due to: need to re-join with the given member-id: consumer-karate-test-group-1-6e963c37-c214-45ad-9167-ade78c351f8b
21:34:34.980 [main] INFO org.apache.kafka.clients.consumer.internals.ConsumerCoordinator - [Consumer clientId=consumer-karate-test-group-1, groupId=karate-test-group] (Re-)joining group
21:34:34.980 [main] DEBUG org.apache.kafka.clients.consumer.internals.ConsumerCoordinator - [Consumer clientId=consumer-karate-test-group-1, groupId=karate-test-group] Joining group with current subscription: [todos-dev-topic]
21:34:34.980 [main] DEBUG org.apache.kafka.clients.consumer.internals.ConsumerCoordinator - [Consumer clientId=consumer-karate-test-group-1, groupId=karate-test-group] Sending JoinGroup (JoinGroupRequestData(groupId='karate-test-group', sessionTimeoutMs=45000, rebalanceTimeoutMs=300000, memberId='consumer-karate-test-group-1-6e963c37-c214-45ad-9167-ade78c351f8b', groupInstanceId=null, protocolType='consumer', protocols=[JoinGroupRequestProtocol(name='range', metadata=[0, 3, 0, 0, 0, 1, 0, 15, 116, 111, 100, 111, 115, 45, 100, 101, 118, 45, 116, 111, 112, 105, 99, -1, -1, -1, -1, 0, 0, 0, 0, -1, -1, -1, -1, -1, -1]), JoinGroupRequestProtocol(name='cooperative-sticky', metadata=[0, 3, 0, 0, 0, 1, 0, 15, 116, 111, 100, 111, 115, 45, 100, 101, 118, 45, 116, 111, 112, 105, 99, 0, 0, 0, 4, -1, -1, -1, -1, 0, 0, 0, 0, -1, -1, -1, -1, -1, -1])], reason='need to re-join with the given member-id: consumer-karate-test-group-1-6e963c37-c214-45ad-9167-ade78c351f8b')) to coordinator localhost:9092 (id: 2147483646 rack: null isFenced: false)
21:34:34.980 [main] DEBUG org.apache.kafka.clients.NetworkClient - [Consumer clientId=consumer-karate-test-group-1, groupId=karate-test-group] Sending JOIN_GROUP request with header RequestHeader(apiKey=JOIN_GROUP, apiVersion=9, clientId=consumer-karate-test-group-1, correlationId=6, headerVersion=2) and timeout 305000 to node 2147483646: JoinGroupRequestData(groupId='karate-test-group', sessionTimeoutMs=45000, rebalanceTimeoutMs=300000, memberId='consumer-karate-test-group-1-6e963c37-c214-45ad-9167-ade78c351f8b', groupInstanceId=null, protocolType='consumer', protocols=[JoinGroupRequestProtocol(name='range', metadata=[0, 3, 0, 0, 0, 1, 0, 15, 116, 111, 100, 111, 115, 45, 100, 101, 118, 45, 116, 111, 112, 105, 99, -1, -1, -1, -1, 0, 0, 0, 0, -1, -1, -1, -1, -1, -1]), JoinGroupRequestProtocol(name='cooperative-sticky', metadata=[0, 3, 0, 0, 0, 1, 0, 15, 116, 111, 100, 111, 115, 45, 100, 101, 118, 45, 116, 111, 112, 105, 99, 0, 0, 0, 4, -1, -1, -1, -1, 0, 0, 0, 0, -1, -1, -1, -1, -1, -1])], reason='need to re-join with the given member-id: consumer-karate-test-group-1-6e963c37-c214-45ad-9167-ade78c351f8b')
21:34:37.998 [main] DEBUG org.apache.kafka.clients.NetworkClient - [Consumer clientId=consumer-karate-test-group-1, groupId=karate-test-group] Received JOIN_GROUP response from node 2147483646 for request with header RequestHeader(apiKey=JOIN_GROUP, apiVersion=9, clientId=consumer-karate-test-group-1, correlationId=6, headerVersion=2): JoinGroupResponseData(throttleTimeMs=0, errorCode=0, generationId=51, protocolType='consumer', protocolName='range', leader='consumer-karate-test-group-1-6e963c37-c214-45ad-9167-ade78c351f8b', skipAssignment=false, memberId='consumer-karate-test-group-1-6e963c37-c214-45ad-9167-ade78c351f8b', members=[JoinGroupResponseMember(memberId='consumer-karate-test-group-1-6e963c37-c214-45ad-9167-ade78c351f8b', groupInstanceId=null, metadata=[0, 3, 0, 0, 0, 1, 0, 15, 116, 111, 100, 111, 115, 45, 100, 101, 118, 45, 116, 111, 112, 105, 99, -1, -1, -1, -1, 0, 0, 0, 0, -1, -1, -1, -1, -1, -1])])
21:34:37.999 [main] DEBUG org.apache.kafka.clients.consumer.internals.ConsumerCoordinator - [Consumer clientId=consumer-karate-test-group-1, groupId=karate-test-group] Received successful JoinGroup response: JoinGroupResponseData(throttleTimeMs=0, errorCode=0, generationId=51, protocolType='consumer', protocolName='range', leader='consumer-karate-test-group-1-6e963c37-c214-45ad-9167-ade78c351f8b', skipAssignment=false, memberId='consumer-karate-test-group-1-6e963c37-c214-45ad-9167-ade78c351f8b', members=[JoinGroupResponseMember(memberId='consumer-karate-test-group-1-6e963c37-c214-45ad-9167-ade78c351f8b', groupInstanceId=null, metadata=[0, 3, 0, 0, 0, 1, 0, 15, 116, 111, 100, 111, 115, 45, 100, 101, 118, 45, 116, 111, 112, 105, 99, -1, -1, -1, -1, 0, 0, 0, 0, -1, -1, -1, -1, -1, -1])])
21:34:37.999 [main] DEBUG org.apache.kafka.clients.consumer.internals.ConsumerCoordinator - [Consumer clientId=consumer-karate-test-group-1, groupId=karate-test-group] Enabling heartbeat thread
21:34:37.999 [main] INFO org.apache.kafka.clients.consumer.internals.ConsumerCoordinator - [Consumer clientId=consumer-karate-test-group-1, groupId=karate-test-group] Successfully joined group with generation Generation{generationId=51, memberId='consumer-karate-test-group-1-6e963c37-c214-45ad-9167-ade78c351f8b', protocol='range'}
21:34:38.003 [main] DEBUG org.apache.kafka.clients.consumer.internals.ConsumerCoordinator - [Consumer clientId=consumer-karate-test-group-1, groupId=karate-test-group] Performing assignment using strategy range with subscriptions {consumer-karate-test-group-1-6e963c37-c214-45ad-9167-ade78c351f8b=Subscription(topics=[todos-dev-topic], ownedPartitions=[], groupInstanceId=null, generationId=-1, rackId=null)}
21:34:38.008 [main] INFO org.apache.kafka.clients.consumer.internals.ConsumerCoordinator - [Consumer clientId=consumer-karate-test-group-1, groupId=karate-test-group] Finished assignment for group at generation 51: {consumer-karate-test-group-1-6e963c37-c214-45ad-9167-ade78c351f8b=Assignment(partitions=[todos-dev-topic-0])}
21:34:38.012 [main] DEBUG org.apache.kafka.clients.consumer.internals.ConsumerCoordinator - [Consumer clientId=consumer-karate-test-group-1, groupId=karate-test-group] Sending leader SyncGroup to coordinator localhost:9092 (id: 2147483646 rack: null isFenced: false): SyncGroupRequestData(groupId='karate-test-group', generationId=51, memberId='consumer-karate-test-group-1-6e963c37-c214-45ad-9167-ade78c351f8b', groupInstanceId=null, protocolType='consumer', protocolName='range', assignments=[SyncGroupRequestAssignment(memberId='consumer-karate-test-group-1-6e963c37-c214-45ad-9167-ade78c351f8b', assignment=[0, 3, 0, 0, 0, 1, 0, 15, 116, 111, 100, 111, 115, 45, 100, 101, 118, 45, 116, 111, 112, 105, 99, 0, 0, 0, 1, 0, 0, 0, 0, -1, -1, -1, -1])])
21:34:38.013 [kafka-coordinator-heartbeat-thread | karate-test-group] DEBUG org.apache.kafka.clients.NetworkClient - [Consumer clientId=consumer-karate-test-group-1, groupId=karate-test-group] Sending SYNC_GROUP request with header RequestHeader(apiKey=SYNC_GROUP, apiVersion=5, clientId=consumer-karate-test-group-1, correlationId=7, headerVersion=2) and timeout 30000 to node 2147483646: SyncGroupRequestData(groupId='karate-test-group', generationId=51, memberId='consumer-karate-test-group-1-6e963c37-c214-45ad-9167-ade78c351f8b', groupInstanceId=null, protocolType='consumer', protocolName='range', assignments=[SyncGroupRequestAssignment(memberId='consumer-karate-test-group-1-6e963c37-c214-45ad-9167-ade78c351f8b', assignment=[0, 3, 0, 0, 0, 1, 0, 15, 116, 111, 100, 111, 115, 45, 100, 101, 118, 45, 116, 111, 112, 105, 99, 0, 0, 0, 1, 0, 0, 0, 0, -1, -1, -1, -1])])
21:34:38.036 [main] DEBUG org.apache.kafka.clients.NetworkClient - [Consumer clientId=consumer-karate-test-group-1, groupId=karate-test-group] Received SYNC_GROUP response from node 2147483646 for request with header RequestHeader(apiKey=SYNC_GROUP, apiVersion=5, clientId=consumer-karate-test-group-1, correlationId=7, headerVersion=2): SyncGroupResponseData(throttleTimeMs=0, errorCode=0, protocolType='consumer', protocolName='range', assignment=[0, 3, 0, 0, 0, 1, 0, 15, 116, 111, 100, 111, 115, 45, 100, 101, 118, 45, 116, 111, 112, 105, 99, 0, 0, 0, 1, 0, 0, 0, 0, -1, -1, -1, -1])
21:34:38.036 [main] DEBUG org.apache.kafka.clients.consumer.internals.ConsumerCoordinator - [Consumer clientId=consumer-karate-test-group-1, groupId=karate-test-group] Received successful SyncGroup response: SyncGroupResponseData(throttleTimeMs=0, errorCode=0, protocolType='consumer', protocolName='range', assignment=[0, 3, 0, 0, 0, 1, 0, 15, 116, 111, 100, 111, 115, 45, 100, 101, 118, 45, 116, 111, 112, 105, 99, 0, 0, 0, 1, 0, 0, 0, 0, -1, -1, -1, -1])
21:34:38.036 [main] INFO org.apache.kafka.clients.consumer.internals.ConsumerCoordinator - [Consumer clientId=consumer-karate-test-group-1, groupId=karate-test-group] Successfully synced group in generation Generation{generationId=51, memberId='consumer-karate-test-group-1-6e963c37-c214-45ad-9167-ade78c351f8b', protocol='range'}
21:34:38.036 [main] DEBUG org.apache.kafka.clients.consumer.internals.ConsumerCoordinator - [Consumer clientId=consumer-karate-test-group-1, groupId=karate-test-group] Executing onJoinComplete with generation 51 and memberId consumer-karate-test-group-1-6e963c37-c214-45ad-9167-ade78c351f8b
21:34:38.036 [main] INFO org.apache.kafka.clients.consumer.internals.ConsumerCoordinator - [Consumer clientId=consumer-karate-test-group-1, groupId=karate-test-group] Notifying assignor about the new Assignment(partitions=[todos-dev-topic-0])
21:34:38.037 [main] INFO org.apache.kafka.clients.consumer.internals.ConsumerRebalanceListenerInvoker - [Consumer clientId=consumer-karate-test-group-1, groupId=karate-test-group] Adding newly assigned partitions: [todos-dev-topic-0]
21:34:38.038 [main] DEBUG org.apache.kafka.clients.consumer.internals.ConsumerCoordinator - [Consumer clientId=consumer-karate-test-group-1, groupId=karate-test-group] Fetching committed offsets for partitions: [todos-dev-topic-0]
21:34:38.041 [main] DEBUG org.apache.kafka.clients.NetworkClient - [Consumer clientId=consumer-karate-test-group-1, groupId=karate-test-group] Sending OFFSET_FETCH request with header RequestHeader(apiKey=OFFSET_FETCH, apiVersion=9, clientId=consumer-karate-test-group-1, correlationId=8, headerVersion=2) and timeout 30000 to node 2147483646: OffsetFetchRequestData(groupId='', topics=[], groups=[OffsetFetchRequestGroup(groupId='karate-test-group', memberId=null, memberEpoch=-1, topics=[OffsetFetchRequestTopics(name='todos-dev-topic', topicId=AAAAAAAAAAAAAAAAAAAAAA, partitionIndexes=[0])])], requireStable=true)
21:34:38.048 [main] DEBUG org.apache.kafka.clients.NetworkClient - [Consumer clientId=consumer-karate-test-group-1, groupId=karate-test-group] Received OFFSET_FETCH response from node 2147483646 for request with header RequestHeader(apiKey=OFFSET_FETCH, apiVersion=9, clientId=consumer-karate-test-group-1, correlationId=8, headerVersion=2): OffsetFetchResponseData(throttleTimeMs=0, topics=[], errorCode=0, groups=[OffsetFetchResponseGroup(groupId='karate-test-group', topics=[OffsetFetchResponseTopics(name='todos-dev-topic', topicId=AAAAAAAAAAAAAAAAAAAAAA, partitions=[OffsetFetchResponsePartitions(partitionIndex=0, committedOffset=29, committedLeaderEpoch=2, metadata='', errorCode=0)])], errorCode=0)])
21:34:38.049 [main] DEBUG org.apache.kafka.clients.Metadata - [Consumer clientId=consumer-karate-test-group-1, groupId=karate-test-group] Not replacing existing epoch 2 with new epoch 2 for partition todos-dev-topic-0
21:34:38.049 [main] INFO org.apache.kafka.clients.consumer.internals.ConsumerUtils - Setting offset for partition todos-dev-topic-0 to the committed offset FetchPosition{offset=29, offsetEpoch=Optional[2], currentLeader=LeaderAndEpoch{leader=Optional[localhost:9092 (id: 1 rack: null isFenced: false)], epoch=2}}
21:34:38.051 [main] DEBUG org.apache.kafka.clients.ClientUtils - Resolved host localhost as 127.0.0.1
21:34:38.051 [main] DEBUG org.apache.kafka.clients.ClusterConnectionStates - [Consumer clientId=consumer-karate-test-group-1, groupId=karate-test-group] Resolved host localhost to addresses [localhost/127.0.0.1]
21:34:38.051 [main] DEBUG org.apache.kafka.clients.NetworkClient - [Consumer clientId=consumer-karate-test-group-1, groupId=karate-test-group] Initiating connection to node localhost:9092 (id: 1 rack: null isFenced: false) using address localhost/127.0.0.1
21:34:38.052 [main] DEBUG org.apache.kafka.common.network.Selector - [Consumer clientId=consumer-karate-test-group-1, groupId=karate-test-group] Created socket with SO_RCVBUF = 342972, SO_SNDBUF = 146988, SO_TIMEOUT = 0 to node 1
21:34:38.052 [main] DEBUG org.apache.kafka.clients.NetworkClient - [Consumer clientId=consumer-karate-test-group-1, groupId=karate-test-group] Completed connection to node 1. Fetching API versions.
21:34:38.052 [main] DEBUG org.apache.kafka.clients.NetworkClient - [Consumer clientId=consumer-karate-test-group-1, groupId=karate-test-group] Initiating API versions fetch from node 1.
21:34:38.052 [main] DEBUG org.apache.kafka.clients.NetworkClient - [Consumer clientId=consumer-karate-test-group-1, groupId=karate-test-group] Sending API_VERSIONS request with header RequestHeader(apiKey=API_VERSIONS, apiVersion=4, clientId=consumer-karate-test-group-1, correlationId=9, headerVersion=2) and timeout 30000 to node 1: ApiVersionsRequestData(clientSoftwareName='apache-kafka-java', clientSoftwareVersion='4.1.0')
21:34:38.054 [main] DEBUG org.apache.kafka.clients.NetworkClient - [Consumer clientId=consumer-karate-test-group-1, groupId=karate-test-group] Received API_VERSIONS response from node 1 for request with header RequestHeader(apiKey=API_VERSIONS, apiVersion=4, clientId=consumer-karate-test-group-1, correlationId=9, headerVersion=2): ApiVersionsResponseData(errorCode=0, apiKeys=[ApiVersion(apiKey=0, minVersion=0, maxVersion=13), ApiVersion(apiKey=1, minVersion=4, maxVersion=18), ApiVersion(apiKey=2, minVersion=1, maxVersion=10), ApiVersion(apiKey=3, minVersion=0, maxVersion=13), ApiVersion(apiKey=8, minVersion=2, maxVersion=9), ApiVersion(apiKey=9, minVersion=1, maxVersion=9), ApiVersion(apiKey=10, minVersion=0, maxVersion=6), ApiVersion(apiKey=11, minVersion=0, maxVersion=9), ApiVersion(apiKey=12, minVersion=0, maxVersion=4), ApiVersion(apiKey=13, minVersion=0, maxVersion=5), ApiVersion(apiKey=14, minVersion=0, maxVersion=5), ApiVersion(apiKey=15, minVersion=0, maxVersion=6), ApiVersion(apiKey=16, minVersion=0, maxVersion=5), ApiVersion(apiKey=17, minVersion=0, maxVersion=1), ApiVersion(apiKey=18, minVersion=0, maxVersion=4), ApiVersion(apiKey=19, minVersion=2, maxVersion=7), ApiVersion(apiKey=20, minVersion=1, maxVersion=6), ApiVersion(apiKey=21, minVersion=0, maxVersion=2), ApiVersion(apiKey=22, minVersion=0, maxVersion=5), ApiVersion(apiKey=23, minVersion=2, maxVersion=4), ApiVersion(apiKey=24, minVersion=0, maxVersion=5), ApiVersion(apiKey=25, minVersion=0, maxVersion=4), ApiVersion(apiKey=26, minVersion=0, maxVersion=5), ApiVersion(apiKey=27, minVersion=1, maxVersion=1), ApiVersion(apiKey=28, minVersion=0, maxVersion=5), ApiVersion(apiKey=29, minVersion=1, maxVersion=3), ApiVersion(apiKey=30, minVersion=1, maxVersion=3), ApiVersion(apiKey=31, minVersion=1, maxVersion=3), ApiVersion(apiKey=32, minVersion=1, maxVersion=4), ApiVersion(apiKey=33, minVersion=0, maxVersion=2), ApiVersion(apiKey=34, minVersion=1, maxVersion=2), ApiVersion(apiKey=35, minVersion=1, maxVersion=4), ApiVersion(apiKey=36, minVersion=0, maxVersion=2), ApiVersion(apiKey=37, minVersion=0, maxVersion=3), ApiVersion(apiKey=38, minVersion=1, maxVersion=3), ApiVersion(apiKey=39, minVersion=1, maxVersion=2), ApiVersion(apiKey=40, minVersion=1, maxVersion=2), ApiVersion(apiKey=41, minVersion=1, maxVersion=3), ApiVersion(apiKey=42, minVersion=0, maxVersion=2), ApiVersion(apiKey=43, minVersion=0, maxVersion=2), ApiVersion(apiKey=44, minVersion=0, maxVersion=1), ApiVersion(apiKey=45, minVersion=0, maxVersion=1), ApiVersion(apiKey=46, minVersion=0, maxVersion=0), ApiVersion(apiKey=47, minVersion=0, maxVersion=0), ApiVersion(apiKey=48, minVersion=0, maxVersion=1), ApiVersion(apiKey=49, minVersion=0, maxVersion=1), ApiVersion(apiKey=50, minVersion=0, maxVersion=0), ApiVersion(apiKey=51, minVersion=0, maxVersion=0), ApiVersion(apiKey=55, minVersion=0, maxVersion=2), ApiVersion(apiKey=57, minVersion=0, maxVersion=2), ApiVersion(apiKey=60, minVersion=0, maxVersion=2), ApiVersion(apiKey=61, minVersion=0, maxVersion=0), ApiVersion(apiKey=64, minVersion=0, maxVersion=0), ApiVersion(apiKey=65, minVersion=0, maxVersion=0), ApiVersion(apiKey=66, minVersion=0, maxVersion=2), ApiVersion(apiKey=68, minVersion=0, maxVersion=1), ApiVersion(apiKey=69, minVersion=0, maxVersion=1), ApiVersion(apiKey=74, minVersion=0, maxVersion=1), ApiVersion(apiKey=75, minVersion=0, maxVersion=0), ApiVersion(apiKey=76, minVersion=1, maxVersion=1), ApiVersion(apiKey=77, minVersion=1, maxVersion=1), ApiVersion(apiKey=78, minVersion=1, maxVersion=1), ApiVersion(apiKey=79, minVersion=1, maxVersion=1), ApiVersion(apiKey=80, minVersion=0, maxVersion=0), ApiVersion(apiKey=81, minVersion=0, maxVersion=0), ApiVersion(apiKey=83, minVersion=0, maxVersion=0), ApiVersion(apiKey=84, minVersion=0, maxVersion=0), ApiVersion(apiKey=85, minVersion=0, maxVersion=0), ApiVersion(apiKey=86, minVersion=0, maxVersion=0), ApiVersion(apiKey=87, minVersion=0, maxVersion=0), ApiVersion(apiKey=90, minVersion=0, maxVersion=0), ApiVersion(apiKey=91, minVersion=0, maxVersion=0), ApiVersion(apiKey=92, minVersion=0, maxVersion=0)], throttleTimeMs=0, supportedFeatures=[SupportedFeatureKey(name='group.version', minVersion=0, maxVersion=1), SupportedFeatureKey(name='kraft.version', minVersion=0, maxVersion=1), SupportedFeatureKey(name='metadata.version', minVersion=7, maxVersion=27), SupportedFeatureKey(name='share.version', minVersion=0, maxVersion=1), SupportedFeatureKey(name='transaction.version', minVersion=0, maxVersion=2), SupportedFeatureKey(name='eligible.leader.replicas.version', minVersion=0, maxVersion=1)], finalizedFeaturesEpoch=67538, finalizedFeatures=[FinalizedFeatureKey(name='group.version', maxVersionLevel=1, minVersionLevel=1), FinalizedFeatureKey(name='transaction.version', maxVersionLevel=2, minVersionLevel=2), FinalizedFeatureKey(name='eligible.leader.replicas.version', maxVersionLevel=1, minVersionLevel=1), FinalizedFeatureKey(name='metadata.version', maxVersionLevel=27, minVersionLevel=27)], zkMigrationReady=false)
21:34:38.054 [main] DEBUG org.apache.kafka.clients.NetworkClient - [Consumer clientId=consumer-karate-test-group-1, groupId=karate-test-group] Node 1 has finalized features epoch: 67538, finalized features: [FinalizedFeatureKey(name='group.version', maxVersionLevel=1, minVersionLevel=1), FinalizedFeatureKey(name='transaction.version', maxVersionLevel=2, minVersionLevel=2), FinalizedFeatureKey(name='eligible.leader.replicas.version', maxVersionLevel=1, minVersionLevel=1), FinalizedFeatureKey(name='metadata.version', maxVersionLevel=27, minVersionLevel=27)], supported features: [SupportedFeatureKey(name='group.version', minVersion=0, maxVersion=1), SupportedFeatureKey(name='kraft.version', minVersion=0, maxVersion=1), SupportedFeatureKey(name='metadata.version', minVersion=7, maxVersion=27), SupportedFeatureKey(name='share.version', minVersion=0, maxVersion=1), SupportedFeatureKey(name='transaction.version', minVersion=0, maxVersion=2), SupportedFeatureKey(name='eligible.leader.replicas.version', minVersion=0, maxVersion=1)], ZK migration ready: false, API versions: (Produce(0): 0 to 13 [usable: 13], Fetch(1): 4 to 18 [usable: 18], ListOffsets(2): 1 to 10 [usable: 10], Metadata(3): 0 to 13 [usable: 13], OffsetCommit(8): 2 to 9 [usable: 9], OffsetFetch(9): 1 to 9 [usable: 9], FindCoordinator(10): 0 to 6 [usable: 6], JoinGroup(11): 0 to 9 [usable: 9], Heartbeat(12): 0 to 4 [usable: 4], LeaveGroup(13): 0 to 5 [usable: 5], SyncGroup(14): 0 to 5 [usable: 5], DescribeGroups(15): 0 to 6 [usable: 6], ListGroups(16): 0 to 5 [usable: 5], SaslHandshake(17): 0 to 1 [usable: 1], ApiVersions(18): 0 to 4 [usable: 4], CreateTopics(19): 2 to 7 [usable: 7], DeleteTopics(20): 1 to 6 [usable: 6], DeleteRecords(21): 0 to 2 [usable: 2], InitProducerId(22): 0 to 5 [usable: 5], OffsetForLeaderEpoch(23): 2 to 4 [usable: 4], AddPartitionsToTxn(24): 0 to 5 [usable: 5], AddOffsetsToTxn(25): 0 to 4 [usable: 4], EndTxn(26): 0 to 5 [usable: 5], WriteTxnMarkers(27): 1 [usable: 1], TxnOffsetCommit(28): 0 to 5 [usable: 5], DescribeAcls(29): 1 to 3 [usable: 3], CreateAcls(30): 1 to 3 [usable: 3], DeleteAcls(31): 1 to 3 [usable: 3], DescribeConfigs(32): 1 to 4 [usable: 4], AlterConfigs(33): 0 to 2 [usable: 2], AlterReplicaLogDirs(34): 1 to 2 [usable: 2], DescribeLogDirs(35): 1 to 4 [usable: 4], SaslAuthenticate(36): 0 to 2 [usable: 2], CreatePartitions(37): 0 to 3 [usable: 3], CreateDelegationToken(38): 1 to 3 [usable: 3], RenewDelegationToken(39): 1 to 2 [usable: 2], ExpireDelegationToken(40): 1 to 2 [usable: 2], DescribeDelegationToken(41): 1 to 3 [usable: 3], DeleteGroups(42): 0 to 2 [usable: 2], ElectLeaders(43): 0 to 2 [usable: 2], IncrementalAlterConfigs(44): 0 to 1 [usable: 1], AlterPartitionReassignments(45): 0 to 1 [usable: 1], ListPartitionReassignments(46): 0 [usable: 0], OffsetDelete(47): 0 [usable: 0], DescribeClientQuotas(48): 0 to 1 [usable: 1], AlterClientQuotas(49): 0 to 1 [usable: 1], DescribeUserScramCredentials(50): 0 [usable: 0], AlterUserScramCredentials(51): 0 [usable: 0], DescribeQuorum(55): 0 to 2 [usable: 2], UpdateFeatures(57): 0 to 2 [usable: 2], DescribeCluster(60): 0 to 2 [usable: 2], DescribeProducers(61): 0 [usable: 0], UnregisterBroker(64): 0 [usable: 0], DescribeTransactions(65): 0 [usable: 0], ListTransactions(66): 0 to 2 [usable: 2], ConsumerGroupHeartbeat(68): 0 to 1 [usable: 1], ConsumerGroupDescribe(69): 0 to 1 [usable: 1], GetTelemetrySubscriptions(71): UNSUPPORTED, PushTelemetry(72): UNSUPPORTED, ListConfigResources(74): 0 to 1 [usable: 1], DescribeTopicPartitions(75): 0 [usable: 0], ShareGroupHeartbeat(76): 1 [usable: 1], ShareGroupDescribe(77): 1 [usable: 1], ShareFetch(78): 1 [usable: 1], ShareAcknowledge(79): 1 [usable: 1], AddRaftVoter(80): 0 [usable: 0], RemoveRaftVoter(81): 0 [usable: 0], InitializeShareGroupState(83): 0 [usable: 0], ReadShareGroupState(84): 0 [usable: 0], WriteShareGroupState(85): 0 [usable: 0], DeleteShareGroupState(86): 0 [usable: 0], ReadShareGroupStateSummary(87): 0 [usable: 0], StreamsGroupHeartbeat(88): UNSUPPORTED, StreamsGroupDescribe(89): UNSUPPORTED, DescribeShareGroupOffsets(90): 0 [usable: 0], AlterShareGroupOffsets(91): 0 [usable: 0], DeleteShareGroupOffsets(92): 0 [usable: 0]).
21:34:38.056 [main] DEBUG org.apache.kafka.clients.NetworkClient - [Consumer clientId=consumer-karate-test-group-1, groupId=karate-test-group] Sending OFFSET_FOR_LEADER_EPOCH request with header RequestHeader(apiKey=OFFSET_FOR_LEADER_EPOCH, apiVersion=4, clientId=consumer-karate-test-group-1, correlationId=10, headerVersion=2) and timeout 30000 to node 1: OffsetForLeaderEpochRequestData(replicaId=-1, topics=[OffsetForLeaderTopic(topic='todos-dev-topic', partitions=[OffsetForLeaderPartition(partition=0, currentLeaderEpoch=2, leaderEpoch=2)])])
21:34:38.061 [main] DEBUG org.apache.kafka.clients.NetworkClient - [Consumer clientId=consumer-karate-test-group-1, groupId=karate-test-group] Received OFFSET_FOR_LEADER_EPOCH response from node 1 for request with header RequestHeader(apiKey=OFFSET_FOR_LEADER_EPOCH, apiVersion=4, clientId=consumer-karate-test-group-1, correlationId=10, headerVersion=2): OffsetForLeaderEpochResponseData(throttleTimeMs=0, topics=[OffsetForLeaderTopicResult(topic='todos-dev-topic', partitions=[EpochEndOffset(errorCode=0, partition=0, leaderEpoch=2, endOffset=32)])])
21:34:38.061 [main] DEBUG org.apache.kafka.clients.consumer.internals.OffsetsForLeaderEpochUtils - Handling OffsetsForLeaderEpoch response for todos-dev-topic-0. Got offset 32 for epoch 2.
21:34:38.063 [main] DEBUG org.apache.kafka.clients.consumer.internals.AbstractFetch - [Consumer clientId=consumer-karate-test-group-1, groupId=karate-test-group] Added read_uncommitted fetch request for partition todos-dev-topic-0 at position FetchPosition{offset=29, offsetEpoch=Optional[2], currentLeader=LeaderAndEpoch{leader=Optional[localhost:9092 (id: 1 rack: null isFenced: false)], epoch=2}} to node localhost:9092 (id: 1 rack: null isFenced: false)
21:34:38.063 [main] DEBUG org.apache.kafka.clients.FetchSessionHandler - [Consumer clientId=consumer-karate-test-group-1, groupId=karate-test-group] Built full fetch (sessionId=INVALID, epoch=INITIAL) for node 1 with 1 partition(s).
21:34:38.063 [main] DEBUG org.apache.kafka.clients.consumer.internals.AbstractFetch - [Consumer clientId=consumer-karate-test-group-1, groupId=karate-test-group] Sending read_uncommitted FullFetchRequest(toSend=(todos-dev-topic-0), canUseTopicIds=True) to broker localhost:9092 (id: 1 rack: null isFenced: false)
21:34:38.063 [main] DEBUG org.apache.kafka.clients.consumer.internals.AbstractFetch - [Consumer clientId=consumer-karate-test-group-1, groupId=karate-test-group] Adding pending request for node localhost:9092 (id: 1 rack: null isFenced: false)
21:34:38.067 [main] DEBUG org.apache.kafka.clients.NetworkClient - [Consumer clientId=consumer-karate-test-group-1, groupId=karate-test-group] Sending FETCH request with header RequestHeader(apiKey=FETCH, apiVersion=18, clientId=consumer-karate-test-group-1, correlationId=11, headerVersion=2) and timeout 30000 to node 1: FetchRequestData(clusterId=null, replicaId=-1, replicaState=ReplicaState(replicaId=-1, replicaEpoch=-1), maxWaitMs=500, minBytes=1, maxBytes=52428800, isolationLevel=0, sessionId=0, sessionEpoch=0, topics=[FetchTopic(topic='todos-dev-topic', topicId=TbRm1Xq6TeuEq4nIZCZGiA, partitions=[FetchPartition(partition=0, currentLeaderEpoch=2, fetchOffset=29, lastFetchedEpoch=-1, logStartOffset=-1, partitionMaxBytes=1048576, replicaDirectoryId=AAAAAAAAAAAAAAAAAAAAAA, highWatermark=9223372036854775807)])], forgottenTopicsData=[], rackId='')
21:34:38.074 [main] DEBUG org.apache.kafka.clients.NetworkClient - [Consumer clientId=consumer-karate-test-group-1, groupId=karate-test-group] Received FETCH response from node 1 for request with header RequestHeader(apiKey=FETCH, apiVersion=18, clientId=consumer-karate-test-group-1, correlationId=11, headerVersion=2): FetchResponseData(throttleTimeMs=0, errorCode=0, sessionId=525183209, responses=[FetchableTopicResponse(topic='', topicId=TbRm1Xq6TeuEq4nIZCZGiA, partitions=[PartitionData(partitionIndex=0, errorCode=0, highWatermark=32, lastStableOffset=32, logStartOffset=0, divergingEpoch=EpochEndOffset(epoch=-1, endOffset=-1), currentLeader=LeaderIdAndEpoch(leaderId=-1, leaderEpoch=-1), snapshotId=SnapshotId(endOffset=-1, epoch=-1), abortedTransactions=null, preferredReadReplica=-1, records=MemoryRecords(size=563, buffer=java.nio.HeapByteBuffer[pos=0 lim=563 cap=566]))])], nodeEndpoints=[])
21:34:38.075 [main] DEBUG org.apache.kafka.clients.FetchSessionHandler - [Consumer clientId=consumer-karate-test-group-1, groupId=karate-test-group] Node 1 sent a full fetch response that created a new incremental fetch session 525183209 with 1 response partition(s)
21:34:38.075 [main] DEBUG org.apache.kafka.clients.consumer.internals.AbstractFetch - [Consumer clientId=consumer-karate-test-group-1, groupId=karate-test-group] Fetch read_uncommitted at offset 29 for partition todos-dev-topic-0 returned fetch data PartitionData(partitionIndex=0, errorCode=0, highWatermark=32, lastStableOffset=32, logStartOffset=0, divergingEpoch=EpochEndOffset(epoch=-1, endOffset=-1), currentLeader=LeaderIdAndEpoch(leaderId=-1, leaderEpoch=-1), snapshotId=SnapshotId(endOffset=-1, epoch=-1), abortedTransactions=null, preferredReadReplica=-1, records=MemoryRecords(size=563, buffer=java.nio.HeapByteBuffer[pos=0 lim=563 cap=566]))
21:34:38.076 [main] DEBUG org.apache.kafka.clients.consumer.internals.AbstractFetch - [Consumer clientId=consumer-karate-test-group-1, groupId=karate-test-group] Removing pending request for fetch session: 0 for node: localhost:9092 (id: 1 rack: null isFenced: false)
21:34:38.078 [main] DEBUG org.apache.kafka.clients.consumer.internals.AbstractFetch - [Consumer clientId=consumer-karate-test-group-1, groupId=karate-test-group] Added read_uncommitted fetch request for partition todos-dev-topic-0 at position FetchPosition{offset=32, offsetEpoch=Optional[2], currentLeader=LeaderAndEpoch{leader=Optional[localhost:9092 (id: 1 rack: null isFenced: false)], epoch=2}} to node localhost:9092 (id: 1 rack: null isFenced: false)
21:34:38.078 [main] DEBUG org.apache.kafka.clients.FetchSessionHandler - [Consumer clientId=consumer-karate-test-group-1, groupId=karate-test-group] Built incremental fetch (sessionId=525183209, epoch=1) for node 1. Added 0 partition(s), altered 1 partition(s), removed 0 partition(s), replaced 0 partition(s) out of 1 partition(s)
21:34:38.078 [main] DEBUG org.apache.kafka.clients.consumer.internals.AbstractFetch - [Consumer clientId=consumer-karate-test-group-1, groupId=karate-test-group] Sending read_uncommitted IncrementalFetchRequest(toSend=(todos-dev-topic-0), toForget=(), toReplace=(), implied=(), canUseTopicIds=True) to broker localhost:9092 (id: 1 rack: null isFenced: false)
21:34:38.078 [main] DEBUG org.apache.kafka.clients.consumer.internals.AbstractFetch - [Consumer clientId=consumer-karate-test-group-1, groupId=karate-test-group] Adding pending request for node localhost:9092 (id: 1 rack: null isFenced: false)
21:34:38.078 [main] DEBUG org.apache.kafka.clients.NetworkClient - [Consumer clientId=consumer-karate-test-group-1, groupId=karate-test-group] Sending FETCH request with header RequestHeader(apiKey=FETCH, apiVersion=18, clientId=consumer-karate-test-group-1, correlationId=12, headerVersion=2) and timeout 30000 to node 1: FetchRequestData(clusterId=null, replicaId=-1, replicaState=ReplicaState(replicaId=-1, replicaEpoch=-1), maxWaitMs=500, minBytes=1, maxBytes=52428800, isolationLevel=0, sessionId=525183209, sessionEpoch=1, topics=[FetchTopic(topic='todos-dev-topic', topicId=TbRm1Xq6TeuEq4nIZCZGiA, partitions=[FetchPartition(partition=0, currentLeaderEpoch=2, fetchOffset=32, lastFetchedEpoch=-1, logStartOffset=-1, partitionMaxBytes=1048576, replicaDirectoryId=AAAAAAAAAAAAAAAAAAAAAA, highWatermark=9223372036854775807)])], forgottenTopicsData=[], rackId='')
21:34:38.079 [main] DEBUG org.apache.kafka.common.telemetry.internals.ClientTelemetryReporter - Initiate close of ClientTelemetryReporter
21:34:38.079 [main] DEBUG org.apache.kafka.common.telemetry.internals.ClientTelemetryReporter - initiate close for client telemetry, check if terminal push required.
21:34:38.079 [main] DEBUG org.apache.kafka.common.telemetry.internals.ClientTelemetryReporter - Subscription not yet loaded, ignoring terminal push
21:34:38.079 [main] DEBUG org.apache.kafka.clients.consumer.internals.ConsumerCoordinator - [Consumer clientId=consumer-karate-test-group-1, groupId=karate-test-group] Sending synchronous auto-commit of offsets {todos-dev-topic-0=OffsetAndMetadata{offset=32, leaderEpoch=2, metadata=''}}
21:34:38.081 [main] DEBUG org.apache.kafka.clients.NetworkClient - [Consumer clientId=consumer-karate-test-group-1, groupId=karate-test-group] Sending OFFSET_COMMIT request with header RequestHeader(apiKey=OFFSET_COMMIT, apiVersion=9, clientId=consumer-karate-test-group-1, correlationId=13, headerVersion=2) and timeout 30000 to node 2147483646: OffsetCommitRequestData(groupId='karate-test-group', generationIdOrMemberEpoch=51, memberId='consumer-karate-test-group-1-6e963c37-c214-45ad-9167-ade78c351f8b', groupInstanceId=null, retentionTimeMs=-1, topics=[OffsetCommitRequestTopic(name='todos-dev-topic', topicId=AAAAAAAAAAAAAAAAAAAAAA, partitions=[OffsetCommitRequestPartition(partitionIndex=0, committedOffset=32, committedLeaderEpoch=2, committedMetadata='')])])
21:34:38.095 [main] DEBUG org.apache.kafka.clients.NetworkClient - [Consumer clientId=consumer-karate-test-group-1, groupId=karate-test-group] Received OFFSET_COMMIT response from node 2147483646 for request with header RequestHeader(apiKey=OFFSET_COMMIT, apiVersion=9, clientId=consumer-karate-test-group-1, correlationId=13, headerVersion=2): OffsetCommitResponseData(throttleTimeMs=0, topics=[OffsetCommitResponseTopic(name='todos-dev-topic', topicId=AAAAAAAAAAAAAAAAAAAAAA, partitions=[OffsetCommitResponsePartition(partitionIndex=0, errorCode=0)])])
21:34:38.095 [main] DEBUG org.apache.kafka.clients.consumer.internals.ConsumerCoordinator - [Consumer clientId=consumer-karate-test-group-1, groupId=karate-test-group] Committed offset 32 for partition todos-dev-topic-0
21:34:38.095 [kafka-coordinator-heartbeat-thread | karate-test-group] DEBUG org.apache.kafka.clients.consumer.internals.ConsumerCoordinator - [Consumer clientId=consumer-karate-test-group-1, groupId=karate-test-group] Heartbeat thread has closed
21:34:38.095 [main] DEBUG org.apache.kafka.clients.consumer.internals.ConsumerCoordinator - [Consumer clientId=consumer-karate-test-group-1, groupId=karate-test-group] Executing onLeavePrepare with generation Generation{generationId=51, memberId='consumer-karate-test-group-1-6e963c37-c214-45ad-9167-ade78c351f8b', protocol='range'}
21:34:38.095 [main] INFO org.apache.kafka.clients.consumer.internals.ConsumerRebalanceListenerInvoker - [Consumer clientId=consumer-karate-test-group-1, groupId=karate-test-group] Revoke previously assigned partitions [todos-dev-topic-0]
21:34:38.095 [main] INFO org.apache.kafka.clients.consumer.internals.ConsumerCoordinator - [Consumer clientId=consumer-karate-test-group-1, groupId=karate-test-group] Member consumer-karate-test-group-1-6e963c37-c214-45ad-9167-ade78c351f8b sending LeaveGroup request to coordinator localhost:9092 (id: 2147483646 rack: null isFenced: false) due to the consumer is being closed
21:34:38.095 [main] DEBUG org.apache.kafka.clients.NetworkClient - [Consumer clientId=consumer-karate-test-group-1, groupId=karate-test-group] Sending LEAVE_GROUP request with header RequestHeader(apiKey=LEAVE_GROUP, apiVersion=5, clientId=consumer-karate-test-group-1, correlationId=14, headerVersion=2) and timeout 30000 to node 2147483646: LeaveGroupRequestData(groupId='karate-test-group', memberId='', members=[MemberIdentity(memberId='consumer-karate-test-group-1-6e963c37-c214-45ad-9167-ade78c351f8b', groupInstanceId=null, reason='the consumer is being closed')])
21:34:38.095 [main] INFO org.apache.kafka.clients.consumer.internals.ConsumerCoordinator - [Consumer clientId=consumer-karate-test-group-1, groupId=karate-test-group] Resetting generation and member id due to: consumer pro-actively leaving the group
21:34:38.095 [main] INFO org.apache.kafka.clients.consumer.internals.ConsumerCoordinator - [Consumer clientId=consumer-karate-test-group-1, groupId=karate-test-group] Request joining group due to: consumer pro-actively leaving the group
21:34:38.105 [main] DEBUG org.apache.kafka.clients.NetworkClient - [Consumer clientId=consumer-karate-test-group-1, groupId=karate-test-group] Received LEAVE_GROUP response from node 2147483646 for request with header RequestHeader(apiKey=LEAVE_GROUP, apiVersion=5, clientId=consumer-karate-test-group-1, correlationId=14, headerVersion=2): LeaveGroupResponseData(throttleTimeMs=0, errorCode=0, members=[MemberResponse(memberId='consumer-karate-test-group-1-6e963c37-c214-45ad-9167-ade78c351f8b', groupInstanceId=null, errorCode=0)])
21:34:38.106 [main] DEBUG org.apache.kafka.clients.consumer.internals.ConsumerCoordinator - [Consumer clientId=consumer-karate-test-group-1, groupId=karate-test-group] LeaveGroup response with Generation{generationId=51, memberId='consumer-karate-test-group-1-6e963c37-c214-45ad-9167-ade78c351f8b', protocol='range'} returned successfully: ClientResponse(receivedTimeMs=1761510878104, latencyMs=9, disconnected=false, timedOut=false, requestHeader=RequestHeader(apiKey=LEAVE_GROUP, apiVersion=5, clientId=consumer-karate-test-group-1, correlationId=14, headerVersion=2), responseBody=LeaveGroupResponseData(throttleTimeMs=0, errorCode=0, members=[MemberResponse(memberId='consumer-karate-test-group-1-6e963c37-c214-45ad-9167-ade78c351f8b', groupInstanceId=null, errorCode=0)]))
21:34:38.106 [main] DEBUG org.apache.kafka.clients.FetchSessionHandler - [Consumer clientId=consumer-karate-test-group-1, groupId=karate-test-group] Set the metadata for next fetch request to close the existing session ID=525183209
21:34:38.106 [main] DEBUG org.apache.kafka.clients.FetchSessionHandler - [Consumer clientId=consumer-karate-test-group-1, groupId=karate-test-group] Built full fetch (sessionId=525183209, epoch=FINAL) for node 1 with 0 partition(s).
21:34:38.106 [main] DEBUG org.apache.kafka.clients.consumer.internals.AbstractFetch - [Consumer clientId=consumer-karate-test-group-1, groupId=karate-test-group] Sending read_uncommitted FullFetchRequest(toSend=(), canUseTopicIds=True) to broker localhost:9092 (id: 1 rack: null isFenced: false)
21:34:38.106 [main] DEBUG org.apache.kafka.clients.consumer.internals.AbstractFetch - [Consumer clientId=consumer-karate-test-group-1, groupId=karate-test-group] Adding pending request for node localhost:9092 (id: 1 rack: null isFenced: false)
21:34:38.106 [main] DEBUG org.apache.kafka.clients.NetworkClient - [Consumer clientId=consumer-karate-test-group-1, groupId=karate-test-group] Sending FETCH request with header RequestHeader(apiKey=FETCH, apiVersion=18, clientId=consumer-karate-test-group-1, correlationId=15, headerVersion=2) and timeout 30000 to node 1: FetchRequestData(clusterId=null, replicaId=-1, replicaState=ReplicaState(replicaId=-1, replicaEpoch=-1), maxWaitMs=500, minBytes=1, maxBytes=52428800, isolationLevel=0, sessionId=525183209, sessionEpoch=-1, topics=[], forgottenTopicsData=[], rackId='')
21:34:38.585 [main] DEBUG org.apache.kafka.clients.NetworkClient - [Consumer clientId=consumer-karate-test-group-1, groupId=karate-test-group] Received FETCH response from node 1 for request with header RequestHeader(apiKey=FETCH, apiVersion=18, clientId=consumer-karate-test-group-1, correlationId=12, headerVersion=2): FetchResponseData(throttleTimeMs=0, errorCode=0, sessionId=525183209, responses=[], nodeEndpoints=[])
21:34:38.585 [main] DEBUG org.apache.kafka.clients.FetchSessionHandler - [Consumer clientId=consumer-karate-test-group-1, groupId=karate-test-group] Node 1 sent a full fetch response that created a new incremental fetch session 525183209 with 0 response partition(s)
21:34:38.585 [main] DEBUG org.apache.kafka.clients.consumer.internals.AbstractFetch - [Consumer clientId=consumer-karate-test-group-1, groupId=karate-test-group] Removing pending request for fetch session: 525183209 for node: localhost:9092 (id: 1 rack: null isFenced: false)
21:34:38.587 [main] DEBUG org.apache.kafka.clients.NetworkClient - [Consumer clientId=consumer-karate-test-group-1, groupId=karate-test-group] Received FETCH response from node 1 for request with header RequestHeader(apiKey=FETCH, apiVersion=18, clientId=consumer-karate-test-group-1, correlationId=15, headerVersion=2): FetchResponseData(throttleTimeMs=0, errorCode=0, sessionId=0, responses=[], nodeEndpoints=[])
21:34:38.587 [main] DEBUG org.apache.kafka.clients.consumer.internals.AbstractFetch - [Consumer clientId=consumer-karate-test-group-1, groupId=karate-test-group] Removing pending request for fetch session: 525183209 for node: localhost:9092 (id: 1 rack: null isFenced: false)
21:34:38.587 [main] DEBUG org.apache.kafka.clients.consumer.internals.AbstractFetch - [Consumer clientId=consumer-karate-test-group-1, groupId=karate-test-group] Successfully sent a close message for fetch session: 525183209 to node: localhost:9092 (id: 1 rack: null isFenced: false)
21:34:38.589 [main] DEBUG org.apache.kafka.clients.consumer.internals.FetchBuffer - [Consumer clientId=consumer-karate-test-group-1, groupId=karate-test-group] Removing todos-dev-topic-0 from buffered fetch data as it is not in the set of partitions to retain ([])
21:34:38.589 [main] DEBUG org.apache.kafka.common.telemetry.internals.KafkaMetricsCollector - removing kafka metric : MetricName [name=last-poll-seconds-ago, group=consumer-metrics, description=The number of seconds since the last poll() invocation., tags={client-id=consumer-karate-test-group-1}]
21:34:38.590 [main] DEBUG org.apache.kafka.common.telemetry.internals.KafkaMetricsCollector - removing kafka metric : MetricName [name=time-between-poll-avg, group=consumer-metrics, description=The average delay between invocations of poll() in milliseconds., tags={client-id=consumer-karate-test-group-1}]
21:34:38.590 [main] DEBUG org.apache.kafka.common.telemetry.internals.KafkaMetricsCollector - removing kafka metric : MetricName [name=time-between-poll-max, group=consumer-metrics, description=The max delay between invocations of poll() in milliseconds., tags={client-id=consumer-karate-test-group-1}]
21:34:38.590 [main] DEBUG org.apache.kafka.common.telemetry.internals.KafkaMetricsCollector - removing kafka metric : MetricName [name=poll-idle-ratio-avg, group=consumer-metrics, description=The average fraction of time the consumer's poll() is idle as opposed to waiting for the user code to process records., tags={client-id=consumer-karate-test-group-1}]
21:34:38.590 [main] DEBUG org.apache.kafka.common.telemetry.internals.KafkaMetricsCollector - removing kafka metric : MetricName [name=commit-sync-time-ns-total, group=consumer-metrics, description=The total time the consumer has spent in commitSync in nanoseconds, tags={client-id=consumer-karate-test-group-1}]
21:34:38.590 [main] DEBUG org.apache.kafka.common.telemetry.internals.KafkaMetricsCollector - removing kafka metric : MetricName [name=committed-time-ns-total, group=consumer-metrics, description=The total time the consumer has spent in committed in nanoseconds, tags={client-id=consumer-karate-test-group-1}]
21:34:38.590 [main] INFO org.apache.kafka.common.metrics.Metrics - Metrics scheduler closed
21:34:38.590 [main] INFO org.apache.kafka.common.metrics.Metrics - Closing reporter org.apache.kafka.common.metrics.JmxReporter
21:34:38.590 [main] INFO org.apache.kafka.common.metrics.Metrics - Closing reporter org.apache.kafka.common.telemetry.internals.ClientTelemetryReporter
21:34:38.590 [main] DEBUG org.apache.kafka.common.telemetry.internals.ClientTelemetryReporter - Stopping ClientTelemetryReporter
21:34:38.590 [main] DEBUG org.apache.kafka.common.telemetry.internals.ClientTelemetryReporter - close telemetry sender for client telemetry reporter instance
21:34:38.590 [main] DEBUG org.apache.kafka.common.telemetry.internals.ClientTelemetryReporter - Setting telemetry state from SUBSCRIPTION_NEEDED to TERMINATED
21:34:38.590 [main] INFO org.apache.kafka.common.metrics.Metrics - Metrics reporters closed
21:34:38.591 [main] DEBUG org.apache.kafka.common.telemetry.internals.KafkaMetricsCollector - removing kafka metric : MetricName [name=connection-count, group=consumer-metrics, description=The current number of active connections., tags={client-id=consumer-karate-test-group-1}]
21:34:38.591 [main] DEBUG org.apache.kafka.common.telemetry.internals.KafkaMetricsCollector - removing kafka metric : MetricName [name=connection-close-total, group=consumer-metrics, description=The total number of connections closed, tags={client-id=consumer-karate-test-group-1}]
21:34:38.591 [main] DEBUG org.apache.kafka.common.telemetry.internals.KafkaMetricsCollector - removing kafka metric : MetricName [name=connection-close-rate, group=consumer-metrics, description=The number of connections closed per second, tags={client-id=consumer-karate-test-group-1}]
21:34:38.591 [main] DEBUG org.apache.kafka.common.telemetry.internals.KafkaMetricsCollector - removing kafka metric : MetricName [name=connection-creation-total, group=consumer-metrics, description=The total number of new connections established, tags={client-id=consumer-karate-test-group-1}]
21:34:38.591 [main] DEBUG org.apache.kafka.common.telemetry.internals.KafkaMetricsCollector - removing kafka metric : MetricName [name=connection-creation-rate, group=consumer-metrics, description=The number of new connections established per second, tags={client-id=consumer-karate-test-group-1}]
21:34:38.591 [main] DEBUG org.apache.kafka.common.telemetry.internals.KafkaMetricsCollector - removing kafka metric : MetricName [name=successful-authentication-total, group=consumer-metrics, description=The total number of connections with successful authentication, tags={client-id=consumer-karate-test-group-1}]
21:34:38.591 [main] DEBUG org.apache.kafka.common.telemetry.internals.KafkaMetricsCollector - removing kafka metric : MetricName [name=successful-authentication-rate, group=consumer-metrics, description=The number of connections with successful authentication per second, tags={client-id=consumer-karate-test-group-1}]
21:34:38.591 [main] DEBUG org.apache.kafka.common.telemetry.internals.KafkaMetricsCollector - removing kafka metric : MetricName [name=successful-reauthentication-total, group=consumer-metrics, description=The total number of successful re-authentication of connections, tags={client-id=consumer-karate-test-group-1}]
21:34:38.591 [main] DEBUG org.apache.kafka.common.telemetry.internals.KafkaMetricsCollector - removing kafka metric : MetricName [name=successful-reauthentication-rate, group=consumer-metrics, description=The number of successful re-authentication of connections per second, tags={client-id=consumer-karate-test-group-1}]
21:34:38.591 [main] DEBUG org.apache.kafka.common.telemetry.internals.KafkaMetricsCollector - removing kafka metric : MetricName [name=successful-authentication-no-reauth-total, group=consumer-metrics, description=The total number of connections with successful authentication where the client does not support re-authentication, tags={client-id=consumer-karate-test-group-1}]
21:34:38.591 [main] DEBUG org.apache.kafka.common.telemetry.internals.KafkaMetricsCollector - removing kafka metric : MetricName [name=failed-authentication-total, group=consumer-metrics, description=The total number of connections with failed authentication, tags={client-id=consumer-karate-test-group-1}]
21:34:38.591 [main] DEBUG org.apache.kafka.common.telemetry.internals.KafkaMetricsCollector - removing kafka metric : MetricName [name=failed-authentication-rate, group=consumer-metrics, description=The number of connections with failed authentication per second, tags={client-id=consumer-karate-test-group-1}]
21:34:38.591 [main] DEBUG org.apache.kafka.common.telemetry.internals.KafkaMetricsCollector - removing kafka metric : MetricName [name=failed-reauthentication-total, group=consumer-metrics, description=The total number of failed re-authentication of connections, tags={client-id=consumer-karate-test-group-1}]
21:34:38.591 [main] DEBUG org.apache.kafka.common.telemetry.internals.KafkaMetricsCollector - removing kafka metric : MetricName [name=failed-reauthentication-rate, group=consumer-metrics, description=The number of failed re-authentication of connections per second, tags={client-id=consumer-karate-test-group-1}]
21:34:38.591 [main] DEBUG org.apache.kafka.common.telemetry.internals.KafkaMetricsCollector - removing kafka metric : MetricName [name=reauthentication-latency-max, group=consumer-metrics, description=The max latency observed due to re-authentication, tags={client-id=consumer-karate-test-group-1}]
21:34:38.591 [main] DEBUG org.apache.kafka.common.telemetry.internals.KafkaMetricsCollector - removing kafka metric : MetricName [name=reauthentication-latency-avg, group=consumer-metrics, description=The average latency observed due to re-authentication, tags={client-id=consumer-karate-test-group-1}]
21:34:38.591 [main] DEBUG org.apache.kafka.common.telemetry.internals.KafkaMetricsCollector - removing kafka metric : MetricName [name=network-io-total, group=consumer-metrics, description=The total number of network operations (reads or writes) on all connections, tags={client-id=consumer-karate-test-group-1}]
21:34:38.591 [main] DEBUG org.apache.kafka.common.telemetry.internals.KafkaMetricsCollector - removing kafka metric : MetricName [name=network-io-rate, group=consumer-metrics, description=The number of network operations (reads or writes) on all connections per second, tags={client-id=consumer-karate-test-group-1}]
21:34:38.591 [main] DEBUG org.apache.kafka.common.telemetry.internals.KafkaMetricsCollector - removing kafka metric : MetricName [name=outgoing-byte-total, group=consumer-metrics, description=The total number of outgoing bytes sent to all servers, tags={client-id=consumer-karate-test-group-1}]
21:34:38.591 [main] DEBUG org.apache.kafka.common.telemetry.internals.KafkaMetricsCollector - removing kafka metric : MetricName [name=outgoing-byte-rate, group=consumer-metrics, description=The number of outgoing bytes sent to all servers per second, tags={client-id=consumer-karate-test-group-1}]
21:34:38.591 [main] DEBUG org.apache.kafka.common.telemetry.internals.KafkaMetricsCollector - removing kafka metric : MetricName [name=incoming-byte-total, group=consumer-metrics, description=The total number of bytes read off all sockets, tags={client-id=consumer-karate-test-group-1}]
21:34:38.591 [main] DEBUG org.apache.kafka.common.telemetry.internals.KafkaMetricsCollector - removing kafka metric : MetricName [name=incoming-byte-rate, group=consumer-metrics, description=The number of bytes read off all sockets per second, tags={client-id=consumer-karate-test-group-1}]
21:34:38.591 [main] DEBUG org.apache.kafka.common.telemetry.internals.KafkaMetricsCollector - removing kafka metric : MetricName [name=request-total, group=consumer-metrics, description=The total number of requests sent, tags={client-id=consumer-karate-test-group-1}]
21:34:38.591 [main] DEBUG org.apache.kafka.common.telemetry.internals.KafkaMetricsCollector - removing kafka metric : MetricName [name=request-rate, group=consumer-metrics, description=The number of requests sent per second, tags={client-id=consumer-karate-test-group-1}]
21:34:38.591 [main] DEBUG org.apache.kafka.common.telemetry.internals.KafkaMetricsCollector - removing kafka metric : MetricName [name=request-size-avg, group=consumer-metrics, description=The average size of requests sent., tags={client-id=consumer-karate-test-group-1}]
21:34:38.591 [main] DEBUG org.apache.kafka.common.telemetry.internals.KafkaMetricsCollector - removing kafka metric : MetricName [name=request-size-max, group=consumer-metrics, description=The maximum size of any request sent., tags={client-id=consumer-karate-test-group-1}]
21:34:38.591 [main] DEBUG org.apache.kafka.common.telemetry.internals.KafkaMetricsCollector - removing kafka metric : MetricName [name=response-total, group=consumer-metrics, description=The total number of responses received, tags={client-id=consumer-karate-test-group-1}]
21:34:38.591 [main] DEBUG org.apache.kafka.common.telemetry.internals.KafkaMetricsCollector - removing kafka metric : MetricName [name=response-rate, group=consumer-metrics, description=The number of responses received per second, tags={client-id=consumer-karate-test-group-1}]
21:34:38.591 [main] DEBUG org.apache.kafka.common.telemetry.internals.KafkaMetricsCollector - removing kafka metric : MetricName [name=select-total, group=consumer-metrics, description=The total number of times the I/O layer checked for new I/O to perform, tags={client-id=consumer-karate-test-group-1}]
21:34:38.592 [main] DEBUG org.apache.kafka.common.telemetry.internals.KafkaMetricsCollector - removing kafka metric : MetricName [name=select-rate, group=consumer-metrics, description=The number of times the I/O layer checked for new I/O to perform per second, tags={client-id=consumer-karate-test-group-1}]
21:34:38.592 [main] DEBUG org.apache.kafka.common.telemetry.internals.KafkaMetricsCollector - removing kafka metric : MetricName [name=io-wait-time-ns-avg, group=consumer-metrics, description=The average length of time the I/O thread spent waiting for a socket ready for reads or writes in nanoseconds., tags={client-id=consumer-karate-test-group-1}]
21:34:38.592 [main] DEBUG org.apache.kafka.common.telemetry.internals.KafkaMetricsCollector - removing kafka metric : MetricName [name=io-wait-time-ns-total, group=consumer-metrics, description=The total time the I/O thread spent waiting, tags={client-id=consumer-karate-test-group-1}]
21:34:38.592 [main] DEBUG org.apache.kafka.common.telemetry.internals.KafkaMetricsCollector - removing kafka metric : MetricName [name=io-wait-ratio, group=consumer-metrics, description=The fraction of time the I/O thread spent waiting, tags={client-id=consumer-karate-test-group-1}]
21:34:38.592 [main] DEBUG org.apache.kafka.common.telemetry.internals.KafkaMetricsCollector - removing kafka metric : MetricName [name=io-time-ns-avg, group=consumer-metrics, description=The average length of time for I/O per select call in nanoseconds., tags={client-id=consumer-karate-test-group-1}]
21:34:38.592 [main] DEBUG org.apache.kafka.common.telemetry.internals.KafkaMetricsCollector - removing kafka metric : MetricName [name=io-time-ns-total, group=consumer-metrics, description=The total time the I/O thread spent doing I/O, tags={client-id=consumer-karate-test-group-1}]
21:34:38.592 [main] DEBUG org.apache.kafka.common.telemetry.internals.KafkaMetricsCollector - removing kafka metric : MetricName [name=io-ratio, group=consumer-metrics, description=The fraction of time the I/O thread spent doing I/O, tags={client-id=consumer-karate-test-group-1}]
21:34:38.592 [main] DEBUG org.apache.kafka.common.telemetry.internals.KafkaMetricsCollector - removing kafka metric : MetricName [name=request-total, group=consumer-node-metrics, description=The total number of requests sent, tags={client-id=consumer-karate-test-group-1, node-id=node--1}]
21:34:38.592 [main] DEBUG org.apache.kafka.common.telemetry.internals.KafkaMetricsCollector - removing kafka metric : MetricName [name=request-rate, group=consumer-node-metrics, description=The number of requests sent per second, tags={client-id=consumer-karate-test-group-1, node-id=node--1}]
21:34:38.592 [main] DEBUG org.apache.kafka.common.telemetry.internals.KafkaMetricsCollector - removing kafka metric : MetricName [name=request-size-avg, group=consumer-node-metrics, description=The average size of requests sent., tags={client-id=consumer-karate-test-group-1, node-id=node--1}]
21:34:38.592 [main] DEBUG org.apache.kafka.common.telemetry.internals.KafkaMetricsCollector - removing kafka metric : MetricName [name=request-size-max, group=consumer-node-metrics, description=The maximum size of any request sent., tags={client-id=consumer-karate-test-group-1, node-id=node--1}]
21:34:38.592 [main] DEBUG org.apache.kafka.common.telemetry.internals.KafkaMetricsCollector - removing kafka metric : MetricName [name=outgoing-byte-total, group=consumer-node-metrics, description=The total number of outgoing bytes, tags={client-id=consumer-karate-test-group-1, node-id=node--1}]
21:34:38.592 [main] DEBUG org.apache.kafka.common.telemetry.internals.KafkaMetricsCollector - removing kafka metric : MetricName [name=outgoing-byte-rate, group=consumer-node-metrics, description=The number of outgoing bytes per second, tags={client-id=consumer-karate-test-group-1, node-id=node--1}]
21:34:38.592 [main] DEBUG org.apache.kafka.common.telemetry.internals.KafkaMetricsCollector - removing kafka metric : MetricName [name=response-total, group=consumer-node-metrics, description=The total number of responses received, tags={client-id=consumer-karate-test-group-1, node-id=node--1}]
21:34:38.592 [main] DEBUG org.apache.kafka.common.telemetry.internals.KafkaMetricsCollector - removing kafka metric : MetricName [name=response-rate, group=consumer-node-metrics, description=The number of responses received per second, tags={client-id=consumer-karate-test-group-1, node-id=node--1}]
21:34:38.592 [main] DEBUG org.apache.kafka.common.telemetry.internals.KafkaMetricsCollector - removing kafka metric : MetricName [name=incoming-byte-total, group=consumer-node-metrics, description=The total number of incoming bytes, tags={client-id=consumer-karate-test-group-1, node-id=node--1}]
21:34:38.592 [main] DEBUG org.apache.kafka.common.telemetry.internals.KafkaMetricsCollector - removing kafka metric : MetricName [name=incoming-byte-rate, group=consumer-node-metrics, description=The number of incoming bytes per second, tags={client-id=consumer-karate-test-group-1, node-id=node--1}]
21:34:38.592 [main] DEBUG org.apache.kafka.common.telemetry.internals.KafkaMetricsCollector - removing kafka metric : MetricName [name=request-latency-avg, group=consumer-node-metrics, description=, tags={client-id=consumer-karate-test-group-1, node-id=node--1}]
21:34:38.592 [main] DEBUG org.apache.kafka.common.telemetry.internals.KafkaMetricsCollector - removing kafka metric : MetricName [name=request-latency-max, group=consumer-node-metrics, description=, tags={client-id=consumer-karate-test-group-1, node-id=node--1}]
21:34:38.592 [main] DEBUG org.apache.kafka.common.telemetry.internals.KafkaMetricsCollector - removing kafka metric : MetricName [name=request-total, group=consumer-node-metrics, description=The total number of requests sent, tags={client-id=consumer-karate-test-group-1, node-id=node-2147483646}]
21:34:38.592 [main] DEBUG org.apache.kafka.common.telemetry.internals.KafkaMetricsCollector - removing kafka metric : MetricName [name=request-rate, group=consumer-node-metrics, description=The number of requests sent per second, tags={client-id=consumer-karate-test-group-1, node-id=node-2147483646}]
21:34:38.592 [main] DEBUG org.apache.kafka.common.telemetry.internals.KafkaMetricsCollector - removing kafka metric : MetricName [name=request-size-avg, group=consumer-node-metrics, description=The average size of requests sent., tags={client-id=consumer-karate-test-group-1, node-id=node-2147483646}]
21:34:38.592 [main] DEBUG org.apache.kafka.common.telemetry.internals.KafkaMetricsCollector - removing kafka metric : MetricName [name=request-size-max, group=consumer-node-metrics, description=The maximum size of any request sent., tags={client-id=consumer-karate-test-group-1, node-id=node-2147483646}]
21:34:38.592 [main] DEBUG org.apache.kafka.common.telemetry.internals.KafkaMetricsCollector - removing kafka metric : MetricName [name=outgoing-byte-total, group=consumer-node-metrics, description=The total number of outgoing bytes, tags={client-id=consumer-karate-test-group-1, node-id=node-2147483646}]
21:34:38.592 [main] DEBUG org.apache.kafka.common.telemetry.internals.KafkaMetricsCollector - removing kafka metric : MetricName [name=outgoing-byte-rate, group=consumer-node-metrics, description=The number of outgoing bytes per second, tags={client-id=consumer-karate-test-group-1, node-id=node-2147483646}]
21:34:38.592 [main] DEBUG org.apache.kafka.common.telemetry.internals.KafkaMetricsCollector - removing kafka metric : MetricName [name=response-total, group=consumer-node-metrics, description=The total number of responses received, tags={client-id=consumer-karate-test-group-1, node-id=node-2147483646}]
21:34:38.592 [main] DEBUG org.apache.kafka.common.telemetry.internals.KafkaMetricsCollector - removing kafka metric : MetricName [name=response-rate, group=consumer-node-metrics, description=The number of responses received per second, tags={client-id=consumer-karate-test-group-1, node-id=node-2147483646}]
21:34:38.592 [main] DEBUG org.apache.kafka.common.telemetry.internals.KafkaMetricsCollector - removing kafka metric : MetricName [name=incoming-byte-total, group=consumer-node-metrics, description=The total number of incoming bytes, tags={client-id=consumer-karate-test-group-1, node-id=node-2147483646}]
21:34:38.592 [main] DEBUG org.apache.kafka.common.telemetry.internals.KafkaMetricsCollector - removing kafka metric : MetricName [name=incoming-byte-rate, group=consumer-node-metrics, description=The number of incoming bytes per second, tags={client-id=consumer-karate-test-group-1, node-id=node-2147483646}]
21:34:38.592 [main] DEBUG org.apache.kafka.common.telemetry.internals.KafkaMetricsCollector - removing kafka metric : MetricName [name=request-latency-avg, group=consumer-node-metrics, description=, tags={client-id=consumer-karate-test-group-1, node-id=node-2147483646}]
21:34:38.592 [main] DEBUG org.apache.kafka.common.telemetry.internals.KafkaMetricsCollector - removing kafka metric : MetricName [name=request-latency-max, group=consumer-node-metrics, description=, tags={client-id=consumer-karate-test-group-1, node-id=node-2147483646}]
21:34:38.592 [main] DEBUG org.apache.kafka.common.telemetry.internals.KafkaMetricsCollector - removing kafka metric : MetricName [name=request-total, group=consumer-node-metrics, description=The total number of requests sent, tags={client-id=consumer-karate-test-group-1, node-id=node-1}]
21:34:38.592 [main] DEBUG org.apache.kafka.common.telemetry.internals.KafkaMetricsCollector - removing kafka metric : MetricName [name=request-rate, group=consumer-node-metrics, description=The number of requests sent per second, tags={client-id=consumer-karate-test-group-1, node-id=node-1}]
21:34:38.592 [main] DEBUG org.apache.kafka.common.telemetry.internals.KafkaMetricsCollector - removing kafka metric : MetricName [name=request-size-avg, group=consumer-node-metrics, description=The average size of requests sent., tags={client-id=consumer-karate-test-group-1, node-id=node-1}]
21:34:38.592 [main] DEBUG org.apache.kafka.common.telemetry.internals.KafkaMetricsCollector - removing kafka metric : MetricName [name=request-size-max, group=consumer-node-metrics, description=The maximum size of any request sent., tags={client-id=consumer-karate-test-group-1, node-id=node-1}]
21:34:38.592 [main] DEBUG org.apache.kafka.common.telemetry.internals.KafkaMetricsCollector - removing kafka metric : MetricName [name=outgoing-byte-total, group=consumer-node-metrics, description=The total number of outgoing bytes, tags={client-id=consumer-karate-test-group-1, node-id=node-1}]
21:34:38.592 [main] DEBUG org.apache.kafka.common.telemetry.internals.KafkaMetricsCollector - removing kafka metric : MetricName [name=outgoing-byte-rate, group=consumer-node-metrics, description=The number of outgoing bytes per second, tags={client-id=consumer-karate-test-group-1, node-id=node-1}]
21:34:38.592 [main] DEBUG org.apache.kafka.common.telemetry.internals.KafkaMetricsCollector - removing kafka metric : MetricName [name=response-total, group=consumer-node-metrics, description=The total number of responses received, tags={client-id=consumer-karate-test-group-1, node-id=node-1}]
21:34:38.592 [main] DEBUG org.apache.kafka.common.telemetry.internals.KafkaMetricsCollector - removing kafka metric : MetricName [name=response-rate, group=consumer-node-metrics, description=The number of responses received per second, tags={client-id=consumer-karate-test-group-1, node-id=node-1}]
21:34:38.593 [main] DEBUG org.apache.kafka.common.telemetry.internals.KafkaMetricsCollector - removing kafka metric : MetricName [name=incoming-byte-total, group=consumer-node-metrics, description=The total number of incoming bytes, tags={client-id=consumer-karate-test-group-1, node-id=node-1}]
21:34:38.593 [main] DEBUG org.apache.kafka.common.telemetry.internals.KafkaMetricsCollector - removing kafka metric : MetricName [name=incoming-byte-rate, group=consumer-node-metrics, description=The number of incoming bytes per second, tags={client-id=consumer-karate-test-group-1, node-id=node-1}]
21:34:38.593 [main] DEBUG org.apache.kafka.common.telemetry.internals.KafkaMetricsCollector - removing kafka metric : MetricName [name=request-latency-avg, group=consumer-node-metrics, description=, tags={client-id=consumer-karate-test-group-1, node-id=node-1}]
21:34:38.593 [main] DEBUG org.apache.kafka.common.telemetry.internals.KafkaMetricsCollector - removing kafka metric : MetricName [name=request-latency-max, group=consumer-node-metrics, description=, tags={client-id=consumer-karate-test-group-1, node-id=node-1}]
21:34:38.593 [main] DEBUG org.apache.kafka.common.telemetry.internals.ClientTelemetryReporter - close telemetry sender for client telemetry reporter instance
21:34:38.593 [main] DEBUG org.apache.kafka.common.telemetry.internals.ClientTelemetryReporter - Ignoring subsequent close
21:34:38.593 [main] DEBUG org.apache.kafka.common.telemetry.internals.ClientTelemetryReporter - Stopping ClientTelemetryReporter
21:34:38.593 [main] DEBUG org.apache.kafka.common.telemetry.internals.ClientTelemetryReporter - close telemetry sender for client telemetry reporter instance
21:34:38.593 [main] DEBUG org.apache.kafka.common.telemetry.internals.ClientTelemetryReporter - Ignoring subsequent close
21:34:38.593 [main] DEBUG org.apache.kafka.common.telemetry.internals.KafkaMetricsCollector - removing kafka metric : MetricName [name=version, group=app-info, description=Metric indicating version, tags={client-id=consumer-karate-test-group-1}]
21:34:38.593 [main] DEBUG org.apache.kafka.common.telemetry.internals.KafkaMetricsCollector - removing kafka metric : MetricName [name=commit-id, group=app-info, description=Metric indicating commit-id, tags={client-id=consumer-karate-test-group-1}]
21:34:38.593 [main] DEBUG org.apache.kafka.common.telemetry.internals.KafkaMetricsCollector - removing kafka metric : MetricName [name=start-time-ms, group=app-info, description=Metric indicating start-time-ms, tags={client-id=consumer-karate-test-group-1}]
21:34:38.593 [main] INFO org.apache.kafka.common.utils.AppInfoParser - App info kafka.consumer for consumer-karate-test-group-1 unregistered
21:34:38.593 [main] DEBUG org.apache.kafka.clients.consumer.internals.ClassicKafkaConsumer - [Consumer clientId=consumer-karate-test-group-1, groupId=karate-test-group] Kafka consumer has been closed
21:34:38.609 [main] DEBUG com.jayway.jsonpath.internal.path.CompiledPath - Evaluating path: $[*]
21:34:38.609 [main] DEBUG com.jayway.jsonpath.internal.path.CompiledPath - Evaluating path: $
21:34:38.611 [main] DEBUG com.jayway.jsonpath.internal.path.CompiledPath - Evaluating path: $
21:34:38.614 [main] DEBUG com.jayway.jsonpath.internal.path.CompiledPath - Evaluating path: $
21:34:38.633 [main] DEBUG org.thymeleaf.TemplateEngine - [THYMELEAF] INITIALIZING TEMPLATE ENGINE
21:34:38.697 [main] DEBUG org.thymeleaf.TemplateEngine.CONFIG - Initializing Thymeleaf Template engine configuration...
[THYMELEAF] TEMPLATE ENGINE CONFIGURATION:
[THYMELEAF] * Thymeleaf version: 3.0.14.RELEASE (built 2021-12-08T00:45:29+0000)
[THYMELEAF] * Cache Manager implementation: org.thymeleaf.cache.StandardCacheManager
[THYMELEAF] * Template resolvers:
[THYMELEAF]     * [1] com.intuit.karate.template.ResourceHtmlTemplateResolver
[THYMELEAF] * Message resolvers:
[THYMELEAF]     * org.thymeleaf.messageresolver.StandardMessageResolver
[THYMELEAF] * Link builders:
[THYMELEAF]     * org.thymeleaf.linkbuilder.StandardLinkBuilder
[THYMELEAF] * Dialect [1 of 2]: Standard (com.intuit.karate.template.KarateStandardDialect)
[THYMELEAF]     * Prefix: "th"
[THYMELEAF]     * Processors for Template Mode: HTML
[THYMELEAF]         * Element Tag Processors by [matching element and attribute name] [precedence]:
[THYMELEAF]             * [* {th:include,data-th-include}] [100]: org.thymeleaf.standard.processor.StandardIncludeTagProcessor
[THYMELEAF]             * [* {th:insert,data-th-insert}] [100]: org.thymeleaf.standard.processor.StandardInsertTagProcessor
[THYMELEAF]             * [* {th:replace,data-th-replace}] [100]: org.thymeleaf.standard.processor.StandardReplaceTagProcessor
[THYMELEAF]             * [* {th:substituteby,data-th-substituteby}] [100]: org.thymeleaf.standard.processor.StandardSubstituteByTagProcessor
[THYMELEAF]             * [* {th:each,data-th-each}] [200]: com.intuit.karate.template.KarateEachTagProcessor
[THYMELEAF]             * [* {th:switch,data-th-switch}] [250]: org.thymeleaf.standard.processor.StandardSwitchTagProcessor
[THYMELEAF]             * [* {th:case,data-th-case}] [275]: org.thymeleaf.standard.processor.StandardCaseTagProcessor
[THYMELEAF]             * [* {th:if,data-th-if}] [300]: org.thymeleaf.standard.processor.StandardIfTagProcessor
[THYMELEAF]             * [* {th:unless,data-th-unless}] [400]: org.thymeleaf.standard.processor.StandardUnlessTagProcessor
[THYMELEAF]             * [* {th:object,data-th-object}] [500]: org.thymeleaf.standard.processor.StandardObjectTagProcessor
[THYMELEAF]             * [* {th:with,data-th-with}] [600]: com.intuit.karate.template.KarateWithTagProcessor
[THYMELEAF]             * [* {th:attr,data-th-attr}] [700]: com.intuit.karate.template.KarateAttributeTagProcessor.KarateAttrTagProcessor
[THYMELEAF]             * [* {th:attrappend,data-th-attrappend}] [900]: com.intuit.karate.template.KarateAttributeTagProcessor.KarateAttrappendTagProcessor
[THYMELEAF]             * [* {th:attrprepend,data-th-attrprepend}] [900]: com.intuit.karate.template.KarateAttributeTagProcessor.KarateAttrprependTagProcessor
[THYMELEAF]             * [* {th:alt-title,data-th-alt-title}] [990]: org.thymeleaf.standard.processor.StandardAltTitleTagProcessor
[THYMELEAF]             * [* {th:lang-xmllang,data-th-lang-xmllang}] [990]: org.thymeleaf.standard.processor.StandardLangXmlLangTagProcessor
[THYMELEAF]             * [* {th:action,data-th-action}] [1000]: org.thymeleaf.standard.processor.StandardActionTagProcessor
[THYMELEAF]             * [* {th:novalidate,data-th-novalidate}] [1000]: org.thymeleaf.standard.processor.StandardConditionalFixedValueTagProcessor
[THYMELEAF]             * [* {th:open,data-th-open}] [1000]: org.thymeleaf.standard.processor.StandardConditionalFixedValueTagProcessor
[THYMELEAF]             * [* {th:hidden,data-th-hidden}] [1000]: org.thymeleaf.standard.processor.StandardConditionalFixedValueTagProcessor
[THYMELEAF]             * [* {th:required,data-th-required}] [1000]: org.thymeleaf.standard.processor.StandardConditionalFixedValueTagProcessor
[THYMELEAF]             * [* {th:nowrap,data-th-nowrap}] [1000]: org.thymeleaf.standard.processor.StandardConditionalFixedValueTagProcessor
[THYMELEAF]             * [* {th:loop,data-th-loop}] [1000]: org.thymeleaf.standard.processor.StandardConditionalFixedValueTagProcessor
[THYMELEAF]             * [* {th:declare,data-th-declare}] [1000]: org.thymeleaf.standard.processor.StandardConditionalFixedValueTagProcessor
[THYMELEAF]             * [* {th:async,data-th-async}] [1000]: org.thymeleaf.standard.processor.StandardConditionalFixedValueTagProcessor
[THYMELEAF]             * [* {th:defer,data-th-defer}] [1000]: org.thymeleaf.standard.processor.StandardConditionalFixedValueTagProcessor
[THYMELEAF]             * [* {th:pubdate,data-th-pubdate}] [1000]: org.thymeleaf.standard.processor.StandardConditionalFixedValueTagProcessor
[THYMELEAF]             * [* {th:default,data-th-default}] [1000]: org.thymeleaf.standard.processor.StandardConditionalFixedValueTagProcessor
[THYMELEAF]             * [* {th:checked,data-th-checked}] [1000]: org.thymeleaf.standard.processor.StandardConditionalFixedValueTagProcessor
[THYMELEAF]             * [* {th:selected,data-th-selected}] [1000]: org.thymeleaf.standard.processor.StandardConditionalFixedValueTagProcessor
[THYMELEAF]             * [* {th:multiple,data-th-multiple}] [1000]: org.thymeleaf.standard.processor.StandardConditionalFixedValueTagProcessor
[THYMELEAF]             * [* {th:scoped,data-th-scoped}] [1000]: org.thymeleaf.standard.processor.StandardConditionalFixedValueTagProcessor
[THYMELEAF]             * [* {th:formnovalidate,data-th-formnovalidate}] [1000]: org.thymeleaf.standard.processor.StandardConditionalFixedValueTagProcessor
[THYMELEAF]             * [* {th:seamless,data-th-seamless}] [1000]: org.thymeleaf.standard.processor.StandardConditionalFixedValueTagProcessor
[THYMELEAF]             * [* {th:disabled,data-th-disabled}] [1000]: org.thymeleaf.standard.processor.StandardConditionalFixedValueTagProcessor
[THYMELEAF]             * [* {th:controls,data-th-controls}] [1000]: org.thymeleaf.standard.processor.StandardConditionalFixedValueTagProcessor
[THYMELEAF]             * [* {th:autofocus,data-th-autofocus}] [1000]: org.thymeleaf.standard.processor.StandardConditionalFixedValueTagProcessor
[THYMELEAF]             * [* {th:autoplay,data-th-autoplay}] [1000]: org.thymeleaf.standard.processor.StandardConditionalFixedValueTagProcessor
[THYMELEAF]             * [* {th:reversed,data-th-reversed}] [1000]: org.thymeleaf.standard.processor.StandardConditionalFixedValueTagProcessor
[THYMELEAF]             * [* {th:ismap,data-th-ismap}] [1000]: org.thymeleaf.standard.processor.StandardConditionalFixedValueTagProcessor
[THYMELEAF]             * [* {th:readonly,data-th-readonly}] [1000]: org.thymeleaf.standard.processor.StandardConditionalFixedValueTagProcessor
[THYMELEAF]             * [* {th:onloadeddata,data-th-onloadeddata}] [1000]: org.thymeleaf.standard.processor.StandardDOMEventAttributeTagProcessor
[THYMELEAF]             * [* {th:onstalled,data-th-onstalled}] [1000]: org.thymeleaf.standard.processor.StandardDOMEventAttributeTagProcessor
[THYMELEAF]             * [* {th:onmousemove,data-th-onmousemove}] [1000]: org.thymeleaf.standard.processor.StandardDOMEventAttributeTagProcessor
[THYMELEAF]             * [* {th:onafterprint,data-th-onafterprint}] [1000]: org.thymeleaf.standard.processor.StandardDOMEventAttributeTagProcessor
[THYMELEAF]             * [* {th:onbeforeunload,data-th-onbeforeunload}] [1000]: org.thymeleaf.standard.processor.StandardDOMEventAttributeTagProcessor
[THYMELEAF]             * [* {th:onformchange,data-th-onformchange}] [1000]: org.thymeleaf.standard.processor.StandardDOMEventAttributeTagProcessor
[THYMELEAF]             * [* {th:onmousedown,data-th-onmousedown}] [1000]: org.thymeleaf.standard.processor.StandardDOMEventAttributeTagProcessor
[THYMELEAF]             * [* {th:onratechange,data-th-onratechange}] [1000]: org.thymeleaf.standard.processor.StandardDOMEventAttributeTagProcessor
[THYMELEAF]             * [* {th:onvolumechange,data-th-onvolumechange}] [1000]: org.thymeleaf.standard.processor.StandardDOMEventAttributeTagProcessor
[THYMELEAF]             * [* {th:onplay,data-th-onplay}] [1000]: org.thymeleaf.standard.processor.StandardDOMEventAttributeTagProcessor
[THYMELEAF]             * [* {th:onloadedmetadata,data-th-onloadedmetadata}] [1000]: org.thymeleaf.standard.processor.StandardDOMEventAttributeTagProcessor
[THYMELEAF]             * [* {th:onsuspend,data-th-onsuspend}] [1000]: org.thymeleaf.standard.processor.StandardDOMEventAttributeTagProcessor
[THYMELEAF]             * [* {th:onchange,data-th-onchange}] [1000]: org.thymeleaf.standard.processor.StandardDOMEventAttributeTagProcessor
[THYMELEAF]             * [* {th:onreset,data-th-onreset}] [1000]: org.thymeleaf.standard.processor.StandardDOMEventAttributeTagProcessor
[THYMELEAF]             * [* {th:onplaying,data-th-onplaying}] [1000]: org.thymeleaf.standard.processor.StandardDOMEventAttributeTagProcessor
[THYMELEAF]             * [* {th:onhashchange,data-th-onhashchange}] [1000]: org.thymeleaf.standard.processor.StandardDOMEventAttributeTagProcessor
[THYMELEAF]             * [* {th:onunload,data-th-onunload}] [1000]: org.thymeleaf.standard.processor.StandardDOMEventAttributeTagProcessor
[THYMELEAF]             * [* {th:ondrag,data-th-ondrag}] [1000]: org.thymeleaf.standard.processor.StandardDOMEventAttributeTagProcessor
[THYMELEAF]             * [* {th:oncanplay,data-th-oncanplay}] [1000]: org.thymeleaf.standard.processor.StandardDOMEventAttributeTagProcessor
[THYMELEAF]             * [* {th:onredo,data-th-onredo}] [1000]: org.thymeleaf.standard.processor.StandardDOMEventAttributeTagProcessor
[THYMELEAF]             * [* {th:onscroll,data-th-onscroll}] [1000]: org.thymeleaf.standard.processor.StandardDOMEventAttributeTagProcessor
[THYMELEAF]             * [* {th:onmouseout,data-th-onmouseout}] [1000]: org.thymeleaf.standard.processor.StandardDOMEventAttributeTagProcessor
[THYMELEAF]             * [* {th:onmousewheel,data-th-onmousewheel}] [1000]: org.thymeleaf.standard.processor.StandardDOMEventAttributeTagProcessor
[THYMELEAF]             * [* {th:onmouseover,data-th-onmouseover}] [1000]: org.thymeleaf.standard.processor.StandardDOMEventAttributeTagProcessor
[THYMELEAF]             * [* {th:oninvalid,data-th-oninvalid}] [1000]: org.thymeleaf.standard.processor.StandardDOMEventAttributeTagProcessor
[THYMELEAF]             * [* {th:onerror,data-th-onerror}] [1000]: org.thymeleaf.standard.processor.StandardDOMEventAttributeTagProcessor
[THYMELEAF]             * [* {th:ondblclick,data-th-ondblclick}] [1000]: org.thymeleaf.standard.processor.StandardDOMEventAttributeTagProcessor
[THYMELEAF]             * [* {th:onkeypress,data-th-onkeypress}] [1000]: org.thymeleaf.standard.processor.StandardDOMEventAttributeTagProcessor
[THYMELEAF]             * [* {th:onseeked,data-th-onseeked}] [1000]: org.thymeleaf.standard.processor.StandardDOMEventAttributeTagProcessor
[THYMELEAF]             * [* {th:onblur,data-th-onblur}] [1000]: org.thymeleaf.standard.processor.StandardDOMEventAttributeTagProcessor
[THYMELEAF]             * [* {th:onclick,data-th-onclick}] [1000]: org.thymeleaf.standard.processor.StandardDOMEventAttributeTagProcessor
[THYMELEAF]             * [* {th:onpopstate,data-th-onpopstate}] [1000]: org.thymeleaf.standard.processor.StandardDOMEventAttributeTagProcessor
[THYMELEAF]             * [* {th:ondragstart,data-th-ondragstart}] [1000]: org.thymeleaf.standard.processor.StandardDOMEventAttributeTagProcessor
[THYMELEAF]             * [* {th:ondragenter,data-th-ondragenter}] [1000]: org.thymeleaf.standard.processor.StandardDOMEventAttributeTagProcessor
[THYMELEAF]             * [* {th:oncontextmenu,data-th-oncontextmenu}] [1000]: org.thymeleaf.standard.processor.StandardDOMEventAttributeTagProcessor
[THYMELEAF]             * [* {th:onundo,data-th-onundo}] [1000]: org.thymeleaf.standard.processor.StandardDOMEventAttributeTagProcessor
[THYMELEAF]             * [* {th:onreadystatechange,data-th-onreadystatechange}] [1000]: org.thymeleaf.standard.processor.StandardDOMEventAttributeTagProcessor
[THYMELEAF]             * [* {th:onseeking,data-th-onseeking}] [1000]: org.thymeleaf.standard.processor.StandardDOMEventAttributeTagProcessor
[THYMELEAF]             * [* {th:ondrop,data-th-ondrop}] [1000]: org.thymeleaf.standard.processor.StandardDOMEventAttributeTagProcessor
[THYMELEAF]             * [* {th:onstorage,data-th-onstorage}] [1000]: org.thymeleaf.standard.processor.StandardDOMEventAttributeTagProcessor
[THYMELEAF]             * [* {th:onemptied,data-th-onemptied}] [1000]: org.thymeleaf.standard.processor.StandardDOMEventAttributeTagProcessor
[THYMELEAF]             * [* {th:onwaiting,data-th-onwaiting}] [1000]: org.thymeleaf.standard.processor.StandardDOMEventAttributeTagProcessor
[THYMELEAF]             * [* {th:ononline,data-th-ononline}] [1000]: org.thymeleaf.standard.processor.StandardDOMEventAttributeTagProcessor
[THYMELEAF]             * [* {th:onkeyup,data-th-onkeyup}] [1000]: org.thymeleaf.standard.processor.StandardDOMEventAttributeTagProcessor
[THYMELEAF]             * [* {th:onpause,data-th-onpause}] [1000]: org.thymeleaf.standard.processor.StandardDOMEventAttributeTagProcessor
[THYMELEAF]             * [* {th:onselect,data-th-onselect}] [1000]: org.thymeleaf.standard.processor.StandardDOMEventAttributeTagProcessor
[THYMELEAF]             * [* {th:onmouseup,data-th-onmouseup}] [1000]: org.thymeleaf.standard.processor.StandardDOMEventAttributeTagProcessor
[THYMELEAF]             * [* {th:ondragend,data-th-ondragend}] [1000]: org.thymeleaf.standard.processor.StandardDOMEventAttributeTagProcessor
[THYMELEAF]             * [* {th:onbeforeprint,data-th-onbeforeprint}] [1000]: org.thymeleaf.standard.processor.StandardDOMEventAttributeTagProcessor
[THYMELEAF]             * [* {th:ontimeupdate,data-th-ontimeupdate}] [1000]: org.thymeleaf.standard.processor.StandardDOMEventAttributeTagProcessor
[THYMELEAF]             * [* {th:onforminput,data-th-onforminput}] [1000]: org.thymeleaf.standard.processor.StandardDOMEventAttributeTagProcessor
[THYMELEAF]             * [* {th:ondragleave,data-th-ondragleave}] [1000]: org.thymeleaf.standard.processor.StandardDOMEventAttributeTagProcessor
[THYMELEAF]             * [* {th:onfocus,data-th-onfocus}] [1000]: org.thymeleaf.standard.processor.StandardDOMEventAttributeTagProcessor
[THYMELEAF]             * [* {th:onended,data-th-onended}] [1000]: org.thymeleaf.standard.processor.StandardDOMEventAttributeTagProcessor
[THYMELEAF]             * [* {th:oninput,data-th-oninput}] [1000]: org.thymeleaf.standard.processor.StandardDOMEventAttributeTagProcessor
[THYMELEAF]             * [* {th:onshow,data-th-onshow}] [1000]: org.thymeleaf.standard.processor.StandardDOMEventAttributeTagProcessor
[THYMELEAF]             * [* {th:onsubmit,data-th-onsubmit}] [1000]: org.thymeleaf.standard.processor.StandardDOMEventAttributeTagProcessor
[THYMELEAF]             * [* {th:onabort,data-th-onabort}] [1000]: org.thymeleaf.standard.processor.StandardDOMEventAttributeTagProcessor
[THYMELEAF]             * [* {th:onload,data-th-onload}] [1000]: org.thymeleaf.standard.processor.StandardDOMEventAttributeTagProcessor
[THYMELEAF]             * [* {th:ondragover,data-th-ondragover}] [1000]: org.thymeleaf.standard.processor.StandardDOMEventAttributeTagProcessor
[THYMELEAF]             * [* {th:onprogress,data-th-onprogress}] [1000]: org.thymeleaf.standard.processor.StandardDOMEventAttributeTagProcessor
[THYMELEAF]             * [* {th:onmessage,data-th-onmessage}] [1000]: org.thymeleaf.standard.processor.StandardDOMEventAttributeTagProcessor
[THYMELEAF]             * [* {th:onloadstart,data-th-onloadstart}] [1000]: org.thymeleaf.standard.processor.StandardDOMEventAttributeTagProcessor
[THYMELEAF]             * [* {th:ondurationchange,data-th-ondurationchange}] [1000]: org.thymeleaf.standard.processor.StandardDOMEventAttributeTagProcessor
[THYMELEAF]             * [* {th:oncanplaythrough,data-th-oncanplaythrough}] [1000]: org.thymeleaf.standard.processor.StandardDOMEventAttributeTagProcessor
[THYMELEAF]             * [* {th:onoffline,data-th-onoffline}] [1000]: org.thymeleaf.standard.processor.StandardDOMEventAttributeTagProcessor
[THYMELEAF]             * [* {th:onkeydown,data-th-onkeydown}] [1000]: org.thymeleaf.standard.processor.StandardDOMEventAttributeTagProcessor
[THYMELEAF]             * [* {th:onresize,data-th-onresize}] [1000]: org.thymeleaf.standard.processor.StandardDOMEventAttributeTagProcessor
[THYMELEAF]             * [* {th:href,data-th-href}] [1000]: org.thymeleaf.standard.processor.StandardHrefTagProcessor
[THYMELEAF]             * [* {th:inline,data-th-inline}] [1000]: org.thymeleaf.standard.processor.StandardInlineHTMLTagProcessor
[THYMELEAF]             * [* {th:method,data-th-method}] [1000]: org.thymeleaf.standard.processor.StandardMethodTagProcessor
[THYMELEAF]             * [* {th:name,data-th-name}] [1000]: org.thymeleaf.standard.processor.StandardNonRemovableAttributeTagProcessor
[THYMELEAF]             * [* {th:type,data-th-type}] [1000]: org.thymeleaf.standard.processor.StandardNonRemovableAttributeTagProcessor
[THYMELEAF]             * [* {th:spellcheck,data-th-spellcheck}] [1000]: org.thymeleaf.standard.processor.StandardRemovableAttributeTagProcessor
[THYMELEAF]             * [* {th:draggable,data-th-draggable}] [1000]: org.thymeleaf.standard.processor.StandardRemovableAttributeTagProcessor
[THYMELEAF]             * [* {th:srclang,data-th-srclang}] [1000]: org.thymeleaf.standard.processor.StandardRemovableAttributeTagProcessor
[THYMELEAF]             * [* {th:rows,data-th-rows}] [1000]: org.thymeleaf.standard.processor.StandardRemovableAttributeTagProcessor
[THYMELEAF]             * [* {th:pattern,data-th-pattern}] [1000]: org.thymeleaf.standard.processor.StandardRemovableAttributeTagProcessor
[THYMELEAF]             * [* {th:formmethod,data-th-formmethod}] [1000]: org.thymeleaf.standard.processor.StandardRemovableAttributeTagProcessor
[THYMELEAF]             * [* {th:marginheight,data-th-marginheight}] [1000]: org.thymeleaf.standard.processor.StandardRemovableAttributeTagProcessor
[THYMELEAF]             * [* {th:axis,data-th-axis}] [1000]: org.thymeleaf.standard.processor.StandardRemovableAttributeTagProcessor
[THYMELEAF]             * [* {th:formtarget,data-th-formtarget}] [1000]: org.thymeleaf.standard.processor.StandardRemovableAttributeTagProcessor
[THYMELEAF]             * [* {th:rel,data-th-rel}] [1000]: org.thymeleaf.standard.processor.StandardRemovableAttributeTagProcessor
[THYMELEAF]             * [* {th:cols,data-th-cols}] [1000]: org.thymeleaf.standard.processor.StandardRemovableAttributeTagProcessor
[THYMELEAF]             * [* {th:rev,data-th-rev}] [1000]: org.thymeleaf.standard.processor.StandardRemovableAttributeTagProcessor
[THYMELEAF]             * [* {th:list,data-th-list}] [1000]: org.thymeleaf.standard.processor.StandardRemovableAttributeTagProcessor
[THYMELEAF]             * [* {th:dropzone,data-th-dropzone}] [1000]: org.thymeleaf.standard.processor.StandardRemovableAttributeTagProcessor
[THYMELEAF]             * [* {th:frameborder,data-th-frameborder}] [1000]: org.thymeleaf.standard.processor.StandardRemovableAttributeTagProcessor
[THYMELEAF]             * [* {th:wrap,data-th-wrap}] [1000]: org.thymeleaf.standard.processor.StandardRemovableAttributeTagProcessor
[THYMELEAF]             * [* {th:poster,data-th-poster}] [1000]: org.thymeleaf.standard.processor.StandardRemovableAttributeTagProcessor
[THYMELEAF]             * [* {th:longdesc,data-th-longdesc}] [1000]: org.thymeleaf.standard.processor.StandardRemovableAttributeTagProcessor
[THYMELEAF]             * [* {th:codetype,data-th-codetype}] [1000]: org.thymeleaf.standard.processor.StandardRemovableAttributeTagProcessor
[THYMELEAF]             * [* {th:manifest,data-th-manifest}] [1000]: org.thymeleaf.standard.processor.StandardRemovableAttributeTagProcessor
[THYMELEAF]             * [* {th:usemap,data-th-usemap}] [1000]: org.thymeleaf.standard.processor.StandardRemovableAttributeTagProcessor
[THYMELEAF]             * [* {th:high,data-th-high}] [1000]: org.thymeleaf.standard.processor.StandardRemovableAttributeTagProcessor
[THYMELEAF]             * [* {th:label,data-th-label}] [1000]: org.thymeleaf.standard.processor.StandardRemovableAttributeTagProcessor
[THYMELEAF]             * [* {th:preload,data-th-preload}] [1000]: org.thymeleaf.standard.processor.StandardRemovableAttributeTagProcessor
[THYMELEAF]             * [* {th:target,data-th-target}] [1000]: org.thymeleaf.standard.processor.StandardRemovableAttributeTagProcessor
[THYMELEAF]             * [* {th:tabindex,data-th-tabindex}] [1000]: org.thymeleaf.standard.processor.StandardRemovableAttributeTagProcessor
[THYMELEAF]             * [* {th:cellspacing,data-th-cellspacing}] [1000]: org.thymeleaf.standard.processor.StandardRemovableAttributeTagProcessor
[THYMELEAF]             * [* {th:width,data-th-width}] [1000]: org.thymeleaf.standard.processor.StandardRemovableAttributeTagProcessor
[THYMELEAF]             * [* {th:border,data-th-border}] [1000]: org.thymeleaf.standard.processor.StandardRemovableAttributeTagProcessor
[THYMELEAF]             * [* {th:radiogroup,data-th-radiogroup}] [1000]: org.thymeleaf.standard.processor.StandardRemovableAttributeTagProcessor
[THYMELEAF]             * [* {th:cellpadding,data-th-cellpadding}] [1000]: org.thymeleaf.standard.processor.StandardRemovableAttributeTagProcessor
[THYMELEAF]             * [* {th:datetime,data-th-datetime}] [1000]: org.thymeleaf.standard.processor.StandardRemovableAttributeTagProcessor
[THYMELEAF]             * [* {th:form,data-th-form}] [1000]: org.thymeleaf.standard.processor.StandardRemovableAttributeTagProcessor
[THYMELEAF]             * [* {th:challenge,data-th-challenge}] [1000]: org.thymeleaf.standard.processor.StandardRemovableAttributeTagProcessor
[THYMELEAF]             * [* {th:rules,data-th-rules}] [1000]: org.thymeleaf.standard.processor.StandardRemovableAttributeTagProcessor
[THYMELEAF]             * [* {th:valuetype,data-th-valuetype}] [1000]: org.thymeleaf.standard.processor.StandardRemovableAttributeTagProcessor
[THYMELEAF]             * [* {th:alt,data-th-alt}] [1000]: org.thymeleaf.standard.processor.StandardRemovableAttributeTagProcessor
[THYMELEAF]             * [* {th:archive,data-th-archive}] [1000]: org.thymeleaf.standard.processor.StandardRemovableAttributeTagProcessor
[THYMELEAF]             * [* {th:cite,data-th-cite}] [1000]: org.thymeleaf.standard.processor.StandardRemovableAttributeTagProcessor
[THYMELEAF]             * [* {th:lang,data-th-lang}] [1000]: org.thymeleaf.standard.processor.StandardRemovableAttributeTagProcessor
[THYMELEAF]             * [* {th:media,data-th-media}] [1000]: org.thymeleaf.standard.processor.StandardRemovableAttributeTagProcessor
[THYMELEAF]             * [* {th:background,data-th-background}] [1000]: org.thymeleaf.standard.processor.StandardRemovableAttributeTagProcessor
[THYMELEAF]             * [* {th:frame,data-th-frame}] [1000]: org.thymeleaf.standard.processor.StandardRemovableAttributeTagProcessor
[THYMELEAF]             * [* {th:classid,data-th-classid}] [1000]: org.thymeleaf.standard.processor.StandardRemovableAttributeTagProcessor
[THYMELEAF]             * [* {th:accesskey,data-th-accesskey}] [1000]: org.thymeleaf.standard.processor.StandardRemovableAttributeTagProcessor
[THYMELEAF]             * [* {th:span,data-th-span}] [1000]: org.thymeleaf.standard.processor.StandardRemovableAttributeTagProcessor
[THYMELEAF]             * [* {th:compact,data-th-compact}] [1000]: org.thymeleaf.standard.processor.StandardRemovableAttributeTagProcessor
[THYMELEAF]             * [* {th:marginwidth,data-th-marginwidth}] [1000]: org.thymeleaf.standard.processor.StandardRemovableAttributeTagProcessor
[THYMELEAF]             * [* {th:class,data-th-class}] [1000]: org.thymeleaf.standard.processor.StandardRemovableAttributeTagProcessor
[THYMELEAF]             * [* {th:content,data-th-content}] [1000]: org.thymeleaf.standard.processor.StandardRemovableAttributeTagProcessor
[THYMELEAF]             * [* {th:contextmenu,data-th-contextmenu}] [1000]: org.thymeleaf.standard.processor.StandardRemovableAttributeTagProcessor
[THYMELEAF]             * [* {th:data,data-th-data}] [1000]: org.thymeleaf.standard.processor.StandardRemovableAttributeTagProcessor
[THYMELEAF]             * [* {th:scrolling,data-th-scrolling}] [1000]: org.thymeleaf.standard.processor.StandardRemovableAttributeTagProcessor
[THYMELEAF]             * [* {th:sizes,data-th-sizes}] [1000]: org.thymeleaf.standard.processor.StandardRemovableAttributeTagProcessor
[THYMELEAF]             * [* {th:start,data-th-start}] [1000]: org.thymeleaf.standard.processor.StandardRemovableAttributeTagProcessor
[THYMELEAF]             * [* {th:sandbox,data-th-sandbox}] [1000]: org.thymeleaf.standard.processor.StandardRemovableAttributeTagProcessor
[THYMELEAF]             * [* {th:scope,data-th-scope}] [1000]: org.thymeleaf.standard.processor.StandardRemovableAttributeTagProcessor
[THYMELEAF]             * [* {th:charset,data-th-charset}] [1000]: org.thymeleaf.standard.processor.StandardRemovableAttributeTagProcessor
[THYMELEAF]             * [* {th:standby,data-th-standby}] [1000]: org.thymeleaf.standard.processor.StandardRemovableAttributeTagProcessor
[THYMELEAF]             * [* {th:keytype,data-th-keytype}] [1000]: org.thymeleaf.standard.processor.StandardRemovableAttributeTagProcessor
[THYMELEAF]             * [* {th:placeholder,data-th-placeholder}] [1000]: org.thymeleaf.standard.processor.StandardRemovableAttributeTagProcessor
[THYMELEAF]             * [* {th:accept-charset,data-th-accept-charset}] [1000]: org.thymeleaf.standard.processor.StandardRemovableAttributeTagProcessor
[THYMELEAF]             * [* {th:id,data-th-id}] [1000]: org.thymeleaf.standard.processor.StandardRemovableAttributeTagProcessor
[THYMELEAF]             * [* {th:height,data-th-height}] [1000]: org.thymeleaf.standard.processor.StandardRemovableAttributeTagProcessor
[THYMELEAF]             * [* {th:kind,data-th-kind}] [1000]: org.thymeleaf.standard.processor.StandardRemovableAttributeTagProcessor
[THYMELEAF]             * [* {th:enctype,data-th-enctype}] [1000]: org.thymeleaf.standard.processor.StandardRemovableAttributeTagProcessor
[THYMELEAF]             * [* {th:autocomplete,data-th-autocomplete}] [1000]: org.thymeleaf.standard.processor.StandardRemovableAttributeTagProcessor
[THYMELEAF]             * [* {th:optimum,data-th-optimum}] [1000]: org.thymeleaf.standard.processor.StandardRemovableAttributeTagProcessor
[THYMELEAF]             * [* {th:bgcolor,data-th-bgcolor}] [1000]: org.thymeleaf.standard.processor.StandardRemovableAttributeTagProcessor
[THYMELEAF]             * [* {th:rowspan,data-th-rowspan}] [1000]: org.thymeleaf.standard.processor.StandardRemovableAttributeTagProcessor
[THYMELEAF]             * [* {th:low,data-th-low}] [1000]: org.thymeleaf.standard.processor.StandardRemovableAttributeTagProcessor
[THYMELEAF]             * [* {th:step,data-th-step}] [1000]: org.thymeleaf.standard.processor.StandardRemovableAttributeTagProcessor
[THYMELEAF]             * [* {th:size,data-th-size}] [1000]: org.thymeleaf.standard.processor.StandardRemovableAttributeTagProcessor
[THYMELEAF]             * [* {th:max,data-th-max}] [1000]: org.thymeleaf.standard.processor.StandardRemovableAttributeTagProcessor
[THYMELEAF]             * [* {th:icon,data-th-icon}] [1000]: org.thymeleaf.standard.processor.StandardRemovableAttributeTagProcessor
[THYMELEAF]             * [* {th:audio,data-th-audio}] [1000]: org.thymeleaf.standard.processor.StandardRemovableAttributeTagProcessor
[THYMELEAF]             * [* {th:codebase,data-th-codebase}] [1000]: org.thymeleaf.standard.processor.StandardRemovableAttributeTagProcessor
[THYMELEAF]             * [* {th:for,data-th-for}] [1000]: org.thymeleaf.standard.processor.StandardRemovableAttributeTagProcessor
[THYMELEAF]             * [* {th:vspace,data-th-vspace}] [1000]: org.thymeleaf.standard.processor.StandardRemovableAttributeTagProcessor
[THYMELEAF]             * [* {th:headers,data-th-headers}] [1000]: org.thymeleaf.standard.processor.StandardRemovableAttributeTagProcessor
[THYMELEAF]             * [* {th:hspace,data-th-hspace}] [1000]: org.thymeleaf.standard.processor.StandardRemovableAttributeTagProcessor
[THYMELEAF]             * [* {th:colspan,data-th-colspan}] [1000]: org.thymeleaf.standard.processor.StandardRemovableAttributeTagProcessor
[THYMELEAF]             * [* {th:maxlength,data-th-maxlength}] [1000]: org.thymeleaf.standard.processor.StandardRemovableAttributeTagProcessor
[THYMELEAF]             * [* {th:abbr,data-th-abbr}] [1000]: org.thymeleaf.standard.processor.StandardRemovableAttributeTagProcessor
[THYMELEAF]             * [* {th:style,data-th-style}] [1000]: org.thymeleaf.standard.processor.StandardRemovableAttributeTagProcessor
[THYMELEAF]             * [* {th:summary,data-th-summary}] [1000]: org.thymeleaf.standard.processor.StandardRemovableAttributeTagProcessor
[THYMELEAF]             * [* {th:hreflang,data-th-hreflang}] [1000]: org.thymeleaf.standard.processor.StandardRemovableAttributeTagProcessor
[THYMELEAF]             * [* {th:http-equiv,data-th-http-equiv}] [1000]: org.thymeleaf.standard.processor.StandardRemovableAttributeTagProcessor
[THYMELEAF]             * [* {th:scheme,data-th-scheme}] [1000]: org.thymeleaf.standard.processor.StandardRemovableAttributeTagProcessor
[THYMELEAF]             * [* {th:dir,data-th-dir}] [1000]: org.thymeleaf.standard.processor.StandardRemovableAttributeTagProcessor
[THYMELEAF]             * [* {th:contenteditable,data-th-contenteditable}] [1000]: org.thymeleaf.standard.processor.StandardRemovableAttributeTagProcessor
[THYMELEAF]             * [* {th:align,data-th-align}] [1000]: org.thymeleaf.standard.processor.StandardRemovableAttributeTagProcessor
[THYMELEAF]             * [* {th:title,data-th-title}] [1000]: org.thymeleaf.standard.processor.StandardRemovableAttributeTagProcessor
[THYMELEAF]             * [* {th:formenctype,data-th-formenctype}] [1000]: org.thymeleaf.standard.processor.StandardRemovableAttributeTagProcessor
[THYMELEAF]             * [* {th:min,data-th-min}] [1000]: org.thymeleaf.standard.processor.StandardRemovableAttributeTagProcessor
[THYMELEAF]             * [* {th:formaction,data-th-formaction}] [1000]: org.thymeleaf.standard.processor.StandardRemovableAttributeTagProcessor
[THYMELEAF]             * [* {th:accept,data-th-accept}] [1000]: org.thymeleaf.standard.processor.StandardRemovableAttributeTagProcessor
[THYMELEAF]             * [* {th:src,data-th-src}] [1000]: org.thymeleaf.standard.processor.StandardSrcTagProcessor
[THYMELEAF]             * [* {th:value,data-th-value}] [1000]: org.thymeleaf.standard.processor.StandardValueTagProcessor
[THYMELEAF]             * [* {th:xmlbase,data-th-xmlbase}] [1000]: org.thymeleaf.standard.processor.StandardXmlBaseTagProcessor
[THYMELEAF]             * [* {th:xmllang,data-th-xmllang}] [1000]: org.thymeleaf.standard.processor.StandardXmlLangTagProcessor
[THYMELEAF]             * [* {xmlns:th}] [1000]: org.thymeleaf.standard.processor.StandardXmlNsTagProcessor
[THYMELEAF]             * [* {th:xmlspace,data-th-xmlspace}] [1000]: org.thymeleaf.standard.processor.StandardXmlSpaceTagProcessor
[THYMELEAF]             * [* {th:classappend,data-th-classappend}] [1100]: org.thymeleaf.standard.processor.StandardClassappendTagProcessor
[THYMELEAF]             * [* {th:styleappend,data-th-styleappend}] [1100]: org.thymeleaf.standard.processor.StandardStyleappendTagProcessor
[THYMELEAF]             * [* {th:text,data-th-text}] [1300]: org.thymeleaf.standard.processor.StandardTextTagProcessor
[THYMELEAF]             * [* {th:utext,data-th-utext}] [1400]: org.thymeleaf.standard.processor.StandardUtextTagProcessor
[THYMELEAF]             * [* {th:fragment,data-th-fragment}] [1500]: org.thymeleaf.standard.processor.StandardFragmentTagProcessor
[THYMELEAF]             * [* {th:assert,data-th-assert}] [1550]: org.thymeleaf.standard.processor.StandardAssertTagProcessor
[THYMELEAF]             * [* {th:remove,data-th-remove}] [1600]: org.thymeleaf.standard.processor.StandardRemoveTagProcessor
[THYMELEAF]             * [* {th:ref,data-th-ref}] [10000]: org.thymeleaf.standard.processor.StandardRefAttributeTagProcessor
[THYMELEAF]             * [{th:block,th-block} *] [100000]: org.thymeleaf.standard.processor.StandardBlockTagProcessor
[THYMELEAF]             * [* th:*] [2147483647]: org.thymeleaf.standard.processor.StandardDefaultAttributesTagProcessor
[THYMELEAF]         * Text Processors by [precedence]:
[THYMELEAF]             * [1000]: org.thymeleaf.standard.processor.StandardInliningTextProcessor
[THYMELEAF]         * DOCTYPE Processors by [precedence]:
[THYMELEAF]             * [1000]: org.thymeleaf.standard.processor.StandardTranslationDocTypeProcessor
[THYMELEAF]         * CDATA Section Processors by [precedence]:
[THYMELEAF]             * [1000]: org.thymeleaf.standard.processor.StandardInliningCDATASectionProcessor
[THYMELEAF]         * Comment Processors by [precedence]:
[THYMELEAF]             * [1000]: org.thymeleaf.standard.processor.StandardInliningCommentProcessor
[THYMELEAF]             * [1100]: org.thymeleaf.standard.processor.StandardConditionalCommentProcessor
[THYMELEAF]     * Processors for Template Mode: XML
[THYMELEAF]         * Element Tag Processors by [matching element and attribute name] [precedence]:
[THYMELEAF]             * [* {th:include}] [100]: org.thymeleaf.standard.processor.StandardIncludeTagProcessor
[THYMELEAF]             * [* {th:insert}] [100]: org.thymeleaf.standard.processor.StandardInsertTagProcessor
[THYMELEAF]             * [* {th:replace}] [100]: org.thymeleaf.standard.processor.StandardReplaceTagProcessor
[THYMELEAF]             * [* {th:substituteby}] [100]: org.thymeleaf.standard.processor.StandardSubstituteByTagProcessor
[THYMELEAF]             * [* {th:each}] [200]: com.intuit.karate.template.KarateEachTagProcessor
[THYMELEAF]             * [* {th:switch}] [250]: org.thymeleaf.standard.processor.StandardSwitchTagProcessor
[THYMELEAF]             * [* {th:case}] [275]: org.thymeleaf.standard.processor.StandardCaseTagProcessor
[THYMELEAF]             * [* {th:if}] [300]: org.thymeleaf.standard.processor.StandardIfTagProcessor
[THYMELEAF]             * [* {th:unless}] [400]: org.thymeleaf.standard.processor.StandardUnlessTagProcessor
[THYMELEAF]             * [* {th:object}] [500]: org.thymeleaf.standard.processor.StandardObjectTagProcessor
[THYMELEAF]             * [* {th:with}] [600]: com.intuit.karate.template.KarateWithTagProcessor
[THYMELEAF]             * [* {th:attr}] [700]: com.intuit.karate.template.KarateAttributeTagProcessor.KarateAttrTagProcessor
[THYMELEAF]             * [* {th:attrappend}] [900]: com.intuit.karate.template.KarateAttributeTagProcessor.KarateAttrappendTagProcessor
[THYMELEAF]             * [* {th:attrprepend}] [900]: com.intuit.karate.template.KarateAttributeTagProcessor.KarateAttrprependTagProcessor
[THYMELEAF]             * [* {th:inline}] [1000]: org.thymeleaf.standard.processor.StandardInlineXMLTagProcessor
[THYMELEAF]             * [* {xmlns:th}] [1000]: org.thymeleaf.standard.processor.StandardXmlNsTagProcessor
[THYMELEAF]             * [* {th:text}] [1300]: org.thymeleaf.standard.processor.StandardTextTagProcessor
[THYMELEAF]             * [* {th:utext}] [1400]: org.thymeleaf.standard.processor.StandardUtextTagProcessor
[THYMELEAF]             * [* {th:fragment}] [1500]: org.thymeleaf.standard.processor.StandardFragmentTagProcessor
[THYMELEAF]             * [* {th:assert}] [1550]: org.thymeleaf.standard.processor.StandardAssertTagProcessor
[THYMELEAF]             * [* {th:remove}] [1600]: org.thymeleaf.standard.processor.StandardRemoveTagProcessor
[THYMELEAF]             * [* {th:ref}] [10000]: org.thymeleaf.standard.processor.StandardRefAttributeTagProcessor
[THYMELEAF]             * [{th:block} *] [100000]: org.thymeleaf.standard.processor.StandardBlockTagProcessor
[THYMELEAF]             * [* th:*] [2147483647]: org.thymeleaf.standard.processor.StandardDefaultAttributesTagProcessor
[THYMELEAF]         * Text Processors by [precedence]:
[THYMELEAF]             * [1000]: org.thymeleaf.standard.processor.StandardInliningTextProcessor
[THYMELEAF]         * CDATA Section Processors by [precedence]:
[THYMELEAF]             * [1000]: org.thymeleaf.standard.processor.StandardInliningCDATASectionProcessor
[THYMELEAF]         * Comment Processors by [precedence]:
[THYMELEAF]             * [1000]: org.thymeleaf.standard.processor.StandardInliningCommentProcessor
[THYMELEAF]     * Processors for Template Mode: TEXT
[THYMELEAF]         * Element Tag Processors by [matching element and attribute name] [precedence]:
[THYMELEAF]             * [* {th:insert}] [100]: org.thymeleaf.standard.processor.StandardInsertTagProcessor
[THYMELEAF]             * [* {th:replace}] [100]: org.thymeleaf.standard.processor.StandardReplaceTagProcessor
[THYMELEAF]             * [* {th:each}] [200]: com.intuit.karate.template.KarateEachTagProcessor
[THYMELEAF]             * [* {th:switch}] [250]: org.thymeleaf.standard.processor.StandardSwitchTagProcessor
[THYMELEAF]             * [* {th:case}] [275]: org.thymeleaf.standard.processor.StandardCaseTagProcessor
[THYMELEAF]             * [* {th:if}] [300]: org.thymeleaf.standard.processor.StandardIfTagProcessor
[THYMELEAF]             * [* {th:unless}] [400]: org.thymeleaf.standard.processor.StandardUnlessTagProcessor
[THYMELEAF]             * [* {th:object}] [500]: org.thymeleaf.standard.processor.StandardObjectTagProcessor
[THYMELEAF]             * [* {th:with}] [600]: com.intuit.karate.template.KarateWithTagProcessor
[THYMELEAF]             * [* {th:inline}] [1000]: org.thymeleaf.standard.processor.StandardInlineTextualTagProcessor
[THYMELEAF]             * [* {th:text}] [1300]: org.thymeleaf.standard.processor.StandardTextTagProcessor
[THYMELEAF]             * [* {th:utext}] [1400]: org.thymeleaf.standard.processor.StandardUtextTagProcessor
[THYMELEAF]             * [* {th:assert}] [1550]: org.thymeleaf.standard.processor.StandardAssertTagProcessor
[THYMELEAF]             * [* {th:remove}] [1600]: org.thymeleaf.standard.processor.StandardRemoveTagProcessor
[THYMELEAF]             * [{th:block} *] [100000]: org.thymeleaf.standard.processor.StandardBlockTagProcessor
[THYMELEAF]             * [* 100000] [org.thymeleaf.standard.processor.StandardBlockTagProcessor]: {}
[THYMELEAF]         * Text Processors by [precedence]:
[THYMELEAF]             * [1000]: org.thymeleaf.standard.processor.StandardInliningTextProcessor
[THYMELEAF]     * Processors for Template Mode: JAVASCRIPT
[THYMELEAF]         * Element Tag Processors by [matching element and attribute name] [precedence]:
[THYMELEAF]             * [* {th:insert}] [100]: org.thymeleaf.standard.processor.StandardInsertTagProcessor
[THYMELEAF]             * [* {th:replace}] [100]: org.thymeleaf.standard.processor.StandardReplaceTagProcessor
[THYMELEAF]             * [* {th:each}] [200]: com.intuit.karate.template.KarateEachTagProcessor
[THYMELEAF]             * [* {th:switch}] [250]: org.thymeleaf.standard.processor.StandardSwitchTagProcessor
[THYMELEAF]             * [* {th:case}] [275]: org.thymeleaf.standard.processor.StandardCaseTagProcessor
[THYMELEAF]             * [* {th:if}] [300]: org.thymeleaf.standard.processor.StandardIfTagProcessor
[THYMELEAF]             * [* {th:unless}] [400]: org.thymeleaf.standard.processor.StandardUnlessTagProcessor
[THYMELEAF]             * [* {th:object}] [500]: org.thymeleaf.standard.processor.StandardObjectTagProcessor
[THYMELEAF]             * [* {th:with}] [600]: com.intuit.karate.template.KarateWithTagProcessor
[THYMELEAF]             * [* {th:inline}] [1000]: org.thymeleaf.standard.processor.StandardInlineTextualTagProcessor
[THYMELEAF]             * [* {th:text}] [1300]: org.thymeleaf.standard.processor.StandardTextTagProcessor
[THYMELEAF]             * [* {th:utext}] [1400]: org.thymeleaf.standard.processor.StandardUtextTagProcessor
[THYMELEAF]             * [* {th:assert}] [1550]: org.thymeleaf.standard.processor.StandardAssertTagProcessor
[THYMELEAF]             * [* {th:remove}] [1600]: org.thymeleaf.standard.processor.StandardRemoveTagProcessor
[THYMELEAF]             * [{th:block} *] [100000]: org.thymeleaf.standard.processor.StandardBlockTagProcessor
[THYMELEAF]             * [* 100000] [org.thymeleaf.standard.processor.StandardBlockTagProcessor]: {}
[THYMELEAF]         * Text Processors by [precedence]:
[THYMELEAF]             * [1000]: org.thymeleaf.standard.processor.StandardInliningTextProcessor
[THYMELEAF]     * Processors for Template Mode: CSS
[THYMELEAF]         * Element Tag Processors by [matching element and attribute name] [precedence]:
[THYMELEAF]             * [* {th:insert}] [100]: org.thymeleaf.standard.processor.StandardInsertTagProcessor
[THYMELEAF]             * [* {th:replace}] [100]: org.thymeleaf.standard.processor.StandardReplaceTagProcessor
[THYMELEAF]             * [* {th:each}] [200]: com.intuit.karate.template.KarateEachTagProcessor
[THYMELEAF]             * [* {th:switch}] [250]: org.thymeleaf.standard.processor.StandardSwitchTagProcessor
[THYMELEAF]             * [* {th:case}] [275]: org.thymeleaf.standard.processor.StandardCaseTagProcessor
[THYMELEAF]             * [* {th:if}] [300]: org.thymeleaf.standard.processor.StandardIfTagProcessor
[THYMELEAF]             * [* {th:unless}] [400]: org.thymeleaf.standard.processor.StandardUnlessTagProcessor
[THYMELEAF]             * [* {th:object}] [500]: org.thymeleaf.standard.processor.StandardObjectTagProcessor
[THYMELEAF]             * [* {th:with}] [600]: com.intuit.karate.template.KarateWithTagProcessor
[THYMELEAF]             * [* {th:inline}] [1000]: org.thymeleaf.standard.processor.StandardInlineTextualTagProcessor
[THYMELEAF]             * [* {th:text}] [1300]: org.thymeleaf.standard.processor.StandardTextTagProcessor
[THYMELEAF]             * [* {th:utext}] [1400]: org.thymeleaf.standard.processor.StandardUtextTagProcessor
[THYMELEAF]             * [* {th:assert}] [1550]: org.thymeleaf.standard.processor.StandardAssertTagProcessor
[THYMELEAF]             * [* {th:remove}] [1600]: org.thymeleaf.standard.processor.StandardRemoveTagProcessor
[THYMELEAF]             * [{th:block} *] [100000]: org.thymeleaf.standard.processor.StandardBlockTagProcessor
[THYMELEAF]             * [* 100000] [org.thymeleaf.standard.processor.StandardBlockTagProcessor]: {}
[THYMELEAF]         * Text Processors by [precedence]:
[THYMELEAF]             * [1000]: org.thymeleaf.standard.processor.StandardInliningTextProcessor
[THYMELEAF]     * Expression Objects:
[THYMELEAF]         * #ctx
[THYMELEAF]         * #root
[THYMELEAF]         * #vars
[THYMELEAF]         * #object
[THYMELEAF]         * #locale
[THYMELEAF]         * #request
[THYMELEAF]         * #response
[THYMELEAF]         * #session
[THYMELEAF]         * #servletContext
[THYMELEAF]         * #conversions
[THYMELEAF]         * #uris
[THYMELEAF]         * #calendars
[THYMELEAF]         * #dates
[THYMELEAF]         * #bools
[THYMELEAF]         * #numbers
[THYMELEAF]         * #objects
[THYMELEAF]         * #strings
[THYMELEAF]         * #arrays
[THYMELEAF]         * #lists
[THYMELEAF]         * #sets
[THYMELEAF]         * #maps
[THYMELEAF]         * #aggregates
[THYMELEAF]         * #messages
[THYMELEAF]         * #ids
[THYMELEAF]         * #execInfo
[THYMELEAF]         * #httpServletRequest
[THYMELEAF]         * #httpSession
[THYMELEAF]     * Execution Attributes:
[THYMELEAF]         * "StandardExpressionParser": com.intuit.karate.template.KarateStandardDialect@450f0235
[THYMELEAF]         * "StandardJavaScriptSerializer": org.thymeleaf.standard.serializer.StandardJavaScriptSerializer@7741ae1b
[THYMELEAF]         * "StandardCSSSerializer": org.thymeleaf.standard.serializer.StandardCSSSerializer@50e5032c
[THYMELEAF]         * "StandardVariableExpressionEvaluator": com.intuit.karate.template.KarateStandardDialect@450f0235
[THYMELEAF]         * "StandardConversionService": org.thymeleaf.standard.expression.StandardConversionService@545d2560
[THYMELEAF] * Dialect [2 of 2]: karate (com.intuit.karate.template.KarateScriptDialect)
[THYMELEAF]     * Prefix: "ka"
[THYMELEAF]     * Processors for Template Mode: HTML
[THYMELEAF]         * Element Tag Processors by [matching element and attribute name] [precedence]:
[THYMELEAF]             * [* {src}] [1000]: com.intuit.karate.template.KaScriptAttrProcessor
[THYMELEAF]         * Element Model Processors by [matching element and attribute name] [precedence]:
[THYMELEAF]             * [{script} {ka:scope,data-ka-scope}] [1000]: com.intuit.karate.template.KaScriptElemProcessor
[THYMELEAF]             * [* {ka:set,data-ka-set}] [1000]: com.intuit.karate.template.KaSetElemProcessor
[THYMELEAF] TEMPLATE ENGINE CONFIGURED OK
21:34:38.698 [main] DEBUG org.thymeleaf.TemplateEngine - [THYMELEAF] TEMPLATE ENGINE INITIALIZED
---------------------------------------------------------
feature: classpath:todos/todo-kafka.feature
scenarios:  2 | passed:  2 | failed:  0 | time: 4.7503
---------------------------------------------------------

Karate version: 1.4.0 | env: dev
======================================================
elapsed:   5.60 | threads:    1 | thread time: 4.75 
features:     1 | skipped:    0 | efficiency: 0.85
scenarios:    2 | passed:     2 | failed: 0
======================================================
21:34:38.980 [main] DEBUG org.thymeleaf.TemplateEngine - [THYMELEAF] INITIALIZING TEMPLATE ENGINE
21:34:38.987 [main] DEBUG org.thymeleaf.TemplateEngine.CONFIG - Initializing Thymeleaf Template engine configuration...
[THYMELEAF] TEMPLATE ENGINE CONFIGURATION:
[THYMELEAF] * Thymeleaf version: 3.0.14.RELEASE (built 2021-12-08T00:45:29+0000)
[THYMELEAF] * Cache Manager implementation: org.thymeleaf.cache.StandardCacheManager
[THYMELEAF] * Template resolvers:
[THYMELEAF]     * [1] com.intuit.karate.template.ResourceHtmlTemplateResolver
[THYMELEAF] * Message resolvers:
[THYMELEAF]     * org.thymeleaf.messageresolver.StandardMessageResolver
[THYMELEAF] * Link builders:
[THYMELEAF]     * org.thymeleaf.linkbuilder.StandardLinkBuilder
[THYMELEAF] * Dialect [1 of 2]: Standard (com.intuit.karate.template.KarateStandardDialect)
[THYMELEAF]     * Prefix: "th"
[THYMELEAF]     * Processors for Template Mode: HTML
[THYMELEAF]         * Element Tag Processors by [matching element and attribute name] [precedence]:
[THYMELEAF]             * [* {th:include,data-th-include}] [100]: org.thymeleaf.standard.processor.StandardIncludeTagProcessor
[THYMELEAF]             * [* {th:insert,data-th-insert}] [100]: org.thymeleaf.standard.processor.StandardInsertTagProcessor
[THYMELEAF]             * [* {th:replace,data-th-replace}] [100]: org.thymeleaf.standard.processor.StandardReplaceTagProcessor
[THYMELEAF]             * [* {th:substituteby,data-th-substituteby}] [100]: org.thymeleaf.standard.processor.StandardSubstituteByTagProcessor
[THYMELEAF]             * [* {th:each,data-th-each}] [200]: com.intuit.karate.template.KarateEachTagProcessor
[THYMELEAF]             * [* {th:switch,data-th-switch}] [250]: org.thymeleaf.standard.processor.StandardSwitchTagProcessor
[THYMELEAF]             * [* {th:case,data-th-case}] [275]: org.thymeleaf.standard.processor.StandardCaseTagProcessor
[THYMELEAF]             * [* {th:if,data-th-if}] [300]: org.thymeleaf.standard.processor.StandardIfTagProcessor
[THYMELEAF]             * [* {th:unless,data-th-unless}] [400]: org.thymeleaf.standard.processor.StandardUnlessTagProcessor
[THYMELEAF]             * [* {th:object,data-th-object}] [500]: org.thymeleaf.standard.processor.StandardObjectTagProcessor
[THYMELEAF]             * [* {th:with,data-th-with}] [600]: com.intuit.karate.template.KarateWithTagProcessor
[THYMELEAF]             * [* {th:attr,data-th-attr}] [700]: com.intuit.karate.template.KarateAttributeTagProcessor.KarateAttrTagProcessor
[THYMELEAF]             * [* {th:attrappend,data-th-attrappend}] [900]: com.intuit.karate.template.KarateAttributeTagProcessor.KarateAttrappendTagProcessor
[THYMELEAF]             * [* {th:attrprepend,data-th-attrprepend}] [900]: com.intuit.karate.template.KarateAttributeTagProcessor.KarateAttrprependTagProcessor
[THYMELEAF]             * [* {th:alt-title,data-th-alt-title}] [990]: org.thymeleaf.standard.processor.StandardAltTitleTagProcessor
[THYMELEAF]             * [* {th:lang-xmllang,data-th-lang-xmllang}] [990]: org.thymeleaf.standard.processor.StandardLangXmlLangTagProcessor
[THYMELEAF]             * [* {th:action,data-th-action}] [1000]: org.thymeleaf.standard.processor.StandardActionTagProcessor
[THYMELEAF]             * [* {th:controls,data-th-controls}] [1000]: org.thymeleaf.standard.processor.StandardConditionalFixedValueTagProcessor
[THYMELEAF]             * [* {th:pubdate,data-th-pubdate}] [1000]: org.thymeleaf.standard.processor.StandardConditionalFixedValueTagProcessor
[THYMELEAF]             * [* {th:disabled,data-th-disabled}] [1000]: org.thymeleaf.standard.processor.StandardConditionalFixedValueTagProcessor
[THYMELEAF]             * [* {th:seamless,data-th-seamless}] [1000]: org.thymeleaf.standard.processor.StandardConditionalFixedValueTagProcessor
[THYMELEAF]             * [* {th:ismap,data-th-ismap}] [1000]: org.thymeleaf.standard.processor.StandardConditionalFixedValueTagProcessor
[THYMELEAF]             * [* {th:formnovalidate,data-th-formnovalidate}] [1000]: org.thymeleaf.standard.processor.StandardConditionalFixedValueTagProcessor
[THYMELEAF]             * [* {th:required,data-th-required}] [1000]: org.thymeleaf.standard.processor.StandardConditionalFixedValueTagProcessor
[THYMELEAF]             * [* {th:loop,data-th-loop}] [1000]: org.thymeleaf.standard.processor.StandardConditionalFixedValueTagProcessor
[THYMELEAF]             * [* {th:checked,data-th-checked}] [1000]: org.thymeleaf.standard.processor.StandardConditionalFixedValueTagProcessor
[THYMELEAF]             * [* {th:selected,data-th-selected}] [1000]: org.thymeleaf.standard.processor.StandardConditionalFixedValueTagProcessor
[THYMELEAF]             * [* {th:scoped,data-th-scoped}] [1000]: org.thymeleaf.standard.processor.StandardConditionalFixedValueTagProcessor
[THYMELEAF]             * [* {th:open,data-th-open}] [1000]: org.thymeleaf.standard.processor.StandardConditionalFixedValueTagProcessor
[THYMELEAF]             * [* {th:autofocus,data-th-autofocus}] [1000]: org.thymeleaf.standard.processor.StandardConditionalFixedValueTagProcessor
[THYMELEAF]             * [* {th:hidden,data-th-hidden}] [1000]: org.thymeleaf.standard.processor.StandardConditionalFixedValueTagProcessor
[THYMELEAF]             * [* {th:reversed,data-th-reversed}] [1000]: org.thymeleaf.standard.processor.StandardConditionalFixedValueTagProcessor
[THYMELEAF]             * [* {th:readonly,data-th-readonly}] [1000]: org.thymeleaf.standard.processor.StandardConditionalFixedValueTagProcessor
[THYMELEAF]             * [* {th:declare,data-th-declare}] [1000]: org.thymeleaf.standard.processor.StandardConditionalFixedValueTagProcessor
[THYMELEAF]             * [* {th:defer,data-th-defer}] [1000]: org.thymeleaf.standard.processor.StandardConditionalFixedValueTagProcessor
[THYMELEAF]             * [* {th:nowrap,data-th-nowrap}] [1000]: org.thymeleaf.standard.processor.StandardConditionalFixedValueTagProcessor
[THYMELEAF]             * [* {th:multiple,data-th-multiple}] [1000]: org.thymeleaf.standard.processor.StandardConditionalFixedValueTagProcessor
[THYMELEAF]             * [* {th:async,data-th-async}] [1000]: org.thymeleaf.standard.processor.StandardConditionalFixedValueTagProcessor
[THYMELEAF]             * [* {th:novalidate,data-th-novalidate}] [1000]: org.thymeleaf.standard.processor.StandardConditionalFixedValueTagProcessor
[THYMELEAF]             * [* {th:autoplay,data-th-autoplay}] [1000]: org.thymeleaf.standard.processor.StandardConditionalFixedValueTagProcessor
[THYMELEAF]             * [* {th:default,data-th-default}] [1000]: org.thymeleaf.standard.processor.StandardConditionalFixedValueTagProcessor
[THYMELEAF]             * [* {th:onresize,data-th-onresize}] [1000]: org.thymeleaf.standard.processor.StandardDOMEventAttributeTagProcessor
[THYMELEAF]             * [* {th:ondragenter,data-th-ondragenter}] [1000]: org.thymeleaf.standard.processor.StandardDOMEventAttributeTagProcessor
[THYMELEAF]             * [* {th:onformchange,data-th-onformchange}] [1000]: org.thymeleaf.standard.processor.StandardDOMEventAttributeTagProcessor
[THYMELEAF]             * [* {th:ondragover,data-th-ondragover}] [1000]: org.thymeleaf.standard.processor.StandardDOMEventAttributeTagProcessor
[THYMELEAF]             * [* {th:onloadedmetadata,data-th-onloadedmetadata}] [1000]: org.thymeleaf.standard.processor.StandardDOMEventAttributeTagProcessor
[THYMELEAF]             * [* {th:oninput,data-th-oninput}] [1000]: org.thymeleaf.standard.processor.StandardDOMEventAttributeTagProcessor
[THYMELEAF]             * [* {th:onselect,data-th-onselect}] [1000]: org.thymeleaf.standard.processor.StandardDOMEventAttributeTagProcessor
[THYMELEAF]             * [* {th:onsubmit,data-th-onsubmit}] [1000]: org.thymeleaf.standard.processor.StandardDOMEventAttributeTagProcessor
[THYMELEAF]             * [* {th:onreadystatechange,data-th-onreadystatechange}] [1000]: org.thymeleaf.standard.processor.StandardDOMEventAttributeTagProcessor
[THYMELEAF]             * [* {th:ondragleave,data-th-ondragleave}] [1000]: org.thymeleaf.standard.processor.StandardDOMEventAttributeTagProcessor
[THYMELEAF]             * [* {th:onplaying,data-th-onplaying}] [1000]: org.thymeleaf.standard.processor.StandardDOMEventAttributeTagProcessor
[THYMELEAF]             * [* {th:onstalled,data-th-onstalled}] [1000]: org.thymeleaf.standard.processor.StandardDOMEventAttributeTagProcessor
[THYMELEAF]             * [* {th:onshow,data-th-onshow}] [1000]: org.thymeleaf.standard.processor.StandardDOMEventAttributeTagProcessor
[THYMELEAF]             * [* {th:onplay,data-th-onplay}] [1000]: org.thymeleaf.standard.processor.StandardDOMEventAttributeTagProcessor
[THYMELEAF]             * [* {th:onload,data-th-onload}] [1000]: org.thymeleaf.standard.processor.StandardDOMEventAttributeTagProcessor
[THYMELEAF]             * [* {th:onafterprint,data-th-onafterprint}] [1000]: org.thymeleaf.standard.processor.StandardDOMEventAttributeTagProcessor
[THYMELEAF]             * [* {th:onoffline,data-th-onoffline}] [1000]: org.thymeleaf.standard.processor.StandardDOMEventAttributeTagProcessor
[THYMELEAF]             * [* {th:ononline,data-th-ononline}] [1000]: org.thymeleaf.standard.processor.StandardDOMEventAttributeTagProcessor
[THYMELEAF]             * [* {th:onforminput,data-th-onforminput}] [1000]: org.thymeleaf.standard.processor.StandardDOMEventAttributeTagProcessor
[THYMELEAF]             * [* {th:ondrag,data-th-ondrag}] [1000]: org.thymeleaf.standard.processor.StandardDOMEventAttributeTagProcessor
[THYMELEAF]             * [* {th:onundo,data-th-onundo}] [1000]: org.thymeleaf.standard.processor.StandardDOMEventAttributeTagProcessor
[THYMELEAF]             * [* {th:onloadeddata,data-th-onloadeddata}] [1000]: org.thymeleaf.standard.processor.StandardDOMEventAttributeTagProcessor
[THYMELEAF]             * [* {th:onmousedown,data-th-onmousedown}] [1000]: org.thymeleaf.standard.processor.StandardDOMEventAttributeTagProcessor
[THYMELEAF]             * [* {th:onvolumechange,data-th-onvolumechange}] [1000]: org.thymeleaf.standard.processor.StandardDOMEventAttributeTagProcessor
[THYMELEAF]             * [* {th:onmouseup,data-th-onmouseup}] [1000]: org.thymeleaf.standard.processor.StandardDOMEventAttributeTagProcessor
[THYMELEAF]             * [* {th:onbeforeprint,data-th-onbeforeprint}] [1000]: org.thymeleaf.standard.processor.StandardDOMEventAttributeTagProcessor
[THYMELEAF]             * [* {th:onpopstate,data-th-onpopstate}] [1000]: org.thymeleaf.standard.processor.StandardDOMEventAttributeTagProcessor
[THYMELEAF]             * [* {th:onloadstart,data-th-onloadstart}] [1000]: org.thymeleaf.standard.processor.StandardDOMEventAttributeTagProcessor
[THYMELEAF]             * [* {th:ondblclick,data-th-ondblclick}] [1000]: org.thymeleaf.standard.processor.StandardDOMEventAttributeTagProcessor
[THYMELEAF]             * [* {th:onmousewheel,data-th-onmousewheel}] [1000]: org.thymeleaf.standard.processor.StandardDOMEventAttributeTagProcessor
[THYMELEAF]             * [* {th:onwaiting,data-th-onwaiting}] [1000]: org.thymeleaf.standard.processor.StandardDOMEventAttributeTagProcessor
[THYMELEAF]             * [* {th:onsuspend,data-th-onsuspend}] [1000]: org.thymeleaf.standard.processor.StandardDOMEventAttributeTagProcessor
[THYMELEAF]             * [* {th:ondragstart,data-th-ondragstart}] [1000]: org.thymeleaf.standard.processor.StandardDOMEventAttributeTagProcessor
[THYMELEAF]             * [* {th:onprogress,data-th-onprogress}] [1000]: org.thymeleaf.standard.processor.StandardDOMEventAttributeTagProcessor
[THYMELEAF]             * [* {th:onunload,data-th-onunload}] [1000]: org.thymeleaf.standard.processor.StandardDOMEventAttributeTagProcessor
[THYMELEAF]             * [* {th:onabort,data-th-onabort}] [1000]: org.thymeleaf.standard.processor.StandardDOMEventAttributeTagProcessor
[THYMELEAF]             * [* {th:onhashchange,data-th-onhashchange}] [1000]: org.thymeleaf.standard.processor.StandardDOMEventAttributeTagProcessor
[THYMELEAF]             * [* {th:oncanplaythrough,data-th-oncanplaythrough}] [1000]: org.thymeleaf.standard.processor.StandardDOMEventAttributeTagProcessor
[THYMELEAF]             * [* {th:onseeking,data-th-onseeking}] [1000]: org.thymeleaf.standard.processor.StandardDOMEventAttributeTagProcessor
[THYMELEAF]             * [* {th:onended,data-th-onended}] [1000]: org.thymeleaf.standard.processor.StandardDOMEventAttributeTagProcessor
[THYMELEAF]             * [* {th:ondrop,data-th-ondrop}] [1000]: org.thymeleaf.standard.processor.StandardDOMEventAttributeTagProcessor
[THYMELEAF]             * [* {th:onchange,data-th-onchange}] [1000]: org.thymeleaf.standard.processor.StandardDOMEventAttributeTagProcessor
[THYMELEAF]             * [* {th:onerror,data-th-onerror}] [1000]: org.thymeleaf.standard.processor.StandardDOMEventAttributeTagProcessor
[THYMELEAF]             * [* {th:onreset,data-th-onreset}] [1000]: org.thymeleaf.standard.processor.StandardDOMEventAttributeTagProcessor
[THYMELEAF]             * [* {th:onkeypress,data-th-onkeypress}] [1000]: org.thymeleaf.standard.processor.StandardDOMEventAttributeTagProcessor
[THYMELEAF]             * [* {th:onemptied,data-th-onemptied}] [1000]: org.thymeleaf.standard.processor.StandardDOMEventAttributeTagProcessor
[THYMELEAF]             * [* {th:onscroll,data-th-onscroll}] [1000]: org.thymeleaf.standard.processor.StandardDOMEventAttributeTagProcessor
[THYMELEAF]             * [* {th:oninvalid,data-th-oninvalid}] [1000]: org.thymeleaf.standard.processor.StandardDOMEventAttributeTagProcessor
[THYMELEAF]             * [* {th:onblur,data-th-onblur}] [1000]: org.thymeleaf.standard.processor.StandardDOMEventAttributeTagProcessor
[THYMELEAF]             * [* {th:onmouseover,data-th-onmouseover}] [1000]: org.thymeleaf.standard.processor.StandardDOMEventAttributeTagProcessor
[THYMELEAF]             * [* {th:oncanplay,data-th-oncanplay}] [1000]: org.thymeleaf.standard.processor.StandardDOMEventAttributeTagProcessor
[THYMELEAF]             * [* {th:onratechange,data-th-onratechange}] [1000]: org.thymeleaf.standard.processor.StandardDOMEventAttributeTagProcessor
[THYMELEAF]             * [* {th:onkeyup,data-th-onkeyup}] [1000]: org.thymeleaf.standard.processor.StandardDOMEventAttributeTagProcessor
[THYMELEAF]             * [* {th:onclick,data-th-onclick}] [1000]: org.thymeleaf.standard.processor.StandardDOMEventAttributeTagProcessor
[THYMELEAF]             * [* {th:ondragend,data-th-ondragend}] [1000]: org.thymeleaf.standard.processor.StandardDOMEventAttributeTagProcessor
[THYMELEAF]             * [* {th:ontimeupdate,data-th-ontimeupdate}] [1000]: org.thymeleaf.standard.processor.StandardDOMEventAttributeTagProcessor
[THYMELEAF]             * [* {th:onstorage,data-th-onstorage}] [1000]: org.thymeleaf.standard.processor.StandardDOMEventAttributeTagProcessor
[THYMELEAF]             * [* {th:onmousemove,data-th-onmousemove}] [1000]: org.thymeleaf.standard.processor.StandardDOMEventAttributeTagProcessor
[THYMELEAF]             * [* {th:onfocus,data-th-onfocus}] [1000]: org.thymeleaf.standard.processor.StandardDOMEventAttributeTagProcessor
[THYMELEAF]             * [* {th:onbeforeunload,data-th-onbeforeunload}] [1000]: org.thymeleaf.standard.processor.StandardDOMEventAttributeTagProcessor
[THYMELEAF]             * [* {th:onkeydown,data-th-onkeydown}] [1000]: org.thymeleaf.standard.processor.StandardDOMEventAttributeTagProcessor
[THYMELEAF]             * [* {th:onseeked,data-th-onseeked}] [1000]: org.thymeleaf.standard.processor.StandardDOMEventAttributeTagProcessor
[THYMELEAF]             * [* {th:oncontextmenu,data-th-oncontextmenu}] [1000]: org.thymeleaf.standard.processor.StandardDOMEventAttributeTagProcessor
[THYMELEAF]             * [* {th:ondurationchange,data-th-ondurationchange}] [1000]: org.thymeleaf.standard.processor.StandardDOMEventAttributeTagProcessor
[THYMELEAF]             * [* {th:onredo,data-th-onredo}] [1000]: org.thymeleaf.standard.processor.StandardDOMEventAttributeTagProcessor
[THYMELEAF]             * [* {th:onpause,data-th-onpause}] [1000]: org.thymeleaf.standard.processor.StandardDOMEventAttributeTagProcessor
[THYMELEAF]             * [* {th:onmouseout,data-th-onmouseout}] [1000]: org.thymeleaf.standard.processor.StandardDOMEventAttributeTagProcessor
[THYMELEAF]             * [* {th:onmessage,data-th-onmessage}] [1000]: org.thymeleaf.standard.processor.StandardDOMEventAttributeTagProcessor
[THYMELEAF]             * [* {th:href,data-th-href}] [1000]: org.thymeleaf.standard.processor.StandardHrefTagProcessor
[THYMELEAF]             * [* {th:inline,data-th-inline}] [1000]: org.thymeleaf.standard.processor.StandardInlineHTMLTagProcessor
[THYMELEAF]             * [* {th:method,data-th-method}] [1000]: org.thymeleaf.standard.processor.StandardMethodTagProcessor
[THYMELEAF]             * [* {th:type,data-th-type}] [1000]: org.thymeleaf.standard.processor.StandardNonRemovableAttributeTagProcessor
[THYMELEAF]             * [* {th:name,data-th-name}] [1000]: org.thymeleaf.standard.processor.StandardNonRemovableAttributeTagProcessor
[THYMELEAF]             * [* {th:sandbox,data-th-sandbox}] [1000]: org.thymeleaf.standard.processor.StandardRemovableAttributeTagProcessor
[THYMELEAF]             * [* {th:label,data-th-label}] [1000]: org.thymeleaf.standard.processor.StandardRemovableAttributeTagProcessor
[THYMELEAF]             * [* {th:marginheight,data-th-marginheight}] [1000]: org.thymeleaf.standard.processor.StandardRemovableAttributeTagProcessor
[THYMELEAF]             * [* {th:size,data-th-size}] [1000]: org.thymeleaf.standard.processor.StandardRemovableAttributeTagProcessor
[THYMELEAF]             * [* {th:media,data-th-media}] [1000]: org.thymeleaf.standard.processor.StandardRemovableAttributeTagProcessor
[THYMELEAF]             * [* {th:step,data-th-step}] [1000]: org.thymeleaf.standard.processor.StandardRemovableAttributeTagProcessor
[THYMELEAF]             * [* {th:frameborder,data-th-frameborder}] [1000]: org.thymeleaf.standard.processor.StandardRemovableAttributeTagProcessor
[THYMELEAF]             * [* {th:standby,data-th-standby}] [1000]: org.thymeleaf.standard.processor.StandardRemovableAttributeTagProcessor
[THYMELEAF]             * [* {th:align,data-th-align}] [1000]: org.thymeleaf.standard.processor.StandardRemovableAttributeTagProcessor
[THYMELEAF]             * [* {th:placeholder,data-th-placeholder}] [1000]: org.thymeleaf.standard.processor.StandardRemovableAttributeTagProcessor
[THYMELEAF]             * [* {th:archive,data-th-archive}] [1000]: org.thymeleaf.standard.processor.StandardRemovableAttributeTagProcessor
[THYMELEAF]             * [* {th:for,data-th-for}] [1000]: org.thymeleaf.standard.processor.StandardRemovableAttributeTagProcessor
[THYMELEAF]             * [* {th:alt,data-th-alt}] [1000]: org.thymeleaf.standard.processor.StandardRemovableAttributeTagProcessor
[THYMELEAF]             * [* {th:list,data-th-list}] [1000]: org.thymeleaf.standard.processor.StandardRemovableAttributeTagProcessor
[THYMELEAF]             * [* {th:border,data-th-border}] [1000]: org.thymeleaf.standard.processor.StandardRemovableAttributeTagProcessor
[THYMELEAF]             * [* {th:manifest,data-th-manifest}] [1000]: org.thymeleaf.standard.processor.StandardRemovableAttributeTagProcessor
[THYMELEAF]             * [* {th:span,data-th-span}] [1000]: org.thymeleaf.standard.processor.StandardRemovableAttributeTagProcessor
[THYMELEAF]             * [* {th:dir,data-th-dir}] [1000]: org.thymeleaf.standard.processor.StandardRemovableAttributeTagProcessor
[THYMELEAF]             * [* {th:headers,data-th-headers}] [1000]: org.thymeleaf.standard.processor.StandardRemovableAttributeTagProcessor
[THYMELEAF]             * [* {th:height,data-th-height}] [1000]: org.thymeleaf.standard.processor.StandardRemovableAttributeTagProcessor
[THYMELEAF]             * [* {th:spellcheck,data-th-spellcheck}] [1000]: org.thymeleaf.standard.processor.StandardRemovableAttributeTagProcessor
[THYMELEAF]             * [* {th:contextmenu,data-th-contextmenu}] [1000]: org.thymeleaf.standard.processor.StandardRemovableAttributeTagProcessor
[THYMELEAF]             * [* {th:contenteditable,data-th-contenteditable}] [1000]: org.thymeleaf.standard.processor.StandardRemovableAttributeTagProcessor
[THYMELEAF]             * [* {th:width,data-th-width}] [1000]: org.thymeleaf.standard.processor.StandardRemovableAttributeTagProcessor
[THYMELEAF]             * [* {th:cellpadding,data-th-cellpadding}] [1000]: org.thymeleaf.standard.processor.StandardRemovableAttributeTagProcessor
[THYMELEAF]             * [* {th:http-equiv,data-th-http-equiv}] [1000]: org.thymeleaf.standard.processor.StandardRemovableAttributeTagProcessor
[THYMELEAF]             * [* {th:data,data-th-data}] [1000]: org.thymeleaf.standard.processor.StandardRemovableAttributeTagProcessor
[THYMELEAF]             * [* {th:min,data-th-min}] [1000]: org.thymeleaf.standard.processor.StandardRemovableAttributeTagProcessor
[THYMELEAF]             * [* {th:sizes,data-th-sizes}] [1000]: org.thymeleaf.standard.processor.StandardRemovableAttributeTagProcessor
[THYMELEAF]             * [* {th:lang,data-th-lang}] [1000]: org.thymeleaf.standard.processor.StandardRemovableAttributeTagProcessor
[THYMELEAF]             * [* {th:preload,data-th-preload}] [1000]: org.thymeleaf.standard.processor.StandardRemovableAttributeTagProcessor
[THYMELEAF]             * [* {th:style,data-th-style}] [1000]: org.thymeleaf.standard.processor.StandardRemovableAttributeTagProcessor
[THYMELEAF]             * [* {th:wrap,data-th-wrap}] [1000]: org.thymeleaf.standard.processor.StandardRemovableAttributeTagProcessor
[THYMELEAF]             * [* {th:accept-charset,data-th-accept-charset}] [1000]: org.thymeleaf.standard.processor.StandardRemovableAttributeTagProcessor
[THYMELEAF]             * [* {th:rel,data-th-rel}] [1000]: org.thymeleaf.standard.processor.StandardRemovableAttributeTagProcessor
[THYMELEAF]             * [* {th:max,data-th-max}] [1000]: org.thymeleaf.standard.processor.StandardRemovableAttributeTagProcessor
[THYMELEAF]             * [* {th:vspace,data-th-vspace}] [1000]: org.thymeleaf.standard.processor.StandardRemovableAttributeTagProcessor
[THYMELEAF]             * [* {th:rules,data-th-rules}] [1000]: org.thymeleaf.standard.processor.StandardRemovableAttributeTagProcessor
[THYMELEAF]             * [* {th:accept,data-th-accept}] [1000]: org.thymeleaf.standard.processor.StandardRemovableAttributeTagProcessor
[THYMELEAF]             * [* {th:hspace,data-th-hspace}] [1000]: org.thymeleaf.standard.processor.StandardRemovableAttributeTagProcessor
[THYMELEAF]             * [* {th:high,data-th-high}] [1000]: org.thymeleaf.standard.processor.StandardRemovableAttributeTagProcessor
[THYMELEAF]             * [* {th:frame,data-th-frame}] [1000]: org.thymeleaf.standard.processor.StandardRemovableAttributeTagProcessor
[THYMELEAF]             * [* {th:formenctype,data-th-formenctype}] [1000]: org.thymeleaf.standard.processor.StandardRemovableAttributeTagProcessor
[THYMELEAF]             * [* {th:rev,data-th-rev}] [1000]: org.thymeleaf.standard.processor.StandardRemovableAttributeTagProcessor
[THYMELEAF]             * [* {th:summary,data-th-summary}] [1000]: org.thymeleaf.standard.processor.StandardRemovableAttributeTagProcessor
[THYMELEAF]             * [* {th:colspan,data-th-colspan}] [1000]: org.thymeleaf.standard.processor.StandardRemovableAttributeTagProcessor
[THYMELEAF]             * [* {th:low,data-th-low}] [1000]: org.thymeleaf.standard.processor.StandardRemovableAttributeTagProcessor
[THYMELEAF]             * [* {th:radiogroup,data-th-radiogroup}] [1000]: org.thymeleaf.standard.processor.StandardRemovableAttributeTagProcessor
[THYMELEAF]             * [* {th:formmethod,data-th-formmethod}] [1000]: org.thymeleaf.standard.processor.StandardRemovableAttributeTagProcessor
[THYMELEAF]             * [* {th:valuetype,data-th-valuetype}] [1000]: org.thymeleaf.standard.processor.StandardRemovableAttributeTagProcessor
[THYMELEAF]             * [* {th:hreflang,data-th-hreflang}] [1000]: org.thymeleaf.standard.processor.StandardRemovableAttributeTagProcessor
[THYMELEAF]             * [* {th:axis,data-th-axis}] [1000]: org.thymeleaf.standard.processor.StandardRemovableAttributeTagProcessor
[THYMELEAF]             * [* {th:id,data-th-id}] [1000]: org.thymeleaf.standard.processor.StandardRemovableAttributeTagProcessor
[THYMELEAF]             * [* {th:start,data-th-start}] [1000]: org.thymeleaf.standard.processor.StandardRemovableAttributeTagProcessor
[THYMELEAF]             * [* {th:icon,data-th-icon}] [1000]: org.thymeleaf.standard.processor.StandardRemovableAttributeTagProcessor
[THYMELEAF]             * [* {th:abbr,data-th-abbr}] [1000]: org.thymeleaf.standard.processor.StandardRemovableAttributeTagProcessor
[THYMELEAF]             * [* {th:rowspan,data-th-rowspan}] [1000]: org.thymeleaf.standard.processor.StandardRemovableAttributeTagProcessor
[THYMELEAF]             * [* {th:usemap,data-th-usemap}] [1000]: org.thymeleaf.standard.processor.StandardRemovableAttributeTagProcessor
[THYMELEAF]             * [* {th:audio,data-th-audio}] [1000]: org.thymeleaf.standard.processor.StandardRemovableAttributeTagProcessor
[THYMELEAF]             * [* {th:cite,data-th-cite}] [1000]: org.thymeleaf.standard.processor.StandardRemovableAttributeTagProcessor
[THYMELEAF]             * [* {th:marginwidth,data-th-marginwidth}] [1000]: org.thymeleaf.standard.processor.StandardRemovableAttributeTagProcessor
[THYMELEAF]             * [* {th:cellspacing,data-th-cellspacing}] [1000]: org.thymeleaf.standard.processor.StandardRemovableAttributeTagProcessor
[THYMELEAF]             * [* {th:classid,data-th-classid}] [1000]: org.thymeleaf.standard.processor.StandardRemovableAttributeTagProcessor
[THYMELEAF]             * [* {th:target,data-th-target}] [1000]: org.thymeleaf.standard.processor.StandardRemovableAttributeTagProcessor
[THYMELEAF]             * [* {th:maxlength,data-th-maxlength}] [1000]: org.thymeleaf.standard.processor.StandardRemovableAttributeTagProcessor
[THYMELEAF]             * [* {th:tabindex,data-th-tabindex}] [1000]: org.thymeleaf.standard.processor.StandardRemovableAttributeTagProcessor
[THYMELEAF]             * [* {th:rows,data-th-rows}] [1000]: org.thymeleaf.standard.processor.StandardRemovableAttributeTagProcessor
[THYMELEAF]             * [* {th:srclang,data-th-srclang}] [1000]: org.thymeleaf.standard.processor.StandardRemovableAttributeTagProcessor
[THYMELEAF]             * [* {th:poster,data-th-poster}] [1000]: org.thymeleaf.standard.processor.StandardRemovableAttributeTagProcessor
[THYMELEAF]             * [* {th:dropzone,data-th-dropzone}] [1000]: org.thymeleaf.standard.processor.StandardRemovableAttributeTagProcessor
[THYMELEAF]             * [* {th:datetime,data-th-datetime}] [1000]: org.thymeleaf.standard.processor.StandardRemovableAttributeTagProcessor
[THYMELEAF]             * [* {th:keytype,data-th-keytype}] [1000]: org.thymeleaf.standard.processor.StandardRemovableAttributeTagProcessor
[THYMELEAF]             * [* {th:formaction,data-th-formaction}] [1000]: org.thymeleaf.standard.processor.StandardRemovableAttributeTagProcessor
[THYMELEAF]             * [* {th:bgcolor,data-th-bgcolor}] [1000]: org.thymeleaf.standard.processor.StandardRemovableAttributeTagProcessor
[THYMELEAF]             * [* {th:scope,data-th-scope}] [1000]: org.thymeleaf.standard.processor.StandardRemovableAttributeTagProcessor
[THYMELEAF]             * [* {th:compact,data-th-compact}] [1000]: org.thymeleaf.standard.processor.StandardRemovableAttributeTagProcessor
[THYMELEAF]             * [* {th:codebase,data-th-codebase}] [1000]: org.thymeleaf.standard.processor.StandardRemovableAttributeTagProcessor
[THYMELEAF]             * [* {th:background,data-th-background}] [1000]: org.thymeleaf.standard.processor.StandardRemovableAttributeTagProcessor
[THYMELEAF]             * [* {th:longdesc,data-th-longdesc}] [1000]: org.thymeleaf.standard.processor.StandardRemovableAttributeTagProcessor
[THYMELEAF]             * [* {th:charset,data-th-charset}] [1000]: org.thymeleaf.standard.processor.StandardRemovableAttributeTagProcessor
[THYMELEAF]             * [* {th:optimum,data-th-optimum}] [1000]: org.thymeleaf.standard.processor.StandardRemovableAttributeTagProcessor
[THYMELEAF]             * [* {th:class,data-th-class}] [1000]: org.thymeleaf.standard.processor.StandardRemovableAttributeTagProcessor
[THYMELEAF]             * [* {th:challenge,data-th-challenge}] [1000]: org.thymeleaf.standard.processor.StandardRemovableAttributeTagProcessor
[THYMELEAF]             * [* {th:title,data-th-title}] [1000]: org.thymeleaf.standard.processor.StandardRemovableAttributeTagProcessor
[THYMELEAF]             * [* {th:pattern,data-th-pattern}] [1000]: org.thymeleaf.standard.processor.StandardRemovableAttributeTagProcessor
[THYMELEAF]             * [* {th:autocomplete,data-th-autocomplete}] [1000]: org.thymeleaf.standard.processor.StandardRemovableAttributeTagProcessor
[THYMELEAF]             * [* {th:formtarget,data-th-formtarget}] [1000]: org.thymeleaf.standard.processor.StandardRemovableAttributeTagProcessor
[THYMELEAF]             * [* {th:scrolling,data-th-scrolling}] [1000]: org.thymeleaf.standard.processor.StandardRemovableAttributeTagProcessor
[THYMELEAF]             * [* {th:scheme,data-th-scheme}] [1000]: org.thymeleaf.standard.processor.StandardRemovableAttributeTagProcessor
[THYMELEAF]             * [* {th:cols,data-th-cols}] [1000]: org.thymeleaf.standard.processor.StandardRemovableAttributeTagProcessor
[THYMELEAF]             * [* {th:form,data-th-form}] [1000]: org.thymeleaf.standard.processor.StandardRemovableAttributeTagProcessor
[THYMELEAF]             * [* {th:kind,data-th-kind}] [1000]: org.thymeleaf.standard.processor.StandardRemovableAttributeTagProcessor
[THYMELEAF]             * [* {th:codetype,data-th-codetype}] [1000]: org.thymeleaf.standard.processor.StandardRemovableAttributeTagProcessor
[THYMELEAF]             * [* {th:enctype,data-th-enctype}] [1000]: org.thymeleaf.standard.processor.StandardRemovableAttributeTagProcessor
[THYMELEAF]             * [* {th:content,data-th-content}] [1000]: org.thymeleaf.standard.processor.StandardRemovableAttributeTagProcessor
[THYMELEAF]             * [* {th:draggable,data-th-draggable}] [1000]: org.thymeleaf.standard.processor.StandardRemovableAttributeTagProcessor
[THYMELEAF]             * [* {th:accesskey,data-th-accesskey}] [1000]: org.thymeleaf.standard.processor.StandardRemovableAttributeTagProcessor
[THYMELEAF]             * [* {th:src,data-th-src}] [1000]: org.thymeleaf.standard.processor.StandardSrcTagProcessor
[THYMELEAF]             * [* {th:value,data-th-value}] [1000]: org.thymeleaf.standard.processor.StandardValueTagProcessor
[THYMELEAF]             * [* {th:xmlbase,data-th-xmlbase}] [1000]: org.thymeleaf.standard.processor.StandardXmlBaseTagProcessor
[THYMELEAF]             * [* {th:xmllang,data-th-xmllang}] [1000]: org.thymeleaf.standard.processor.StandardXmlLangTagProcessor
[THYMELEAF]             * [* {xmlns:th}] [1000]: org.thymeleaf.standard.processor.StandardXmlNsTagProcessor
[THYMELEAF]             * [* {th:xmlspace,data-th-xmlspace}] [1000]: org.thymeleaf.standard.processor.StandardXmlSpaceTagProcessor
[THYMELEAF]             * [* {th:classappend,data-th-classappend}] [1100]: org.thymeleaf.standard.processor.StandardClassappendTagProcessor
[THYMELEAF]             * [* {th:styleappend,data-th-styleappend}] [1100]: org.thymeleaf.standard.processor.StandardStyleappendTagProcessor
[THYMELEAF]             * [* {th:text,data-th-text}] [1300]: org.thymeleaf.standard.processor.StandardTextTagProcessor
[THYMELEAF]             * [* {th:utext,data-th-utext}] [1400]: org.thymeleaf.standard.processor.StandardUtextTagProcessor
[THYMELEAF]             * [* {th:fragment,data-th-fragment}] [1500]: org.thymeleaf.standard.processor.StandardFragmentTagProcessor
[THYMELEAF]             * [* {th:assert,data-th-assert}] [1550]: org.thymeleaf.standard.processor.StandardAssertTagProcessor
[THYMELEAF]             * [* {th:remove,data-th-remove}] [1600]: org.thymeleaf.standard.processor.StandardRemoveTagProcessor
[THYMELEAF]             * [* {th:ref,data-th-ref}] [10000]: org.thymeleaf.standard.processor.StandardRefAttributeTagProcessor
[THYMELEAF]             * [{th:block,th-block} *] [100000]: org.thymeleaf.standard.processor.StandardBlockTagProcessor
[THYMELEAF]             * [* th:*] [2147483647]: org.thymeleaf.standard.processor.StandardDefaultAttributesTagProcessor
[THYMELEAF]         * Text Processors by [precedence]:
[THYMELEAF]             * [1000]: org.thymeleaf.standard.processor.StandardInliningTextProcessor
[THYMELEAF]         * DOCTYPE Processors by [precedence]:
[THYMELEAF]             * [1000]: org.thymeleaf.standard.processor.StandardTranslationDocTypeProcessor
[THYMELEAF]         * CDATA Section Processors by [precedence]:
[THYMELEAF]             * [1000]: org.thymeleaf.standard.processor.StandardInliningCDATASectionProcessor
[THYMELEAF]         * Comment Processors by [precedence]:
[THYMELEAF]             * [1000]: org.thymeleaf.standard.processor.StandardInliningCommentProcessor
[THYMELEAF]             * [1100]: org.thymeleaf.standard.processor.StandardConditionalCommentProcessor
[THYMELEAF]     * Processors for Template Mode: XML
[THYMELEAF]         * Element Tag Processors by [matching element and attribute name] [precedence]:
[THYMELEAF]             * [* {th:include}] [100]: org.thymeleaf.standard.processor.StandardIncludeTagProcessor
[THYMELEAF]             * [* {th:insert}] [100]: org.thymeleaf.standard.processor.StandardInsertTagProcessor
[THYMELEAF]             * [* {th:replace}] [100]: org.thymeleaf.standard.processor.StandardReplaceTagProcessor
[THYMELEAF]             * [* {th:substituteby}] [100]: org.thymeleaf.standard.processor.StandardSubstituteByTagProcessor
[THYMELEAF]             * [* {th:each}] [200]: com.intuit.karate.template.KarateEachTagProcessor
[THYMELEAF]             * [* {th:switch}] [250]: org.thymeleaf.standard.processor.StandardSwitchTagProcessor
[THYMELEAF]             * [* {th:case}] [275]: org.thymeleaf.standard.processor.StandardCaseTagProcessor
[THYMELEAF]             * [* {th:if}] [300]: org.thymeleaf.standard.processor.StandardIfTagProcessor
[THYMELEAF]             * [* {th:unless}] [400]: org.thymeleaf.standard.processor.StandardUnlessTagProcessor
[THYMELEAF]             * [* {th:object}] [500]: org.thymeleaf.standard.processor.StandardObjectTagProcessor
[THYMELEAF]             * [* {th:with}] [600]: com.intuit.karate.template.KarateWithTagProcessor
[THYMELEAF]             * [* {th:attr}] [700]: com.intuit.karate.template.KarateAttributeTagProcessor.KarateAttrTagProcessor
[THYMELEAF]             * [* {th:attrappend}] [900]: com.intuit.karate.template.KarateAttributeTagProcessor.KarateAttrappendTagProcessor
[THYMELEAF]             * [* {th:attrprepend}] [900]: com.intuit.karate.template.KarateAttributeTagProcessor.KarateAttrprependTagProcessor
[THYMELEAF]             * [* {th:inline}] [1000]: org.thymeleaf.standard.processor.StandardInlineXMLTagProcessor
[THYMELEAF]             * [* {xmlns:th}] [1000]: org.thymeleaf.standard.processor.StandardXmlNsTagProcessor
[THYMELEAF]             * [* {th:text}] [1300]: org.thymeleaf.standard.processor.StandardTextTagProcessor
[THYMELEAF]             * [* {th:utext}] [1400]: org.thymeleaf.standard.processor.StandardUtextTagProcessor
[THYMELEAF]             * [* {th:fragment}] [1500]: org.thymeleaf.standard.processor.StandardFragmentTagProcessor
[THYMELEAF]             * [* {th:assert}] [1550]: org.thymeleaf.standard.processor.StandardAssertTagProcessor
[THYMELEAF]             * [* {th:remove}] [1600]: org.thymeleaf.standard.processor.StandardRemoveTagProcessor
[THYMELEAF]             * [* {th:ref}] [10000]: org.thymeleaf.standard.processor.StandardRefAttributeTagProcessor
[THYMELEAF]             * [{th:block} *] [100000]: org.thymeleaf.standard.processor.StandardBlockTagProcessor
[THYMELEAF]             * [* th:*] [2147483647]: org.thymeleaf.standard.processor.StandardDefaultAttributesTagProcessor
[THYMELEAF]         * Text Processors by [precedence]:
[THYMELEAF]             * [1000]: org.thymeleaf.standard.processor.StandardInliningTextProcessor
[THYMELEAF]         * CDATA Section Processors by [precedence]:
[THYMELEAF]             * [1000]: org.thymeleaf.standard.processor.StandardInliningCDATASectionProcessor
[THYMELEAF]         * Comment Processors by [precedence]:
[THYMELEAF]             * [1000]: org.thymeleaf.standard.processor.StandardInliningCommentProcessor
[THYMELEAF]     * Processors for Template Mode: TEXT
[THYMELEAF]         * Element Tag Processors by [matching element and attribute name] [precedence]:
[THYMELEAF]             * [* {th:insert}] [100]: org.thymeleaf.standard.processor.StandardInsertTagProcessor
[THYMELEAF]             * [* {th:replace}] [100]: org.thymeleaf.standard.processor.StandardReplaceTagProcessor
[THYMELEAF]             * [* {th:each}] [200]: com.intuit.karate.template.KarateEachTagProcessor
[THYMELEAF]             * [* {th:switch}] [250]: org.thymeleaf.standard.processor.StandardSwitchTagProcessor
[THYMELEAF]             * [* {th:case}] [275]: org.thymeleaf.standard.processor.StandardCaseTagProcessor
[THYMELEAF]             * [* {th:if}] [300]: org.thymeleaf.standard.processor.StandardIfTagProcessor
[THYMELEAF]             * [* {th:unless}] [400]: org.thymeleaf.standard.processor.StandardUnlessTagProcessor
[THYMELEAF]             * [* {th:object}] [500]: org.thymeleaf.standard.processor.StandardObjectTagProcessor
[THYMELEAF]             * [* {th:with}] [600]: com.intuit.karate.template.KarateWithTagProcessor
[THYMELEAF]             * [* {th:inline}] [1000]: org.thymeleaf.standard.processor.StandardInlineTextualTagProcessor
[THYMELEAF]             * [* {th:text}] [1300]: org.thymeleaf.standard.processor.StandardTextTagProcessor
[THYMELEAF]             * [* {th:utext}] [1400]: org.thymeleaf.standard.processor.StandardUtextTagProcessor
[THYMELEAF]             * [* {th:assert}] [1550]: org.thymeleaf.standard.processor.StandardAssertTagProcessor
[THYMELEAF]             * [* {th:remove}] [1600]: org.thymeleaf.standard.processor.StandardRemoveTagProcessor
[THYMELEAF]             * [* 100000] [org.thymeleaf.standard.processor.StandardBlockTagProcessor]: {}
[THYMELEAF]             * [{th:block} *] [100000]: org.thymeleaf.standard.processor.StandardBlockTagProcessor
[THYMELEAF]         * Text Processors by [precedence]:
[THYMELEAF]             * [1000]: org.thymeleaf.standard.processor.StandardInliningTextProcessor
[THYMELEAF]     * Processors for Template Mode: JAVASCRIPT
[THYMELEAF]         * Element Tag Processors by [matching element and attribute name] [precedence]:
[THYMELEAF]             * [* {th:insert}] [100]: org.thymeleaf.standard.processor.StandardInsertTagProcessor
[THYMELEAF]             * [* {th:replace}] [100]: org.thymeleaf.standard.processor.StandardReplaceTagProcessor
[THYMELEAF]             * [* {th:each}] [200]: com.intuit.karate.template.KarateEachTagProcessor
[THYMELEAF]             * [* {th:switch}] [250]: org.thymeleaf.standard.processor.StandardSwitchTagProcessor
[THYMELEAF]             * [* {th:case}] [275]: org.thymeleaf.standard.processor.StandardCaseTagProcessor
[THYMELEAF]             * [* {th:if}] [300]: org.thymeleaf.standard.processor.StandardIfTagProcessor
[THYMELEAF]             * [* {th:unless}] [400]: org.thymeleaf.standard.processor.StandardUnlessTagProcessor
[THYMELEAF]             * [* {th:object}] [500]: org.thymeleaf.standard.processor.StandardObjectTagProcessor
[THYMELEAF]             * [* {th:with}] [600]: com.intuit.karate.template.KarateWithTagProcessor
[THYMELEAF]             * [* {th:inline}] [1000]: org.thymeleaf.standard.processor.StandardInlineTextualTagProcessor
[THYMELEAF]             * [* {th:text}] [1300]: org.thymeleaf.standard.processor.StandardTextTagProcessor
[THYMELEAF]             * [* {th:utext}] [1400]: org.thymeleaf.standard.processor.StandardUtextTagProcessor
[THYMELEAF]             * [* {th:assert}] [1550]: org.thymeleaf.standard.processor.StandardAssertTagProcessor
[THYMELEAF]             * [* {th:remove}] [1600]: org.thymeleaf.standard.processor.StandardRemoveTagProcessor
[THYMELEAF]             * [* 100000] [org.thymeleaf.standard.processor.StandardBlockTagProcessor]: {}
[THYMELEAF]             * [{th:block} *] [100000]: org.thymeleaf.standard.processor.StandardBlockTagProcessor
[THYMELEAF]         * Text Processors by [precedence]:
[THYMELEAF]             * [1000]: org.thymeleaf.standard.processor.StandardInliningTextProcessor
[THYMELEAF]     * Processors for Template Mode: CSS
[THYMELEAF]         * Element Tag Processors by [matching element and attribute name] [precedence]:
[THYMELEAF]             * [* {th:insert}] [100]: org.thymeleaf.standard.processor.StandardInsertTagProcessor
[THYMELEAF]             * [* {th:replace}] [100]: org.thymeleaf.standard.processor.StandardReplaceTagProcessor
[THYMELEAF]             * [* {th:each}] [200]: com.intuit.karate.template.KarateEachTagProcessor
[THYMELEAF]             * [* {th:switch}] [250]: org.thymeleaf.standard.processor.StandardSwitchTagProcessor
[THYMELEAF]             * [* {th:case}] [275]: org.thymeleaf.standard.processor.StandardCaseTagProcessor
[THYMELEAF]             * [* {th:if}] [300]: org.thymeleaf.standard.processor.StandardIfTagProcessor
[THYMELEAF]             * [* {th:unless}] [400]: org.thymeleaf.standard.processor.StandardUnlessTagProcessor
[THYMELEAF]             * [* {th:object}] [500]: org.thymeleaf.standard.processor.StandardObjectTagProcessor
[THYMELEAF]             * [* {th:with}] [600]: com.intuit.karate.template.KarateWithTagProcessor
[THYMELEAF]             * [* {th:inline}] [1000]: org.thymeleaf.standard.processor.StandardInlineTextualTagProcessor
[THYMELEAF]             * [* {th:text}] [1300]: org.thymeleaf.standard.processor.StandardTextTagProcessor
[THYMELEAF]             * [* {th:utext}] [1400]: org.thymeleaf.standard.processor.StandardUtextTagProcessor
[THYMELEAF]             * [* {th:assert}] [1550]: org.thymeleaf.standard.processor.StandardAssertTagProcessor
[THYMELEAF]             * [* {th:remove}] [1600]: org.thymeleaf.standard.processor.StandardRemoveTagProcessor
[THYMELEAF]             * [{th:block} *] [100000]: org.thymeleaf.standard.processor.StandardBlockTagProcessor
[THYMELEAF]             * [* 100000] [org.thymeleaf.standard.processor.StandardBlockTagProcessor]: {}
[THYMELEAF]         * Text Processors by [precedence]:
[THYMELEAF]             * [1000]: org.thymeleaf.standard.processor.StandardInliningTextProcessor
[THYMELEAF]     * Expression Objects:
[THYMELEAF]         * #ctx
[THYMELEAF]         * #root
[THYMELEAF]         * #vars
[THYMELEAF]         * #object
[THYMELEAF]         * #locale
[THYMELEAF]         * #request
[THYMELEAF]         * #response
[THYMELEAF]         * #session
[THYMELEAF]         * #servletContext
[THYMELEAF]         * #conversions
[THYMELEAF]         * #uris
[THYMELEAF]         * #calendars
[THYMELEAF]         * #dates
[THYMELEAF]         * #bools
[THYMELEAF]         * #numbers
[THYMELEAF]         * #objects
[THYMELEAF]         * #strings
[THYMELEAF]         * #arrays
[THYMELEAF]         * #lists
[THYMELEAF]         * #sets
[THYMELEAF]         * #maps
[THYMELEAF]         * #aggregates
[THYMELEAF]         * #messages
[THYMELEAF]         * #ids
[THYMELEAF]         * #execInfo
[THYMELEAF]         * #httpServletRequest
[THYMELEAF]         * #httpSession
[THYMELEAF]     * Execution Attributes:
[THYMELEAF]         * "StandardExpressionParser": com.intuit.karate.template.KarateStandardDialect@4b07cad0
[THYMELEAF]         * "StandardJavaScriptSerializer": org.thymeleaf.standard.serializer.StandardJavaScriptSerializer@5f45bc8e
[THYMELEAF]         * "StandardCSSSerializer": org.thymeleaf.standard.serializer.StandardCSSSerializer@33e50ff2
[THYMELEAF]         * "StandardVariableExpressionEvaluator": com.intuit.karate.template.KarateStandardDialect@4b07cad0
[THYMELEAF]         * "StandardConversionService": org.thymeleaf.standard.expression.StandardConversionService@7ab33ca8
[THYMELEAF] * Dialect [2 of 2]: karate (com.intuit.karate.template.KarateScriptDialect)
[THYMELEAF]     * Prefix: "ka"
[THYMELEAF]     * Processors for Template Mode: HTML
[THYMELEAF]         * Element Tag Processors by [matching element and attribute name] [precedence]:
[THYMELEAF]             * [* {src}] [1000]: com.intuit.karate.template.KaScriptAttrProcessor
[THYMELEAF]         * Element Model Processors by [matching element and attribute name] [precedence]:
[THYMELEAF]             * [{script} {ka:scope,data-ka-scope}] [1000]: com.intuit.karate.template.KaScriptElemProcessor
[THYMELEAF]             * [* {ka:set,data-ka-set}] [1000]: com.intuit.karate.template.KaSetElemProcessor
[THYMELEAF] TEMPLATE ENGINE CONFIGURED OK
21:34:38.987 [main] DEBUG org.thymeleaf.TemplateEngine - [THYMELEAF] TEMPLATE ENGINE INITIALIZED
21:34:38.991 [main] DEBUG org.thymeleaf.TemplateEngine - [THYMELEAF] INITIALIZING TEMPLATE ENGINE
21:34:38.998 [main] DEBUG org.thymeleaf.TemplateEngine.CONFIG - Initializing Thymeleaf Template engine configuration...
[THYMELEAF] TEMPLATE ENGINE CONFIGURATION:
[THYMELEAF] * Thymeleaf version: 3.0.14.RELEASE (built 2021-12-08T00:45:29+0000)
[THYMELEAF] * Cache Manager implementation: org.thymeleaf.cache.StandardCacheManager
[THYMELEAF] * Template resolvers:
[THYMELEAF]     * [1] com.intuit.karate.template.ResourceHtmlTemplateResolver
[THYMELEAF] * Message resolvers:
[THYMELEAF]     * org.thymeleaf.messageresolver.StandardMessageResolver
[THYMELEAF] * Link builders:
[THYMELEAF]     * org.thymeleaf.linkbuilder.StandardLinkBuilder
[THYMELEAF] * Dialect [1 of 2]: Standard (com.intuit.karate.template.KarateStandardDialect)
[THYMELEAF]     * Prefix: "th"
[THYMELEAF]     * Processors for Template Mode: HTML
[THYMELEAF]         * Element Tag Processors by [matching element and attribute name] [precedence]:
[THYMELEAF]             * [* {th:include,data-th-include}] [100]: org.thymeleaf.standard.processor.StandardIncludeTagProcessor
[THYMELEAF]             * [* {th:insert,data-th-insert}] [100]: org.thymeleaf.standard.processor.StandardInsertTagProcessor
[THYMELEAF]             * [* {th:replace,data-th-replace}] [100]: org.thymeleaf.standard.processor.StandardReplaceTagProcessor
[THYMELEAF]             * [* {th:substituteby,data-th-substituteby}] [100]: org.thymeleaf.standard.processor.StandardSubstituteByTagProcessor
[THYMELEAF]             * [* {th:each,data-th-each}] [200]: com.intuit.karate.template.KarateEachTagProcessor
[THYMELEAF]             * [* {th:switch,data-th-switch}] [250]: org.thymeleaf.standard.processor.StandardSwitchTagProcessor
[THYMELEAF]             * [* {th:case,data-th-case}] [275]: org.thymeleaf.standard.processor.StandardCaseTagProcessor
[THYMELEAF]             * [* {th:if,data-th-if}] [300]: org.thymeleaf.standard.processor.StandardIfTagProcessor
[THYMELEAF]             * [* {th:unless,data-th-unless}] [400]: org.thymeleaf.standard.processor.StandardUnlessTagProcessor
[THYMELEAF]             * [* {th:object,data-th-object}] [500]: org.thymeleaf.standard.processor.StandardObjectTagProcessor
[THYMELEAF]             * [* {th:with,data-th-with}] [600]: com.intuit.karate.template.KarateWithTagProcessor
[THYMELEAF]             * [* {th:attr,data-th-attr}] [700]: com.intuit.karate.template.KarateAttributeTagProcessor.KarateAttrTagProcessor
[THYMELEAF]             * [* {th:attrappend,data-th-attrappend}] [900]: com.intuit.karate.template.KarateAttributeTagProcessor.KarateAttrappendTagProcessor
[THYMELEAF]             * [* {th:attrprepend,data-th-attrprepend}] [900]: com.intuit.karate.template.KarateAttributeTagProcessor.KarateAttrprependTagProcessor
[THYMELEAF]             * [* {th:alt-title,data-th-alt-title}] [990]: org.thymeleaf.standard.processor.StandardAltTitleTagProcessor
[THYMELEAF]             * [* {th:lang-xmllang,data-th-lang-xmllang}] [990]: org.thymeleaf.standard.processor.StandardLangXmlLangTagProcessor
[THYMELEAF]             * [* {th:action,data-th-action}] [1000]: org.thymeleaf.standard.processor.StandardActionTagProcessor
[THYMELEAF]             * [* {th:reversed,data-th-reversed}] [1000]: org.thymeleaf.standard.processor.StandardConditionalFixedValueTagProcessor
[THYMELEAF]             * [* {th:defer,data-th-defer}] [1000]: org.thymeleaf.standard.processor.StandardConditionalFixedValueTagProcessor
[THYMELEAF]             * [* {th:checked,data-th-checked}] [1000]: org.thymeleaf.standard.processor.StandardConditionalFixedValueTagProcessor
[THYMELEAF]             * [* {th:hidden,data-th-hidden}] [1000]: org.thymeleaf.standard.processor.StandardConditionalFixedValueTagProcessor
[THYMELEAF]             * [* {th:multiple,data-th-multiple}] [1000]: org.thymeleaf.standard.processor.StandardConditionalFixedValueTagProcessor
[THYMELEAF]             * [* {th:required,data-th-required}] [1000]: org.thymeleaf.standard.processor.StandardConditionalFixedValueTagProcessor
[THYMELEAF]             * [* {th:formnovalidate,data-th-formnovalidate}] [1000]: org.thymeleaf.standard.processor.StandardConditionalFixedValueTagProcessor
[THYMELEAF]             * [* {th:controls,data-th-controls}] [1000]: org.thymeleaf.standard.processor.StandardConditionalFixedValueTagProcessor
[THYMELEAF]             * [* {th:default,data-th-default}] [1000]: org.thymeleaf.standard.processor.StandardConditionalFixedValueTagProcessor
[THYMELEAF]             * [* {th:declare,data-th-declare}] [1000]: org.thymeleaf.standard.processor.StandardConditionalFixedValueTagProcessor
[THYMELEAF]             * [* {th:ismap,data-th-ismap}] [1000]: org.thymeleaf.standard.processor.StandardConditionalFixedValueTagProcessor
[THYMELEAF]             * [* {th:novalidate,data-th-novalidate}] [1000]: org.thymeleaf.standard.processor.StandardConditionalFixedValueTagProcessor
[THYMELEAF]             * [* {th:autoplay,data-th-autoplay}] [1000]: org.thymeleaf.standard.processor.StandardConditionalFixedValueTagProcessor
[THYMELEAF]             * [* {th:open,data-th-open}] [1000]: org.thymeleaf.standard.processor.StandardConditionalFixedValueTagProcessor
[THYMELEAF]             * [* {th:disabled,data-th-disabled}] [1000]: org.thymeleaf.standard.processor.StandardConditionalFixedValueTagProcessor
[THYMELEAF]             * [* {th:nowrap,data-th-nowrap}] [1000]: org.thymeleaf.standard.processor.StandardConditionalFixedValueTagProcessor
[THYMELEAF]             * [* {th:async,data-th-async}] [1000]: org.thymeleaf.standard.processor.StandardConditionalFixedValueTagProcessor
[THYMELEAF]             * [* {th:readonly,data-th-readonly}] [1000]: org.thymeleaf.standard.processor.StandardConditionalFixedValueTagProcessor
[THYMELEAF]             * [* {th:loop,data-th-loop}] [1000]: org.thymeleaf.standard.processor.StandardConditionalFixedValueTagProcessor
[THYMELEAF]             * [* {th:autofocus,data-th-autofocus}] [1000]: org.thymeleaf.standard.processor.StandardConditionalFixedValueTagProcessor
[THYMELEAF]             * [* {th:pubdate,data-th-pubdate}] [1000]: org.thymeleaf.standard.processor.StandardConditionalFixedValueTagProcessor
[THYMELEAF]             * [* {th:selected,data-th-selected}] [1000]: org.thymeleaf.standard.processor.StandardConditionalFixedValueTagProcessor
[THYMELEAF]             * [* {th:scoped,data-th-scoped}] [1000]: org.thymeleaf.standard.processor.StandardConditionalFixedValueTagProcessor
[THYMELEAF]             * [* {th:seamless,data-th-seamless}] [1000]: org.thymeleaf.standard.processor.StandardConditionalFixedValueTagProcessor
[THYMELEAF]             * [* {th:onredo,data-th-onredo}] [1000]: org.thymeleaf.standard.processor.StandardDOMEventAttributeTagProcessor
[THYMELEAF]             * [* {th:ondrag,data-th-ondrag}] [1000]: org.thymeleaf.standard.processor.StandardDOMEventAttributeTagProcessor
[THYMELEAF]             * [* {th:onkeydown,data-th-onkeydown}] [1000]: org.thymeleaf.standard.processor.StandardDOMEventAttributeTagProcessor
[THYMELEAF]             * [* {th:onpopstate,data-th-onpopstate}] [1000]: org.thymeleaf.standard.processor.StandardDOMEventAttributeTagProcessor
[THYMELEAF]             * [* {th:onoffline,data-th-onoffline}] [1000]: org.thymeleaf.standard.processor.StandardDOMEventAttributeTagProcessor
[THYMELEAF]             * [* {th:onended,data-th-onended}] [1000]: org.thymeleaf.standard.processor.StandardDOMEventAttributeTagProcessor
[THYMELEAF]             * [* {th:onmouseout,data-th-onmouseout}] [1000]: org.thymeleaf.standard.processor.StandardDOMEventAttributeTagProcessor
[THYMELEAF]             * [* {th:onsuspend,data-th-onsuspend}] [1000]: org.thymeleaf.standard.processor.StandardDOMEventAttributeTagProcessor
[THYMELEAF]             * [* {th:oncanplaythrough,data-th-oncanplaythrough}] [1000]: org.thymeleaf.standard.processor.StandardDOMEventAttributeTagProcessor
[THYMELEAF]             * [* {th:ondragleave,data-th-ondragleave}] [1000]: org.thymeleaf.standard.processor.StandardDOMEventAttributeTagProcessor
[THYMELEAF]             * [* {th:onloadedmetadata,data-th-onloadedmetadata}] [1000]: org.thymeleaf.standard.processor.StandardDOMEventAttributeTagProcessor
[THYMELEAF]             * [* {th:onabort,data-th-onabort}] [1000]: org.thymeleaf.standard.processor.StandardDOMEventAttributeTagProcessor
[THYMELEAF]             * [* {th:onreset,data-th-onreset}] [1000]: org.thymeleaf.standard.processor.StandardDOMEventAttributeTagProcessor
[THYMELEAF]             * [* {th:onscroll,data-th-onscroll}] [1000]: org.thymeleaf.standard.processor.StandardDOMEventAttributeTagProcessor
[THYMELEAF]             * [* {th:ondrop,data-th-ondrop}] [1000]: org.thymeleaf.standard.processor.StandardDOMEventAttributeTagProcessor
[THYMELEAF]             * [* {th:onunload,data-th-onunload}] [1000]: org.thymeleaf.standard.processor.StandardDOMEventAttributeTagProcessor
[THYMELEAF]             * [* {th:onshow,data-th-onshow}] [1000]: org.thymeleaf.standard.processor.StandardDOMEventAttributeTagProcessor
[THYMELEAF]             * [* {th:onformchange,data-th-onformchange}] [1000]: org.thymeleaf.standard.processor.StandardDOMEventAttributeTagProcessor
[THYMELEAF]             * [* {th:onmouseup,data-th-onmouseup}] [1000]: org.thymeleaf.standard.processor.StandardDOMEventAttributeTagProcessor
[THYMELEAF]             * [* {th:ondragstart,data-th-ondragstart}] [1000]: org.thymeleaf.standard.processor.StandardDOMEventAttributeTagProcessor
[THYMELEAF]             * [* {th:onwaiting,data-th-onwaiting}] [1000]: org.thymeleaf.standard.processor.StandardDOMEventAttributeTagProcessor
[THYMELEAF]             * [* {th:onstalled,data-th-onstalled}] [1000]: org.thymeleaf.standard.processor.StandardDOMEventAttributeTagProcessor
[THYMELEAF]             * [* {th:onreadystatechange,data-th-onreadystatechange}] [1000]: org.thymeleaf.standard.processor.StandardDOMEventAttributeTagProcessor
[THYMELEAF]             * [* {th:onbeforeunload,data-th-onbeforeunload}] [1000]: org.thymeleaf.standard.processor.StandardDOMEventAttributeTagProcessor
[THYMELEAF]             * [* {th:onresize,data-th-onresize}] [1000]: org.thymeleaf.standard.processor.StandardDOMEventAttributeTagProcessor
[THYMELEAF]             * [* {th:onprogress,data-th-onprogress}] [1000]: org.thymeleaf.standard.processor.StandardDOMEventAttributeTagProcessor
[THYMELEAF]             * [* {th:onhashchange,data-th-onhashchange}] [1000]: org.thymeleaf.standard.processor.StandardDOMEventAttributeTagProcessor
[THYMELEAF]             * [* {th:onundo,data-th-onundo}] [1000]: org.thymeleaf.standard.processor.StandardDOMEventAttributeTagProcessor
[THYMELEAF]             * [* {th:onvolumechange,data-th-onvolumechange}] [1000]: org.thymeleaf.standard.processor.StandardDOMEventAttributeTagProcessor
[THYMELEAF]             * [* {th:onload,data-th-onload}] [1000]: org.thymeleaf.standard.processor.StandardDOMEventAttributeTagProcessor
[THYMELEAF]             * [* {th:onkeypress,data-th-onkeypress}] [1000]: org.thymeleaf.standard.processor.StandardDOMEventAttributeTagProcessor
[THYMELEAF]             * [* {th:onloadstart,data-th-onloadstart}] [1000]: org.thymeleaf.standard.processor.StandardDOMEventAttributeTagProcessor
[THYMELEAF]             * [* {th:onseeked,data-th-onseeked}] [1000]: org.thymeleaf.standard.processor.StandardDOMEventAttributeTagProcessor
[THYMELEAF]             * [* {th:onsubmit,data-th-onsubmit}] [1000]: org.thymeleaf.standard.processor.StandardDOMEventAttributeTagProcessor
[THYMELEAF]             * [* {th:onchange,data-th-onchange}] [1000]: org.thymeleaf.standard.processor.StandardDOMEventAttributeTagProcessor
[THYMELEAF]             * [* {th:onselect,data-th-onselect}] [1000]: org.thymeleaf.standard.processor.StandardDOMEventAttributeTagProcessor
[THYMELEAF]             * [* {th:onforminput,data-th-onforminput}] [1000]: org.thymeleaf.standard.processor.StandardDOMEventAttributeTagProcessor
[THYMELEAF]             * [* {th:onpause,data-th-onpause}] [1000]: org.thymeleaf.standard.processor.StandardDOMEventAttributeTagProcessor
[THYMELEAF]             * [* {th:ondragover,data-th-ondragover}] [1000]: org.thymeleaf.standard.processor.StandardDOMEventAttributeTagProcessor
[THYMELEAF]             * [* {th:oninput,data-th-oninput}] [1000]: org.thymeleaf.standard.processor.StandardDOMEventAttributeTagProcessor
[THYMELEAF]             * [* {th:onstorage,data-th-onstorage}] [1000]: org.thymeleaf.standard.processor.StandardDOMEventAttributeTagProcessor
[THYMELEAF]             * [* {th:oninvalid,data-th-oninvalid}] [1000]: org.thymeleaf.standard.processor.StandardDOMEventAttributeTagProcessor
[THYMELEAF]             * [* {th:onplaying,data-th-onplaying}] [1000]: org.thymeleaf.standard.processor.StandardDOMEventAttributeTagProcessor
[THYMELEAF]             * [* {th:onratechange,data-th-onratechange}] [1000]: org.thymeleaf.standard.processor.StandardDOMEventAttributeTagProcessor
[THYMELEAF]             * [* {th:onplay,data-th-onplay}] [1000]: org.thymeleaf.standard.processor.StandardDOMEventAttributeTagProcessor
[THYMELEAF]             * [* {th:onmousemove,data-th-onmousemove}] [1000]: org.thymeleaf.standard.processor.StandardDOMEventAttributeTagProcessor
[THYMELEAF]             * [* {th:ononline,data-th-ononline}] [1000]: org.thymeleaf.standard.processor.StandardDOMEventAttributeTagProcessor
[THYMELEAF]             * [* {th:ondragenter,data-th-ondragenter}] [1000]: org.thymeleaf.standard.processor.StandardDOMEventAttributeTagProcessor
[THYMELEAF]             * [* {th:onbeforeprint,data-th-onbeforeprint}] [1000]: org.thymeleaf.standard.processor.StandardDOMEventAttributeTagProcessor
[THYMELEAF]             * [* {th:onloadeddata,data-th-onloadeddata}] [1000]: org.thymeleaf.standard.processor.StandardDOMEventAttributeTagProcessor
[THYMELEAF]             * [* {th:onseeking,data-th-onseeking}] [1000]: org.thymeleaf.standard.processor.StandardDOMEventAttributeTagProcessor
[THYMELEAF]             * [* {th:ondblclick,data-th-ondblclick}] [1000]: org.thymeleaf.standard.processor.StandardDOMEventAttributeTagProcessor
[THYMELEAF]             * [* {th:onemptied,data-th-onemptied}] [1000]: org.thymeleaf.standard.processor.StandardDOMEventAttributeTagProcessor
[THYMELEAF]             * [* {th:oncontextmenu,data-th-oncontextmenu}] [1000]: org.thymeleaf.standard.processor.StandardDOMEventAttributeTagProcessor
[THYMELEAF]             * [* {th:onmousedown,data-th-onmousedown}] [1000]: org.thymeleaf.standard.processor.StandardDOMEventAttributeTagProcessor
[THYMELEAF]             * [* {th:ondurationchange,data-th-ondurationchange}] [1000]: org.thymeleaf.standard.processor.StandardDOMEventAttributeTagProcessor
[THYMELEAF]             * [* {th:onblur,data-th-onblur}] [1000]: org.thymeleaf.standard.processor.StandardDOMEventAttributeTagProcessor
[THYMELEAF]             * [* {th:ontimeupdate,data-th-ontimeupdate}] [1000]: org.thymeleaf.standard.processor.StandardDOMEventAttributeTagProcessor
[THYMELEAF]             * [* {th:onerror,data-th-onerror}] [1000]: org.thymeleaf.standard.processor.StandardDOMEventAttributeTagProcessor
[THYMELEAF]             * [* {th:ondragend,data-th-ondragend}] [1000]: org.thymeleaf.standard.processor.StandardDOMEventAttributeTagProcessor
[THYMELEAF]             * [* {th:onmouseover,data-th-onmouseover}] [1000]: org.thymeleaf.standard.processor.StandardDOMEventAttributeTagProcessor
[THYMELEAF]             * [* {th:onmessage,data-th-onmessage}] [1000]: org.thymeleaf.standard.processor.StandardDOMEventAttributeTagProcessor
[THYMELEAF]             * [* {th:onmousewheel,data-th-onmousewheel}] [1000]: org.thymeleaf.standard.processor.StandardDOMEventAttributeTagProcessor
[THYMELEAF]             * [* {th:onkeyup,data-th-onkeyup}] [1000]: org.thymeleaf.standard.processor.StandardDOMEventAttributeTagProcessor
[THYMELEAF]             * [* {th:oncanplay,data-th-oncanplay}] [1000]: org.thymeleaf.standard.processor.StandardDOMEventAttributeTagProcessor
[THYMELEAF]             * [* {th:onfocus,data-th-onfocus}] [1000]: org.thymeleaf.standard.processor.StandardDOMEventAttributeTagProcessor
[THYMELEAF]             * [* {th:onafterprint,data-th-onafterprint}] [1000]: org.thymeleaf.standard.processor.StandardDOMEventAttributeTagProcessor
[THYMELEAF]             * [* {th:onclick,data-th-onclick}] [1000]: org.thymeleaf.standard.processor.StandardDOMEventAttributeTagProcessor
[THYMELEAF]             * [* {th:href,data-th-href}] [1000]: org.thymeleaf.standard.processor.StandardHrefTagProcessor
[THYMELEAF]             * [* {th:inline,data-th-inline}] [1000]: org.thymeleaf.standard.processor.StandardInlineHTMLTagProcessor
[THYMELEAF]             * [* {th:method,data-th-method}] [1000]: org.thymeleaf.standard.processor.StandardMethodTagProcessor
[THYMELEAF]             * [* {th:type,data-th-type}] [1000]: org.thymeleaf.standard.processor.StandardNonRemovableAttributeTagProcessor
[THYMELEAF]             * [* {th:name,data-th-name}] [1000]: org.thymeleaf.standard.processor.StandardNonRemovableAttributeTagProcessor
[THYMELEAF]             * [* {th:frame,data-th-frame}] [1000]: org.thymeleaf.standard.processor.StandardRemovableAttributeTagProcessor
[THYMELEAF]             * [* {th:audio,data-th-audio}] [1000]: org.thymeleaf.standard.processor.StandardRemovableAttributeTagProcessor
[THYMELEAF]             * [* {th:start,data-th-start}] [1000]: org.thymeleaf.standard.processor.StandardRemovableAttributeTagProcessor
[THYMELEAF]             * [* {th:align,data-th-align}] [1000]: org.thymeleaf.standard.processor.StandardRemovableAttributeTagProcessor
[THYMELEAF]             * [* {th:usemap,data-th-usemap}] [1000]: org.thymeleaf.standard.processor.StandardRemovableAttributeTagProcessor
[THYMELEAF]             * [* {th:marginwidth,data-th-marginwidth}] [1000]: org.thymeleaf.standard.processor.StandardRemovableAttributeTagProcessor
[THYMELEAF]             * [* {th:high,data-th-high}] [1000]: org.thymeleaf.standard.processor.StandardRemovableAttributeTagProcessor
[THYMELEAF]             * [* {th:formaction,data-th-formaction}] [1000]: org.thymeleaf.standard.processor.StandardRemovableAttributeTagProcessor
[THYMELEAF]             * [* {th:contenteditable,data-th-contenteditable}] [1000]: org.thymeleaf.standard.processor.StandardRemovableAttributeTagProcessor
[THYMELEAF]             * [* {th:poster,data-th-poster}] [1000]: org.thymeleaf.standard.processor.StandardRemovableAttributeTagProcessor
[THYMELEAF]             * [* {th:autocomplete,data-th-autocomplete}] [1000]: org.thymeleaf.standard.processor.StandardRemovableAttributeTagProcessor
[THYMELEAF]             * [* {th:content,data-th-content}] [1000]: org.thymeleaf.standard.processor.StandardRemovableAttributeTagProcessor
[THYMELEAF]             * [* {th:target,data-th-target}] [1000]: org.thymeleaf.standard.processor.StandardRemovableAttributeTagProcessor
[THYMELEAF]             * [* {th:abbr,data-th-abbr}] [1000]: org.thymeleaf.standard.processor.StandardRemovableAttributeTagProcessor
[THYMELEAF]             * [* {th:label,data-th-label}] [1000]: org.thymeleaf.standard.processor.StandardRemovableAttributeTagProcessor
[THYMELEAF]             * [* {th:contextmenu,data-th-contextmenu}] [1000]: org.thymeleaf.standard.processor.StandardRemovableAttributeTagProcessor
[THYMELEAF]             * [* {th:hreflang,data-th-hreflang}] [1000]: org.thymeleaf.standard.processor.StandardRemovableAttributeTagProcessor
[THYMELEAF]             * [* {th:rules,data-th-rules}] [1000]: org.thymeleaf.standard.processor.StandardRemovableAttributeTagProcessor
[THYMELEAF]             * [* {th:rows,data-th-rows}] [1000]: org.thymeleaf.standard.processor.StandardRemovableAttributeTagProcessor
[THYMELEAF]             * [* {th:keytype,data-th-keytype}] [1000]: org.thymeleaf.standard.processor.StandardRemovableAttributeTagProcessor
[THYMELEAF]             * [* {th:summary,data-th-summary}] [1000]: org.thymeleaf.standard.processor.StandardRemovableAttributeTagProcessor
[THYMELEAF]             * [* {th:alt,data-th-alt}] [1000]: org.thymeleaf.standard.processor.StandardRemovableAttributeTagProcessor
[THYMELEAF]             * [* {th:valuetype,data-th-valuetype}] [1000]: org.thymeleaf.standard.processor.StandardRemovableAttributeTagProcessor
[THYMELEAF]             * [* {th:data,data-th-data}] [1000]: org.thymeleaf.standard.processor.StandardRemovableAttributeTagProcessor
[THYMELEAF]             * [* {th:pattern,data-th-pattern}] [1000]: org.thymeleaf.standard.processor.StandardRemovableAttributeTagProcessor
[THYMELEAF]             * [* {th:longdesc,data-th-longdesc}] [1000]: org.thymeleaf.standard.processor.StandardRemovableAttributeTagProcessor
[THYMELEAF]             * [* {th:lang,data-th-lang}] [1000]: org.thymeleaf.standard.processor.StandardRemovableAttributeTagProcessor
[THYMELEAF]             * [* {th:icon,data-th-icon}] [1000]: org.thymeleaf.standard.processor.StandardRemovableAttributeTagProcessor
[THYMELEAF]             * [* {th:enctype,data-th-enctype}] [1000]: org.thymeleaf.standard.processor.StandardRemovableAttributeTagProcessor
[THYMELEAF]             * [* {th:cite,data-th-cite}] [1000]: org.thymeleaf.standard.processor.StandardRemovableAttributeTagProcessor
[THYMELEAF]             * [* {th:kind,data-th-kind}] [1000]: org.thymeleaf.standard.processor.StandardRemovableAttributeTagProcessor
[THYMELEAF]             * [* {th:spellcheck,data-th-spellcheck}] [1000]: org.thymeleaf.standard.processor.StandardRemovableAttributeTagProcessor
[THYMELEAF]             * [* {th:formmethod,data-th-formmethod}] [1000]: org.thymeleaf.standard.processor.StandardRemovableAttributeTagProcessor
[THYMELEAF]             * [* {th:archive,data-th-archive}] [1000]: org.thymeleaf.standard.processor.StandardRemovableAttributeTagProcessor
[THYMELEAF]             * [* {th:rel,data-th-rel}] [1000]: org.thymeleaf.standard.processor.StandardRemovableAttributeTagProcessor
[THYMELEAF]             * [* {th:cellpadding,data-th-cellpadding}] [1000]: org.thymeleaf.standard.processor.StandardRemovableAttributeTagProcessor
[THYMELEAF]             * [* {th:accept-charset,data-th-accept-charset}] [1000]: org.thymeleaf.standard.processor.StandardRemovableAttributeTagProcessor
[THYMELEAF]             * [* {th:compact,data-th-compact}] [1000]: org.thymeleaf.standard.processor.StandardRemovableAttributeTagProcessor
[THYMELEAF]             * [* {th:formenctype,data-th-formenctype}] [1000]: org.thymeleaf.standard.processor.StandardRemovableAttributeTagProcessor
[THYMELEAF]             * [* {th:min,data-th-min}] [1000]: org.thymeleaf.standard.processor.StandardRemovableAttributeTagProcessor
[THYMELEAF]             * [* {th:challenge,data-th-challenge}] [1000]: org.thymeleaf.standard.processor.StandardRemovableAttributeTagProcessor
[THYMELEAF]             * [* {th:scrolling,data-th-scrolling}] [1000]: org.thymeleaf.standard.processor.StandardRemovableAttributeTagProcessor
[THYMELEAF]             * [* {th:media,data-th-media}] [1000]: org.thymeleaf.standard.processor.StandardRemovableAttributeTagProcessor
[THYMELEAF]             * [* {th:dropzone,data-th-dropzone}] [1000]: org.thymeleaf.standard.processor.StandardRemovableAttributeTagProcessor
[THYMELEAF]             * [* {th:size,data-th-size}] [1000]: org.thymeleaf.standard.processor.StandardRemovableAttributeTagProcessor
[THYMELEAF]             * [* {th:colspan,data-th-colspan}] [1000]: org.thymeleaf.standard.processor.StandardRemovableAttributeTagProcessor
[THYMELEAF]             * [* {th:optimum,data-th-optimum}] [1000]: org.thymeleaf.standard.processor.StandardRemovableAttributeTagProcessor
[THYMELEAF]             * [* {th:form,data-th-form}] [1000]: org.thymeleaf.standard.processor.StandardRemovableAttributeTagProcessor
[THYMELEAF]             * [* {th:classid,data-th-classid}] [1000]: org.thymeleaf.standard.processor.StandardRemovableAttributeTagProcessor
[THYMELEAF]             * [* {th:radiogroup,data-th-radiogroup}] [1000]: org.thymeleaf.standard.processor.StandardRemovableAttributeTagProcessor
[THYMELEAF]             * [* {th:bgcolor,data-th-bgcolor}] [1000]: org.thymeleaf.standard.processor.StandardRemovableAttributeTagProcessor
[THYMELEAF]             * [* {th:for,data-th-for}] [1000]: org.thymeleaf.standard.processor.StandardRemovableAttributeTagProcessor
[THYMELEAF]             * [* {th:placeholder,data-th-placeholder}] [1000]: org.thymeleaf.standard.processor.StandardRemovableAttributeTagProcessor
[THYMELEAF]             * [* {th:http-equiv,data-th-http-equiv}] [1000]: org.thymeleaf.standard.processor.StandardRemovableAttributeTagProcessor
[THYMELEAF]             * [* {th:id,data-th-id}] [1000]: org.thymeleaf.standard.processor.StandardRemovableAttributeTagProcessor
[THYMELEAF]             * [* {th:charset,data-th-charset}] [1000]: org.thymeleaf.standard.processor.StandardRemovableAttributeTagProcessor
[THYMELEAF]             * [* {th:width,data-th-width}] [1000]: org.thymeleaf.standard.processor.StandardRemovableAttributeTagProcessor
[THYMELEAF]             * [* {th:scheme,data-th-scheme}] [1000]: org.thymeleaf.standard.processor.StandardRemovableAttributeTagProcessor
[THYMELEAF]             * [* {th:background,data-th-background}] [1000]: org.thymeleaf.standard.processor.StandardRemovableAttributeTagProcessor
[THYMELEAF]             * [* {th:max,data-th-max}] [1000]: org.thymeleaf.standard.processor.StandardRemovableAttributeTagProcessor
[THYMELEAF]             * [* {th:height,data-th-height}] [1000]: org.thymeleaf.standard.processor.StandardRemovableAttributeTagProcessor
[THYMELEAF]             * [* {th:rowspan,data-th-rowspan}] [1000]: org.thymeleaf.standard.processor.StandardRemovableAttributeTagProcessor
[THYMELEAF]             * [* {th:dir,data-th-dir}] [1000]: org.thymeleaf.standard.processor.StandardRemovableAttributeTagProcessor
[THYMELEAF]             * [* {th:class,data-th-class}] [1000]: org.thymeleaf.standard.processor.StandardRemovableAttributeTagProcessor
[THYMELEAF]             * [* {th:srclang,data-th-srclang}] [1000]: org.thymeleaf.standard.processor.StandardRemovableAttributeTagProcessor
[THYMELEAF]             * [* {th:manifest,data-th-manifest}] [1000]: org.thymeleaf.standard.processor.StandardRemovableAttributeTagProcessor
[THYMELEAF]             * [* {th:rev,data-th-rev}] [1000]: org.thymeleaf.standard.processor.StandardRemovableAttributeTagProcessor
[THYMELEAF]             * [* {th:sizes,data-th-sizes}] [1000]: org.thymeleaf.standard.processor.StandardRemovableAttributeTagProcessor
[THYMELEAF]             * [* {th:accept,data-th-accept}] [1000]: org.thymeleaf.standard.processor.StandardRemovableAttributeTagProcessor
[THYMELEAF]             * [* {th:low,data-th-low}] [1000]: org.thymeleaf.standard.processor.StandardRemovableAttributeTagProcessor
[THYMELEAF]             * [* {th:frameborder,data-th-frameborder}] [1000]: org.thymeleaf.standard.processor.StandardRemovableAttributeTagProcessor
[THYMELEAF]             * [* {th:axis,data-th-axis}] [1000]: org.thymeleaf.standard.processor.StandardRemovableAttributeTagProcessor
[THYMELEAF]             * [* {th:list,data-th-list}] [1000]: org.thymeleaf.standard.processor.StandardRemovableAttributeTagProcessor
[THYMELEAF]             * [* {th:datetime,data-th-datetime}] [1000]: org.thymeleaf.standard.processor.StandardRemovableAttributeTagProcessor
[THYMELEAF]             * [* {th:accesskey,data-th-accesskey}] [1000]: org.thymeleaf.standard.processor.StandardRemovableAttributeTagProcessor
[THYMELEAF]             * [* {th:title,data-th-title}] [1000]: org.thymeleaf.standard.processor.StandardRemovableAttributeTagProcessor
[THYMELEAF]             * [* {th:codebase,data-th-codebase}] [1000]: org.thymeleaf.standard.processor.StandardRemovableAttributeTagProcessor
[THYMELEAF]             * [* {th:sandbox,data-th-sandbox}] [1000]: org.thymeleaf.standard.processor.StandardRemovableAttributeTagProcessor
[THYMELEAF]             * [* {th:border,data-th-border}] [1000]: org.thymeleaf.standard.processor.StandardRemovableAttributeTagProcessor
[THYMELEAF]             * [* {th:span,data-th-span}] [1000]: org.thymeleaf.standard.processor.StandardRemovableAttributeTagProcessor
[THYMELEAF]             * [* {th:scope,data-th-scope}] [1000]: org.thymeleaf.standard.processor.StandardRemovableAttributeTagProcessor
[THYMELEAF]             * [* {th:standby,data-th-standby}] [1000]: org.thymeleaf.standard.processor.StandardRemovableAttributeTagProcessor
[THYMELEAF]             * [* {th:draggable,data-th-draggable}] [1000]: org.thymeleaf.standard.processor.StandardRemovableAttributeTagProcessor
[THYMELEAF]             * [* {th:hspace,data-th-hspace}] [1000]: org.thymeleaf.standard.processor.StandardRemovableAttributeTagProcessor
[THYMELEAF]             * [* {th:vspace,data-th-vspace}] [1000]: org.thymeleaf.standard.processor.StandardRemovableAttributeTagProcessor
[THYMELEAF]             * [* {th:step,data-th-step}] [1000]: org.thymeleaf.standard.processor.StandardRemovableAttributeTagProcessor
[THYMELEAF]             * [* {th:wrap,data-th-wrap}] [1000]: org.thymeleaf.standard.processor.StandardRemovableAttributeTagProcessor
[THYMELEAF]             * [* {th:preload,data-th-preload}] [1000]: org.thymeleaf.standard.processor.StandardRemovableAttributeTagProcessor
[THYMELEAF]             * [* {th:style,data-th-style}] [1000]: org.thymeleaf.standard.processor.StandardRemovableAttributeTagProcessor
[THYMELEAF]             * [* {th:marginheight,data-th-marginheight}] [1000]: org.thymeleaf.standard.processor.StandardRemovableAttributeTagProcessor
[THYMELEAF]             * [* {th:formtarget,data-th-formtarget}] [1000]: org.thymeleaf.standard.processor.StandardRemovableAttributeTagProcessor
[THYMELEAF]             * [* {th:cols,data-th-cols}] [1000]: org.thymeleaf.standard.processor.StandardRemovableAttributeTagProcessor
[THYMELEAF]             * [* {th:codetype,data-th-codetype}] [1000]: org.thymeleaf.standard.processor.StandardRemovableAttributeTagProcessor
[THYMELEAF]             * [* {th:maxlength,data-th-maxlength}] [1000]: org.thymeleaf.standard.processor.StandardRemovableAttributeTagProcessor
[THYMELEAF]             * [* {th:cellspacing,data-th-cellspacing}] [1000]: org.thymeleaf.standard.processor.StandardRemovableAttributeTagProcessor
[THYMELEAF]             * [* {th:tabindex,data-th-tabindex}] [1000]: org.thymeleaf.standard.processor.StandardRemovableAttributeTagProcessor
[THYMELEAF]             * [* {th:headers,data-th-headers}] [1000]: org.thymeleaf.standard.processor.StandardRemovableAttributeTagProcessor
[THYMELEAF]             * [* {th:src,data-th-src}] [1000]: org.thymeleaf.standard.processor.StandardSrcTagProcessor
[THYMELEAF]             * [* {th:value,data-th-value}] [1000]: org.thymeleaf.standard.processor.StandardValueTagProcessor
[THYMELEAF]             * [* {th:xmlbase,data-th-xmlbase}] [1000]: org.thymeleaf.standard.processor.StandardXmlBaseTagProcessor
[THYMELEAF]             * [* {th:xmllang,data-th-xmllang}] [1000]: org.thymeleaf.standard.processor.StandardXmlLangTagProcessor
[THYMELEAF]             * [* {xmlns:th}] [1000]: org.thymeleaf.standard.processor.StandardXmlNsTagProcessor
[THYMELEAF]             * [* {th:xmlspace,data-th-xmlspace}] [1000]: org.thymeleaf.standard.processor.StandardXmlSpaceTagProcessor
[THYMELEAF]             * [* {th:classappend,data-th-classappend}] [1100]: org.thymeleaf.standard.processor.StandardClassappendTagProcessor
[THYMELEAF]             * [* {th:styleappend,data-th-styleappend}] [1100]: org.thymeleaf.standard.processor.StandardStyleappendTagProcessor
[THYMELEAF]             * [* {th:text,data-th-text}] [1300]: org.thymeleaf.standard.processor.StandardTextTagProcessor
[THYMELEAF]             * [* {th:utext,data-th-utext}] [1400]: org.thymeleaf.standard.processor.StandardUtextTagProcessor
[THYMELEAF]             * [* {th:fragment,data-th-fragment}] [1500]: org.thymeleaf.standard.processor.StandardFragmentTagProcessor
[THYMELEAF]             * [* {th:assert,data-th-assert}] [1550]: org.thymeleaf.standard.processor.StandardAssertTagProcessor
[THYMELEAF]             * [* {th:remove,data-th-remove}] [1600]: org.thymeleaf.standard.processor.StandardRemoveTagProcessor
[THYMELEAF]             * [* {th:ref,data-th-ref}] [10000]: org.thymeleaf.standard.processor.StandardRefAttributeTagProcessor
[THYMELEAF]             * [{th:block,th-block} *] [100000]: org.thymeleaf.standard.processor.StandardBlockTagProcessor
[THYMELEAF]             * [* th:*] [2147483647]: org.thymeleaf.standard.processor.StandardDefaultAttributesTagProcessor
[THYMELEAF]         * Text Processors by [precedence]:
[THYMELEAF]             * [1000]: org.thymeleaf.standard.processor.StandardInliningTextProcessor
[THYMELEAF]         * DOCTYPE Processors by [precedence]:
[THYMELEAF]             * [1000]: org.thymeleaf.standard.processor.StandardTranslationDocTypeProcessor
[THYMELEAF]         * CDATA Section Processors by [precedence]:
[THYMELEAF]             * [1000]: org.thymeleaf.standard.processor.StandardInliningCDATASectionProcessor
[THYMELEAF]         * Comment Processors by [precedence]:
[THYMELEAF]             * [1000]: org.thymeleaf.standard.processor.StandardInliningCommentProcessor
[THYMELEAF]             * [1100]: org.thymeleaf.standard.processor.StandardConditionalCommentProcessor
[THYMELEAF]     * Processors for Template Mode: XML
[THYMELEAF]         * Element Tag Processors by [matching element and attribute name] [precedence]:
[THYMELEAF]             * [* {th:include}] [100]: org.thymeleaf.standard.processor.StandardIncludeTagProcessor
[THYMELEAF]             * [* {th:insert}] [100]: org.thymeleaf.standard.processor.StandardInsertTagProcessor
[THYMELEAF]             * [* {th:replace}] [100]: org.thymeleaf.standard.processor.StandardReplaceTagProcessor
[THYMELEAF]             * [* {th:substituteby}] [100]: org.thymeleaf.standard.processor.StandardSubstituteByTagProcessor
[THYMELEAF]             * [* {th:each}] [200]: com.intuit.karate.template.KarateEachTagProcessor
[THYMELEAF]             * [* {th:switch}] [250]: org.thymeleaf.standard.processor.StandardSwitchTagProcessor
[THYMELEAF]             * [* {th:case}] [275]: org.thymeleaf.standard.processor.StandardCaseTagProcessor
[THYMELEAF]             * [* {th:if}] [300]: org.thymeleaf.standard.processor.StandardIfTagProcessor
[THYMELEAF]             * [* {th:unless}] [400]: org.thymeleaf.standard.processor.StandardUnlessTagProcessor
[THYMELEAF]             * [* {th:object}] [500]: org.thymeleaf.standard.processor.StandardObjectTagProcessor
[THYMELEAF]             * [* {th:with}] [600]: com.intuit.karate.template.KarateWithTagProcessor
[THYMELEAF]             * [* {th:attr}] [700]: com.intuit.karate.template.KarateAttributeTagProcessor.KarateAttrTagProcessor
[THYMELEAF]             * [* {th:attrappend}] [900]: com.intuit.karate.template.KarateAttributeTagProcessor.KarateAttrappendTagProcessor
[THYMELEAF]             * [* {th:attrprepend}] [900]: com.intuit.karate.template.KarateAttributeTagProcessor.KarateAttrprependTagProcessor
[THYMELEAF]             * [* {th:inline}] [1000]: org.thymeleaf.standard.processor.StandardInlineXMLTagProcessor
[THYMELEAF]             * [* {xmlns:th}] [1000]: org.thymeleaf.standard.processor.StandardXmlNsTagProcessor
[THYMELEAF]             * [* {th:text}] [1300]: org.thymeleaf.standard.processor.StandardTextTagProcessor
[THYMELEAF]             * [* {th:utext}] [1400]: org.thymeleaf.standard.processor.StandardUtextTagProcessor
[THYMELEAF]             * [* {th:fragment}] [1500]: org.thymeleaf.standard.processor.StandardFragmentTagProcessor
[THYMELEAF]             * [* {th:assert}] [1550]: org.thymeleaf.standard.processor.StandardAssertTagProcessor
[THYMELEAF]             * [* {th:remove}] [1600]: org.thymeleaf.standard.processor.StandardRemoveTagProcessor
[THYMELEAF]             * [* {th:ref}] [10000]: org.thymeleaf.standard.processor.StandardRefAttributeTagProcessor
[THYMELEAF]             * [{th:block} *] [100000]: org.thymeleaf.standard.processor.StandardBlockTagProcessor
[THYMELEAF]             * [* th:*] [2147483647]: org.thymeleaf.standard.processor.StandardDefaultAttributesTagProcessor
[THYMELEAF]         * Text Processors by [precedence]:
[THYMELEAF]             * [1000]: org.thymeleaf.standard.processor.StandardInliningTextProcessor
[THYMELEAF]         * CDATA Section Processors by [precedence]:
[THYMELEAF]             * [1000]: org.thymeleaf.standard.processor.StandardInliningCDATASectionProcessor
[THYMELEAF]         * Comment Processors by [precedence]:
[THYMELEAF]             * [1000]: org.thymeleaf.standard.processor.StandardInliningCommentProcessor
[THYMELEAF]     * Processors for Template Mode: TEXT
[THYMELEAF]         * Element Tag Processors by [matching element and attribute name] [precedence]:
[THYMELEAF]             * [* {th:insert}] [100]: org.thymeleaf.standard.processor.StandardInsertTagProcessor
[THYMELEAF]             * [* {th:replace}] [100]: org.thymeleaf.standard.processor.StandardReplaceTagProcessor
[THYMELEAF]             * [* {th:each}] [200]: com.intuit.karate.template.KarateEachTagProcessor
[THYMELEAF]             * [* {th:switch}] [250]: org.thymeleaf.standard.processor.StandardSwitchTagProcessor
[THYMELEAF]             * [* {th:case}] [275]: org.thymeleaf.standard.processor.StandardCaseTagProcessor
[THYMELEAF]             * [* {th:if}] [300]: org.thymeleaf.standard.processor.StandardIfTagProcessor
[THYMELEAF]             * [* {th:unless}] [400]: org.thymeleaf.standard.processor.StandardUnlessTagProcessor
[THYMELEAF]             * [* {th:object}] [500]: org.thymeleaf.standard.processor.StandardObjectTagProcessor
[THYMELEAF]             * [* {th:with}] [600]: com.intuit.karate.template.KarateWithTagProcessor
[THYMELEAF]             * [* {th:inline}] [1000]: org.thymeleaf.standard.processor.StandardInlineTextualTagProcessor
[THYMELEAF]             * [* {th:text}] [1300]: org.thymeleaf.standard.processor.StandardTextTagProcessor
[THYMELEAF]             * [* {th:utext}] [1400]: org.thymeleaf.standard.processor.StandardUtextTagProcessor
[THYMELEAF]             * [* {th:assert}] [1550]: org.thymeleaf.standard.processor.StandardAssertTagProcessor
[THYMELEAF]             * [* {th:remove}] [1600]: org.thymeleaf.standard.processor.StandardRemoveTagProcessor
[THYMELEAF]             * [{th:block} *] [100000]: org.thymeleaf.standard.processor.StandardBlockTagProcessor
[THYMELEAF]             * [* 100000] [org.thymeleaf.standard.processor.StandardBlockTagProcessor]: {}
[THYMELEAF]         * Text Processors by [precedence]:
[THYMELEAF]             * [1000]: org.thymeleaf.standard.processor.StandardInliningTextProcessor
[THYMELEAF]     * Processors for Template Mode: JAVASCRIPT
[THYMELEAF]         * Element Tag Processors by [matching element and attribute name] [precedence]:
[THYMELEAF]             * [* {th:insert}] [100]: org.thymeleaf.standard.processor.StandardInsertTagProcessor
[THYMELEAF]             * [* {th:replace}] [100]: org.thymeleaf.standard.processor.StandardReplaceTagProcessor
[THYMELEAF]             * [* {th:each}] [200]: com.intuit.karate.template.KarateEachTagProcessor
[THYMELEAF]             * [* {th:switch}] [250]: org.thymeleaf.standard.processor.StandardSwitchTagProcessor
[THYMELEAF]             * [* {th:case}] [275]: org.thymeleaf.standard.processor.StandardCaseTagProcessor
[THYMELEAF]             * [* {th:if}] [300]: org.thymeleaf.standard.processor.StandardIfTagProcessor
[THYMELEAF]             * [* {th:unless}] [400]: org.thymeleaf.standard.processor.StandardUnlessTagProcessor
[THYMELEAF]             * [* {th:object}] [500]: org.thymeleaf.standard.processor.StandardObjectTagProcessor
[THYMELEAF]             * [* {th:with}] [600]: com.intuit.karate.template.KarateWithTagProcessor
[THYMELEAF]             * [* {th:inline}] [1000]: org.thymeleaf.standard.processor.StandardInlineTextualTagProcessor
[THYMELEAF]             * [* {th:text}] [1300]: org.thymeleaf.standard.processor.StandardTextTagProcessor
[THYMELEAF]             * [* {th:utext}] [1400]: org.thymeleaf.standard.processor.StandardUtextTagProcessor
[THYMELEAF]             * [* {th:assert}] [1550]: org.thymeleaf.standard.processor.StandardAssertTagProcessor
[THYMELEAF]             * [* {th:remove}] [1600]: org.thymeleaf.standard.processor.StandardRemoveTagProcessor
[THYMELEAF]             * [{th:block} *] [100000]: org.thymeleaf.standard.processor.StandardBlockTagProcessor
[THYMELEAF]             * [* 100000] [org.thymeleaf.standard.processor.StandardBlockTagProcessor]: {}
[THYMELEAF]         * Text Processors by [precedence]:
[THYMELEAF]             * [1000]: org.thymeleaf.standard.processor.StandardInliningTextProcessor
[THYMELEAF]     * Processors for Template Mode: CSS
[THYMELEAF]         * Element Tag Processors by [matching element and attribute name] [precedence]:
[THYMELEAF]             * [* {th:insert}] [100]: org.thymeleaf.standard.processor.StandardInsertTagProcessor
[THYMELEAF]             * [* {th:replace}] [100]: org.thymeleaf.standard.processor.StandardReplaceTagProcessor
[THYMELEAF]             * [* {th:each}] [200]: com.intuit.karate.template.KarateEachTagProcessor
[THYMELEAF]             * [* {th:switch}] [250]: org.thymeleaf.standard.processor.StandardSwitchTagProcessor
[THYMELEAF]             * [* {th:case}] [275]: org.thymeleaf.standard.processor.StandardCaseTagProcessor
[THYMELEAF]             * [* {th:if}] [300]: org.thymeleaf.standard.processor.StandardIfTagProcessor
[THYMELEAF]             * [* {th:unless}] [400]: org.thymeleaf.standard.processor.StandardUnlessTagProcessor
[THYMELEAF]             * [* {th:object}] [500]: org.thymeleaf.standard.processor.StandardObjectTagProcessor
[THYMELEAF]             * [* {th:with}] [600]: com.intuit.karate.template.KarateWithTagProcessor
[THYMELEAF]             * [* {th:inline}] [1000]: org.thymeleaf.standard.processor.StandardInlineTextualTagProcessor
[THYMELEAF]             * [* {th:text}] [1300]: org.thymeleaf.standard.processor.StandardTextTagProcessor
[THYMELEAF]             * [* {th:utext}] [1400]: org.thymeleaf.standard.processor.StandardUtextTagProcessor
[THYMELEAF]             * [* {th:assert}] [1550]: org.thymeleaf.standard.processor.StandardAssertTagProcessor
[THYMELEAF]             * [* {th:remove}] [1600]: org.thymeleaf.standard.processor.StandardRemoveTagProcessor
[THYMELEAF]             * [{th:block} *] [100000]: org.thymeleaf.standard.processor.StandardBlockTagProcessor
[THYMELEAF]             * [* 100000] [org.thymeleaf.standard.processor.StandardBlockTagProcessor]: {}
[THYMELEAF]         * Text Processors by [precedence]:
[THYMELEAF]             * [1000]: org.thymeleaf.standard.processor.StandardInliningTextProcessor
[THYMELEAF]     * Expression Objects:
[THYMELEAF]         * #ctx
[THYMELEAF]         * #root
[THYMELEAF]         * #vars
[THYMELEAF]         * #object
[THYMELEAF]         * #locale
[THYMELEAF]         * #request
[THYMELEAF]         * #response
[THYMELEAF]         * #session
[THYMELEAF]         * #servletContext
[THYMELEAF]         * #conversions
[THYMELEAF]         * #uris
[THYMELEAF]         * #calendars
[THYMELEAF]         * #dates
[THYMELEAF]         * #bools
[THYMELEAF]         * #numbers
[THYMELEAF]         * #objects
[THYMELEAF]         * #strings
[THYMELEAF]         * #arrays
[THYMELEAF]         * #lists
[THYMELEAF]         * #sets
[THYMELEAF]         * #maps
[THYMELEAF]         * #aggregates
[THYMELEAF]         * #messages
[THYMELEAF]         * #ids
[THYMELEAF]         * #execInfo
[THYMELEAF]         * #httpServletRequest
[THYMELEAF]         * #httpSession
[THYMELEAF]     * Execution Attributes:
[THYMELEAF]         * "StandardExpressionParser": com.intuit.karate.template.KarateStandardDialect@71ad959b
[THYMELEAF]         * "StandardJavaScriptSerializer": org.thymeleaf.standard.serializer.StandardJavaScriptSerializer@2d07aacc
[THYMELEAF]         * "StandardCSSSerializer": org.thymeleaf.standard.serializer.StandardCSSSerializer@ff5d4f1
[THYMELEAF]         * "StandardVariableExpressionEvaluator": com.intuit.karate.template.KarateStandardDialect@71ad959b
[THYMELEAF]         * "StandardConversionService": org.thymeleaf.standard.expression.StandardConversionService@194224ca
[THYMELEAF] * Dialect [2 of 2]: karate (com.intuit.karate.template.KarateScriptDialect)
[THYMELEAF]     * Prefix: "ka"
[THYMELEAF]     * Processors for Template Mode: HTML
[THYMELEAF]         * Element Tag Processors by [matching element and attribute name] [precedence]:
[THYMELEAF]             * [* {src}] [1000]: com.intuit.karate.template.KaScriptAttrProcessor
[THYMELEAF]         * Element Model Processors by [matching element and attribute name] [precedence]:
[THYMELEAF]             * [{script} {ka:scope,data-ka-scope}] [1000]: com.intuit.karate.template.KaScriptElemProcessor
[THYMELEAF]             * [* {ka:set,data-ka-set}] [1000]: com.intuit.karate.template.KaSetElemProcessor
[THYMELEAF] TEMPLATE ENGINE CONFIGURED OK
21:34:38.998 [main] DEBUG org.thymeleaf.TemplateEngine - [THYMELEAF] TEMPLATE ENGINE INITIALIZED
21:34:39.005 [main] DEBUG org.thymeleaf.TemplateEngine - [THYMELEAF] INITIALIZING TEMPLATE ENGINE
21:34:39.011 [main] DEBUG org.thymeleaf.TemplateEngine.CONFIG - Initializing Thymeleaf Template engine configuration...
[THYMELEAF] TEMPLATE ENGINE CONFIGURATION:
[THYMELEAF] * Thymeleaf version: 3.0.14.RELEASE (built 2021-12-08T00:45:29+0000)
[THYMELEAF] * Cache Manager implementation: org.thymeleaf.cache.StandardCacheManager
[THYMELEAF] * Template resolvers:
[THYMELEAF]     * [1] com.intuit.karate.template.ResourceHtmlTemplateResolver
[THYMELEAF] * Message resolvers:
[THYMELEAF]     * org.thymeleaf.messageresolver.StandardMessageResolver
[THYMELEAF] * Link builders:
[THYMELEAF]     * org.thymeleaf.linkbuilder.StandardLinkBuilder
[THYMELEAF] * Dialect [1 of 2]: Standard (com.intuit.karate.template.KarateStandardDialect)
[THYMELEAF]     * Prefix: "th"
[THYMELEAF]     * Processors for Template Mode: HTML
[THYMELEAF]         * Element Tag Processors by [matching element and attribute name] [precedence]:
[THYMELEAF]             * [* {th:include,data-th-include}] [100]: org.thymeleaf.standard.processor.StandardIncludeTagProcessor
[THYMELEAF]             * [* {th:insert,data-th-insert}] [100]: org.thymeleaf.standard.processor.StandardInsertTagProcessor
[THYMELEAF]             * [* {th:replace,data-th-replace}] [100]: org.thymeleaf.standard.processor.StandardReplaceTagProcessor
[THYMELEAF]             * [* {th:substituteby,data-th-substituteby}] [100]: org.thymeleaf.standard.processor.StandardSubstituteByTagProcessor
[THYMELEAF]             * [* {th:each,data-th-each}] [200]: com.intuit.karate.template.KarateEachTagProcessor
[THYMELEAF]             * [* {th:switch,data-th-switch}] [250]: org.thymeleaf.standard.processor.StandardSwitchTagProcessor
[THYMELEAF]             * [* {th:case,data-th-case}] [275]: org.thymeleaf.standard.processor.StandardCaseTagProcessor
[THYMELEAF]             * [* {th:if,data-th-if}] [300]: org.thymeleaf.standard.processor.StandardIfTagProcessor
[THYMELEAF]             * [* {th:unless,data-th-unless}] [400]: org.thymeleaf.standard.processor.StandardUnlessTagProcessor
[THYMELEAF]             * [* {th:object,data-th-object}] [500]: org.thymeleaf.standard.processor.StandardObjectTagProcessor
[THYMELEAF]             * [* {th:with,data-th-with}] [600]: com.intuit.karate.template.KarateWithTagProcessor
[THYMELEAF]             * [* {th:attr,data-th-attr}] [700]: com.intuit.karate.template.KarateAttributeTagProcessor.KarateAttrTagProcessor
[THYMELEAF]             * [* {th:attrappend,data-th-attrappend}] [900]: com.intuit.karate.template.KarateAttributeTagProcessor.KarateAttrappendTagProcessor
[THYMELEAF]             * [* {th:attrprepend,data-th-attrprepend}] [900]: com.intuit.karate.template.KarateAttributeTagProcessor.KarateAttrprependTagProcessor
[THYMELEAF]             * [* {th:alt-title,data-th-alt-title}] [990]: org.thymeleaf.standard.processor.StandardAltTitleTagProcessor
[THYMELEAF]             * [* {th:lang-xmllang,data-th-lang-xmllang}] [990]: org.thymeleaf.standard.processor.StandardLangXmlLangTagProcessor
[THYMELEAF]             * [* {th:action,data-th-action}] [1000]: org.thymeleaf.standard.processor.StandardActionTagProcessor
[THYMELEAF]             * [* {th:selected,data-th-selected}] [1000]: org.thymeleaf.standard.processor.StandardConditionalFixedValueTagProcessor
[THYMELEAF]             * [* {th:scoped,data-th-scoped}] [1000]: org.thymeleaf.standard.processor.StandardConditionalFixedValueTagProcessor
[THYMELEAF]             * [* {th:loop,data-th-loop}] [1000]: org.thymeleaf.standard.processor.StandardConditionalFixedValueTagProcessor
[THYMELEAF]             * [* {th:pubdate,data-th-pubdate}] [1000]: org.thymeleaf.standard.processor.StandardConditionalFixedValueTagProcessor
[THYMELEAF]             * [* {th:ismap,data-th-ismap}] [1000]: org.thymeleaf.standard.processor.StandardConditionalFixedValueTagProcessor
[THYMELEAF]             * [* {th:autofocus,data-th-autofocus}] [1000]: org.thymeleaf.standard.processor.StandardConditionalFixedValueTagProcessor
[THYMELEAF]             * [* {th:reversed,data-th-reversed}] [1000]: org.thymeleaf.standard.processor.StandardConditionalFixedValueTagProcessor
[THYMELEAF]             * [* {th:formnovalidate,data-th-formnovalidate}] [1000]: org.thymeleaf.standard.processor.StandardConditionalFixedValueTagProcessor
[THYMELEAF]             * [* {th:controls,data-th-controls}] [1000]: org.thymeleaf.standard.processor.StandardConditionalFixedValueTagProcessor
[THYMELEAF]             * [* {th:open,data-th-open}] [1000]: org.thymeleaf.standard.processor.StandardConditionalFixedValueTagProcessor
[THYMELEAF]             * [* {th:seamless,data-th-seamless}] [1000]: org.thymeleaf.standard.processor.StandardConditionalFixedValueTagProcessor
[THYMELEAF]             * [* {th:declare,data-th-declare}] [1000]: org.thymeleaf.standard.processor.StandardConditionalFixedValueTagProcessor
[THYMELEAF]             * [* {th:disabled,data-th-disabled}] [1000]: org.thymeleaf.standard.processor.StandardConditionalFixedValueTagProcessor
[THYMELEAF]             * [* {th:checked,data-th-checked}] [1000]: org.thymeleaf.standard.processor.StandardConditionalFixedValueTagProcessor
[THYMELEAF]             * [* {th:multiple,data-th-multiple}] [1000]: org.thymeleaf.standard.processor.StandardConditionalFixedValueTagProcessor
[THYMELEAF]             * [* {th:novalidate,data-th-novalidate}] [1000]: org.thymeleaf.standard.processor.StandardConditionalFixedValueTagProcessor
[THYMELEAF]             * [* {th:async,data-th-async}] [1000]: org.thymeleaf.standard.processor.StandardConditionalFixedValueTagProcessor
[THYMELEAF]             * [* {th:defer,data-th-defer}] [1000]: org.thymeleaf.standard.processor.StandardConditionalFixedValueTagProcessor
[THYMELEAF]             * [* {th:hidden,data-th-hidden}] [1000]: org.thymeleaf.standard.processor.StandardConditionalFixedValueTagProcessor
[THYMELEAF]             * [* {th:readonly,data-th-readonly}] [1000]: org.thymeleaf.standard.processor.StandardConditionalFixedValueTagProcessor
[THYMELEAF]             * [* {th:nowrap,data-th-nowrap}] [1000]: org.thymeleaf.standard.processor.StandardConditionalFixedValueTagProcessor
[THYMELEAF]             * [* {th:autoplay,data-th-autoplay}] [1000]: org.thymeleaf.standard.processor.StandardConditionalFixedValueTagProcessor
[THYMELEAF]             * [* {th:default,data-th-default}] [1000]: org.thymeleaf.standard.processor.StandardConditionalFixedValueTagProcessor
[THYMELEAF]             * [* {th:required,data-th-required}] [1000]: org.thymeleaf.standard.processor.StandardConditionalFixedValueTagProcessor
[THYMELEAF]             * [* {th:onreset,data-th-onreset}] [1000]: org.thymeleaf.standard.processor.StandardDOMEventAttributeTagProcessor
[THYMELEAF]             * [* {th:ondrag,data-th-ondrag}] [1000]: org.thymeleaf.standard.processor.StandardDOMEventAttributeTagProcessor
[THYMELEAF]             * [* {th:onunload,data-th-onunload}] [1000]: org.thymeleaf.standard.processor.StandardDOMEventAttributeTagProcessor
[THYMELEAF]             * [* {th:onsuspend,data-th-onsuspend}] [1000]: org.thymeleaf.standard.processor.StandardDOMEventAttributeTagProcessor
[THYMELEAF]             * [* {th:onabort,data-th-onabort}] [1000]: org.thymeleaf.standard.processor.StandardDOMEventAttributeTagProcessor
[THYMELEAF]             * [* {th:onloadedmetadata,data-th-onloadedmetadata}] [1000]: org.thymeleaf.standard.processor.StandardDOMEventAttributeTagProcessor
[THYMELEAF]             * [* {th:onbeforeprint,data-th-onbeforeprint}] [1000]: org.thymeleaf.standard.processor.StandardDOMEventAttributeTagProcessor
[THYMELEAF]             * [* {th:ondragstart,data-th-ondragstart}] [1000]: org.thymeleaf.standard.processor.StandardDOMEventAttributeTagProcessor
[THYMELEAF]             * [* {th:onblur,data-th-onblur}] [1000]: org.thymeleaf.standard.processor.StandardDOMEventAttributeTagProcessor
[THYMELEAF]             * [* {th:onseeking,data-th-onseeking}] [1000]: org.thymeleaf.standard.processor.StandardDOMEventAttributeTagProcessor
[THYMELEAF]             * [* {th:onstalled,data-th-onstalled}] [1000]: org.thymeleaf.standard.processor.StandardDOMEventAttributeTagProcessor
[THYMELEAF]             * [* {th:oncanplaythrough,data-th-oncanplaythrough}] [1000]: org.thymeleaf.standard.processor.StandardDOMEventAttributeTagProcessor
[THYMELEAF]             * [* {th:onmouseover,data-th-onmouseover}] [1000]: org.thymeleaf.standard.processor.StandardDOMEventAttributeTagProcessor
[THYMELEAF]             * [* {th:onscroll,data-th-onscroll}] [1000]: org.thymeleaf.standard.processor.StandardDOMEventAttributeTagProcessor
[THYMELEAF]             * [* {th:onmousewheel,data-th-onmousewheel}] [1000]: org.thymeleaf.standard.processor.StandardDOMEventAttributeTagProcessor
[THYMELEAF]             * [* {th:onwaiting,data-th-onwaiting}] [1000]: org.thymeleaf.standard.processor.StandardDOMEventAttributeTagProcessor
[THYMELEAF]             * [* {th:onerror,data-th-onerror}] [1000]: org.thymeleaf.standard.processor.StandardDOMEventAttributeTagProcessor
[THYMELEAF]             * [* {th:onemptied,data-th-onemptied}] [1000]: org.thymeleaf.standard.processor.StandardDOMEventAttributeTagProcessor
[THYMELEAF]             * [* {th:onstorage,data-th-onstorage}] [1000]: org.thymeleaf.standard.processor.StandardDOMEventAttributeTagProcessor
[THYMELEAF]             * [* {th:onshow,data-th-onshow}] [1000]: org.thymeleaf.standard.processor.StandardDOMEventAttributeTagProcessor
[THYMELEAF]             * [* {th:onafterprint,data-th-onafterprint}] [1000]: org.thymeleaf.standard.processor.StandardDOMEventAttributeTagProcessor
[THYMELEAF]             * [* {th:ontimeupdate,data-th-ontimeupdate}] [1000]: org.thymeleaf.standard.processor.StandardDOMEventAttributeTagProcessor
[THYMELEAF]             * [* {th:onsubmit,data-th-onsubmit}] [1000]: org.thymeleaf.standard.processor.StandardDOMEventAttributeTagProcessor
[THYMELEAF]             * [* {th:onmousedown,data-th-onmousedown}] [1000]: org.thymeleaf.standard.processor.StandardDOMEventAttributeTagProcessor
[THYMELEAF]             * [* {th:onpopstate,data-th-onpopstate}] [1000]: org.thymeleaf.standard.processor.StandardDOMEventAttributeTagProcessor
[THYMELEAF]             * [* {th:onloadeddata,data-th-onloadeddata}] [1000]: org.thymeleaf.standard.processor.StandardDOMEventAttributeTagProcessor
[THYMELEAF]             * [* {th:onresize,data-th-onresize}] [1000]: org.thymeleaf.standard.processor.StandardDOMEventAttributeTagProcessor
[THYMELEAF]             * [* {th:onselect,data-th-onselect}] [1000]: org.thymeleaf.standard.processor.StandardDOMEventAttributeTagProcessor
[THYMELEAF]             * [* {th:onoffline,data-th-onoffline}] [1000]: org.thymeleaf.standard.processor.StandardDOMEventAttributeTagProcessor
[THYMELEAF]             * [* {th:onloadstart,data-th-onloadstart}] [1000]: org.thymeleaf.standard.processor.StandardDOMEventAttributeTagProcessor
[THYMELEAF]             * [* {th:onratechange,data-th-onratechange}] [1000]: org.thymeleaf.standard.processor.StandardDOMEventAttributeTagProcessor
[THYMELEAF]             * [* {th:onplay,data-th-onplay}] [1000]: org.thymeleaf.standard.processor.StandardDOMEventAttributeTagProcessor
[THYMELEAF]             * [* {th:onhashchange,data-th-onhashchange}] [1000]: org.thymeleaf.standard.processor.StandardDOMEventAttributeTagProcessor
[THYMELEAF]             * [* {th:onload,data-th-onload}] [1000]: org.thymeleaf.standard.processor.StandardDOMEventAttributeTagProcessor
[THYMELEAF]             * [* {th:onpause,data-th-onpause}] [1000]: org.thymeleaf.standard.processor.StandardDOMEventAttributeTagProcessor
[THYMELEAF]             * [* {th:ondragenter,data-th-ondragenter}] [1000]: org.thymeleaf.standard.processor.StandardDOMEventAttributeTagProcessor
[THYMELEAF]             * [* {th:ondblclick,data-th-ondblclick}] [1000]: org.thymeleaf.standard.processor.StandardDOMEventAttributeTagProcessor
[THYMELEAF]             * [* {th:onkeydown,data-th-onkeydown}] [1000]: org.thymeleaf.standard.processor.StandardDOMEventAttributeTagProcessor
[THYMELEAF]             * [* {th:oninvalid,data-th-oninvalid}] [1000]: org.thymeleaf.standard.processor.StandardDOMEventAttributeTagProcessor
[THYMELEAF]             * [* {th:onseeked,data-th-onseeked}] [1000]: org.thymeleaf.standard.processor.StandardDOMEventAttributeTagProcessor
[THYMELEAF]             * [* {th:onforminput,data-th-onforminput}] [1000]: org.thymeleaf.standard.processor.StandardDOMEventAttributeTagProcessor
[THYMELEAF]             * [* {th:onkeypress,data-th-onkeypress}] [1000]: org.thymeleaf.standard.processor.StandardDOMEventAttributeTagProcessor
[THYMELEAF]             * [* {th:onformchange,data-th-onformchange}] [1000]: org.thymeleaf.standard.processor.StandardDOMEventAttributeTagProcessor
[THYMELEAF]             * [* {th:onmouseout,data-th-onmouseout}] [1000]: org.thymeleaf.standard.processor.StandardDOMEventAttributeTagProcessor
[THYMELEAF]             * [* {th:oninput,data-th-oninput}] [1000]: org.thymeleaf.standard.processor.StandardDOMEventAttributeTagProcessor
[THYMELEAF]             * [* {th:ondragend,data-th-ondragend}] [1000]: org.thymeleaf.standard.processor.StandardDOMEventAttributeTagProcessor
[THYMELEAF]             * [* {th:onmousemove,data-th-onmousemove}] [1000]: org.thymeleaf.standard.processor.StandardDOMEventAttributeTagProcessor
[THYMELEAF]             * [* {th:onmessage,data-th-onmessage}] [1000]: org.thymeleaf.standard.processor.StandardDOMEventAttributeTagProcessor
[THYMELEAF]             * [* {th:ondragleave,data-th-ondragleave}] [1000]: org.thymeleaf.standard.processor.StandardDOMEventAttributeTagProcessor
[THYMELEAF]             * [* {th:onbeforeunload,data-th-onbeforeunload}] [1000]: org.thymeleaf.standard.processor.StandardDOMEventAttributeTagProcessor
[THYMELEAF]             * [* {th:ondrop,data-th-ondrop}] [1000]: org.thymeleaf.standard.processor.StandardDOMEventAttributeTagProcessor
[THYMELEAF]             * [* {th:oncontextmenu,data-th-oncontextmenu}] [1000]: org.thymeleaf.standard.processor.StandardDOMEventAttributeTagProcessor
[THYMELEAF]             * [* {th:onplaying,data-th-onplaying}] [1000]: org.thymeleaf.standard.processor.StandardDOMEventAttributeTagProcessor
[THYMELEAF]             * [* {th:ononline,data-th-ononline}] [1000]: org.thymeleaf.standard.processor.StandardDOMEventAttributeTagProcessor
[THYMELEAF]             * [* {th:ondragover,data-th-ondragover}] [1000]: org.thymeleaf.standard.processor.StandardDOMEventAttributeTagProcessor
[THYMELEAF]             * [* {th:onchange,data-th-onchange}] [1000]: org.thymeleaf.standard.processor.StandardDOMEventAttributeTagProcessor
[THYMELEAF]             * [* {th:onended,data-th-onended}] [1000]: org.thymeleaf.standard.processor.StandardDOMEventAttributeTagProcessor
[THYMELEAF]             * [* {th:onfocus,data-th-onfocus}] [1000]: org.thymeleaf.standard.processor.StandardDOMEventAttributeTagProcessor
[THYMELEAF]             * [* {th:onclick,data-th-onclick}] [1000]: org.thymeleaf.standard.processor.StandardDOMEventAttributeTagProcessor
[THYMELEAF]             * [* {th:onprogress,data-th-onprogress}] [1000]: org.thymeleaf.standard.processor.StandardDOMEventAttributeTagProcessor
[THYMELEAF]             * [* {th:onvolumechange,data-th-onvolumechange}] [1000]: org.thymeleaf.standard.processor.StandardDOMEventAttributeTagProcessor
[THYMELEAF]             * [* {th:oncanplay,data-th-oncanplay}] [1000]: org.thymeleaf.standard.processor.StandardDOMEventAttributeTagProcessor
[THYMELEAF]             * [* {th:onredo,data-th-onredo}] [1000]: org.thymeleaf.standard.processor.StandardDOMEventAttributeTagProcessor
[THYMELEAF]             * [* {th:onundo,data-th-onundo}] [1000]: org.thymeleaf.standard.processor.StandardDOMEventAttributeTagProcessor
[THYMELEAF]             * [* {th:ondurationchange,data-th-ondurationchange}] [1000]: org.thymeleaf.standard.processor.StandardDOMEventAttributeTagProcessor
[THYMELEAF]             * [* {th:onmouseup,data-th-onmouseup}] [1000]: org.thymeleaf.standard.processor.StandardDOMEventAttributeTagProcessor
[THYMELEAF]             * [* {th:onreadystatechange,data-th-onreadystatechange}] [1000]: org.thymeleaf.standard.processor.StandardDOMEventAttributeTagProcessor
[THYMELEAF]             * [* {th:onkeyup,data-th-onkeyup}] [1000]: org.thymeleaf.standard.processor.StandardDOMEventAttributeTagProcessor
[THYMELEAF]             * [* {th:href,data-th-href}] [1000]: org.thymeleaf.standard.processor.StandardHrefTagProcessor
[THYMELEAF]             * [* {th:inline,data-th-inline}] [1000]: org.thymeleaf.standard.processor.StandardInlineHTMLTagProcessor
[THYMELEAF]             * [* {th:method,data-th-method}] [1000]: org.thymeleaf.standard.processor.StandardMethodTagProcessor
[THYMELEAF]             * [* {th:type,data-th-type}] [1000]: org.thymeleaf.standard.processor.StandardNonRemovableAttributeTagProcessor
[THYMELEAF]             * [* {th:name,data-th-name}] [1000]: org.thymeleaf.standard.processor.StandardNonRemovableAttributeTagProcessor
[THYMELEAF]             * [* {th:poster,data-th-poster}] [1000]: org.thymeleaf.standard.processor.StandardRemovableAttributeTagProcessor
[THYMELEAF]             * [* {th:scheme,data-th-scheme}] [1000]: org.thymeleaf.standard.processor.StandardRemovableAttributeTagProcessor
[THYMELEAF]             * [* {th:target,data-th-target}] [1000]: org.thymeleaf.standard.processor.StandardRemovableAttributeTagProcessor
[THYMELEAF]             * [* {th:marginwidth,data-th-marginwidth}] [1000]: org.thymeleaf.standard.processor.StandardRemovableAttributeTagProcessor
[THYMELEAF]             * [* {th:wrap,data-th-wrap}] [1000]: org.thymeleaf.standard.processor.StandardRemovableAttributeTagProcessor
[THYMELEAF]             * [* {th:draggable,data-th-draggable}] [1000]: org.thymeleaf.standard.processor.StandardRemovableAttributeTagProcessor
[THYMELEAF]             * [* {th:contextmenu,data-th-contextmenu}] [1000]: org.thymeleaf.standard.processor.StandardRemovableAttributeTagProcessor
[THYMELEAF]             * [* {th:rules,data-th-rules}] [1000]: org.thymeleaf.standard.processor.StandardRemovableAttributeTagProcessor
[THYMELEAF]             * [* {th:scrolling,data-th-scrolling}] [1000]: org.thymeleaf.standard.processor.StandardRemovableAttributeTagProcessor
[THYMELEAF]             * [* {th:form,data-th-form}] [1000]: org.thymeleaf.standard.processor.StandardRemovableAttributeTagProcessor
[THYMELEAF]             * [* {th:autocomplete,data-th-autocomplete}] [1000]: org.thymeleaf.standard.processor.StandardRemovableAttributeTagProcessor
[THYMELEAF]             * [* {th:placeholder,data-th-placeholder}] [1000]: org.thymeleaf.standard.processor.StandardRemovableAttributeTagProcessor
[THYMELEAF]             * [* {th:optimum,data-th-optimum}] [1000]: org.thymeleaf.standard.processor.StandardRemovableAttributeTagProcessor
[THYMELEAF]             * [* {th:radiogroup,data-th-radiogroup}] [1000]: org.thymeleaf.standard.processor.StandardRemovableAttributeTagProcessor
[THYMELEAF]             * [* {th:accesskey,data-th-accesskey}] [1000]: org.thymeleaf.standard.processor.StandardRemovableAttributeTagProcessor
[THYMELEAF]             * [* {th:abbr,data-th-abbr}] [1000]: org.thymeleaf.standard.processor.StandardRemovableAttributeTagProcessor
[THYMELEAF]             * [* {th:bgcolor,data-th-bgcolor}] [1000]: org.thymeleaf.standard.processor.StandardRemovableAttributeTagProcessor
[THYMELEAF]             * [* {th:frame,data-th-frame}] [1000]: org.thymeleaf.standard.processor.StandardRemovableAttributeTagProcessor
[THYMELEAF]             * [* {th:size,data-th-size}] [1000]: org.thymeleaf.standard.processor.StandardRemovableAttributeTagProcessor
[THYMELEAF]             * [* {th:align,data-th-align}] [1000]: org.thymeleaf.standard.processor.StandardRemovableAttributeTagProcessor
[THYMELEAF]             * [* {th:rows,data-th-rows}] [1000]: org.thymeleaf.standard.processor.StandardRemovableAttributeTagProcessor
[THYMELEAF]             * [* {th:codetype,data-th-codetype}] [1000]: org.thymeleaf.standard.processor.StandardRemovableAttributeTagProcessor
[THYMELEAF]             * [* {th:icon,data-th-icon}] [1000]: org.thymeleaf.standard.processor.StandardRemovableAttributeTagProcessor
[THYMELEAF]             * [* {th:longdesc,data-th-longdesc}] [1000]: org.thymeleaf.standard.processor.StandardRemovableAttributeTagProcessor
[THYMELEAF]             * [* {th:content,data-th-content}] [1000]: org.thymeleaf.standard.processor.StandardRemovableAttributeTagProcessor
[THYMELEAF]             * [* {th:alt,data-th-alt}] [1000]: org.thymeleaf.standard.processor.StandardRemovableAttributeTagProcessor
[THYMELEAF]             * [* {th:standby,data-th-standby}] [1000]: org.thymeleaf.standard.processor.StandardRemovableAttributeTagProcessor
[THYMELEAF]             * [* {th:formenctype,data-th-formenctype}] [1000]: org.thymeleaf.standard.processor.StandardRemovableAttributeTagProcessor
[THYMELEAF]             * [* {th:width,data-th-width}] [1000]: org.thymeleaf.standard.processor.StandardRemovableAttributeTagProcessor
[THYMELEAF]             * [* {th:accept-charset,data-th-accept-charset}] [1000]: org.thymeleaf.standard.processor.StandardRemovableAttributeTagProcessor
[THYMELEAF]             * [* {th:usemap,data-th-usemap}] [1000]: org.thymeleaf.standard.processor.StandardRemovableAttributeTagProcessor
[THYMELEAF]             * [* {th:scope,data-th-scope}] [1000]: org.thymeleaf.standard.processor.StandardRemovableAttributeTagProcessor
[THYMELEAF]             * [* {th:background,data-th-background}] [1000]: org.thymeleaf.standard.processor.StandardRemovableAttributeTagProcessor
[THYMELEAF]             * [* {th:step,data-th-step}] [1000]: org.thymeleaf.standard.processor.StandardRemovableAttributeTagProcessor
[THYMELEAF]             * [* {th:height,data-th-height}] [1000]: org.thymeleaf.standard.processor.StandardRemovableAttributeTagProcessor
[THYMELEAF]             * [* {th:style,data-th-style}] [1000]: org.thymeleaf.standard.processor.StandardRemovableAttributeTagProcessor
[THYMELEAF]             * [* {th:kind,data-th-kind}] [1000]: org.thymeleaf.standard.processor.StandardRemovableAttributeTagProcessor
[THYMELEAF]             * [* {th:formaction,data-th-formaction}] [1000]: org.thymeleaf.standard.processor.StandardRemovableAttributeTagProcessor
[THYMELEAF]             * [* {th:srclang,data-th-srclang}] [1000]: org.thymeleaf.standard.processor.StandardRemovableAttributeTagProcessor
[THYMELEAF]             * [* {th:frameborder,data-th-frameborder}] [1000]: org.thymeleaf.standard.processor.StandardRemovableAttributeTagProcessor
[THYMELEAF]             * [* {th:sizes,data-th-sizes}] [1000]: org.thymeleaf.standard.processor.StandardRemovableAttributeTagProcessor
[THYMELEAF]             * [* {th:maxlength,data-th-maxlength}] [1000]: org.thymeleaf.standard.processor.StandardRemovableAttributeTagProcessor
[THYMELEAF]             * [* {th:span,data-th-span}] [1000]: org.thymeleaf.standard.processor.StandardRemovableAttributeTagProcessor
[THYMELEAF]             * [* {th:min,data-th-min}] [1000]: org.thymeleaf.standard.processor.StandardRemovableAttributeTagProcessor
[THYMELEAF]             * [* {th:id,data-th-id}] [1000]: org.thymeleaf.standard.processor.StandardRemovableAttributeTagProcessor
[THYMELEAF]             * [* {th:manifest,data-th-manifest}] [1000]: org.thymeleaf.standard.processor.StandardRemovableAttributeTagProcessor
[THYMELEAF]             * [* {th:dropzone,data-th-dropzone}] [1000]: org.thymeleaf.standard.processor.StandardRemovableAttributeTagProcessor
[THYMELEAF]             * [* {th:rev,data-th-rev}] [1000]: org.thymeleaf.standard.processor.StandardRemovableAttributeTagProcessor
[THYMELEAF]             * [* {th:low,data-th-low}] [1000]: org.thymeleaf.standard.processor.StandardRemovableAttributeTagProcessor
[THYMELEAF]             * [* {th:marginheight,data-th-marginheight}] [1000]: org.thymeleaf.standard.processor.StandardRemovableAttributeTagProcessor
[THYMELEAF]             * [* {th:datetime,data-th-datetime}] [1000]: org.thymeleaf.standard.processor.StandardRemovableAttributeTagProcessor
[THYMELEAF]             * [* {th:spellcheck,data-th-spellcheck}] [1000]: org.thymeleaf.standard.processor.StandardRemovableAttributeTagProcessor
[THYMELEAF]             * [* {th:charset,data-th-charset}] [1000]: org.thymeleaf.standard.processor.StandardRemovableAttributeTagProcessor
[THYMELEAF]             * [* {th:archive,data-th-archive}] [1000]: org.thymeleaf.standard.processor.StandardRemovableAttributeTagProcessor
[THYMELEAF]             * [* {th:cellspacing,data-th-cellspacing}] [1000]: org.thymeleaf.standard.processor.StandardRemovableAttributeTagProcessor
[THYMELEAF]             * [* {th:formmethod,data-th-formmethod}] [1000]: org.thymeleaf.standard.processor.StandardRemovableAttributeTagProcessor
[THYMELEAF]             * [* {th:compact,data-th-compact}] [1000]: org.thymeleaf.standard.processor.StandardRemovableAttributeTagProcessor
[THYMELEAF]             * [* {th:keytype,data-th-keytype}] [1000]: org.thymeleaf.standard.processor.StandardRemovableAttributeTagProcessor
[THYMELEAF]             * [* {th:title,data-th-title}] [1000]: org.thymeleaf.standard.processor.StandardRemovableAttributeTagProcessor
[THYMELEAF]             * [* {th:preload,data-th-preload}] [1000]: org.thymeleaf.standard.processor.StandardRemovableAttributeTagProcessor
[THYMELEAF]             * [* {th:rel,data-th-rel}] [1000]: org.thymeleaf.standard.processor.StandardRemovableAttributeTagProcessor
[THYMELEAF]             * [* {th:class,data-th-class}] [1000]: org.thymeleaf.standard.processor.StandardRemovableAttributeTagProcessor
[THYMELEAF]             * [* {th:hspace,data-th-hspace}] [1000]: org.thymeleaf.standard.processor.StandardRemovableAttributeTagProcessor
[THYMELEAF]             * [* {th:dir,data-th-dir}] [1000]: org.thymeleaf.standard.processor.StandardRemovableAttributeTagProcessor
[THYMELEAF]             * [* {th:formtarget,data-th-formtarget}] [1000]: org.thymeleaf.standard.processor.StandardRemovableAttributeTagProcessor
[THYMELEAF]             * [* {th:enctype,data-th-enctype}] [1000]: org.thymeleaf.standard.processor.StandardRemovableAttributeTagProcessor
[THYMELEAF]             * [* {th:audio,data-th-audio}] [1000]: org.thymeleaf.standard.processor.StandardRemovableAttributeTagProcessor
[THYMELEAF]             * [* {th:valuetype,data-th-valuetype}] [1000]: org.thymeleaf.standard.processor.StandardRemovableAttributeTagProcessor
[THYMELEAF]             * [* {th:for,data-th-for}] [1000]: org.thymeleaf.standard.processor.StandardRemovableAttributeTagProcessor
[THYMELEAF]             * [* {th:lang,data-th-lang}] [1000]: org.thymeleaf.standard.processor.StandardRemovableAttributeTagProcessor
[THYMELEAF]             * [* {th:sandbox,data-th-sandbox}] [1000]: org.thymeleaf.standard.processor.StandardRemovableAttributeTagProcessor
[THYMELEAF]             * [* {th:challenge,data-th-challenge}] [1000]: org.thymeleaf.standard.processor.StandardRemovableAttributeTagProcessor
[THYMELEAF]             * [* {th:hreflang,data-th-hreflang}] [1000]: org.thymeleaf.standard.processor.StandardRemovableAttributeTagProcessor
[THYMELEAF]             * [* {th:rowspan,data-th-rowspan}] [1000]: org.thymeleaf.standard.processor.StandardRemovableAttributeTagProcessor
[THYMELEAF]             * [* {th:start,data-th-start}] [1000]: org.thymeleaf.standard.processor.StandardRemovableAttributeTagProcessor
[THYMELEAF]             * [* {th:accept,data-th-accept}] [1000]: org.thymeleaf.standard.processor.StandardRemovableAttributeTagProcessor
[THYMELEAF]             * [* {th:cols,data-th-cols}] [1000]: org.thymeleaf.standard.processor.StandardRemovableAttributeTagProcessor
[THYMELEAF]             * [* {th:axis,data-th-axis}] [1000]: org.thymeleaf.standard.processor.StandardRemovableAttributeTagProcessor
[THYMELEAF]             * [* {th:headers,data-th-headers}] [1000]: org.thymeleaf.standard.processor.StandardRemovableAttributeTagProcessor
[THYMELEAF]             * [* {th:cellpadding,data-th-cellpadding}] [1000]: org.thymeleaf.standard.processor.StandardRemovableAttributeTagProcessor
[THYMELEAF]             * [* {th:pattern,data-th-pattern}] [1000]: org.thymeleaf.standard.processor.StandardRemovableAttributeTagProcessor
[THYMELEAF]             * [* {th:codebase,data-th-codebase}] [1000]: org.thymeleaf.standard.processor.StandardRemovableAttributeTagProcessor
[THYMELEAF]             * [* {th:tabindex,data-th-tabindex}] [1000]: org.thymeleaf.standard.processor.StandardRemovableAttributeTagProcessor
[THYMELEAF]             * [* {th:media,data-th-media}] [1000]: org.thymeleaf.standard.processor.StandardRemovableAttributeTagProcessor
[THYMELEAF]             * [* {th:high,data-th-high}] [1000]: org.thymeleaf.standard.processor.StandardRemovableAttributeTagProcessor
[THYMELEAF]             * [* {th:data,data-th-data}] [1000]: org.thymeleaf.standard.processor.StandardRemovableAttributeTagProcessor
[THYMELEAF]             * [* {th:label,data-th-label}] [1000]: org.thymeleaf.standard.processor.StandardRemovableAttributeTagProcessor
[THYMELEAF]             * [* {th:max,data-th-max}] [1000]: org.thymeleaf.standard.processor.StandardRemovableAttributeTagProcessor
[THYMELEAF]             * [* {th:summary,data-th-summary}] [1000]: org.thymeleaf.standard.processor.StandardRemovableAttributeTagProcessor
[THYMELEAF]             * [* {th:vspace,data-th-vspace}] [1000]: org.thymeleaf.standard.processor.StandardRemovableAttributeTagProcessor
[THYMELEAF]             * [* {th:http-equiv,data-th-http-equiv}] [1000]: org.thymeleaf.standard.processor.StandardRemovableAttributeTagProcessor
[THYMELEAF]             * [* {th:cite,data-th-cite}] [1000]: org.thymeleaf.standard.processor.StandardRemovableAttributeTagProcessor
[THYMELEAF]             * [* {th:border,data-th-border}] [1000]: org.thymeleaf.standard.processor.StandardRemovableAttributeTagProcessor
[THYMELEAF]             * [* {th:colspan,data-th-colspan}] [1000]: org.thymeleaf.standard.processor.StandardRemovableAttributeTagProcessor
[THYMELEAF]             * [* {th:list,data-th-list}] [1000]: org.thymeleaf.standard.processor.StandardRemovableAttributeTagProcessor
[THYMELEAF]             * [* {th:contenteditable,data-th-contenteditable}] [1000]: org.thymeleaf.standard.processor.StandardRemovableAttributeTagProcessor
[THYMELEAF]             * [* {th:classid,data-th-classid}] [1000]: org.thymeleaf.standard.processor.StandardRemovableAttributeTagProcessor
[THYMELEAF]             * [* {th:src,data-th-src}] [1000]: org.thymeleaf.standard.processor.StandardSrcTagProcessor
[THYMELEAF]             * [* {th:value,data-th-value}] [1000]: org.thymeleaf.standard.processor.StandardValueTagProcessor
[THYMELEAF]             * [* {th:xmlbase,data-th-xmlbase}] [1000]: org.thymeleaf.standard.processor.StandardXmlBaseTagProcessor
[THYMELEAF]             * [* {th:xmllang,data-th-xmllang}] [1000]: org.thymeleaf.standard.processor.StandardXmlLangTagProcessor
[THYMELEAF]             * [* {xmlns:th}] [1000]: org.thymeleaf.standard.processor.StandardXmlNsTagProcessor
[THYMELEAF]             * [* {th:xmlspace,data-th-xmlspace}] [1000]: org.thymeleaf.standard.processor.StandardXmlSpaceTagProcessor
[THYMELEAF]             * [* {th:classappend,data-th-classappend}] [1100]: org.thymeleaf.standard.processor.StandardClassappendTagProcessor
[THYMELEAF]             * [* {th:styleappend,data-th-styleappend}] [1100]: org.thymeleaf.standard.processor.StandardStyleappendTagProcessor
[THYMELEAF]             * [* {th:text,data-th-text}] [1300]: org.thymeleaf.standard.processor.StandardTextTagProcessor
[THYMELEAF]             * [* {th:utext,data-th-utext}] [1400]: org.thymeleaf.standard.processor.StandardUtextTagProcessor
[THYMELEAF]             * [* {th:fragment,data-th-fragment}] [1500]: org.thymeleaf.standard.processor.StandardFragmentTagProcessor
[THYMELEAF]             * [* {th:assert,data-th-assert}] [1550]: org.thymeleaf.standard.processor.StandardAssertTagProcessor
[THYMELEAF]             * [* {th:remove,data-th-remove}] [1600]: org.thymeleaf.standard.processor.StandardRemoveTagProcessor
[THYMELEAF]             * [* {th:ref,data-th-ref}] [10000]: org.thymeleaf.standard.processor.StandardRefAttributeTagProcessor
[THYMELEAF]             * [{th:block,th-block} *] [100000]: org.thymeleaf.standard.processor.StandardBlockTagProcessor
[THYMELEAF]             * [* th:*] [2147483647]: org.thymeleaf.standard.processor.StandardDefaultAttributesTagProcessor
[THYMELEAF]         * Text Processors by [precedence]:
[THYMELEAF]             * [1000]: org.thymeleaf.standard.processor.StandardInliningTextProcessor
[THYMELEAF]         * DOCTYPE Processors by [precedence]:
[THYMELEAF]             * [1000]: org.thymeleaf.standard.processor.StandardTranslationDocTypeProcessor
[THYMELEAF]         * CDATA Section Processors by [precedence]:
[THYMELEAF]             * [1000]: org.thymeleaf.standard.processor.StandardInliningCDATASectionProcessor
[THYMELEAF]         * Comment Processors by [precedence]:
[THYMELEAF]             * [1000]: org.thymeleaf.standard.processor.StandardInliningCommentProcessor
[THYMELEAF]             * [1100]: org.thymeleaf.standard.processor.StandardConditionalCommentProcessor
[THYMELEAF]     * Processors for Template Mode: XML
[THYMELEAF]         * Element Tag Processors by [matching element and attribute name] [precedence]:
[THYMELEAF]             * [* {th:include}] [100]: org.thymeleaf.standard.processor.StandardIncludeTagProcessor
[THYMELEAF]             * [* {th:insert}] [100]: org.thymeleaf.standard.processor.StandardInsertTagProcessor
[THYMELEAF]             * [* {th:replace}] [100]: org.thymeleaf.standard.processor.StandardReplaceTagProcessor
[THYMELEAF]             * [* {th:substituteby}] [100]: org.thymeleaf.standard.processor.StandardSubstituteByTagProcessor
[THYMELEAF]             * [* {th:each}] [200]: com.intuit.karate.template.KarateEachTagProcessor
[THYMELEAF]             * [* {th:switch}] [250]: org.thymeleaf.standard.processor.StandardSwitchTagProcessor
[THYMELEAF]             * [* {th:case}] [275]: org.thymeleaf.standard.processor.StandardCaseTagProcessor
[THYMELEAF]             * [* {th:if}] [300]: org.thymeleaf.standard.processor.StandardIfTagProcessor
[THYMELEAF]             * [* {th:unless}] [400]: org.thymeleaf.standard.processor.StandardUnlessTagProcessor
[THYMELEAF]             * [* {th:object}] [500]: org.thymeleaf.standard.processor.StandardObjectTagProcessor
[THYMELEAF]             * [* {th:with}] [600]: com.intuit.karate.template.KarateWithTagProcessor
[THYMELEAF]             * [* {th:attr}] [700]: com.intuit.karate.template.KarateAttributeTagProcessor.KarateAttrTagProcessor
[THYMELEAF]             * [* {th:attrappend}] [900]: com.intuit.karate.template.KarateAttributeTagProcessor.KarateAttrappendTagProcessor
[THYMELEAF]             * [* {th:attrprepend}] [900]: com.intuit.karate.template.KarateAttributeTagProcessor.KarateAttrprependTagProcessor
[THYMELEAF]             * [* {th:inline}] [1000]: org.thymeleaf.standard.processor.StandardInlineXMLTagProcessor
[THYMELEAF]             * [* {xmlns:th}] [1000]: org.thymeleaf.standard.processor.StandardXmlNsTagProcessor
[THYMELEAF]             * [* {th:text}] [1300]: org.thymeleaf.standard.processor.StandardTextTagProcessor
[THYMELEAF]             * [* {th:utext}] [1400]: org.thymeleaf.standard.processor.StandardUtextTagProcessor
[THYMELEAF]             * [* {th:fragment}] [1500]: org.thymeleaf.standard.processor.StandardFragmentTagProcessor
[THYMELEAF]             * [* {th:assert}] [1550]: org.thymeleaf.standard.processor.StandardAssertTagProcessor
[THYMELEAF]             * [* {th:remove}] [1600]: org.thymeleaf.standard.processor.StandardRemoveTagProcessor
[THYMELEAF]             * [* {th:ref}] [10000]: org.thymeleaf.standard.processor.StandardRefAttributeTagProcessor
[THYMELEAF]             * [{th:block} *] [100000]: org.thymeleaf.standard.processor.StandardBlockTagProcessor
[THYMELEAF]             * [* th:*] [2147483647]: org.thymeleaf.standard.processor.StandardDefaultAttributesTagProcessor
[THYMELEAF]         * Text Processors by [precedence]:
[THYMELEAF]             * [1000]: org.thymeleaf.standard.processor.StandardInliningTextProcessor
[THYMELEAF]         * CDATA Section Processors by [precedence]:
[THYMELEAF]             * [1000]: org.thymeleaf.standard.processor.StandardInliningCDATASectionProcessor
[THYMELEAF]         * Comment Processors by [precedence]:
[THYMELEAF]             * [1000]: org.thymeleaf.standard.processor.StandardInliningCommentProcessor
[THYMELEAF]     * Processors for Template Mode: TEXT
[THYMELEAF]         * Element Tag Processors by [matching element and attribute name] [precedence]:
[THYMELEAF]             * [* {th:insert}] [100]: org.thymeleaf.standard.processor.StandardInsertTagProcessor
[THYMELEAF]             * [* {th:replace}] [100]: org.thymeleaf.standard.processor.StandardReplaceTagProcessor
[THYMELEAF]             * [* {th:each}] [200]: com.intuit.karate.template.KarateEachTagProcessor
[THYMELEAF]             * [* {th:switch}] [250]: org.thymeleaf.standard.processor.StandardSwitchTagProcessor
[THYMELEAF]             * [* {th:case}] [275]: org.thymeleaf.standard.processor.StandardCaseTagProcessor
[THYMELEAF]             * [* {th:if}] [300]: org.thymeleaf.standard.processor.StandardIfTagProcessor
[THYMELEAF]             * [* {th:unless}] [400]: org.thymeleaf.standard.processor.StandardUnlessTagProcessor
[THYMELEAF]             * [* {th:object}] [500]: org.thymeleaf.standard.processor.StandardObjectTagProcessor
[THYMELEAF]             * [* {th:with}] [600]: com.intuit.karate.template.KarateWithTagProcessor
[THYMELEAF]             * [* {th:inline}] [1000]: org.thymeleaf.standard.processor.StandardInlineTextualTagProcessor
[THYMELEAF]             * [* {th:text}] [1300]: org.thymeleaf.standard.processor.StandardTextTagProcessor
[THYMELEAF]             * [* {th:utext}] [1400]: org.thymeleaf.standard.processor.StandardUtextTagProcessor
[THYMELEAF]             * [* {th:assert}] [1550]: org.thymeleaf.standard.processor.StandardAssertTagProcessor
[THYMELEAF]             * [* {th:remove}] [1600]: org.thymeleaf.standard.processor.StandardRemoveTagProcessor
[THYMELEAF]             * [{th:block} *] [100000]: org.thymeleaf.standard.processor.StandardBlockTagProcessor
[THYMELEAF]             * [* 100000] [org.thymeleaf.standard.processor.StandardBlockTagProcessor]: {}
[THYMELEAF]         * Text Processors by [precedence]:
[THYMELEAF]             * [1000]: org.thymeleaf.standard.processor.StandardInliningTextProcessor
[THYMELEAF]     * Processors for Template Mode: JAVASCRIPT
[THYMELEAF]         * Element Tag Processors by [matching element and attribute name] [precedence]:
[THYMELEAF]             * [* {th:insert}] [100]: org.thymeleaf.standard.processor.StandardInsertTagProcessor
[THYMELEAF]             * [* {th:replace}] [100]: org.thymeleaf.standard.processor.StandardReplaceTagProcessor
[THYMELEAF]             * [* {th:each}] [200]: com.intuit.karate.template.KarateEachTagProcessor
[THYMELEAF]             * [* {th:switch}] [250]: org.thymeleaf.standard.processor.StandardSwitchTagProcessor
[THYMELEAF]             * [* {th:case}] [275]: org.thymeleaf.standard.processor.StandardCaseTagProcessor
[THYMELEAF]             * [* {th:if}] [300]: org.thymeleaf.standard.processor.StandardIfTagProcessor
[THYMELEAF]             * [* {th:unless}] [400]: org.thymeleaf.standard.processor.StandardUnlessTagProcessor
[THYMELEAF]             * [* {th:object}] [500]: org.thymeleaf.standard.processor.StandardObjectTagProcessor
[THYMELEAF]             * [* {th:with}] [600]: com.intuit.karate.template.KarateWithTagProcessor
[THYMELEAF]             * [* {th:inline}] [1000]: org.thymeleaf.standard.processor.StandardInlineTextualTagProcessor
[THYMELEAF]             * [* {th:text}] [1300]: org.thymeleaf.standard.processor.StandardTextTagProcessor
[THYMELEAF]             * [* {th:utext}] [1400]: org.thymeleaf.standard.processor.StandardUtextTagProcessor
[THYMELEAF]             * [* {th:assert}] [1550]: org.thymeleaf.standard.processor.StandardAssertTagProcessor
[THYMELEAF]             * [* {th:remove}] [1600]: org.thymeleaf.standard.processor.StandardRemoveTagProcessor
[THYMELEAF]             * [* 100000] [org.thymeleaf.standard.processor.StandardBlockTagProcessor]: {}
[THYMELEAF]             * [{th:block} *] [100000]: org.thymeleaf.standard.processor.StandardBlockTagProcessor
[THYMELEAF]         * Text Processors by [precedence]:
[THYMELEAF]             * [1000]: org.thymeleaf.standard.processor.StandardInliningTextProcessor
[THYMELEAF]     * Processors for Template Mode: CSS
[THYMELEAF]         * Element Tag Processors by [matching element and attribute name] [precedence]:
[THYMELEAF]             * [* {th:insert}] [100]: org.thymeleaf.standard.processor.StandardInsertTagProcessor
[THYMELEAF]             * [* {th:replace}] [100]: org.thymeleaf.standard.processor.StandardReplaceTagProcessor
[THYMELEAF]             * [* {th:each}] [200]: com.intuit.karate.template.KarateEachTagProcessor
[THYMELEAF]             * [* {th:switch}] [250]: org.thymeleaf.standard.processor.StandardSwitchTagProcessor
[THYMELEAF]             * [* {th:case}] [275]: org.thymeleaf.standard.processor.StandardCaseTagProcessor
[THYMELEAF]             * [* {th:if}] [300]: org.thymeleaf.standard.processor.StandardIfTagProcessor
[THYMELEAF]             * [* {th:unless}] [400]: org.thymeleaf.standard.processor.StandardUnlessTagProcessor
[THYMELEAF]             * [* {th:object}] [500]: org.thymeleaf.standard.processor.StandardObjectTagProcessor
[THYMELEAF]             * [* {th:with}] [600]: com.intuit.karate.template.KarateWithTagProcessor
[THYMELEAF]             * [* {th:inline}] [1000]: org.thymeleaf.standard.processor.StandardInlineTextualTagProcessor
[THYMELEAF]             * [* {th:text}] [1300]: org.thymeleaf.standard.processor.StandardTextTagProcessor
[THYMELEAF]             * [* {th:utext}] [1400]: org.thymeleaf.standard.processor.StandardUtextTagProcessor
[THYMELEAF]             * [* {th:assert}] [1550]: org.thymeleaf.standard.processor.StandardAssertTagProcessor
[THYMELEAF]             * [* {th:remove}] [1600]: org.thymeleaf.standard.processor.StandardRemoveTagProcessor
[THYMELEAF]             * [* 100000] [org.thymeleaf.standard.processor.StandardBlockTagProcessor]: {}
[THYMELEAF]             * [{th:block} *] [100000]: org.thymeleaf.standard.processor.StandardBlockTagProcessor
[THYMELEAF]         * Text Processors by [precedence]:
[THYMELEAF]             * [1000]: org.thymeleaf.standard.processor.StandardInliningTextProcessor
[THYMELEAF]     * Expression Objects:
[THYMELEAF]         * #ctx
[THYMELEAF]         * #root
[THYMELEAF]         * #vars
[THYMELEAF]         * #object
[THYMELEAF]         * #locale
[THYMELEAF]         * #request
[THYMELEAF]         * #response
[THYMELEAF]         * #session
[THYMELEAF]         * #servletContext
[THYMELEAF]         * #conversions
[THYMELEAF]         * #uris
[THYMELEAF]         * #calendars
[THYMELEAF]         * #dates
[THYMELEAF]         * #bools
[THYMELEAF]         * #numbers
[THYMELEAF]         * #objects
[THYMELEAF]         * #strings
[THYMELEAF]         * #arrays
[THYMELEAF]         * #lists
[THYMELEAF]         * #sets
[THYMELEAF]         * #maps
[THYMELEAF]         * #aggregates
[THYMELEAF]         * #messages
[THYMELEAF]         * #ids
[THYMELEAF]         * #execInfo
[THYMELEAF]         * #httpServletRequest
[THYMELEAF]         * #httpSession
[THYMELEAF]     * Execution Attributes:
[THYMELEAF]         * "StandardExpressionParser": com.intuit.karate.template.KarateStandardDialect@30228de7
[THYMELEAF]         * "StandardJavaScriptSerializer": org.thymeleaf.standard.serializer.StandardJavaScriptSerializer@53ba25ff
[THYMELEAF]         * "StandardCSSSerializer": org.thymeleaf.standard.serializer.StandardCSSSerializer@10a0a1e
[THYMELEAF]         * "StandardVariableExpressionEvaluator": com.intuit.karate.template.KarateStandardDialect@30228de7
[THYMELEAF]         * "StandardConversionService": org.thymeleaf.standard.expression.StandardConversionService@2976ef56
[THYMELEAF] * Dialect [2 of 2]: karate (com.intuit.karate.template.KarateScriptDialect)
[THYMELEAF]     * Prefix: "ka"
[THYMELEAF]     * Processors for Template Mode: HTML
[THYMELEAF]         * Element Tag Processors by [matching element and attribute name] [precedence]:
[THYMELEAF]             * [* {src}] [1000]: com.intuit.karate.template.KaScriptAttrProcessor
[THYMELEAF]         * Element Model Processors by [matching element and attribute name] [precedence]:
[THYMELEAF]             * [{script} {ka:scope,data-ka-scope}] [1000]: com.intuit.karate.template.KaScriptElemProcessor
[THYMELEAF]             * [* {ka:set,data-ka-set}] [1000]: com.intuit.karate.template.KaSetElemProcessor
[THYMELEAF] TEMPLATE ENGINE CONFIGURED OK
21:34:39.011 [main] DEBUG org.thymeleaf.TemplateEngine - [THYMELEAF] TEMPLATE ENGINE INITIALIZED

HTML report: (paste into browser to view) | Karate version: 1.4.0 | env: dev
file:///Users/maisalima/Documents/karateProject/target/karate-reports/karate-summary.html
===================================================================

]]></system-out>
  </testcase>
</testsuite>